insert into c_keyfnc_mst values (:COMP,:STRE,1,17,'iD','',0,'2023-02-08 17:40:10.449','2023-10-13 22:21:32.953',0,0,999999,32767,1);
insert into c_keyfnc_mst values (:COMP,:STRE,1,25,'未使用','',1,'2023-02-08 17:40:10.464','2023-10-13 22:21:32.969',0,0,999999,32767,0);
insert into c_keyfnc_mst values (:COMP,:STRE,1,39,'クーポン値引','',0,'2023-02-08 17:40:10.488','2023-10-13 22:21:33.015',0,0,999999,32767,1);
insert into c_keyfnc_mst values (:COMP,:STRE,1,62,'仮締呼出','',0,'2023-02-08 17:40:10.530','2023-10-13 22:21:33.086',0,0,999999,32767,0);
insert into c_keyfnc_mst values (:COMP,:STRE,1,84,'釣準備','',0,'2023-02-08 17:40:10.572','2023-10-13 22:21:33.137',0,0,999999,32767,1);
insert into c_keyfnc_mst values (:COMP,:STRE,1,105,'客層1','',0,'2023-02-08 17:40:10.613','2023-10-13 22:21:33.591',0,0,999999,32767,0);
insert into c_keyfnc_mst values (:COMP,:STRE,1,120,'未使用','',1,'2023-02-08 17:40:10.640','2023-10-13 22:21:33.626',0,0,999999,32767,0);
insert into c_keyfnc_mst values (:COMP,:STRE,1,141,'クレジット宣言','',0,'2023-02-08 17:40:10.678','2023-10-13 22:21:33.675',0,0,999999,32767,0);
insert into c_keyfnc_mst values (:COMP,:STRE,1,166,'ｽﾀﾝﾌﾟ3','',0,'2023-02-08 17:40:10.724','2023-10-13 22:21:34.127',0,0,999999,32767,0);
insert into c_keyfnc_mst values (:COMP,:STRE,1,191,'ﾌﾗｲﾄ21','',1,'2023-02-08 17:40:10.775','2023-10-13 22:21:34.208',0,0,999999,32767,0);
insert into c_keyfnc_mst values (:COMP,:STRE,1,197,'ﾌﾗｲﾄ27','',1,'2023-02-08 17:40:10.784','2023-10-13 22:21:34.223',0,0,999999,32767,0);
insert into c_keyfnc_mst values (:COMP,:STRE,1,222,'ｾﾞﾛﾘｾｯﾄ','',1,'2023-02-08 17:40:10.831','2023-10-13 22:21:34.277',0,0,999999,32767,0);
insert into c_keyfnc_mst values (:COMP,:STRE,1,253,'割戻対象外','',1,'2023-02-08 17:40:10.888','2023-10-13 22:21:34.350',0,0,999999,32767,0);
insert into c_keyfnc_mst values (:COMP,:STRE,1,289,'ﾚｼｰﾄ倍率','',0,'2023-02-08 17:40:10.956','2023-10-13 22:21:34.438',0,0,999999,32767,0);
insert into c_keyfnc_mst values (:COMP,:STRE,1,305,'ﾌﾞﾗﾝﾄﾞ残高照会','',0,'2023-02-08 17:40:10.986','2023-10-13 22:21:38.825',0,0,999999,32767,0);
insert into c_keyfnc_mst values (:COMP,:STRE,1,353,'ｶｽﾀﾏｰｶｰﾄﾞﾊﾞｰｺｰﾄﾞ','',1,'2023-02-08 17:40:11.068','2023-10-13 22:21:39.529',0,0,999999,32767,0);
insert into c_keyfnc_mst values (:COMP,:STRE,1,18,'プリカ','',0,'2023-02-08 17:40:10.452','2023-10-13 22:21:39.789',0,0,999999,32767,1);
insert into c_keyfnc_mst values (:COMP,:STRE,1,241,'ｸﾚ/ﾌﾟﾘｶ訂正','',1,'2023-02-08 17:40:10.866','2023-10-13 22:21:39.804',0,0,999999,32767,0);
insert into c_keyfnc_mst values (:COMP,:STRE,1,362,'客層取消','',0,'2023-02-08 17:40:11.085','2023-10-13 22:21:39.866',0,0,999999,32767,0);
insert into c_keyfnc_mst values (:COMP,:STRE,1,422,'画面6','',1,'2023-02-08 17:40:11.195','2023-10-13 22:21:40.539',0,0,999999,32767,0);
insert into c_keyfnc_mst values (:COMP,:STRE,1,452,'釣機復旧案内','',1,'2023-02-08 17:40:11.237','2023-10-13 22:21:40.815',0,0,999999,32767,0);
insert into c_keyfnc_mst values (:COMP,:STRE,1,489,'ｵｰﾊﾞｰﾌﾛｰ庫ﾒﾝﾃﾅﾝｽ','',0,'2023-02-08 17:40:11.272','2023-10-13 22:21:41.184',0,0,999999,32767,0);
insert into c_keyfnc_mst values (:COMP,:STRE,1,89,'扱者画面','',3,'2023-02-08 17:40:10.581','2023-10-13 22:21:33.149',0,0,999999,32767,0);
insert into c_keyfnc_mst values (:COMP,:STRE,1,175,'ﾌﾗｲﾄ5','',1,'2023-02-08 17:40:10.741','2023-10-13 22:21:34.158',0,0,999999,32767,0);
insert into c_keyfnc_mst values (:COMP,:STRE,1,270,'Suica残額','',0,'2023-02-08 17:40:10.920','2023-10-13 22:21:34.393',0,0,999999,32767,0);
insert into c_keyfnc_mst values (:COMP,:STRE,1,271,'画面一覧','',0,'2023-02-08 17:40:10.923','2023-10-13 22:21:34.395',0,0,999999,32767,0);
insert into c_keyfnc_mst values (:COMP,:STRE,1,272,'顧客履歴','',1,'2023-02-08 17:40:10.924','2023-10-13 22:21:34.397',0,0,999999,32767,0);
insert into c_keyfnc_mst values (:COMP,:STRE,1,273,'個数変更','',0,'2023-02-08 17:40:10.925','2023-10-13 22:21:34.400',0,0,999999,32767,0);
insert into c_keyfnc_mst values (:COMP,:STRE,1,274,'スプリット','',1,'2023-02-08 17:40:10.927','2023-10-13 22:21:34.401',0,0,999999,32767,0);
insert into c_keyfnc_mst values (:COMP,:STRE,1,275,'釣機回収','',0,'2023-02-08 17:40:10.928','2023-10-13 22:21:34.404',0,0,999999,32767,0);
insert into c_keyfnc_mst values (:COMP,:STRE,1,276,'売筋検索','',1,'2023-02-08 17:40:10.930','2023-10-13 22:21:34.406',0,0,999999,32767,0);
insert into c_keyfnc_mst values (:COMP,:STRE,1,277,'顧客案内','',1,'2023-02-08 17:40:10.933','2023-10-13 22:21:34.408',0,0,999999,32767,0);
insert into c_keyfnc_mst values (:COMP,:STRE,1,278,'出納','',1,'2023-02-08 17:40:10.935','2023-10-13 22:21:34.410',0,0,999999,32767,0);
insert into c_keyfnc_mst values (:COMP,:STRE,1,279,'タグ読込','',1,'2023-02-08 17:40:10.937','2023-10-13 22:21:34.414',0,0,999999,32767,0);
insert into c_keyfnc_mst values (:COMP,:STRE,1,280,'タグ書込','',1,'2023-02-08 17:40:10.939','2023-10-13 22:21:34.416',0,0,999999,32767,0);
insert into c_keyfnc_mst values (:COMP,:STRE,1,281,'釣再計算','',0,'2023-02-08 17:40:10.940','2023-10-13 22:21:34.419',0,0,999999,32767,0);
insert into c_keyfnc_mst values (:COMP,:STRE,1,346,'検索登録','',0,'2023-02-08 17:40:11.057','2023-10-13 22:21:39.518',0,0,999999,32767,0);
insert into c_keyfnc_mst values (:COMP,:STRE,1,347,'ＱＲ切替','',0,'2023-02-08 17:40:11.059','2023-10-13 22:21:39.521',0,0,999999,32767,0);
insert into c_keyfnc_mst values (:COMP,:STRE,1,345,'ﾈｯﾄ予約','',1,'2023-02-08 17:40:11.056','2023-10-13 22:21:39.647',0,0,999999,32767,0);
insert into c_keyfnc_mst values (:COMP,:STRE,1,432,'画面16','',1,'2023-02-08 17:40:11.214','2023-10-13 22:21:40.565',0,0,999999,32767,0);
insert into c_keyfnc_mst values (:COMP,:STRE,1,1,'ﾃﾝｷ-1','',3,'2023-02-08 17:40:10.414','2023-10-13 22:21:32.915',0,0,999999,32767,0);
insert into c_keyfnc_mst values (:COMP,:STRE,1,2,'ﾃﾝｷ-2','',3,'2023-02-08 17:40:10.421','2023-10-13 22:21:32.918',0,0,999999,32767,0);
insert into c_keyfnc_mst values (:COMP,:STRE,1,3,'ﾃﾝｷ-3','',3,'2023-02-08 17:40:10.425','2023-10-13 22:21:32.921',0,0,999999,32767,0);
insert into c_keyfnc_mst values (:COMP,:STRE,1,4,'ﾃﾝｷ-4','',3,'2023-02-08 17:40:10.426','2023-10-13 22:21:32.924',0,0,999999,32767,0);
insert into c_keyfnc_mst values (:COMP,:STRE,1,5,'ﾃﾝｷ-5','',3,'2023-02-08 17:40:10.428','2023-10-13 22:21:32.925',0,0,999999,32767,0);
insert into c_keyfnc_mst values (:COMP,:STRE,1,6,'ﾃﾝｷ-6','',3,'2023-02-08 17:40:10.429','2023-10-13 22:21:32.927',0,0,999999,32767,0);
insert into c_keyfnc_mst values (:COMP,:STRE,1,7,'ﾃﾝｷ-7','',3,'2023-02-08 17:40:10.430','2023-10-13 22:21:32.931',0,0,999999,32767,0);
insert into c_keyfnc_mst values (:COMP,:STRE,1,8,'ﾃﾝｷ-8','',3,'2023-02-08 17:40:10.433','2023-10-13 22:21:32.932',0,0,999999,32767,0);
insert into c_keyfnc_mst values (:COMP,:STRE,1,9,'ﾃﾝｷ-9','',3,'2023-02-08 17:40:10.435','2023-10-13 22:21:32.935',0,0,999999,32767,0);
insert into c_keyfnc_mst values (:COMP,:STRE,1,10,'ﾃﾝｷ-0','',3,'2023-02-08 17:40:10.437','2023-10-13 22:21:32.937',0,0,999999,32767,0);
insert into c_keyfnc_mst values (:COMP,:STRE,1,11,'ﾃﾝｷ-00','',3,'2023-02-08 17:40:10.439','2023-10-13 22:21:32.939',0,0,999999,32767,0);
insert into c_keyfnc_mst values (:COMP,:STRE,1,12,'ﾃﾝｷ-000','',3,'2023-02-08 17:40:10.441','2023-10-13 22:21:32.941',0,0,999999,32767,0);
insert into c_keyfnc_mst values (:COMP,:STRE,1,13,'小計','',3,'2023-02-08 17:40:10.442','2023-10-13 22:21:32.944',0,0,999999,32767,0);
insert into c_keyfnc_mst values (:COMP,:STRE,1,14,'預り/現計','',3,'2023-02-08 17:40:10.443','2023-10-13 22:21:32.946',0,0,999999,32767,1);
insert into c_keyfnc_mst values (:COMP,:STRE,1,15,'その他金券','',0,'2023-02-08 17:40:10.445','2023-10-13 22:21:32.949',0,0,999999,32767,1);
insert into c_keyfnc_mst values (:COMP,:STRE,1,16,'ギフト券','',0,'2023-02-08 17:40:10.447','2023-10-13 22:21:32.951',0,0,999999,32767,1);
insert into c_keyfnc_mst values (:COMP,:STRE,1,443,'22桁値下バーコード','',0,'2023-05-31 15:22:39.040','2023-10-13 22:21:40.583',0,0,999999,32767,0);
insert into c_keyfnc_mst values (:COMP,:STRE,1,746,'会員統合','',0,'2023-02-08 17:40:11.368','2023-02-08 17:40:11.368',0,0,999999,2,0);
insert into c_keyfnc_mst values (:COMP,:STRE,1,747,'EC連携','',0,'2023-02-08 17:40:11.369','2023-02-08 17:40:11.369',0,0,999999,2,0);
insert into c_keyfnc_mst values (:COMP,:STRE,1,748,'中分類一覧','',0,'2023-02-08 17:40:11.370','2023-02-08 17:40:11.370',0,0,999999,2,0);
insert into c_keyfnc_mst values (:COMP,:STRE,1,749,'クーポン再発行','',0,'2023-02-08 17:40:11.373','2023-02-08 17:40:11.373',0,0,999999,2,0);
insert into c_keyfnc_mst values (:COMP,:STRE,1,750,'抽選券集計','',0,'2023-02-08 17:40:11.375','2023-02-08 17:40:11.375',0,0,999999,2,0);
insert into c_keyfnc_mst values (:COMP,:STRE,1,751,'受領書','',0,'2023-02-08 17:40:11.377','2023-02-08 17:40:11.377',0,0,999999,2,0);
insert into c_keyfnc_mst values (:COMP,:STRE,1,752,'ｸｰﾎﾟﾝOFF','',0,'2023-02-08 17:40:11.380','2023-02-08 17:40:11.380',0,0,999999,2,0);
insert into c_keyfnc_mst values (:COMP,:STRE,1,753,'クーポン照会','',0,'2023-02-08 17:40:11.381','2023-02-08 17:40:11.381',0,0,999999,2,0);
insert into c_keyfnc_mst values (:COMP,:STRE,1,754,'計量取消','',0,'2023-02-08 17:40:11.382','2023-02-08 17:40:11.382',0,0,999999,2,0);
insert into c_keyfnc_mst values (:COMP,:STRE,1,755,'ポイント取消','',0,'2023-02-08 17:40:11.383','2023-02-08 17:40:11.383',0,0,999999,2,0);
insert into c_keyfnc_mst values (:COMP,:STRE,1,756,'瓶返却','',0,'2023-02-08 17:40:11.385','2023-02-08 17:40:11.385',0,0,999999,2,0);
insert into c_keyfnc_mst values (:COMP,:STRE,1,757,'容器継続利用','',0,'2023-02-08 17:40:11.387','2023-02-08 17:40:11.387',0,0,999999,2,0);
insert into c_keyfnc_mst values (:COMP,:STRE,1,758,'手入力領収書','',0,'2023-02-08 17:40:11.389','2023-02-08 17:40:11.389',0,0,999999,2,0);
insert into c_keyfnc_mst values (:COMP,:STRE,1,482,'会員読取中止','',0,'2023-05-31 15:22:39.054','2023-05-31 15:22:39.054',0,0,999999,2,0);
insert into c_keyfnc_mst values (:COMP,:STRE,1,483,'ﾓﾊﾞｲﾙT読込','',0,'2023-05-31 15:22:39.056','2023-05-31 15:22:39.056',0,0,999999,2,0);
insert into c_keyfnc_mst values (:COMP,:STRE,1,497,'ｷｬｯｼｭﾚｽ決済禁止','',0,'2023-05-31 15:22:39.064','2023-05-31 15:22:39.064',0,0,999999,2,0);
insert into c_keyfnc_mst values (:COMP,:STRE,1,759,'ポイント切替','',0,'2023-05-31 15:22:39.101','2023-05-31 15:22:39.101',0,0,999999,2,0);
insert into c_keyfnc_mst values (:COMP,:STRE,1,19,'売掛','',0,'2023-02-08 17:40:10.454','2023-10-13 22:21:32.958',0,0,999999,32767,1);
insert into c_keyfnc_mst values (:COMP,:STRE,1,22,'QUICPay','',0,'2023-02-08 17:40:10.458','2023-10-13 22:21:32.962',0,0,999999,32767,1);
insert into c_keyfnc_mst values (:COMP,:STRE,1,23,'ｵﾌｸﾚ','',0,'2023-02-08 17:40:10.459','2023-10-13 22:21:32.964',0,0,999999,32767,1);
insert into c_keyfnc_mst values (:COMP,:STRE,1,24,'ｸﾚｼﾞｯﾄ','',0,'2023-02-08 17:40:10.461','2023-10-13 22:21:32.967',0,0,999999,32767,1);
insert into c_keyfnc_mst values (:COMP,:STRE,1,26,'お米券','',0,'2023-02-08 17:40:10.466','2023-10-13 22:21:32.971',0,0,999999,32767,1);
insert into c_keyfnc_mst values (:COMP,:STRE,1,27,'ﾋﾞｰﾙ券','',0,'2023-02-08 17:40:10.469','2023-10-13 22:21:32.973',0,0,999999,32767,1);
insert into c_keyfnc_mst values (:COMP,:STRE,1,28,'ﾋﾞｰﾙ券','',0,'2023-02-08 17:40:10.470','2023-10-13 22:21:32.976',0,0,999999,32767,1);
insert into c_keyfnc_mst values (:COMP,:STRE,1,29,'ﾋﾞｰﾙ券','',0,'2023-02-08 17:40:10.471','2023-10-13 22:21:32.978',0,0,999999,32767,1);
insert into c_keyfnc_mst values (:COMP,:STRE,1,31,'ｸﾚｼﾞｯﾄ1','',1,'2023-02-08 17:40:10.474','2023-10-13 22:21:32.984',0,0,999999,32767,0);
insert into c_keyfnc_mst values (:COMP,:STRE,1,33,'未使用','',1,'2023-02-08 17:40:10.478','2023-10-13 22:21:32.988',0,0,999999,32767,0);
insert into c_keyfnc_mst values (:COMP,:STRE,1,34,'ｸﾘｱ-','',3,'2023-02-08 17:40:10.481','2023-10-13 22:21:32.990',0,0,999999,32767,0);
insert into c_keyfnc_mst values (:COMP,:STRE,1,35,'万券','',0,'2023-02-08 17:40:10.483','2023-10-13 22:21:32.998',0,0,999999,32767,1);
insert into c_keyfnc_mst values (:COMP,:STRE,1,36,'5千券','',0,'2023-02-08 17:40:10.484','2023-10-13 22:21:33.003',0,0,999999,32767,0);
insert into c_keyfnc_mst values (:COMP,:STRE,1,37,'未使用','',1,'2023-02-08 17:40:10.486','2023-10-13 22:21:33.007',0,0,999999,32767,0);
insert into c_keyfnc_mst values (:COMP,:STRE,1,38,'千券','',0,'2023-02-08 17:40:10.487','2023-10-13 22:21:33.010',0,0,999999,32767,0);
insert into c_keyfnc_mst values (:COMP,:STRE,1,40,'値引2','',0,'2023-02-08 17:40:10.490','2023-10-13 22:21:33.019',0,0,999999,32767,1);
insert into c_keyfnc_mst values (:COMP,:STRE,1,41,'値引3','',0,'2023-02-08 17:40:10.493','2023-10-13 22:21:33.022',0,0,999999,32767,1);
insert into c_keyfnc_mst values (:COMP,:STRE,1,42,'値引4','',0,'2023-02-08 17:40:10.495','2023-10-13 22:21:33.024',0,0,999999,32767,1);
insert into c_keyfnc_mst values (:COMP,:STRE,1,43,'エコ値引','',0,'2023-02-08 17:40:10.497','2023-10-13 22:21:33.027',0,0,999999,32767,1);
insert into c_keyfnc_mst values (:COMP,:STRE,1,44,'割引1','',0,'2023-02-08 17:40:10.499','2023-10-13 22:21:33.030',0,0,999999,32767,1);
insert into c_keyfnc_mst values (:COMP,:STRE,1,45,'シニア割引','',0,'2023-02-08 17:40:10.500','2023-10-13 22:21:33.034',0,0,999999,32767,1);
insert into c_keyfnc_mst values (:COMP,:STRE,1,46,'割引3','',0,'2023-02-08 17:40:10.501','2023-10-13 22:21:33.043',0,0,999999,32767,1);
insert into c_keyfnc_mst values (:COMP,:STRE,1,48,'割引5','',0,'2023-02-08 17:40:10.505','2023-10-13 22:21:33.050',0,0,999999,32767,1);
insert into c_keyfnc_mst values (:COMP,:STRE,1,49,'PLU','',0,'2023-02-08 17:40:10.507','2023-10-13 22:21:33.053',0,0,999999,32767,1);
insert into c_keyfnc_mst values (:COMP,:STRE,1,50,'小分類','',0,'2023-02-08 17:40:10.510','2023-10-13 22:21:33.056',0,0,999999,32767,1);
insert into c_keyfnc_mst values (:COMP,:STRE,1,51,'#/両替','',0,'2023-02-08 17:40:10.512','2023-10-13 22:21:33.058',0,0,999999,32767,1);
insert into c_keyfnc_mst values (:COMP,:STRE,1,52,'ﾚｼ-ﾄﾌｨ-ﾄﾞ','',0,'2023-02-08 17:40:10.513','2023-10-13 22:21:33.061',0,0,999999,32767,0);
insert into c_keyfnc_mst values (:COMP,:STRE,1,53,'再発行','',0,'2023-02-08 17:40:10.514','2023-10-13 22:21:33.063',0,0,999999,32767,1);
insert into c_keyfnc_mst values (:COMP,:STRE,1,54,'領収証','',0,'2023-02-08 17:40:10.516','2023-10-13 22:21:33.065',0,0,999999,32767,1);
insert into c_keyfnc_mst values (:COMP,:STRE,1,55,'印字ON/OFF','',0,'2023-02-08 17:40:10.517','2023-10-13 22:21:33.068',0,0,999999,32767,0);
insert into c_keyfnc_mst values (:COMP,:STRE,1,56,'金額','',0,'2023-02-08 17:40:10.519','2023-10-13 22:21:33.070',0,0,999999,32767,1);
insert into c_keyfnc_mst values (:COMP,:STRE,1,57,'直前訂正','',0,'2023-02-08 17:40:10.522','2023-10-13 22:21:33.073',0,0,999999,32767,1);
insert into c_keyfnc_mst values (:COMP,:STRE,1,58,'指定訂正','',0,'2023-02-08 17:40:10.524','2023-10-13 22:21:33.076',0,0,999999,32767,1);
insert into c_keyfnc_mst values (:COMP,:STRE,1,59,'取消','',0,'2023-02-08 17:40:10.526','2023-10-13 22:21:33.079',0,0,999999,32767,1);
insert into c_keyfnc_mst values (:COMP,:STRE,1,60,'返品','',1,'2023-02-08 17:40:10.528','2023-10-13 22:21:33.081',0,0,999999,32767,0);
insert into c_keyfnc_mst values (:COMP,:STRE,1,61,'画面訂正','',1,'2023-02-08 17:40:10.529','2023-10-13 22:21:33.084',0,0,999999,32767,0);
insert into c_keyfnc_mst values (:COMP,:STRE,1,63,'×/日付','',0,'2023-02-08 17:40:10.531','2023-10-13 22:21:33.088',0,0,999999,32767,1);
insert into c_keyfnc_mst values (:COMP,:STRE,1,64,'入金1','',0,'2023-02-08 17:40:10.535','2023-10-13 22:21:33.090',0,0,999999,32767,1);
insert into c_keyfnc_mst values (:COMP,:STRE,1,65,'入金2','',0,'2023-02-08 17:40:10.537','2023-10-13 22:21:33.093',0,0,999999,32767,1);
insert into c_keyfnc_mst values (:COMP,:STRE,1,66,'入金3','',0,'2023-02-08 17:40:10.540','2023-10-13 22:21:33.096',0,0,999999,32767,1);
insert into c_keyfnc_mst values (:COMP,:STRE,1,67,'入金4','',0,'2023-02-08 17:40:10.541','2023-10-13 22:21:33.098',0,0,999999,32767,1);
insert into c_keyfnc_mst values (:COMP,:STRE,1,68,'入金5','',0,'2023-02-08 17:40:10.543','2023-10-13 22:21:33.099',0,0,999999,32767,1);
insert into c_keyfnc_mst values (:COMP,:STRE,1,69,'入金6','',0,'2023-02-08 17:40:10.544','2023-10-13 22:21:33.102',0,0,999999,32767,1);
insert into c_keyfnc_mst values (:COMP,:STRE,1,70,'入金7','',0,'2023-02-08 17:40:10.545','2023-10-13 22:21:33.105',0,0,999999,32767,1);
insert into c_keyfnc_mst values (:COMP,:STRE,1,71,'入金8','',0,'2023-02-08 17:40:10.547','2023-10-13 22:21:33.107',0,0,999999,32767,1);
insert into c_keyfnc_mst values (:COMP,:STRE,1,72,'入金9','',0,'2023-02-08 17:40:10.550','2023-10-13 22:21:33.110',0,0,999999,32767,1);
insert into c_keyfnc_mst values (:COMP,:STRE,1,73,'入金10','',0,'2023-02-08 17:40:10.552','2023-10-13 22:21:33.112',0,0,999999,32767,1);
insert into c_keyfnc_mst values (:COMP,:STRE,1,74,'支払1','',0,'2023-02-08 17:40:10.555','2023-10-13 22:21:33.115',0,0,999999,32767,1);
insert into c_keyfnc_mst values (:COMP,:STRE,1,75,'支払2','',0,'2023-02-08 17:40:10.556','2023-10-13 22:21:33.117',0,0,999999,32767,1);
insert into c_keyfnc_mst values (:COMP,:STRE,1,76,'支払3','',0,'2023-02-08 17:40:10.557','2023-10-13 22:21:33.118',0,0,999999,32767,1);
insert into c_keyfnc_mst values (:COMP,:STRE,1,77,'支払4','',0,'2023-02-08 17:40:10.558','2023-10-13 22:21:33.121',0,0,999999,32767,1);
insert into c_keyfnc_mst values (:COMP,:STRE,1,78,'支払5','',0,'2023-02-08 17:40:10.560','2023-10-13 22:21:33.123',0,0,999999,32767,1);
insert into c_keyfnc_mst values (:COMP,:STRE,1,79,'支払6','',0,'2023-02-08 17:40:10.562','2023-10-13 22:21:33.125',0,0,999999,32767,1);
insert into c_keyfnc_mst values (:COMP,:STRE,1,80,'支払7','',0,'2023-02-08 17:40:10.565','2023-10-13 22:21:33.127',0,0,999999,32767,1);
insert into c_keyfnc_mst values (:COMP,:STRE,1,81,'支払8','',0,'2023-02-08 17:40:10.567','2023-10-13 22:21:33.130',0,0,999999,32767,1);
insert into c_keyfnc_mst values (:COMP,:STRE,1,82,'支払9','',0,'2023-02-08 17:40:10.569','2023-10-13 22:21:33.132',0,0,999999,32767,1);
insert into c_keyfnc_mst values (:COMP,:STRE,1,83,'支払10','',0,'2023-02-08 17:40:10.570','2023-10-13 22:21:33.135',0,0,999999,32767,1);
insert into c_keyfnc_mst values (:COMP,:STRE,1,85,'売上回収','',0,'2023-02-08 17:40:10.573','2023-10-13 22:21:33.140',0,0,999999,32767,1);
insert into c_keyfnc_mst values (:COMP,:STRE,1,86,'割込','',0,'2023-02-08 17:40:10.574','2023-10-13 22:21:33.142',0,0,999999,32767,0);
insert into c_keyfnc_mst values (:COMP,:STRE,1,87,'終了','',3,'2023-02-08 17:40:10.577','2023-10-13 22:21:33.144',0,0,999999,32767,0);
insert into c_keyfnc_mst values (:COMP,:STRE,1,88,'登録画面','',3,'2023-02-08 17:40:10.579','2023-10-13 22:21:33.146',0,0,999999,32767,0);
insert into c_keyfnc_mst values (:COMP,:STRE,1,90,'会員呼出','',0,'2023-02-08 17:40:10.586','2023-10-13 22:21:33.151',0,0,999999,32767,0);
insert into c_keyfnc_mst values (:COMP,:STRE,1,91,'ｶ-ﾄﾞ読込','',1,'2023-02-08 17:40:10.587','2023-10-13 22:21:33.153',0,0,999999,32767,0);
insert into c_keyfnc_mst values (:COMP,:STRE,1,92,'割戻','',0,'2023-02-08 17:40:10.588','2023-10-13 22:21:33.155',0,0,999999,32767,0);
insert into c_keyfnc_mst values (:COMP,:STRE,1,93,'未使用','',1,'2023-02-08 17:40:10.590','2023-10-13 22:21:33.160',0,0,999999,32767,0);
insert into c_keyfnc_mst values (:COMP,:STRE,1,94,'未使用','',1,'2023-02-08 17:40:10.591','2023-10-13 22:21:33.162',0,0,999999,32767,0);
insert into c_keyfnc_mst values (:COMP,:STRE,1,95,'未使用','',1,'2023-02-08 17:40:10.593','2023-10-13 22:21:33.165',0,0,999999,32767,0);
insert into c_keyfnc_mst values (:COMP,:STRE,1,96,'未使用','',1,'2023-02-08 17:40:10.596','2023-10-13 22:21:33.167',0,0,999999,32767,0);
insert into c_keyfnc_mst values (:COMP,:STRE,1,97,'未使用','',1,'2023-02-08 17:40:10.598','2023-10-13 22:21:33.169',0,0,999999,32767,0);
insert into c_keyfnc_mst values (:COMP,:STRE,1,98,'未使用','',1,'2023-02-08 17:40:10.601','2023-10-13 22:21:33.171',0,0,999999,32767,0);
insert into c_keyfnc_mst values (:COMP,:STRE,1,99,'未使用','',1,'2023-02-08 17:40:10.602','2023-10-13 22:21:33.577',0,0,999999,32767,0);
insert into c_keyfnc_mst values (:COMP,:STRE,1,100,'釣機払出','',0,'2023-02-08 17:40:10.603','2023-10-13 22:21:33.580',0,0,999999,32767,0);
insert into c_keyfnc_mst values (:COMP,:STRE,1,101,'釣機参照','',0,'2023-02-08 17:40:10.605','2023-10-13 22:21:33.582',0,0,999999,32767,0);
insert into c_keyfnc_mst values (:COMP,:STRE,1,102,'釣機ON/OFF','',0,'2023-02-08 17:40:10.606','2023-10-13 22:21:33.584',0,0,999999,32767,0);
insert into c_keyfnc_mst values (:COMP,:STRE,1,103,'釣機両替','',0,'2023-02-08 17:40:10.608','2023-10-13 22:21:33.586',0,0,999999,32767,0);
insert into c_keyfnc_mst values (:COMP,:STRE,1,104,'人数','',0,'2023-02-08 17:40:10.610','2023-10-13 22:21:33.589',0,0,999999,32767,0);
insert into c_keyfnc_mst values (:COMP,:STRE,1,30,'ｸﾞﾙｰﾌﾟ券','',0,'2023-02-08 17:40:10.472','2023-10-13 22:21:35.242',0,0,999999,32767,1);
insert into c_keyfnc_mst values (:COMP,:STRE,1,32,'免税対象額','',1,'2023-02-08 17:40:10.476','2023-10-13 22:21:40.638',0,0,999999,32767,0);
insert into c_keyfnc_mst values (:COMP,:STRE,1,47,'プリカ割引','',0,'2023-02-08 17:40:10.503','2023-10-13 22:21:40.772',0,0,999999,32767,1);
insert into c_keyfnc_mst values (:COMP,:STRE,1,20,'ﾊﾞｰｺｰﾄﾞ決済','',0,'2023-02-08 17:40:10.455','2023-10-13 22:21:41.155',0,0,999999,32767,1);
insert into c_keyfnc_mst values (:COMP,:STRE,1,21,'買物券','',0,'2023-02-08 17:40:10.456','2023-10-13 22:21:41.229',0,0,999999,32767,1);
insert into c_keyfnc_mst values (:COMP,:STRE,1,106,'客層2','',0,'2023-02-08 17:40:10.615','2023-10-13 22:21:33.594',0,0,999999,32767,0);
insert into c_keyfnc_mst values (:COMP,:STRE,1,107,'客層3','',0,'2023-02-08 17:40:10.616','2023-10-13 22:21:33.597',0,0,999999,32767,0);
insert into c_keyfnc_mst values (:COMP,:STRE,1,108,'客層4','',0,'2023-02-08 17:40:10.618','2023-10-13 22:21:33.599',0,0,999999,32767,0);
insert into c_keyfnc_mst values (:COMP,:STRE,1,109,'客層5','',0,'2023-02-08 17:40:10.619','2023-10-13 22:21:33.601',0,0,999999,32767,0);
insert into c_keyfnc_mst values (:COMP,:STRE,1,110,'客層6','',0,'2023-02-08 17:40:10.620','2023-10-13 22:21:33.602',0,0,999999,32767,0);
insert into c_keyfnc_mst values (:COMP,:STRE,1,111,'客層7','',0,'2023-02-08 17:40:10.623','2023-10-13 22:21:33.605',0,0,999999,32767,0);
insert into c_keyfnc_mst values (:COMP,:STRE,1,112,'客層8','',0,'2023-02-08 17:40:10.625','2023-10-13 22:21:33.607',0,0,999999,32767,0);
insert into c_keyfnc_mst values (:COMP,:STRE,1,113,'客層9','',0,'2023-02-08 17:40:10.627','2023-10-13 22:21:33.610',0,0,999999,32767,0);
insert into c_keyfnc_mst values (:COMP,:STRE,1,114,'客層10','',0,'2023-02-08 17:40:10.630','2023-10-13 22:21:33.612',0,0,999999,32767,0);
insert into c_keyfnc_mst values (:COMP,:STRE,1,115,'▲上へ','',3,'2023-02-08 17:40:10.631','2023-10-13 22:21:33.615',0,0,999999,32767,0);
insert into c_keyfnc_mst values (:COMP,:STRE,1,116,'▼下へ','',3,'2023-02-08 17:40:10.632','2023-10-13 22:21:33.617',0,0,999999,32767,0);
insert into c_keyfnc_mst values (:COMP,:STRE,1,117,'未使用','',1,'2023-02-08 17:40:10.634','2023-10-13 22:21:33.619',0,0,999999,32767,0);
insert into c_keyfnc_mst values (:COMP,:STRE,1,118,'返瓶','',0,'2023-02-08 17:40:10.635','2023-10-13 22:21:33.621',0,0,999999,32767,0);
insert into c_keyfnc_mst values (:COMP,:STRE,1,119,'未使用','',1,'2023-02-08 17:40:10.637','2023-10-13 22:21:33.624',0,0,999999,32767,0);
insert into c_keyfnc_mst values (:COMP,:STRE,1,121,'未使用','',1,'2023-02-08 17:40:10.642','2023-10-13 22:21:33.628',0,0,999999,32767,0);
insert into c_keyfnc_mst values (:COMP,:STRE,1,122,'入金11','',0,'2023-02-08 17:40:10.644','2023-10-13 22:21:33.630',0,0,999999,32767,1);
insert into c_keyfnc_mst values (:COMP,:STRE,1,123,'入金12','',0,'2023-02-08 17:40:10.646','2023-10-13 22:21:33.632',0,0,999999,32767,1);
insert into c_keyfnc_mst values (:COMP,:STRE,1,124,'入金13','',0,'2023-02-08 17:40:10.647','2023-10-13 22:21:33.635',0,0,999999,32767,1);
insert into c_keyfnc_mst values (:COMP,:STRE,1,125,'入金14','',0,'2023-02-08 17:40:10.649','2023-10-13 22:21:33.636',0,0,999999,32767,1);
insert into c_keyfnc_mst values (:COMP,:STRE,1,126,'入金15','',0,'2023-02-08 17:40:10.651','2023-10-13 22:21:33.638',0,0,999999,32767,1);
insert into c_keyfnc_mst values (:COMP,:STRE,1,127,'入金16','',0,'2023-02-08 17:40:10.654','2023-10-13 22:21:33.642',0,0,999999,32767,1);
insert into c_keyfnc_mst values (:COMP,:STRE,1,128,'支払11','',0,'2023-02-08 17:40:10.656','2023-10-13 22:21:33.644',0,0,999999,32767,1);
insert into c_keyfnc_mst values (:COMP,:STRE,1,129,'支払12','',0,'2023-02-08 17:40:10.658','2023-10-13 22:21:33.647',0,0,999999,32767,1);
insert into c_keyfnc_mst values (:COMP,:STRE,1,130,'支払13','',0,'2023-02-08 17:40:10.660','2023-10-13 22:21:33.649',0,0,999999,32767,1);
insert into c_keyfnc_mst values (:COMP,:STRE,1,131,'支払14','',0,'2023-02-08 17:40:10.661','2023-10-13 22:21:33.652',0,0,999999,32767,1);
insert into c_keyfnc_mst values (:COMP,:STRE,1,132,'支払15','',0,'2023-02-08 17:40:10.662','2023-10-13 22:21:33.654',0,0,999999,32767,1);
insert into c_keyfnc_mst values (:COMP,:STRE,1,133,'支払16','',0,'2023-02-08 17:40:10.664','2023-10-13 22:21:33.656',0,0,999999,32767,1);
insert into c_keyfnc_mst values (:COMP,:STRE,1,134,'ﾎﾟｲﾝﾄ追加','',0,'2023-02-08 17:40:10.666','2023-10-13 22:21:33.658',0,0,999999,32767,0);
insert into c_keyfnc_mst values (:COMP,:STRE,1,135,'記録確認','',0,'2023-02-08 17:40:10.668','2023-10-13 22:21:33.660',0,0,999999,32767,1);
insert into c_keyfnc_mst values (:COMP,:STRE,1,136,'一括訂正','',1,'2023-02-08 17:40:10.671','2023-10-13 22:21:33.662',0,0,999999,32767,0);
insert into c_keyfnc_mst values (:COMP,:STRE,1,137,'検索返品','',1,'2023-02-08 17:40:10.673','2023-10-13 22:21:33.664',0,0,999999,32767,0);
insert into c_keyfnc_mst values (:COMP,:STRE,1,138,'未使用','',1,'2023-02-08 17:40:10.674','2023-10-13 22:21:33.665',0,0,999999,32767,0);
insert into c_keyfnc_mst values (:COMP,:STRE,1,139,'従業員','',3,'2023-02-08 17:40:10.676','2023-10-13 22:21:33.668',0,0,999999,32767,1);
insert into c_keyfnc_mst values (:COMP,:STRE,1,140,'未使用','',1,'2023-02-08 17:40:10.677','2023-10-13 22:21:33.672',0,0,999999,32767,0);
insert into c_keyfnc_mst values (:COMP,:STRE,1,142,'秤/風袋1','',0,'2023-02-08 17:40:10.681','2023-10-13 22:21:33.677',0,0,999999,32767,0);
insert into c_keyfnc_mst values (:COMP,:STRE,1,143,'秤/風袋2','',0,'2023-02-08 17:40:10.683','2023-10-13 22:21:33.680',0,0,999999,32767,0);
insert into c_keyfnc_mst values (:COMP,:STRE,1,144,'秤/風袋3','',0,'2023-02-08 17:40:10.685','2023-10-13 22:21:33.682',0,0,999999,32767,0);
insert into c_keyfnc_mst values (:COMP,:STRE,1,145,'秤/風袋4','',0,'2023-02-08 17:40:10.688','2023-10-13 22:21:34.076',0,0,999999,32767,0);
insert into c_keyfnc_mst values (:COMP,:STRE,1,146,'秤/風袋5','',0,'2023-02-08 17:40:10.689','2023-10-13 22:21:34.078',0,0,999999,32767,0);
insert into c_keyfnc_mst values (:COMP,:STRE,1,147,'秤/風袋6','',0,'2023-02-08 17:40:10.690','2023-10-13 22:21:34.080',0,0,999999,32767,0);
insert into c_keyfnc_mst values (:COMP,:STRE,1,148,'秤/風袋7','',0,'2023-02-08 17:40:10.692','2023-10-13 22:21:34.082',0,0,999999,32767,0);
insert into c_keyfnc_mst values (:COMP,:STRE,1,149,'秤/風袋8','',0,'2023-02-08 17:40:10.693','2023-10-13 22:21:34.084',0,0,999999,32767,0);
insert into c_keyfnc_mst values (:COMP,:STRE,1,150,'秤/風袋9','',0,'2023-02-08 17:40:10.695','2023-10-13 22:21:34.087',0,0,999999,32767,0);
insert into c_keyfnc_mst values (:COMP,:STRE,1,151,'秤/風袋10','',0,'2023-02-08 17:40:10.698','2023-10-13 22:21:34.089',0,0,999999,32767,0);
insert into c_keyfnc_mst values (:COMP,:STRE,1,152,'重さ単価','',1,'2023-02-08 17:40:10.700','2023-10-13 22:21:34.091',0,0,999999,32767,0);
insert into c_keyfnc_mst values (:COMP,:STRE,1,153,'売価変更','',0,'2023-02-08 17:40:10.702','2023-10-13 22:21:34.093',0,0,999999,32767,1);
insert into c_keyfnc_mst values (:COMP,:STRE,1,154,'ｶ-ﾄﾞ小計','',1,'2023-02-08 17:40:10.703','2023-10-13 22:21:34.096',0,0,999999,32767,0);
insert into c_keyfnc_mst values (:COMP,:STRE,1,155,'ｶ-ﾄﾞ排出','',1,'2023-02-08 17:40:10.705','2023-10-13 22:21:34.098',0,0,999999,32767,0);
insert into c_keyfnc_mst values (:COMP,:STRE,1,156,'ｶ-ﾄﾞ保守','',0,'2023-02-08 17:40:10.706','2023-10-13 22:21:34.100',0,0,999999,32767,0);
insert into c_keyfnc_mst values (:COMP,:STRE,1,157,'釣機入金','',0,'2023-02-08 17:40:10.707','2023-10-13 22:21:34.102',0,0,999999,32767,0);
insert into c_keyfnc_mst values (:COMP,:STRE,1,158,'売価ﾁｪｯｸ','',1,'2023-02-08 17:40:10.710','2023-10-13 22:21:34.105',0,0,999999,32767,1);
insert into c_keyfnc_mst values (:COMP,:STRE,1,159,'ﾚｼ-ﾄ控え','',0,'2023-02-08 17:40:10.712','2023-10-13 22:21:34.107',0,0,999999,32767,0);
insert into c_keyfnc_mst values (:COMP,:STRE,1,160,'計算','',0,'2023-02-08 17:40:10.714','2023-10-13 22:21:34.110',0,0,999999,32767,0);
insert into c_keyfnc_mst values (:COMP,:STRE,1,161,'ﾘﾗｲﾄ読込','',1,'2023-02-08 17:40:10.717','2023-10-13 22:21:34.112',0,0,999999,32767,0);
insert into c_keyfnc_mst values (:COMP,:STRE,1,163,'保証書','',0,'2023-02-08 17:40:10.720','2023-10-13 22:21:34.118',0,0,999999,32767,0);
insert into c_keyfnc_mst values (:COMP,:STRE,1,164,'ｴｺﾎﾟｲﾝﾄ','',0,'2023-02-08 17:40:10.721','2023-10-13 22:21:34.120',0,0,999999,32767,0);
insert into c_keyfnc_mst values (:COMP,:STRE,1,165,'ｽﾀﾝﾌﾟ2','',0,'2023-02-08 17:40:10.722','2023-10-13 22:21:34.124',0,0,999999,32767,0);
insert into c_keyfnc_mst values (:COMP,:STRE,1,167,'ｽﾀﾝﾌﾟ4','',0,'2023-02-08 17:40:10.727','2023-10-13 22:21:34.131',0,0,999999,32767,0);
insert into c_keyfnc_mst values (:COMP,:STRE,1,168,'ｽﾀﾝﾌﾟ5','',0,'2023-02-08 17:40:10.729','2023-10-13 22:21:34.135',0,0,999999,32767,0);
insert into c_keyfnc_mst values (:COMP,:STRE,1,169,'未使用','',1,'2023-02-08 17:40:10.732','2023-10-13 22:21:34.141',0,0,999999,32767,0);
insert into c_keyfnc_mst values (:COMP,:STRE,1,170,'小数点','',0,'2023-02-08 17:40:10.733','2023-10-13 22:21:34.144',0,0,999999,32767,1);
insert into c_keyfnc_mst values (:COMP,:STRE,1,171,'ﾌﾗｲﾄ1','',1,'2023-02-08 17:40:10.734','2023-10-13 22:21:34.147',0,0,999999,32767,0);
insert into c_keyfnc_mst values (:COMP,:STRE,1,172,'ﾌﾗｲﾄ2','',1,'2023-02-08 17:40:10.735','2023-10-13 22:21:34.149',0,0,999999,32767,0);
insert into c_keyfnc_mst values (:COMP,:STRE,1,173,'ﾌﾗｲﾄ3','',1,'2023-02-08 17:40:10.737','2023-10-13 22:21:34.152',0,0,999999,32767,0);
insert into c_keyfnc_mst values (:COMP,:STRE,1,174,'ﾌﾗｲﾄ4','',1,'2023-02-08 17:40:10.739','2023-10-13 22:21:34.155',0,0,999999,32767,0);
insert into c_keyfnc_mst values (:COMP,:STRE,1,176,'ﾌﾗｲﾄ6','',1,'2023-02-08 17:40:10.744','2023-10-13 22:21:34.161',0,0,999999,32767,0);
insert into c_keyfnc_mst values (:COMP,:STRE,1,177,'ﾌﾗｲﾄ7','',1,'2023-02-08 17:40:10.746','2023-10-13 22:21:34.165',0,0,999999,32767,0);
insert into c_keyfnc_mst values (:COMP,:STRE,1,178,'ﾌﾗｲﾄ8','',1,'2023-02-08 17:40:10.747','2023-10-13 22:21:34.173',0,0,999999,32767,0);
insert into c_keyfnc_mst values (:COMP,:STRE,1,179,'ﾌﾗｲﾄ9','',1,'2023-02-08 17:40:10.749','2023-10-13 22:21:34.176',0,0,999999,32767,0);
insert into c_keyfnc_mst values (:COMP,:STRE,1,180,'ﾌﾗｲﾄ10','',1,'2023-02-08 17:40:10.750','2023-10-13 22:21:34.179',0,0,999999,32767,0);
insert into c_keyfnc_mst values (:COMP,:STRE,1,181,'ﾌﾗｲﾄ11','',1,'2023-02-08 17:40:10.751','2023-10-13 22:21:34.182',0,0,999999,32767,0);
insert into c_keyfnc_mst values (:COMP,:STRE,1,182,'ﾌﾗｲﾄ12','',1,'2023-02-08 17:40:10.754','2023-10-13 22:21:34.183',0,0,999999,32767,0);
insert into c_keyfnc_mst values (:COMP,:STRE,1,183,'ﾌﾗｲﾄ13','',1,'2023-02-08 17:40:10.756','2023-10-13 22:21:34.187',0,0,999999,32767,0);
insert into c_keyfnc_mst values (:COMP,:STRE,1,184,'ﾌﾗｲﾄ14','',1,'2023-02-08 17:40:10.759','2023-10-13 22:21:34.189',0,0,999999,32767,0);
insert into c_keyfnc_mst values (:COMP,:STRE,1,185,'ﾌﾗｲﾄ15','',1,'2023-02-08 17:40:10.761','2023-10-13 22:21:34.191',0,0,999999,32767,0);
insert into c_keyfnc_mst values (:COMP,:STRE,1,186,'ﾌﾗｲﾄ16','',1,'2023-02-08 17:40:10.763','2023-10-13 22:21:34.193',0,0,999999,32767,0);
insert into c_keyfnc_mst values (:COMP,:STRE,1,187,'ﾌﾗｲﾄ17','',1,'2023-02-08 17:40:10.766','2023-10-13 22:21:34.196',0,0,999999,32767,0);
insert into c_keyfnc_mst values (:COMP,:STRE,1,188,'ﾌﾗｲﾄ18','',1,'2023-02-08 17:40:10.767','2023-10-13 22:21:34.201',0,0,999999,32767,0);
insert into c_keyfnc_mst values (:COMP,:STRE,1,189,'ﾌﾗｲﾄ19','',1,'2023-02-08 17:40:10.770','2023-10-13 22:21:34.204',0,0,999999,32767,0);
insert into c_keyfnc_mst values (:COMP,:STRE,1,190,'ﾌﾗｲﾄ20','',1,'2023-02-08 17:40:10.772','2023-10-13 22:21:34.206',0,0,999999,32767,0);
insert into c_keyfnc_mst values (:COMP,:STRE,1,192,'ﾌﾗｲﾄ22','',1,'2023-02-08 17:40:10.777','2023-10-13 22:21:34.211',0,0,999999,32767,0);
insert into c_keyfnc_mst values (:COMP,:STRE,1,193,'ﾌﾗｲﾄ23','',1,'2023-02-08 17:40:10.778','2023-10-13 22:21:34.213',0,0,999999,32767,0);
insert into c_keyfnc_mst values (:COMP,:STRE,1,194,'ﾌﾗｲﾄ24','',1,'2023-02-08 17:40:10.779','2023-10-13 22:21:34.215',0,0,999999,32767,0);
insert into c_keyfnc_mst values (:COMP,:STRE,1,195,'ﾌﾗｲﾄ25','',1,'2023-02-08 17:40:10.781','2023-10-13 22:21:34.218',0,0,999999,32767,0);
insert into c_keyfnc_mst values (:COMP,:STRE,1,196,'ﾌﾗｲﾄ26','',1,'2023-02-08 17:40:10.782','2023-10-13 22:21:34.220',0,0,999999,32767,0);
insert into c_keyfnc_mst values (:COMP,:STRE,1,198,'明細印字','',0,'2023-02-08 17:40:10.787','2023-10-13 22:21:34.225',0,0,999999,32767,0);
insert into c_keyfnc_mst values (:COMP,:STRE,1,200,'電話番号','',0,'2023-02-08 17:40:10.791','2023-10-13 22:21:34.227',0,0,999999,32767,0);
insert into c_keyfnc_mst values (:COMP,:STRE,1,201,'Edy残高','',0,'2023-02-08 17:40:10.793','2023-10-13 22:21:34.228',0,0,999999,32767,0);
insert into c_keyfnc_mst values (:COMP,:STRE,1,203,'モバイル','',1,'2023-02-08 17:40:10.795','2023-10-13 22:21:34.233',0,0,999999,32767,0);
insert into c_keyfnc_mst values (:COMP,:STRE,1,204,'Pｶ-ﾄﾞ使用','',1,'2023-02-08 17:40:10.797','2023-10-13 22:21:34.235',0,0,999999,32767,0);
insert into c_keyfnc_mst values (:COMP,:STRE,1,205,'Pｶ-ﾄﾞ扱い','',1,'2023-02-08 17:40:10.799','2023-10-13 22:21:34.238',0,0,999999,32767,0);
insert into c_keyfnc_mst values (:COMP,:STRE,1,206,'伝票ﾌｨ-ﾄﾞ','',1,'2023-02-08 17:40:10.801','2023-10-13 22:21:34.240',0,0,999999,32767,0);
insert into c_keyfnc_mst values (:COMP,:STRE,1,207,'伝票発行','',1,'2023-02-08 17:40:10.804','2023-10-13 22:21:34.243',0,0,999999,32767,0);
insert into c_keyfnc_mst values (:COMP,:STRE,1,208,'伝票ON/OFF','',1,'2023-02-08 17:40:10.806','2023-10-13 22:21:34.245',0,0,999999,32767,0);
insert into c_keyfnc_mst values (:COMP,:STRE,1,209,'休止','',0,'2023-02-08 17:40:10.807','2023-10-13 22:21:34.247',0,0,999999,32767,1);
insert into c_keyfnc_mst values (:COMP,:STRE,1,210,'会員売価','',0,'2023-02-08 17:40:10.809','2023-10-13 22:21:34.248',0,0,999999,32767,0);
insert into c_keyfnc_mst values (:COMP,:STRE,1,211,'割増1','',0,'2023-02-08 17:40:10.810','2023-10-13 22:21:34.252',0,0,999999,32767,0);
insert into c_keyfnc_mst values (:COMP,:STRE,1,212,'割増2','',0,'2023-02-08 17:40:10.811','2023-10-13 22:21:34.254',0,0,999999,32767,0);
insert into c_keyfnc_mst values (:COMP,:STRE,1,213,'割増3','',0,'2023-02-08 17:40:10.814','2023-10-13 22:21:34.256',0,0,999999,32767,0);
insert into c_keyfnc_mst values (:COMP,:STRE,1,214,'割増4','',0,'2023-02-08 17:40:10.816','2023-10-13 22:21:34.258',0,0,999999,32767,0);
insert into c_keyfnc_mst values (:COMP,:STRE,1,215,'割増5','',0,'2023-02-08 17:40:10.819','2023-10-13 22:21:34.261',0,0,999999,32767,0);
insert into c_keyfnc_mst values (:COMP,:STRE,1,216,'ｶ-ﾄﾞ現金','',1,'2023-02-08 17:40:10.821','2023-10-13 22:21:34.263',0,0,999999,32767,0);
insert into c_keyfnc_mst values (:COMP,:STRE,1,217,'ｶ-ﾄﾞ一括','',1,'2023-02-08 17:40:10.822','2023-10-13 22:21:34.266',0,0,999999,32767,0);
insert into c_keyfnc_mst values (:COMP,:STRE,1,218,'差異ﾁｪｯｸ','',0,'2023-02-08 17:40:10.823','2023-10-13 22:21:34.268',0,0,999999,32767,1);
insert into c_keyfnc_mst values (:COMP,:STRE,1,219,'検索訂正','',1,'2023-02-08 17:40:10.825','2023-10-13 22:21:34.271',0,0,999999,32767,0);
insert into c_keyfnc_mst values (:COMP,:STRE,1,220,'未使用','',1,'2023-02-08 17:40:10.826','2023-10-13 22:21:34.274',0,0,999999,32767,0);
insert into c_keyfnc_mst values (:COMP,:STRE,1,221,'未使用','',1,'2023-02-08 17:40:10.828','2023-10-13 22:21:34.276',0,0,999999,32767,0);
insert into c_keyfnc_mst values (:COMP,:STRE,1,223,'ﾋﾞｽﾏｯｸ読込','',1,'2023-02-08 17:40:10.833','2023-10-13 22:21:34.280',0,0,999999,32767,0);
insert into c_keyfnc_mst values (:COMP,:STRE,1,224,'非課税','',0,'2023-02-08 17:40:10.836','2023-10-13 22:21:34.282',0,0,999999,32767,0);
insert into c_keyfnc_mst values (:COMP,:STRE,1,225,'企業ｺ-ﾄﾞ','',1,'2023-02-08 17:40:10.837','2023-10-13 22:21:34.284',0,0,999999,32767,0);
insert into c_keyfnc_mst values (:COMP,:STRE,1,226,'分類解除','',0,'2023-02-08 17:40:10.838','2023-10-13 22:21:34.286',0,0,999999,32767,0);
insert into c_keyfnc_mst values (:COMP,:STRE,1,227,'発行停止','',1,'2023-02-08 17:40:10.839','2023-10-13 22:21:34.289',0,0,999999,32767,0);
insert into c_keyfnc_mst values (:COMP,:STRE,1,228,'２人制','',0,'2023-02-08 17:40:10.841','2023-10-13 22:21:34.291',0,0,999999,32767,0);
insert into c_keyfnc_mst values (:COMP,:STRE,1,229,'自社クレ','',1,'2023-02-08 17:40:10.843','2023-10-13 22:21:34.293',0,0,999999,32767,0);
insert into c_keyfnc_mst values (:COMP,:STRE,1,230,'単独割振','',1,'2023-02-08 17:40:10.845','2023-10-13 22:21:34.296',0,0,999999,32767,0);
insert into c_keyfnc_mst values (:COMP,:STRE,1,231,'ﾎﾟｲﾝﾄ照会','',1,'2023-02-08 17:40:10.848','2023-10-13 22:21:34.299',0,0,999999,32767,0);
insert into c_keyfnc_mst values (:COMP,:STRE,1,233,'検索領収証','',0,'2023-02-08 17:40:10.851','2023-10-13 22:21:34.303',0,0,999999,32767,0);
insert into c_keyfnc_mst values (:COMP,:STRE,1,234,'5百券','',1,'2023-02-08 17:40:10.853','2023-10-13 22:21:34.305',0,0,999999,32767,0);
insert into c_keyfnc_mst values (:COMP,:STRE,1,235,'ｶｰﾄﾞ更新','',1,'2023-02-08 17:40:10.854','2023-10-13 22:21:34.308',0,0,999999,32767,0);
insert into c_keyfnc_mst values (:COMP,:STRE,1,236,'發票設定','',1,'2023-02-08 17:40:10.855','2023-10-13 22:21:34.310',0,0,999999,32767,0);
insert into c_keyfnc_mst values (:COMP,:STRE,1,237,'發票廃棄','',1,'2023-02-08 17:40:10.858','2023-10-13 22:21:34.312',0,0,999999,32767,0);
insert into c_keyfnc_mst values (:COMP,:STRE,1,238,'割込予約','',0,'2023-02-08 17:40:10.860','2023-10-13 22:21:34.314',0,0,999999,32767,0);
insert into c_keyfnc_mst values (:COMP,:STRE,1,239,'中分類','',0,'2023-02-08 17:40:10.863','2023-10-13 22:21:34.317',0,0,999999,32767,1);
insert into c_keyfnc_mst values (:COMP,:STRE,1,240,'顧客情報照会','',1,'2023-02-08 17:40:10.865','2023-10-13 22:21:34.319',0,0,999999,32767,0);
insert into c_keyfnc_mst values (:COMP,:STRE,1,242,'社員売価','',1,'2023-02-08 17:40:10.867','2023-10-13 22:21:34.325',0,0,999999,32767,0);
insert into c_keyfnc_mst values (:COMP,:STRE,1,243,'管理費登録','',1,'2023-02-08 17:40:10.869','2023-10-13 22:21:34.329',0,0,999999,32767,0);
insert into c_keyfnc_mst values (:COMP,:STRE,1,244,'桁解除','',0,'2023-02-08 17:40:10.870','2023-10-13 22:21:34.331',0,0,999999,32767,0);
insert into c_keyfnc_mst values (:COMP,:STRE,1,245,'大部門','',0,'2023-02-08 17:40:10.872','2023-10-13 22:21:34.333',0,0,999999,32767,1);
insert into c_keyfnc_mst values (:COMP,:STRE,1,246,'メモ','',1,'2023-02-08 17:40:10.875','2023-10-13 22:21:34.335',0,0,999999,32767,0);
insert into c_keyfnc_mst values (:COMP,:STRE,1,247,'明細表示','',0,'2023-02-08 17:40:10.878','2023-10-13 22:21:34.337',0,0,999999,32767,0);
insert into c_keyfnc_mst values (:COMP,:STRE,1,248,'連絡確認','',1,'2023-02-08 17:40:10.880','2023-10-13 22:21:34.340',0,0,999999,32767,0);
insert into c_keyfnc_mst values (:COMP,:STRE,1,249,'連絡','',1,'2023-02-08 17:40:10.881','2023-10-13 22:21:34.341',0,0,999999,32767,0);
insert into c_keyfnc_mst values (:COMP,:STRE,1,250,'皿勘定','',1,'2023-02-08 17:40:10.882','2023-10-13 22:21:34.343',0,0,999999,32767,0);
insert into c_keyfnc_mst values (:COMP,:STRE,1,251,'勘定クリア','',1,'2023-02-08 17:40:10.884','2023-10-13 22:21:34.346',0,0,999999,32767,0);
insert into c_keyfnc_mst values (:COMP,:STRE,1,252,'印紙除外','',0,'2023-02-08 17:40:10.886','2023-10-13 22:21:34.348',0,0,999999,32767,0);
insert into c_keyfnc_mst values (:COMP,:STRE,1,254,'小計取消','',0,'2023-02-08 17:40:10.891','2023-10-13 22:21:34.354',0,0,999999,32767,0);
insert into c_keyfnc_mst values (:COMP,:STRE,1,255,'割勘額表示','',1,'2023-02-08 17:40:10.893','2023-10-13 22:21:34.357',0,0,999999,32767,0);
insert into c_keyfnc_mst values (:COMP,:STRE,1,256,'釣銭要求','',0,'2023-02-08 17:40:10.895','2023-10-13 22:21:34.359',0,0,999999,32767,0);
insert into c_keyfnc_mst values (:COMP,:STRE,1,257,'割戻取消','',0,'2023-02-08 17:40:10.896','2023-10-13 22:21:34.362',0,0,999999,32767,0);
insert into c_keyfnc_mst values (:COMP,:STRE,1,258,'割増取消','',0,'2023-02-08 17:40:10.897','2023-10-13 22:21:34.364',0,0,999999,32767,0);
insert into c_keyfnc_mst values (:COMP,:STRE,1,259,'呼出','',1,'2023-02-08 17:40:10.899','2023-10-13 22:21:34.366',0,0,999999,32767,0);
insert into c_keyfnc_mst values (:COMP,:STRE,1,282,'／','',1,'2023-02-08 17:40:10.941','2023-10-13 22:21:34.421',0,0,999999,32767,0);
insert into c_keyfnc_mst values (:COMP,:STRE,1,283,'明細付加情報','',1,'2023-02-08 17:40:10.943','2023-10-13 22:21:34.424',0,0,999999,32767,0);
insert into c_keyfnc_mst values (:COMP,:STRE,1,284,'取引付加情報','',1,'2023-02-08 17:40:10.947','2023-10-13 22:21:34.426',0,0,999999,32767,0);
insert into c_keyfnc_mst values (:COMP,:STRE,1,285,'業務宣言','',1,'2023-02-08 17:40:10.949','2023-10-13 22:21:34.428',0,0,999999,32767,0);
insert into c_keyfnc_mst values (:COMP,:STRE,1,287,'自社クレジット宣言','',1,'2023-02-08 17:40:10.954','2023-10-13 22:21:34.432',0,0,999999,32767,0);
insert into c_keyfnc_mst values (:COMP,:STRE,1,288,'Edy番号','',1,'2023-02-08 17:40:10.955','2023-10-13 22:21:34.435',0,0,999999,32767,0);
insert into c_keyfnc_mst values (:COMP,:STRE,1,290,'OMC優待','',1,'2023-02-08 17:40:10.958','2023-10-13 22:21:34.440',0,0,999999,32767,0);
insert into c_keyfnc_mst values (:COMP,:STRE,1,291,'締め取消','',0,'2023-02-08 17:40:10.959','2023-10-13 22:21:34.442',0,0,999999,32767,1);
insert into c_keyfnc_mst values (:COMP,:STRE,1,292,'ﾎﾟｲﾝﾄ移行','',1,'2023-02-08 17:40:10.961','2023-10-13 22:21:34.446',0,0,999999,32767,0);
insert into c_keyfnc_mst values (:COMP,:STRE,1,293,'配達便','',1,'2023-02-08 17:40:10.963','2023-10-13 22:21:34.448',0,0,999999,32767,0);
insert into c_keyfnc_mst values (:COMP,:STRE,1,294,'商品情報','',1,'2023-02-08 17:40:10.966','2023-10-13 22:21:34.451',0,0,999999,32767,0);
insert into c_keyfnc_mst values (:COMP,:STRE,1,295,'値付ﾗﾍﾞﾙ','',1,'2023-02-08 17:40:10.968','2023-10-13 22:21:34.453',0,0,999999,32767,0);
insert into c_keyfnc_mst values (:COMP,:STRE,1,296,'値付再発行','',1,'2023-02-08 17:40:10.970','2023-10-13 22:21:34.456',0,0,999999,32767,0);
insert into c_keyfnc_mst values (:COMP,:STRE,1,297,'値付ON/OFF','',1,'2023-02-08 17:40:10.971','2023-10-13 22:21:34.458',0,0,999999,32767,0);
insert into c_keyfnc_mst values (:COMP,:STRE,1,298,'値付商品未登録','',1,'2023-02-08 17:40:10.972','2023-10-13 22:21:34.460',0,0,999999,32767,0);
insert into c_keyfnc_mst values (:COMP,:STRE,1,299,'ﾒﾝﾃ解除','',1,'2023-02-08 17:40:10.974','2023-10-13 22:21:34.462',0,0,999999,32767,0);
insert into c_keyfnc_mst values (:COMP,:STRE,1,199,'カード取消','',0,'2023-02-08 17:40:10.789','2023-10-13 22:21:41.196',0,0,999999,32767,0);
insert into c_keyfnc_mst values (:COMP,:STRE,1,316,'タブ右','',0,'2023-02-08 17:40:11.007','2023-02-08 17:40:11.007',0,0,999999,2,0);
insert into c_keyfnc_mst values (:COMP,:STRE,1,317,'タブ中','',0,'2023-02-08 17:40:11.009','2023-02-08 17:40:11.009',0,0,999999,2,0);
insert into c_keyfnc_mst values (:COMP,:STRE,1,318,'タブ左','',0,'2023-02-08 17:40:11.011','2023-02-08 17:40:11.011',0,0,999999,2,0);
insert into c_keyfnc_mst values (:COMP,:STRE,1,384,'会計11','',0,'2023-02-08 17:40:11.124','2023-02-08 17:40:11.124',0,0,999999,2,1);
insert into c_keyfnc_mst values (:COMP,:STRE,1,385,'会計12','',0,'2023-02-08 17:40:11.126','2023-02-08 17:40:11.126',0,0,999999,2,1);
insert into c_keyfnc_mst values (:COMP,:STRE,1,386,'会計13','',0,'2023-02-08 17:40:11.130','2023-02-08 17:40:11.130',0,0,999999,2,1);
insert into c_keyfnc_mst values (:COMP,:STRE,1,387,'会計14','',0,'2023-02-08 17:40:11.132','2023-02-08 17:40:11.132',0,0,999999,2,1);
insert into c_keyfnc_mst values (:COMP,:STRE,1,388,'会計15','',0,'2023-02-08 17:40:11.133','2023-02-08 17:40:11.133',0,0,999999,2,1);
insert into c_keyfnc_mst values (:COMP,:STRE,1,389,'会計16','',0,'2023-02-08 17:40:11.134','2023-02-08 17:40:11.134',0,0,999999,2,1);
insert into c_keyfnc_mst values (:COMP,:STRE,1,390,'会計17','',0,'2023-02-08 17:40:11.135','2023-02-08 17:40:11.135',0,0,999999,2,1);
insert into c_keyfnc_mst values (:COMP,:STRE,1,391,'会計18','',0,'2023-02-08 17:40:11.138','2023-02-08 17:40:11.138',0,0,999999,2,1);
insert into c_keyfnc_mst values (:COMP,:STRE,1,392,'会計19','',0,'2023-02-08 17:40:11.140','2023-02-08 17:40:11.140',0,0,999999,2,1);
insert into c_keyfnc_mst values (:COMP,:STRE,1,393,'会計20','',0,'2023-02-08 17:40:11.143','2023-02-08 17:40:11.143',0,0,999999,2,1);
insert into c_keyfnc_mst values (:COMP,:STRE,1,394,'会計21','',0,'2023-02-08 17:40:11.145','2023-02-08 17:40:11.145',0,0,999999,2,1);
insert into c_keyfnc_mst values (:COMP,:STRE,1,300,'販売期限バーコード','',0,'2023-02-08 17:40:10.976','2023-10-13 22:21:34.464',0,0,999999,32767,0);
insert into c_keyfnc_mst values (:COMP,:STRE,1,301,'Wiz通信開始','',1,'2023-02-08 17:40:10.978','2023-10-13 22:21:34.466',0,0,999999,32767,0);
insert into c_keyfnc_mst values (:COMP,:STRE,1,302,'Wiz通信終了','',1,'2023-02-08 17:40:10.981','2023-10-13 22:21:34.469',0,0,999999,32767,0);
insert into c_keyfnc_mst values (:COMP,:STRE,1,303,'積載指示書','',1,'2023-02-08 17:40:10.983','2023-10-13 22:21:34.470',0,0,999999,32767,0);
insert into c_keyfnc_mst values (:COMP,:STRE,1,326,'明細変更','',1,'2023-02-08 17:40:11.026','2023-10-13 22:21:36.320',0,0,999999,32767,0);
insert into c_keyfnc_mst values (:COMP,:STRE,1,327,'ﾊﾞｰｺｰﾄﾞ','',1,'2023-02-08 17:40:11.028','2023-10-13 22:21:36.348',0,0,999999,32767,0);
insert into c_keyfnc_mst values (:COMP,:STRE,1,304,'ﾌﾞﾗﾝﾄﾞ取引選択','',1,'2023-02-08 17:40:10.984','2023-10-13 22:21:38.822',0,0,999999,32767,0);
insert into c_keyfnc_mst values (:COMP,:STRE,1,306,'ﾌﾞﾗﾝﾄﾞ現金ﾁｬｰｼﾞ','',1,'2023-02-08 17:40:10.987','2023-10-13 22:21:38.827',0,0,999999,32767,0);
insert into c_keyfnc_mst values (:COMP,:STRE,1,307,'GS1入力','',1,'2023-02-08 17:40:10.988','2023-10-13 22:21:38.829',0,0,999999,32767,0);
insert into c_keyfnc_mst values (:COMP,:STRE,1,308,'詰合固定','',1,'2023-02-08 17:40:10.992','2023-10-13 22:21:38.831',0,0,999999,32767,0);
insert into c_keyfnc_mst values (:COMP,:STRE,1,309,'予約呼出','',0,'2023-02-08 17:40:10.995','2023-10-13 22:21:38.833',0,0,999999,32767,0);
insert into c_keyfnc_mst values (:COMP,:STRE,1,310,'予約取消','',0,'2023-02-08 17:40:10.997','2023-10-13 22:21:38.835',0,0,999999,32767,0);
insert into c_keyfnc_mst values (:COMP,:STRE,1,311,'予約確認','',1,'2023-02-08 17:40:10.998','2023-10-13 22:21:38.837',0,0,999999,32767,0);
insert into c_keyfnc_mst values (:COMP,:STRE,1,312,'手動リピート','',1,'2023-02-08 17:40:10.999','2023-10-13 22:21:38.840',0,0,999999,32767,0);
insert into c_keyfnc_mst values (:COMP,:STRE,1,313,'Edy履歴','',0,'2023-02-08 17:40:11.001','2023-10-13 22:21:38.842',0,0,999999,32767,0);
insert into c_keyfnc_mst values (:COMP,:STRE,1,314,'詰合呼出','',1,'2023-02-08 17:40:11.002','2023-10-13 22:21:38.844',0,0,999999,32767,0);
insert into c_keyfnc_mst values (:COMP,:STRE,1,315,'即時売変','',0,'2023-02-08 17:40:11.004','2023-10-13 22:21:38.846',0,0,999999,32767,0);
insert into c_keyfnc_mst values (:COMP,:STRE,1,319,'ﾎﾟｲﾝﾄ発券','',1,'2023-02-08 17:40:11.013','2023-10-13 22:21:38.849',0,0,999999,32767,0);
insert into c_keyfnc_mst values (:COMP,:STRE,1,320,'多段割戻1','',1,'2023-02-08 17:40:11.014','2023-10-13 22:21:38.851',0,0,999999,32767,0);
insert into c_keyfnc_mst values (:COMP,:STRE,1,321,'多段割戻2','',1,'2023-02-08 17:40:11.015','2023-10-13 22:21:38.853',0,0,999999,32767,0);
insert into c_keyfnc_mst values (:COMP,:STRE,1,322,'多段割戻3','',1,'2023-02-08 17:40:11.017','2023-10-13 22:21:38.855',0,0,999999,32767,0);
insert into c_keyfnc_mst values (:COMP,:STRE,1,323,'多段割戻4','',1,'2023-02-08 17:40:11.019','2023-10-13 22:21:38.858',0,0,999999,32767,0);
insert into c_keyfnc_mst values (:COMP,:STRE,1,324,'多段割戻5','',1,'2023-02-08 17:40:11.021','2023-10-13 22:21:38.860',0,0,999999,32767,0);
insert into c_keyfnc_mst values (:COMP,:STRE,1,325,'ポイント移行','',1,'2023-02-08 17:40:11.024','2023-10-13 22:21:38.862',0,0,999999,32767,0);
insert into c_keyfnc_mst values (:COMP,:STRE,1,329,'お会計券','',0,'2023-02-08 17:40:11.030','2023-10-13 22:21:39.493',0,0,999999,32767,0);
insert into c_keyfnc_mst values (:COMP,:STRE,1,331,'登録','',1,'2023-02-08 17:40:11.034','2023-10-13 22:21:39.495',0,0,999999,32767,0);
insert into c_keyfnc_mst values (:COMP,:STRE,1,332,'Speeza','',0,'2023-02-08 17:40:11.036','2023-10-13 22:21:39.498',0,0,999999,32767,0);
insert into c_keyfnc_mst values (:COMP,:STRE,1,333,'呼出','',0,'2023-02-08 17:40:11.039','2023-10-13 22:21:39.500',0,0,999999,32767,0);
insert into c_keyfnc_mst values (:COMP,:STRE,1,334,'勤怠','',1,'2023-02-08 17:40:11.041','2023-10-13 22:21:39.502',0,0,999999,32767,0);
insert into c_keyfnc_mst values (:COMP,:STRE,1,339,'ギフトコード','',1,'2023-02-08 17:40:11.044','2023-10-13 22:21:39.505',0,0,999999,32767,0);
insert into c_keyfnc_mst values (:COMP,:STRE,1,340,'カード取引','',1,'2023-02-08 17:40:11.045','2023-10-13 22:21:39.507',0,0,999999,32767,0);
insert into c_keyfnc_mst values (:COMP,:STRE,1,341,'カード入金','',1,'2023-02-08 17:40:11.046','2023-10-13 22:21:39.508',0,0,999999,32767,0);
insert into c_keyfnc_mst values (:COMP,:STRE,1,342,'独立現外','',1,'2023-02-08 17:40:11.049','2023-10-13 22:21:39.511',0,0,999999,32767,0);
insert into c_keyfnc_mst values (:COMP,:STRE,1,343,'一括登録','',1,'2023-02-08 17:40:11.051','2023-10-13 22:21:39.513',0,0,999999,32767,0);
insert into c_keyfnc_mst values (:COMP,:STRE,1,344,'入金値引','',1,'2023-02-08 17:40:11.054','2023-10-13 22:21:39.516',0,0,999999,32767,0);
insert into c_keyfnc_mst values (:COMP,:STRE,1,348,'分割精算','',0,'2023-02-08 17:40:11.060','2023-10-13 22:21:39.523',0,0,999999,32767,0);
insert into c_keyfnc_mst values (:COMP,:STRE,1,350,'個別精算','',1,'2023-02-08 17:40:11.061','2023-10-13 22:21:39.525',0,0,999999,32767,0);
insert into c_keyfnc_mst values (:COMP,:STRE,1,352,'入出金確認','',0,'2023-02-08 17:40:11.066','2023-10-13 22:21:39.526',0,0,999999,32767,0);
insert into c_keyfnc_mst values (:COMP,:STRE,1,354,'ＱＣ指定1','',0,'2023-02-08 17:40:11.071','2023-10-13 22:21:39.531',0,0,999999,32767,0);
insert into c_keyfnc_mst values (:COMP,:STRE,1,355,'BackSpace','',0,'2023-02-08 17:40:11.072','2023-10-13 22:21:39.534',0,0,999999,32767,0);
insert into c_keyfnc_mst values (:COMP,:STRE,1,356,'ＱＣ指定2','',0,'2023-02-08 17:40:11.073','2023-10-13 22:21:39.535',0,0,999999,32767,0);
insert into c_keyfnc_mst values (:COMP,:STRE,1,357,'ＱＣ指定3','',0,'2023-02-08 17:40:11.074','2023-10-13 22:21:39.538',0,0,999999,32767,0);
insert into c_keyfnc_mst values (:COMP,:STRE,1,330,'公共料金','',0,'2023-02-08 17:40:11.032','2023-10-13 22:21:39.642',0,0,999999,32767,0);
insert into c_keyfnc_mst values (:COMP,:STRE,1,338,'生産者/PLU','',1,'2023-02-08 17:40:11.042','2023-10-13 22:21:39.644',0,0,999999,32767,0);
insert into c_keyfnc_mst values (:COMP,:STRE,1,351,'棒金開','',0,'2023-02-08 17:40:11.064','2023-10-13 22:21:39.649',0,0,999999,32767,0);
insert into c_keyfnc_mst values (:COMP,:STRE,1,358,'金種訂正','',1,'2023-02-08 17:40:11.076','2023-10-13 22:21:39.651',0,0,999999,32767,0);
insert into c_keyfnc_mst values (:COMP,:STRE,1,359,'再発行予約','',1,'2023-02-08 17:40:11.078','2023-10-13 22:21:39.859',0,0,999999,32767,0);
insert into c_keyfnc_mst values (:COMP,:STRE,1,360,'未精算一覧','',0,'2023-02-08 17:40:11.080','2023-10-13 22:21:39.861',0,0,999999,32767,0);
insert into c_keyfnc_mst values (:COMP,:STRE,1,361,'両替依頼書','',1,'2023-02-08 17:40:11.083','2023-10-13 22:21:39.863',0,0,999999,32767,0);
insert into c_keyfnc_mst values (:COMP,:STRE,1,363,'分割解除','',0,'2023-02-08 17:40:11.086','2023-10-13 22:21:39.868',0,0,999999,32767,0);
insert into c_keyfnc_mst values (:COMP,:STRE,1,365,'28桁バーコード','',1,'2023-02-08 17:40:11.089','2023-10-13 22:21:39.873',0,0,999999,32767,0);
insert into c_keyfnc_mst values (:COMP,:STRE,1,366,'計量商品価格','',1,'2023-02-08 17:40:11.090','2023-10-13 22:21:39.875',0,0,999999,32767,0);
insert into c_keyfnc_mst values (:COMP,:STRE,1,367,'返品ﾓｰﾄﾞ','',0,'2023-02-08 17:40:11.093','2023-10-13 22:21:39.879',0,0,999999,32767,1);
insert into c_keyfnc_mst values (:COMP,:STRE,1,369,'釣銭情報','',0,'2023-02-08 17:40:11.098','2023-10-13 22:21:39.881',0,0,999999,32767,0);
insert into c_keyfnc_mst values (:COMP,:STRE,1,373,'QR再発行','',0,'2023-02-08 17:40:11.103','2023-10-13 22:21:39.885',0,0,999999,32767,0);
insert into c_keyfnc_mst values (:COMP,:STRE,1,375,'領収書宣言','',1,'2023-02-08 17:40:11.107','2023-10-13 22:21:39.888',0,0,999999,32767,0);
insert into c_keyfnc_mst values (:COMP,:STRE,1,378,'釣機戻入','',1,'2023-02-08 17:40:11.114','2023-10-13 22:21:39.891',0,0,999999,32767,0);
insert into c_keyfnc_mst values (:COMP,:STRE,1,379,'取引外払出','',1,'2023-02-08 17:40:11.115','2023-10-13 22:21:39.894',0,0,999999,32767,0);
insert into c_keyfnc_mst values (:COMP,:STRE,1,380,'ＢＣ券','',1,'2023-02-08 17:40:11.117','2023-10-13 22:21:39.895',0,0,999999,32767,0);
insert into c_keyfnc_mst values (:COMP,:STRE,1,286,'スマホ読込','',0,'2023-02-08 17:40:10.951','2023-10-13 22:21:40.972',0,0,999999,32767,0);
insert into c_keyfnc_mst values (:COMP,:STRE,1,368,'データ読込','',1,'2023-02-08 17:40:11.095','2023-10-13 22:21:41.234',0,0,999999,32767,0);
insert into c_keyfnc_mst values (:COMP,:STRE,1,370,'詰合せ商品変更','',1,'2023-02-08 17:40:11.100','2023-10-13 22:21:41.236',0,0,999999,32767,0);
insert into c_keyfnc_mst values (:COMP,:STRE,1,371,'無償商品登録','',0,'2023-02-08 17:40:11.101','2023-10-13 22:21:41.239',0,0,999999,32767,0);
insert into c_keyfnc_mst values (:COMP,:STRE,1,376,'会員印字','',1,'2023-02-08 17:40:11.109','2023-10-13 22:21:41.255',0,0,999999,32767,0);
insert into c_keyfnc_mst values (:COMP,:STRE,1,377,'重量入力','',1,'2023-02-08 17:40:11.112','2023-10-13 22:21:41.270',0,0,999999,32767,0);
insert into c_keyfnc_mst values (:COMP,:STRE,1,395,'会計22','',0,'2023-02-08 17:40:11.146','2023-02-08 17:40:11.146',0,0,999999,2,1);
insert into c_keyfnc_mst values (:COMP,:STRE,1,396,'会計23','',0,'2023-02-08 17:40:11.148','2023-02-08 17:40:11.148',0,0,999999,2,1);
insert into c_keyfnc_mst values (:COMP,:STRE,1,397,'会計24','',0,'2023-02-08 17:40:11.149','2023-02-08 17:40:11.149',0,0,999999,2,1);
insert into c_keyfnc_mst values (:COMP,:STRE,1,398,'会計25','',0,'2023-02-08 17:40:11.150','2023-02-08 17:40:11.150',0,0,999999,2,1);
insert into c_keyfnc_mst values (:COMP,:STRE,1,399,'会計26','',0,'2023-02-08 17:40:11.153','2023-02-08 17:40:11.153',0,0,999999,2,1);
insert into c_keyfnc_mst values (:COMP,:STRE,1,400,'会計27','',0,'2023-02-08 17:40:11.155','2023-02-08 17:40:11.155',0,0,999999,2,1);
insert into c_keyfnc_mst values (:COMP,:STRE,1,401,'会計28','',0,'2023-02-08 17:40:11.158','2023-02-08 17:40:11.158',0,0,999999,2,1);
insert into c_keyfnc_mst values (:COMP,:STRE,1,402,'会計29','',0,'2023-02-08 17:40:11.160','2023-02-08 17:40:11.160',0,0,999999,2,1);
insert into c_keyfnc_mst values (:COMP,:STRE,1,403,'会計30','',0,'2023-02-08 17:40:11.161','2023-02-08 17:40:11.161',0,0,999999,2,1);
insert into c_keyfnc_mst values (:COMP,:STRE,1,491,'金額読込','',0,'2023-02-08 17:40:11.274','2023-02-08 17:40:11.274',0,0,999999,2,0);
insert into c_keyfnc_mst values (:COMP,:STRE,1,492,'倍率手動変更','',1,'2023-02-08 17:40:11.277','2023-02-08 17:40:11.277',0,0,999999,2,0);
insert into c_keyfnc_mst values (:COMP,:STRE,1,502,'楽天ﾎﾟｲﾝﾄ手入力','',0,'2023-02-08 17:40:11.279','2023-02-08 17:40:11.279',0,0,999999,2,0);
insert into c_keyfnc_mst values (:COMP,:STRE,1,503,'PCT宣言','',0,'2023-02-08 17:40:11.280','2023-02-08 17:40:11.280',0,0,999999,2,0);
insert into c_keyfnc_mst values (:COMP,:STRE,1,700,'残高照会','',0,'2023-02-08 17:40:11.282','2023-02-08 17:40:11.282',0,0,999999,2,0);
insert into c_keyfnc_mst values (:COMP,:STRE,1,701,'お得情報再発行','',0,'2023-02-08 17:40:11.284','2023-02-08 17:40:11.284',0,0,999999,2,0);
insert into c_keyfnc_mst values (:COMP,:STRE,1,702,'未使用','',1,'2023-02-08 17:40:11.286','2023-02-08 17:40:11.286',0,0,999999,2,0);
insert into c_keyfnc_mst values (:COMP,:STRE,1,703,'未使用','',1,'2023-02-08 17:40:11.289','2023-02-08 17:40:11.289',0,0,999999,2,0);
insert into c_keyfnc_mst values (:COMP,:STRE,1,704,'決済選択','',0,'2023-02-08 17:40:11.291','2023-02-08 17:40:11.291',0,0,999999,2,0);
insert into c_keyfnc_mst values (:COMP,:STRE,1,705,'リサイクル入金','',1,'2023-02-08 17:40:11.292','2023-02-08 17:40:11.292',0,0,999999,2,0);
insert into c_keyfnc_mst values (:COMP,:STRE,1,706,'リサイクル出金','',1,'2023-02-08 17:40:11.294','2023-02-08 17:40:11.294',0,0,999999,2,0);
insert into c_keyfnc_mst values (:COMP,:STRE,1,364,'中断','',0,'2023-02-08 17:40:11.088','2023-10-13 22:21:39.871',0,0,999999,32767,0);
insert into c_keyfnc_mst values (:COMP,:STRE,1,374,'PiTaPa累計照会','',0,'2023-02-08 17:40:11.105','2023-10-13 22:21:39.886',0,0,999999,32767,0);
insert into c_keyfnc_mst values (:COMP,:STRE,1,404,'手持現金入力','',1,'2023-02-08 17:40:11.162','2023-10-13 22:21:39.905',0,0,999999,32767,0);
insert into c_keyfnc_mst values (:COMP,:STRE,1,405,'ICﾎﾟｲﾝﾄ訂正','',1,'2023-02-08 17:40:11.164','2023-10-13 22:21:39.906',0,0,999999,32767,0);
insert into c_keyfnc_mst values (:COMP,:STRE,1,406,'次客登録','',0,'2023-02-08 17:40:11.165','2023-10-13 22:21:39.910',0,0,999999,32767,0);
insert into c_keyfnc_mst values (:COMP,:STRE,1,407,'次客呼出','',1,'2023-02-08 17:40:11.167','2023-10-13 22:21:39.912',0,0,999999,32767,0);
insert into c_keyfnc_mst values (:COMP,:STRE,1,408,'個数確認','',1,'2023-02-08 17:40:11.170','2023-10-13 22:21:39.914',0,0,999999,32767,0);
insert into c_keyfnc_mst values (:COMP,:STRE,1,409,'釣機状態','',0,'2023-02-08 17:40:11.172','2023-10-13 22:21:40.331',0,0,999999,32767,0);
insert into c_keyfnc_mst values (:COMP,:STRE,1,410,'入金返却','',0,'2023-02-08 17:40:11.175','2023-10-13 22:21:40.337',0,0,999999,32767,0);
insert into c_keyfnc_mst values (:COMP,:STRE,1,411,'販売許可','',1,'2023-02-08 17:40:11.176','2023-10-13 22:21:40.339',0,0,999999,32767,0);
insert into c_keyfnc_mst values (:COMP,:STRE,1,412,'レジ点検','',1,'2023-02-08 17:40:11.177','2023-10-13 22:21:40.341',0,0,999999,32767,0);
insert into c_keyfnc_mst values (:COMP,:STRE,1,413,'ポイント加算','',1,'2023-02-08 17:40:11.178','2023-10-13 22:21:40.344',0,0,999999,32767,0);
insert into c_keyfnc_mst values (:COMP,:STRE,1,414,'特価品','',1,'2023-02-08 17:40:11.180','2023-10-13 22:21:40.347',0,0,999999,32767,0);
insert into c_keyfnc_mst values (:COMP,:STRE,1,415,'宅配発行','',1,'2023-02-08 17:40:11.182','2023-10-13 22:21:40.349',0,0,999999,32767,0);
insert into c_keyfnc_mst values (:COMP,:STRE,1,416,'ｸｰﾎﾟﾝ利用','',1,'2023-02-08 17:40:11.184','2023-10-13 22:21:40.351',0,0,999999,32767,0);
insert into c_keyfnc_mst values (:COMP,:STRE,1,417,'画面1','',1,'2023-02-08 17:40:11.187','2023-10-13 22:21:40.526',0,0,999999,32767,0);
insert into c_keyfnc_mst values (:COMP,:STRE,1,418,'画面2','',1,'2023-02-08 17:40:11.189','2023-10-13 22:21:40.529',0,0,999999,32767,0);
insert into c_keyfnc_mst values (:COMP,:STRE,1,419,'画面3','',1,'2023-02-08 17:40:11.191','2023-10-13 22:21:40.532',0,0,999999,32767,0);
insert into c_keyfnc_mst values (:COMP,:STRE,1,420,'画面4','',1,'2023-02-08 17:40:11.192','2023-10-13 22:21:40.535',0,0,999999,32767,0);
insert into c_keyfnc_mst values (:COMP,:STRE,1,421,'画面5','',1,'2023-02-08 17:40:11.193','2023-10-13 22:21:40.537',0,0,999999,32767,0);
insert into c_keyfnc_mst values (:COMP,:STRE,1,423,'画面7','',1,'2023-02-08 17:40:11.197','2023-10-13 22:21:40.541',0,0,999999,32767,0);
insert into c_keyfnc_mst values (:COMP,:STRE,1,424,'画面8','',1,'2023-02-08 17:40:11.199','2023-10-13 22:21:40.544',0,0,999999,32767,0);
insert into c_keyfnc_mst values (:COMP,:STRE,1,425,'画面9','',1,'2023-02-08 17:40:11.202','2023-10-13 22:21:40.547',0,0,999999,32767,0);
insert into c_keyfnc_mst values (:COMP,:STRE,1,426,'画面10','',1,'2023-02-08 17:40:11.204','2023-10-13 22:21:40.551',0,0,999999,32767,0);
insert into c_keyfnc_mst values (:COMP,:STRE,1,427,'画面11','',1,'2023-02-08 17:40:11.205','2023-10-13 22:21:40.553',0,0,999999,32767,0);
insert into c_keyfnc_mst values (:COMP,:STRE,1,428,'画面12','',1,'2023-02-08 17:40:11.207','2023-10-13 22:21:40.556',0,0,999999,32767,0);
insert into c_keyfnc_mst values (:COMP,:STRE,1,429,'画面13','',1,'2023-02-08 17:40:11.208','2023-10-13 22:21:40.558',0,0,999999,32767,0);
insert into c_keyfnc_mst values (:COMP,:STRE,1,430,'画面14','',1,'2023-02-08 17:40:11.209','2023-10-13 22:21:40.560',0,0,999999,32767,0);
insert into c_keyfnc_mst values (:COMP,:STRE,1,431,'画面15','',1,'2023-02-08 17:40:11.212','2023-10-13 22:21:40.562',0,0,999999,32767,0);
insert into c_keyfnc_mst values (:COMP,:STRE,1,433,'画面17','',1,'2023-02-08 17:40:11.216','2023-10-13 22:21:40.567',0,0,999999,32767,0);
insert into c_keyfnc_mst values (:COMP,:STRE,1,434,'画面18','',1,'2023-02-08 17:40:11.219','2023-10-13 22:21:40.569',0,0,999999,32767,0);
insert into c_keyfnc_mst values (:COMP,:STRE,1,435,'免税宣言','',0,'2023-02-08 17:40:11.221','2023-10-13 22:21:40.571',0,0,999999,32767,0);
insert into c_keyfnc_mst values (:COMP,:STRE,1,436,'ＳＳ訂正','',1,'2023-02-08 17:40:11.222','2023-10-13 22:21:40.574',0,0,999999,32767,0);
insert into c_keyfnc_mst values (:COMP,:STRE,1,437,'延長保証','',1,'2023-02-08 17:40:11.223','2023-10-13 22:21:40.576',0,0,999999,32767,0);
insert into c_keyfnc_mst values (:COMP,:STRE,1,438,'会員情報確認','',1,'2023-02-08 17:40:11.226','2023-10-13 22:21:40.579',0,0,999999,32767,0);
insert into c_keyfnc_mst values (:COMP,:STRE,1,444,'単品分類解除','',1,'2023-02-08 17:40:11.228','2023-10-13 22:21:40.586',0,0,999999,32767,0);
insert into c_keyfnc_mst values (:COMP,:STRE,1,445,'従業員権限解除','',0,'2023-02-08 17:40:11.230','2023-10-13 22:21:40.588',0,0,999999,32767,0);
insert into c_keyfnc_mst values (:COMP,:STRE,1,449,'Verifone再印字','',0,'2023-02-08 17:40:11.233','2023-10-13 22:21:40.592',0,0,999999,32767,0);
insert into c_keyfnc_mst values (:COMP,:STRE,1,450,'言語切替','',0,'2023-02-08 17:40:11.234','2023-10-13 22:21:40.593',0,0,999999,32767,0);
insert into c_keyfnc_mst values (:COMP,:STRE,1,451,'通番訂正','',0,'2023-02-08 17:40:11.235','2023-10-13 22:21:40.596',0,0,999999,32767,0);
insert into c_keyfnc_mst values (:COMP,:STRE,1,456,'ｾﾙﾌ切替','',0,'2023-02-08 17:40:11.238','2023-10-13 22:21:40.819',0,0,999999,32767,0);
insert into c_keyfnc_mst values (:COMP,:STRE,1,463,'指定変更','',0,'2023-02-08 17:40:11.240','2023-10-13 22:21:40.824',0,0,999999,32767,1);
insert into c_keyfnc_mst values (:COMP,:STRE,1,464,'ｾﾙﾌﾒﾝﾃ','',0,'2023-02-08 17:40:11.243','2023-10-13 22:21:40.827',0,0,999999,32767,0);
insert into c_keyfnc_mst values (:COMP,:STRE,1,468,'端末ｶｰﾄﾞ読込','',0,'2023-02-08 17:40:11.247','2023-10-13 22:21:40.833',0,0,999999,32767,0);
insert into c_keyfnc_mst values (:COMP,:STRE,1,469,'障害確認','',1,'2023-02-08 17:40:11.249','2023-10-13 22:21:40.835',0,0,999999,32767,0);
insert into c_keyfnc_mst values (:COMP,:STRE,1,470,'WAON残高','',1,'2023-02-08 17:40:11.250','2023-10-13 22:21:40.838',0,0,999999,32767,0);
insert into c_keyfnc_mst values (:COMP,:STRE,1,471,'WAON履歴','',1,'2023-02-08 17:40:11.251','2023-10-13 22:21:40.840',0,0,999999,32767,0);
insert into c_keyfnc_mst values (:COMP,:STRE,1,472,'QC切替','',0,'2023-02-08 17:40:11.252','2023-10-13 22:21:40.841',0,0,999999,32767,0);
insert into c_keyfnc_mst values (:COMP,:STRE,1,474,'WIZ貸出','',1,'2023-02-08 17:40:11.255','2023-10-13 22:21:40.843',0,0,999999,32767,0);
insert into c_keyfnc_mst values (:COMP,:STRE,1,475,'QC指定拡大表示','',0,'2023-02-08 17:40:11.257','2023-10-13 22:21:40.846',0,0,999999,32767,0);
insert into c_keyfnc_mst values (:COMP,:STRE,1,476,'WizSelf切替','',1,'2023-02-08 17:40:11.259','2023-10-13 22:21:40.848',0,0,999999,32767,0);
insert into c_keyfnc_mst values (:COMP,:STRE,1,477,'キャプチャ','',0,'2023-02-08 17:40:11.262','2023-10-13 22:21:40.850',0,0,999999,32767,0);
insert into c_keyfnc_mst values (:COMP,:STRE,1,481,'ｵｰﾊﾞｰﾌﾛｰ回収','',0,'2023-02-08 17:40:11.263','2023-10-13 22:21:41.164',0,0,999999,32767,0);
insert into c_keyfnc_mst values (:COMP,:STRE,1,484,'dﾎﾟｲﾝﾄ手入力','',0,'2023-02-08 17:40:11.264','2023-10-13 22:21:41.168',0,0,999999,32767,0);
insert into c_keyfnc_mst values (:COMP,:STRE,1,485,'dﾎﾟｲﾝﾄ修正','',0,'2023-02-08 17:40:11.266','2023-10-13 22:21:41.173',0,0,999999,32767,0);
insert into c_keyfnc_mst values (:COMP,:STRE,1,487,'マルチ切替','',0,'2023-02-08 17:40:11.267','2023-10-13 22:21:41.178',0,0,999999,32767,0);
insert into c_keyfnc_mst values (:COMP,:STRE,1,488,'ｵｰﾊﾞｰﾌﾛｰ庫移動','',0,'2023-02-08 17:40:11.269','2023-10-13 22:21:41.182',0,0,999999,32767,0);
insert into c_keyfnc_mst values (:COMP,:STRE,1,495,'ﾌﾟﾘｶﾎﾟｲﾝﾄ訂正','',0,'2023-02-08 17:40:11.278','2023-10-13 22:21:41.186',0,0,999999,32767,0);
insert into c_keyfnc_mst values (:COMP,:STRE,1,707,'未使用','',1,'2023-02-08 17:40:11.295','2023-02-08 17:40:11.295',0,0,999999,2,0);
insert into c_keyfnc_mst values (:COMP,:STRE,1,708,'未使用','',1,'2023-02-08 17:40:11.296','2023-02-08 17:40:11.296',0,0,999999,2,0);
insert into c_keyfnc_mst values (:COMP,:STRE,1,709,'ポータル認証','',0,'2023-02-08 17:40:11.299','2023-02-08 17:40:11.299',0,0,999999,2,0);
insert into c_keyfnc_mst values (:COMP,:STRE,1,710,'QCメンテナンス','',2,'2023-02-08 17:40:11.301','2023-02-08 17:40:11.301',0,0,999999,2,0);
insert into c_keyfnc_mst values (:COMP,:STRE,1,711,'従業員入金確定','',2,'2023-02-08 17:40:11.303','2023-02-08 17:40:11.303',0,0,999999,2,0);
insert into c_keyfnc_mst values (:COMP,:STRE,1,712,'従業員精算','',0,'2023-02-08 17:40:11.306','2023-02-08 17:40:11.306',0,0,999999,2,0);
insert into c_keyfnc_mst values (:COMP,:STRE,1,719,'連絡関連','',0,'2023-02-08 17:40:11.317','2023-02-08 17:40:11.317',0,0,999999,2,0);
insert into c_keyfnc_mst values (:COMP,:STRE,1,720,'入金確定','',0,'2023-02-08 17:40:11.319','2023-02-08 17:40:11.319',0,0,999999,2,0);
insert into c_keyfnc_mst values (:COMP,:STRE,1,721,'領収書再発行','',0,'2023-02-08 17:40:11.322','2023-02-08 17:40:11.322',0,0,999999,2,1);
insert into c_keyfnc_mst values (:COMP,:STRE,1,722,'左右切替','',0,'2023-02-08 17:40:11.323','2023-02-08 17:40:11.323',0,0,999999,2,0);
insert into c_keyfnc_mst values (:COMP,:STRE,1,723,'商品登録補助','',0,'2023-02-08 17:40:11.325','2023-02-08 17:40:11.325',0,0,999999,2,0);
insert into c_keyfnc_mst values (:COMP,:STRE,1,724,'登録補助','',0,'2023-02-08 17:40:11.326','2023-02-08 17:40:11.326',0,0,999999,2,0);
insert into c_keyfnc_mst values (:COMP,:STRE,1,725,'決済','',0,'2023-02-08 17:40:11.327','2023-02-08 17:40:11.327',0,0,999999,2,0);
insert into c_keyfnc_mst values (:COMP,:STRE,1,726,'商品登録','',0,'2023-02-08 17:40:11.329','2023-02-08 17:40:11.329',0,0,999999,2,0);
insert into c_keyfnc_mst values (:COMP,:STRE,1,727,'現金入力','',0,'2023-02-08 17:40:11.332','2023-02-08 17:40:11.332',0,0,999999,2,0);
insert into c_keyfnc_mst values (:COMP,:STRE,1,728,'購買履歴','',0,'2023-02-08 17:40:11.336','2023-02-08 17:40:11.336',0,0,999999,2,0);
insert into c_keyfnc_mst values (:COMP,:STRE,1,729,'会員カード読込','',0,'2023-02-08 17:40:11.337','2023-02-08 17:40:11.337',0,0,999999,2,0);
insert into c_keyfnc_mst values (:COMP,:STRE,1,730,'会員カード切替','',0,'2023-02-08 17:40:11.338','2023-02-08 17:40:11.338',0,0,999999,2,0);
insert into c_keyfnc_mst values (:COMP,:STRE,1,731,'予約','',1,'2023-02-08 17:40:11.340','2023-02-08 17:40:11.340',0,0,999999,2,0);
insert into c_keyfnc_mst values (:COMP,:STRE,1,732,'予約(掛売)','',1,'2023-02-08 17:40:11.341','2023-02-08 17:40:11.341',0,0,999999,2,0);
insert into c_keyfnc_mst values (:COMP,:STRE,1,733,'予約(配達)','',1,'2023-02-08 17:40:11.343','2023-02-08 17:40:11.343',0,0,999999,2,0);
insert into c_keyfnc_mst values (:COMP,:STRE,1,734,'予約(見積り)','',1,'2023-02-08 17:40:11.346','2023-02-08 17:40:11.346',0,0,999999,2,0);
insert into c_keyfnc_mst values (:COMP,:STRE,1,735,'見積宣言','',0,'2023-02-08 17:40:11.348','2023-02-08 17:40:11.348',0,0,999999,2,0);
insert into c_keyfnc_mst values (:COMP,:STRE,1,736,'サービス券バーコード','',0,'2023-02-08 17:40:11.350','2023-02-08 17:40:11.350',0,0,999999,2,0);
insert into c_keyfnc_mst values (:COMP,:STRE,1,740,'還元なし','',0,'2023-02-08 17:40:11.356','2023-02-08 17:40:11.356',0,0,999999,2,0);
insert into c_keyfnc_mst values (:COMP,:STRE,1,741,'ZIPコード','',0,'2023-02-08 17:40:11.358','2023-02-08 17:40:11.358',0,0,999999,2,0);
insert into c_keyfnc_mst values (:COMP,:STRE,1,742,'ポイント履歴','',0,'2023-02-08 17:40:11.360','2023-02-08 17:40:11.360',0,0,999999,2,0);
insert into c_keyfnc_mst values (:COMP,:STRE,1,743,'会員情報照会','',0,'2023-02-08 17:40:11.363','2023-02-08 17:40:11.363',0,0,999999,2,0);
insert into c_keyfnc_mst values (:COMP,:STRE,1,744,'クーポン手入力','',0,'2023-02-08 17:40:11.365','2023-02-08 17:40:11.365',0,0,999999,2,0);
insert into c_keyfnc_mst values (:COMP,:STRE,1,745,'代理店','',0,'2023-02-08 17:40:11.366','2023-02-08 17:40:11.366',0,0,999999,2,0);
insert into c_keyfnc_mst values (:COMP,:STRE,1,760,'プリセット切替','',0,'2023-05-31 15:22:39.103','2023-05-31 15:22:39.103',0,0,999999,2,0);
insert into c_keyfnc_mst values (:COMP,:STRE,1,761,'切替戻し','',0,'2023-05-31 15:22:39.104','2023-05-31 15:22:39.104',0,0,999999,2,0);
insert into c_keyfnc_mst values (:COMP,:STRE,1,762,'売掛宣言','',0,'2023-05-31 15:22:39.105','2023-05-31 15:22:39.105',0,0,999999,2,0);
insert into c_keyfnc_mst values (:COMP,:STRE,1,763,'友の会ｶｰﾄﾞ読込','',0,'2023-05-31 15:22:39.107','2023-05-31 15:22:39.107',0,0,999999,2,0);
insert into c_keyfnc_mst values (:COMP,:STRE,1,764,'友の会ｶｰﾄﾞ照会','',0,'2023-05-31 15:22:39.110','2023-05-31 15:22:39.110',0,0,999999,2,0);
insert into c_keyfnc_mst values (:COMP,:STRE,1,765,'CR入出金','',0,'2023-05-31 15:22:39.112','2023-05-31 15:22:39.112',0,0,999999,2,0);
insert into c_keyfnc_mst values (:COMP,:STRE,1,766,'ﾊｲﾀｯﾁ','',0,'2023-05-31 15:22:39.114','2023-05-31 15:22:39.114',0,0,999999,2,0);
insert into c_keyfnc_mst values (:COMP,:STRE,1,767,'特殊ﾊﾞｰｺｰﾄﾞ読取','',0,'2023-05-31 15:22:39.115','2023-05-31 15:22:39.115',0,0,999999,2,0);
insert into c_keyfnc_mst values (:COMP,:STRE,1,770,'ﾁｬｰｼﾞ商品選択','',0,'2023-05-31 15:22:39.117','2023-05-31 15:22:39.117',0,0,999999,2,0);
insert into c_keyfnc_mst values (:COMP,:STRE,1,162,'ﾁｹｯﾄ発行','',0,'2023-02-08 17:40:10.718','2023-10-13 22:21:34.115',0,0,999999,32767,0);
insert into c_keyfnc_mst values (:COMP,:STRE,1,202,'ｶ-ﾄﾞ忘れ','',0,'2023-02-08 17:40:10.794','2023-10-13 22:21:34.230',0,0,999999,32767,0);
insert into c_keyfnc_mst values (:COMP,:STRE,1,232,'倍率変更','',2,'2023-02-08 17:40:10.850','2023-10-13 22:21:34.301',0,0,999999,32767,0);
insert into c_keyfnc_mst values (:COMP,:STRE,1,260,'手動ﾐｯｸｽﾏｯﾁ1','',0,'2023-02-08 17:40:10.901','2023-10-13 22:21:34.369',0,0,999999,32767,0);
insert into c_keyfnc_mst values (:COMP,:STRE,1,261,'手動ﾐｯｸｽﾏｯﾁ2','',0,'2023-02-08 17:40:10.903','2023-10-13 22:21:34.371',0,0,999999,32767,0);
insert into c_keyfnc_mst values (:COMP,:STRE,1,262,'手動ﾐｯｸｽﾏｯﾁ3','',0,'2023-02-08 17:40:10.906','2023-10-13 22:21:34.373',0,0,999999,32767,0);
insert into c_keyfnc_mst values (:COMP,:STRE,1,263,'手動ﾐｯｸｽﾏｯﾁ4','',0,'2023-02-08 17:40:10.908','2023-10-13 22:21:34.376',0,0,999999,32767,0);
insert into c_keyfnc_mst values (:COMP,:STRE,1,264,'手動ﾐｯｸｽﾏｯﾁ5','',0,'2023-02-08 17:40:10.909','2023-10-13 22:21:34.378',0,0,999999,32767,0);
insert into c_keyfnc_mst values (:COMP,:STRE,1,265,'手動ﾐｯｸｽﾏｯﾁ6','',0,'2023-02-08 17:40:10.911','2023-10-13 22:21:34.380',0,0,999999,32767,0);
insert into c_keyfnc_mst values (:COMP,:STRE,1,266,'手動ﾐｯｸｽﾏｯﾁ7','',0,'2023-02-08 17:40:10.912','2023-10-13 22:21:34.384',0,0,999999,32767,0);
insert into c_keyfnc_mst values (:COMP,:STRE,1,267,'手動ﾐｯｸｽﾏｯﾁ8','',0,'2023-02-08 17:40:10.913','2023-10-13 22:21:34.386',0,0,999999,32767,0);
insert into c_keyfnc_mst values (:COMP,:STRE,1,268,'手動ﾐｯｸｽﾏｯﾁ9','',0,'2023-02-08 17:40:10.916','2023-10-13 22:21:34.389',0,0,999999,32767,0);
insert into c_keyfnc_mst values (:COMP,:STRE,1,269,'手動ﾐｯｸｽﾏｯﾁ10','',0,'2023-02-08 17:40:10.918','2023-10-13 22:21:34.391',0,0,999999,32767,0);
insert into c_keyfnc_mst values (:COMP,:STRE,1,328,'金額(売価ﾁｪｯｸ)','',0,'2023-02-08 17:40:11.029','2023-10-13 22:21:39.619',0,0,999999,32767,1);
insert into c_keyfnc_mst values (:COMP,:STRE,1,381,'プリカ宣言','',0,'2023-02-08 17:40:11.118','2023-10-13 22:21:39.897',0,0,999999,32767,0);
insert into c_keyfnc_mst values (:COMP,:STRE,1,382,'プリカ残高照会','',0,'2023-02-08 17:40:11.119','2023-10-13 22:21:39.900',0,0,999999,32767,0);
insert into c_keyfnc_mst values (:COMP,:STRE,1,467,'プリカ宣言取消','',0,'2023-02-08 17:40:11.245','2023-10-13 22:21:40.831',0,0,999999,32767,0);
insert into c_keyfnc_mst values (:COMP,:STRE,1,714,'税変換2','',0,'2023-02-08 17:40:11.310','2023-10-13 22:21:40.853',0,0,999999,32767,0);
insert into c_keyfnc_mst values (:COMP,:STRE,1,715,'税変換3','',0,'2023-02-08 17:40:11.311','2023-10-13 22:21:40.855',0,0,999999,32767,0);
insert into c_keyfnc_mst values (:COMP,:STRE,1,716,'税変換4','',0,'2023-02-08 17:40:11.312','2023-10-13 22:21:40.858',0,0,999999,32767,0);
insert into c_keyfnc_mst values (:COMP,:STRE,1,717,'税変換5','',0,'2023-02-08 17:40:11.315','2023-10-13 22:21:40.860',0,0,999999,32767,0);
insert into c_keyfnc_mst values (:COMP,:STRE,1,713,'ｲｰﾄｲﾝ外税','',0,'2023-02-08 17:40:11.307','2023-10-13 22:21:40.980',0,0,999999,32767,0);
insert into c_keyfnc_mst values (:COMP,:STRE,1,383,'バーコード決済訂正','',0,'2023-02-08 17:40:11.122','2023-10-13 22:21:41.088',0,0,999999,32767,0);
insert into c_keyfnc_mst values (:COMP,:STRE,1,737,'釣機再精査','',0,'2023-02-08 17:40:11.352','2023-10-13 22:21:41.189',0,0,999999,32767,0);
insert into c_keyfnc_mst values (:COMP,:STRE,1,738,'入金取消','',0,'2023-02-08 17:40:11.353','2023-10-13 22:21:41.192',0,0,999999,32767,0);
insert into c_keyfnc_mst values (:COMP,:STRE,1,739,'商品取消','',0,'2023-02-08 17:40:11.354','2023-10-13 22:21:41.194',0,0,999999,32767,0);
