-- c_keyfnc_mst 

\set insert_field 'comp_cd, stre_cd, kopt_grp_cd, ins_datetime, upd_datetime, status, send_flg, upd_user, upd_system, fnc_cd, fnc_name, fnc_disp_flg, fnc_comment, ext_preset_disp'

-- comp_cd, stre_cd, kopt_grp_cd, ins_datetime, upd_datetime, status, send_flg, upd_user, upd_system
\set cmn_set ' :COMP, :STRE, :GRP, \'now\', \'now\', \'0\', \'0\', \'999999\', \'2\' '

\set sub_query 'SELECT kopt_grp_cd FROM c_keyfnc_mst WHERE comp_cd = :COMP AND stre_cd = :STRE AND kopt_grp_cd = :GRP '

--                                                     fnc_cd, fnc_name, fnc_disp_flg, fnc_comment
insert into c_keyfnc_mst (:insert_field) SELECT :cmn_set, '1', E'ﾃﾝｷ-1', '3', '', '0' WHERE NOT EXISTS (:sub_query AND fnc_cd = '1');
insert into c_keyfnc_mst (:insert_field) SELECT :cmn_set, '2', E'ﾃﾝｷ-2', '3', '', '0' WHERE NOT EXISTS (:sub_query AND fnc_cd = '2');
insert into c_keyfnc_mst (:insert_field) SELECT :cmn_set, '3', E'ﾃﾝｷ-3', '3', '', '0' WHERE NOT EXISTS (:sub_query AND fnc_cd = '3');
insert into c_keyfnc_mst (:insert_field) SELECT :cmn_set, '4', E'ﾃﾝｷ-4', '3', '', '0' WHERE NOT EXISTS (:sub_query AND fnc_cd = '4');
insert into c_keyfnc_mst (:insert_field) SELECT :cmn_set, '5', E'ﾃﾝｷ-5', '3', '', '0' WHERE NOT EXISTS (:sub_query AND fnc_cd = '5');
insert into c_keyfnc_mst (:insert_field) SELECT :cmn_set, '6', E'ﾃﾝｷ-6', '3', '', '0' WHERE NOT EXISTS (:sub_query AND fnc_cd = '6');
insert into c_keyfnc_mst (:insert_field) SELECT :cmn_set, '7', E'ﾃﾝｷ-7', '3', '', '0' WHERE NOT EXISTS (:sub_query AND fnc_cd = '7');
insert into c_keyfnc_mst (:insert_field) SELECT :cmn_set, '8', E'ﾃﾝｷ-8', '3', '', '0' WHERE NOT EXISTS (:sub_query AND fnc_cd = '8');
insert into c_keyfnc_mst (:insert_field) SELECT :cmn_set, '9', E'ﾃﾝｷ-9', '3', '', '0' WHERE NOT EXISTS (:sub_query AND fnc_cd = '9');
insert into c_keyfnc_mst (:insert_field) SELECT :cmn_set, '10', E'ﾃﾝｷ-0', '3', '', '0' WHERE NOT EXISTS (:sub_query AND fnc_cd = '10');
insert into c_keyfnc_mst (:insert_field) SELECT :cmn_set, '11', E'ﾃﾝｷ-00', '3', '', '0' WHERE NOT EXISTS (:sub_query AND fnc_cd = '11');
insert into c_keyfnc_mst (:insert_field) SELECT :cmn_set, '12', E'ﾃﾝｷ-000', '3', '', '0' WHERE NOT EXISTS (:sub_query AND fnc_cd = '12');
insert into c_keyfnc_mst (:insert_field) SELECT :cmn_set, '13', E'小計', '3', '', '0' WHERE NOT EXISTS (:sub_query AND fnc_cd = '13');
insert into c_keyfnc_mst (:insert_field) SELECT :cmn_set, '14', E'預り/現計', '3', '', '1' WHERE NOT EXISTS (:sub_query AND fnc_cd = '14');
insert into c_keyfnc_mst (:insert_field) SELECT :cmn_set, '15', E'会計1', '0', '', '1' WHERE NOT EXISTS (:sub_query AND fnc_cd = '15');
insert into c_keyfnc_mst (:insert_field) SELECT :cmn_set, '16', E'会計2', '0', '', '1' WHERE NOT EXISTS (:sub_query AND fnc_cd = '16');
insert into c_keyfnc_mst (:insert_field) SELECT :cmn_set, '17', E'会計3', '0', '', '1' WHERE NOT EXISTS (:sub_query AND fnc_cd = '17');
insert into c_keyfnc_mst (:insert_field) SELECT :cmn_set, '18', E'会計4', '0', '', '1' WHERE NOT EXISTS (:sub_query AND fnc_cd = '18');
insert into c_keyfnc_mst (:insert_field) SELECT :cmn_set, '19', E'会計5', '0', '', '1' WHERE NOT EXISTS (:sub_query AND fnc_cd = '19');
insert into c_keyfnc_mst (:insert_field) SELECT :cmn_set, '20', E'会計6', '0', '', '1' WHERE NOT EXISTS (:sub_query AND fnc_cd = '20');
insert into c_keyfnc_mst (:insert_field) SELECT :cmn_set, '21', E'会計7', '0', '', '1' WHERE NOT EXISTS (:sub_query AND fnc_cd = '21');
insert into c_keyfnc_mst (:insert_field) SELECT :cmn_set, '22', E'会計8', '0', '', '1' WHERE NOT EXISTS (:sub_query AND fnc_cd = '22');
insert into c_keyfnc_mst (:insert_field) SELECT :cmn_set, '23', E'会計9', '0', '', '1' WHERE NOT EXISTS (:sub_query AND fnc_cd = '23');
insert into c_keyfnc_mst (:insert_field) SELECT :cmn_set, '24', E'会計10', '0', '', '1' WHERE NOT EXISTS (:sub_query AND fnc_cd = '24');
insert into c_keyfnc_mst (:insert_field) SELECT :cmn_set, '25', E'未使用', '1', '', '0' WHERE NOT EXISTS (:sub_query AND fnc_cd = '25');
insert into c_keyfnc_mst (:insert_field) SELECT :cmn_set, '26', E'品券1', '0', '', '1' WHERE NOT EXISTS (:sub_query AND fnc_cd = '26');
insert into c_keyfnc_mst (:insert_field) SELECT :cmn_set, '27', E'品券2', '0', '', '1' WHERE NOT EXISTS (:sub_query AND fnc_cd = '27');
insert into c_keyfnc_mst (:insert_field) SELECT :cmn_set, '28', E'品券3', '0', '', '1' WHERE NOT EXISTS (:sub_query AND fnc_cd = '28');
insert into c_keyfnc_mst (:insert_field) SELECT :cmn_set, '29', E'品券4', '0', '', '1' WHERE NOT EXISTS (:sub_query AND fnc_cd = '29');
insert into c_keyfnc_mst (:insert_field) SELECT :cmn_set, '30', E'品券5', '0', '', '1' WHERE NOT EXISTS (:sub_query AND fnc_cd = '30');
insert into c_keyfnc_mst (:insert_field) SELECT :cmn_set, '31', E'未使用', '1', '', '0' WHERE NOT EXISTS (:sub_query AND fnc_cd = '31');
insert into c_keyfnc_mst (:insert_field) SELECT :cmn_set, '32', E'未使用', '1', '', '0' WHERE NOT EXISTS (:sub_query AND fnc_cd = '32');
insert into c_keyfnc_mst (:insert_field) SELECT :cmn_set, '33', E'未使用', '1', '', '0' WHERE NOT EXISTS (:sub_query AND fnc_cd = '33');
insert into c_keyfnc_mst (:insert_field) SELECT :cmn_set, '34', E'ｸﾘｱ-', '3', '', '0' WHERE NOT EXISTS (:sub_query AND fnc_cd = '34');
insert into c_keyfnc_mst (:insert_field) SELECT :cmn_set, '35', E'万券', '0', '', '1' WHERE NOT EXISTS (:sub_query AND fnc_cd = '35');
insert into c_keyfnc_mst (:insert_field) SELECT :cmn_set, '36', E'5千券', '0', '', '0' WHERE NOT EXISTS (:sub_query AND fnc_cd = '36');
insert into c_keyfnc_mst (:insert_field) SELECT :cmn_set, '37', E'未使用', '1', '', '0' WHERE NOT EXISTS (:sub_query AND fnc_cd = '37');
insert into c_keyfnc_mst (:insert_field) SELECT :cmn_set, '38', E'千券', '0', '', '0' WHERE NOT EXISTS (:sub_query AND fnc_cd = '38');
insert into c_keyfnc_mst (:insert_field) SELECT :cmn_set, '39', E'値引1', '0', '', '1' WHERE NOT EXISTS (:sub_query AND fnc_cd = '39');
insert into c_keyfnc_mst (:insert_field) SELECT :cmn_set, '40', E'値引2', '0', '', '1' WHERE NOT EXISTS (:sub_query AND fnc_cd = '40');
insert into c_keyfnc_mst (:insert_field) SELECT :cmn_set, '41', E'値引3', '0', '', '1' WHERE NOT EXISTS (:sub_query AND fnc_cd = '41');
insert into c_keyfnc_mst (:insert_field) SELECT :cmn_set, '42', E'値引4', '0', '', '1' WHERE NOT EXISTS (:sub_query AND fnc_cd = '42');
insert into c_keyfnc_mst (:insert_field) SELECT :cmn_set, '43', E'値引5', '0', '', '1' WHERE NOT EXISTS (:sub_query AND fnc_cd = '43');
insert into c_keyfnc_mst (:insert_field) SELECT :cmn_set, '44', E'割引1', '0', '', '1' WHERE NOT EXISTS (:sub_query AND fnc_cd = '44');
insert into c_keyfnc_mst (:insert_field) SELECT :cmn_set, '45', E'割引2', '0', '', '1' WHERE NOT EXISTS (:sub_query AND fnc_cd = '45');
insert into c_keyfnc_mst (:insert_field) SELECT :cmn_set, '46', E'割引3', '0', '', '1' WHERE NOT EXISTS (:sub_query AND fnc_cd = '46');
insert into c_keyfnc_mst (:insert_field) SELECT :cmn_set, '47', E'割引4', '0', '', '1' WHERE NOT EXISTS (:sub_query AND fnc_cd = '47');
insert into c_keyfnc_mst (:insert_field) SELECT :cmn_set, '48', E'割引5', '0', '', '1' WHERE NOT EXISTS (:sub_query AND fnc_cd = '48');
insert into c_keyfnc_mst (:insert_field) SELECT :cmn_set, '49', E'PLU', '0', '', '1' WHERE NOT EXISTS (:sub_query AND fnc_cd = '49');
insert into c_keyfnc_mst (:insert_field) SELECT :cmn_set, '50', E'小分類', '0', '', '1' WHERE NOT EXISTS (:sub_query AND fnc_cd = '50');
insert into c_keyfnc_mst (:insert_field) SELECT :cmn_set, '51', E'#/両替', '0', '', '1' WHERE NOT EXISTS (:sub_query AND fnc_cd = '51');
insert into c_keyfnc_mst (:insert_field) SELECT :cmn_set, '52', E'ﾚｼ-ﾄﾌｨ-ﾄﾞ', '0', '', '0' WHERE NOT EXISTS (:sub_query AND fnc_cd = '52');
insert into c_keyfnc_mst (:insert_field) SELECT :cmn_set, '53', E'再発行', '0', '', '1' WHERE NOT EXISTS (:sub_query AND fnc_cd = '53');
insert into c_keyfnc_mst (:insert_field) SELECT :cmn_set, '54', E'領収書', '0', '', '1' WHERE NOT EXISTS (:sub_query AND fnc_cd = '54');
insert into c_keyfnc_mst (:insert_field) SELECT :cmn_set, '55', E'印字ON/OFF', '0', '', '0' WHERE NOT EXISTS (:sub_query AND fnc_cd = '55');
insert into c_keyfnc_mst (:insert_field) SELECT :cmn_set, '56', E'金額', '0', '', '1' WHERE NOT EXISTS (:sub_query AND fnc_cd = '56');
insert into c_keyfnc_mst (:insert_field) SELECT :cmn_set, '57', E'直前訂正', '0', '', '1' WHERE NOT EXISTS (:sub_query AND fnc_cd = '57');
insert into c_keyfnc_mst (:insert_field) SELECT :cmn_set, '58', E'指定訂正', '0', '', '1' WHERE NOT EXISTS (:sub_query AND fnc_cd = '58');
insert into c_keyfnc_mst (:insert_field) SELECT :cmn_set, '59', E'取消', '0', '', '1' WHERE NOT EXISTS (:sub_query AND fnc_cd = '59');
insert into c_keyfnc_mst (:insert_field) SELECT :cmn_set, '60', E'返品', '1', '', '0' WHERE NOT EXISTS (:sub_query AND fnc_cd = '60');
insert into c_keyfnc_mst (:insert_field) SELECT :cmn_set, '61', E'画面訂正', '1', '', '0' WHERE NOT EXISTS (:sub_query AND fnc_cd = '61');
insert into c_keyfnc_mst (:insert_field) SELECT :cmn_set, '62', E'仮締呼出', '0', '', '0' WHERE NOT EXISTS (:sub_query AND fnc_cd = '62');
insert into c_keyfnc_mst (:insert_field) SELECT :cmn_set, '63', E'×', '0', '', '1' WHERE NOT EXISTS (:sub_query AND fnc_cd = '63');
insert into c_keyfnc_mst (:insert_field) SELECT :cmn_set, '64', E'入金1', '0', '', '1' WHERE NOT EXISTS (:sub_query AND fnc_cd = '64');
insert into c_keyfnc_mst (:insert_field) SELECT :cmn_set, '65', E'入金2', '0', '', '1' WHERE NOT EXISTS (:sub_query AND fnc_cd = '65');
insert into c_keyfnc_mst (:insert_field) SELECT :cmn_set, '66', E'入金3', '0', '', '1' WHERE NOT EXISTS (:sub_query AND fnc_cd = '66');
insert into c_keyfnc_mst (:insert_field) SELECT :cmn_set, '67', E'入金4', '0', '', '1' WHERE NOT EXISTS (:sub_query AND fnc_cd = '67');
insert into c_keyfnc_mst (:insert_field) SELECT :cmn_set, '68', E'入金5', '0', '', '1' WHERE NOT EXISTS (:sub_query AND fnc_cd = '68');
insert into c_keyfnc_mst (:insert_field) SELECT :cmn_set, '69', E'入金6', '0', '', '1' WHERE NOT EXISTS (:sub_query AND fnc_cd = '69');
insert into c_keyfnc_mst (:insert_field) SELECT :cmn_set, '70', E'入金7', '0', '', '1' WHERE NOT EXISTS (:sub_query AND fnc_cd = '70');
insert into c_keyfnc_mst (:insert_field) SELECT :cmn_set, '71', E'入金8', '0', '', '1' WHERE NOT EXISTS (:sub_query AND fnc_cd = '71');
insert into c_keyfnc_mst (:insert_field) SELECT :cmn_set, '72', E'入金9', '0', '', '1' WHERE NOT EXISTS (:sub_query AND fnc_cd = '72');
insert into c_keyfnc_mst (:insert_field) SELECT :cmn_set, '73', E'入金10', '0', '', '1' WHERE NOT EXISTS (:sub_query AND fnc_cd = '73');
insert into c_keyfnc_mst (:insert_field) SELECT :cmn_set, '74', E'支払1', '0', '', '1' WHERE NOT EXISTS (:sub_query AND fnc_cd = '74');
insert into c_keyfnc_mst (:insert_field) SELECT :cmn_set, '75', E'支払2', '0', '', '1' WHERE NOT EXISTS (:sub_query AND fnc_cd = '75');
insert into c_keyfnc_mst (:insert_field) SELECT :cmn_set, '76', E'支払3', '0', '', '1' WHERE NOT EXISTS (:sub_query AND fnc_cd = '76');
insert into c_keyfnc_mst (:insert_field) SELECT :cmn_set, '77', E'支払4', '0', '', '1' WHERE NOT EXISTS (:sub_query AND fnc_cd = '77');
insert into c_keyfnc_mst (:insert_field) SELECT :cmn_set, '78', E'支払5', '0', '', '1' WHERE NOT EXISTS (:sub_query AND fnc_cd = '78');
insert into c_keyfnc_mst (:insert_field) SELECT :cmn_set, '79', E'支払6', '0', '', '1' WHERE NOT EXISTS (:sub_query AND fnc_cd = '79');
insert into c_keyfnc_mst (:insert_field) SELECT :cmn_set, '80', E'支払7', '0', '', '1' WHERE NOT EXISTS (:sub_query AND fnc_cd = '80');
insert into c_keyfnc_mst (:insert_field) SELECT :cmn_set, '81', E'支払8', '0', '', '1' WHERE NOT EXISTS (:sub_query AND fnc_cd = '81');
insert into c_keyfnc_mst (:insert_field) SELECT :cmn_set, '82', E'支払9', '0', '', '1' WHERE NOT EXISTS (:sub_query AND fnc_cd = '82');
insert into c_keyfnc_mst (:insert_field) SELECT :cmn_set, '83', E'支払10', '0', '', '1' WHERE NOT EXISTS (:sub_query AND fnc_cd = '83');
insert into c_keyfnc_mst (:insert_field) SELECT :cmn_set, '84', E'釣準備', '0', '', '1' WHERE NOT EXISTS (:sub_query AND fnc_cd = '84');
insert into c_keyfnc_mst (:insert_field) SELECT :cmn_set, '85', E'売上回収', '0', '', '1' WHERE NOT EXISTS (:sub_query AND fnc_cd = '85');
insert into c_keyfnc_mst (:insert_field) SELECT :cmn_set, '86', E'割込', '0', '', '0' WHERE NOT EXISTS (:sub_query AND fnc_cd = '86');
insert into c_keyfnc_mst (:insert_field) SELECT :cmn_set, '87', E'終了', '3', '', '0' WHERE NOT EXISTS (:sub_query AND fnc_cd = '87');
insert into c_keyfnc_mst (:insert_field) SELECT :cmn_set, '88', E'登録画面', '3', '', '0' WHERE NOT EXISTS (:sub_query AND fnc_cd = '88');
insert into c_keyfnc_mst (:insert_field) SELECT :cmn_set, '89', E'扱者画面', '3', '', '0' WHERE NOT EXISTS (:sub_query AND fnc_cd = '89');
insert into c_keyfnc_mst (:insert_field) SELECT :cmn_set, '90', E'会員呼出', '0', '', '0' WHERE NOT EXISTS (:sub_query AND fnc_cd = '90');
insert into c_keyfnc_mst (:insert_field) SELECT :cmn_set, '91', E'ｶ-ﾄﾞ読込', '1', '', '0' WHERE NOT EXISTS (:sub_query AND fnc_cd = '91');
insert into c_keyfnc_mst (:insert_field) SELECT :cmn_set, '92', E'割戻', '0', '', '0' WHERE NOT EXISTS (:sub_query AND fnc_cd = '92');  
insert into c_keyfnc_mst (:insert_field) SELECT :cmn_set, '93', E'未使用', '1', '', '0' WHERE NOT EXISTS (:sub_query AND fnc_cd = '93');
insert into c_keyfnc_mst (:insert_field) SELECT :cmn_set, '94', E'未使用', '1', '', '0' WHERE NOT EXISTS (:sub_query AND fnc_cd = '94');
insert into c_keyfnc_mst (:insert_field) SELECT :cmn_set, '95', E'未使用', '1', '', '0' WHERE NOT EXISTS (:sub_query AND fnc_cd = '95');
insert into c_keyfnc_mst (:insert_field) SELECT :cmn_set, '96', E'未使用', '1', '', '0' WHERE NOT EXISTS (:sub_query AND fnc_cd = '96');
insert into c_keyfnc_mst (:insert_field) SELECT :cmn_set, '97', E'未使用', '1', '', '0' WHERE NOT EXISTS (:sub_query AND fnc_cd = '97');
insert into c_keyfnc_mst (:insert_field) SELECT :cmn_set, '98', E'未使用', '1', '', '0' WHERE NOT EXISTS (:sub_query AND fnc_cd = '98');
insert into c_keyfnc_mst (:insert_field) SELECT :cmn_set, '99', E'未使用', '1', '', '0' WHERE NOT EXISTS (:sub_query AND fnc_cd = '99');
insert into c_keyfnc_mst (:insert_field) SELECT :cmn_set, '100', E'釣機払出', '0', '', '0' WHERE NOT EXISTS (:sub_query AND fnc_cd = '100');
insert into c_keyfnc_mst (:insert_field) SELECT :cmn_set, '101', E'釣機参照', '0', '', '0' WHERE NOT EXISTS (:sub_query AND fnc_cd = '101');
insert into c_keyfnc_mst (:insert_field) SELECT :cmn_set, '102', E'釣機ON/OFF', '0', '', '0' WHERE NOT EXISTS (:sub_query AND fnc_cd = '102');
insert into c_keyfnc_mst (:insert_field) SELECT :cmn_set, '103', E'釣機両替', '0', '', '0' WHERE NOT EXISTS (:sub_query AND fnc_cd = '103');
insert into c_keyfnc_mst (:insert_field) SELECT :cmn_set, '104', E'人数', '0', '', '0' WHERE NOT EXISTS (:sub_query AND fnc_cd = '104');
insert into c_keyfnc_mst (:insert_field) SELECT :cmn_set, '105', E'客層1', '0', '', '0' WHERE NOT EXISTS (:sub_query AND fnc_cd = '105');
insert into c_keyfnc_mst (:insert_field) SELECT :cmn_set, '106', E'客層2', '0', '', '0' WHERE NOT EXISTS (:sub_query AND fnc_cd = '106');
insert into c_keyfnc_mst (:insert_field) SELECT :cmn_set, '107', E'客層3', '0', '', '0' WHERE NOT EXISTS (:sub_query AND fnc_cd = '107');
insert into c_keyfnc_mst (:insert_field) SELECT :cmn_set, '108', E'客層4', '0', '', '0' WHERE NOT EXISTS (:sub_query AND fnc_cd = '108');
insert into c_keyfnc_mst (:insert_field) SELECT :cmn_set, '109', E'客層5', '0', '', '0' WHERE NOT EXISTS (:sub_query AND fnc_cd = '109');
insert into c_keyfnc_mst (:insert_field) SELECT :cmn_set, '110', E'客層6', '0', '', '0' WHERE NOT EXISTS (:sub_query AND fnc_cd = '110');
insert into c_keyfnc_mst (:insert_field) SELECT :cmn_set, '111', E'客層7', '0', '', '0' WHERE NOT EXISTS (:sub_query AND fnc_cd = '111');
insert into c_keyfnc_mst (:insert_field) SELECT :cmn_set, '112', E'客層8', '0', '', '0' WHERE NOT EXISTS (:sub_query AND fnc_cd = '112');
insert into c_keyfnc_mst (:insert_field) SELECT :cmn_set, '113', E'客層9', '0', '', '0' WHERE NOT EXISTS (:sub_query AND fnc_cd = '113');
insert into c_keyfnc_mst (:insert_field) SELECT :cmn_set, '114', E'客層10', '0', '', '0' WHERE NOT EXISTS (:sub_query AND fnc_cd = '114');
insert into c_keyfnc_mst (:insert_field) SELECT :cmn_set, '115', E'▲上へ', '3', '', '0' WHERE NOT EXISTS (:sub_query AND fnc_cd = '115');
insert into c_keyfnc_mst (:insert_field) SELECT :cmn_set, '116', E'▼下へ', '3', '', '0' WHERE NOT EXISTS (:sub_query AND fnc_cd = '116');
insert into c_keyfnc_mst (:insert_field) SELECT :cmn_set, '117', E'未使用', '1', '', '0' WHERE NOT EXISTS (:sub_query AND fnc_cd = '117');
insert into c_keyfnc_mst (:insert_field) SELECT :cmn_set, '118', E'返瓶', '0', '', '0' WHERE NOT EXISTS (:sub_query AND fnc_cd = '118');
insert into c_keyfnc_mst (:insert_field) SELECT :cmn_set, '119', E'未使用', '1', '', '0' WHERE NOT EXISTS (:sub_query AND fnc_cd = '119');
insert into c_keyfnc_mst (:insert_field) SELECT :cmn_set, '120', E'未使用', '1', '', '0' WHERE NOT EXISTS (:sub_query AND fnc_cd = '120');
insert into c_keyfnc_mst (:insert_field) SELECT :cmn_set, '121', E'未使用', '1', '', '0' WHERE NOT EXISTS (:sub_query AND fnc_cd = '121');
insert into c_keyfnc_mst (:insert_field) SELECT :cmn_set, '122', E'入金11', '0', '', '1' WHERE NOT EXISTS (:sub_query AND fnc_cd = '122');
insert into c_keyfnc_mst (:insert_field) SELECT :cmn_set, '123', E'入金12', '0', '', '1' WHERE NOT EXISTS (:sub_query AND fnc_cd = '123');
insert into c_keyfnc_mst (:insert_field) SELECT :cmn_set, '124', E'入金13', '0', '', '1' WHERE NOT EXISTS (:sub_query AND fnc_cd = '124');
insert into c_keyfnc_mst (:insert_field) SELECT :cmn_set, '125', E'入金14', '0', '', '1' WHERE NOT EXISTS (:sub_query AND fnc_cd = '125');
insert into c_keyfnc_mst (:insert_field) SELECT :cmn_set, '126', E'入金15', '0', '', '1' WHERE NOT EXISTS (:sub_query AND fnc_cd = '126');
insert into c_keyfnc_mst (:insert_field) SELECT :cmn_set, '127', E'入金16', '0', '', '1' WHERE NOT EXISTS (:sub_query AND fnc_cd = '127');
insert into c_keyfnc_mst (:insert_field) SELECT :cmn_set, '128', E'支払11', '0', '', '1' WHERE NOT EXISTS (:sub_query AND fnc_cd = '128');
insert into c_keyfnc_mst (:insert_field) SELECT :cmn_set, '129', E'支払12', '0', '', '1' WHERE NOT EXISTS (:sub_query AND fnc_cd = '129');
insert into c_keyfnc_mst (:insert_field) SELECT :cmn_set, '130', E'支払13', '0', '', '1' WHERE NOT EXISTS (:sub_query AND fnc_cd = '130');
insert into c_keyfnc_mst (:insert_field) SELECT :cmn_set, '131', E'支払14', '0', '', '1' WHERE NOT EXISTS (:sub_query AND fnc_cd = '131');
insert into c_keyfnc_mst (:insert_field) SELECT :cmn_set, '132', E'支払15', '0', '', '1' WHERE NOT EXISTS (:sub_query AND fnc_cd = '132');
insert into c_keyfnc_mst (:insert_field) SELECT :cmn_set, '133', E'支払16', '0', '', '1' WHERE NOT EXISTS (:sub_query AND fnc_cd = '133');
insert into c_keyfnc_mst (:insert_field) SELECT :cmn_set, '134', E'買上追加', '0', '', '0' WHERE NOT EXISTS (:sub_query AND fnc_cd = '134');
insert into c_keyfnc_mst (:insert_field) SELECT :cmn_set, '135', E'記録確認', '0', '', '1' WHERE NOT EXISTS (:sub_query AND fnc_cd = '135');
insert into c_keyfnc_mst (:insert_field) SELECT :cmn_set, '136', E'一括訂正', '1', '', '0' WHERE NOT EXISTS (:sub_query AND fnc_cd = '136');
insert into c_keyfnc_mst (:insert_field) SELECT :cmn_set, '137', E'検索返品', '1', '', '0' WHERE NOT EXISTS (:sub_query AND fnc_cd = '137');
insert into c_keyfnc_mst (:insert_field) SELECT :cmn_set, '138', E'未使用', '1', '', '0' WHERE NOT EXISTS (:sub_query AND fnc_cd = '138');
insert into c_keyfnc_mst (:insert_field) SELECT :cmn_set, '139', E'従業員', '3', '', '1' WHERE NOT EXISTS (:sub_query AND fnc_cd = '139');
insert into c_keyfnc_mst (:insert_field) SELECT :cmn_set, '140', E'未使用', '1', '', '0' WHERE NOT EXISTS (:sub_query AND fnc_cd = '140');
insert into c_keyfnc_mst (:insert_field) SELECT :cmn_set, '141', E'クレジット宣言', '0', '', '0' WHERE NOT EXISTS (:sub_query AND fnc_cd = '141');
insert into c_keyfnc_mst (:insert_field) SELECT :cmn_set, '142', E'秤/風袋1', '0', '', '0' WHERE NOT EXISTS (:sub_query AND fnc_cd = '142');
insert into c_keyfnc_mst (:insert_field) SELECT :cmn_set, '143', E'秤/風袋2', '0', '', '0' WHERE NOT EXISTS (:sub_query AND fnc_cd = '143');
insert into c_keyfnc_mst (:insert_field) SELECT :cmn_set, '144', E'秤/風袋3', '0', '', '0' WHERE NOT EXISTS (:sub_query AND fnc_cd = '144');
insert into c_keyfnc_mst (:insert_field) SELECT :cmn_set, '145', E'秤/風袋4', '0', '', '0' WHERE NOT EXISTS (:sub_query AND fnc_cd = '145');
insert into c_keyfnc_mst (:insert_field) SELECT :cmn_set, '146', E'秤/風袋5', '0', '', '0' WHERE NOT EXISTS (:sub_query AND fnc_cd = '146');
insert into c_keyfnc_mst (:insert_field) SELECT :cmn_set, '147', E'秤/風袋6', '0', '', '0' WHERE NOT EXISTS (:sub_query AND fnc_cd = '147');
insert into c_keyfnc_mst (:insert_field) SELECT :cmn_set, '148', E'秤/風袋7', '0', '', '0' WHERE NOT EXISTS (:sub_query AND fnc_cd = '148');
insert into c_keyfnc_mst (:insert_field) SELECT :cmn_set, '149', E'秤/風袋8', '0', '', '0' WHERE NOT EXISTS (:sub_query AND fnc_cd = '149');
insert into c_keyfnc_mst (:insert_field) SELECT :cmn_set, '150', E'秤/風袋9', '0', '', '0' WHERE NOT EXISTS (:sub_query AND fnc_cd = '150');
insert into c_keyfnc_mst (:insert_field) SELECT :cmn_set, '151', E'秤/風袋10', '0', '', '0' WHERE NOT EXISTS (:sub_query AND fnc_cd = '151');
insert into c_keyfnc_mst (:insert_field) SELECT :cmn_set, '152', E'重さ単価', '1', '', '0' WHERE NOT EXISTS (:sub_query AND fnc_cd = '152');
insert into c_keyfnc_mst (:insert_field) SELECT :cmn_set, '153', E'売価変更', '0', '', '1' WHERE NOT EXISTS (:sub_query AND fnc_cd = '153');
insert into c_keyfnc_mst (:insert_field) SELECT :cmn_set, '154', E'ｶ-ﾄﾞ小計', '1', '', '0' WHERE NOT EXISTS (:sub_query AND fnc_cd = '154');
insert into c_keyfnc_mst (:insert_field) SELECT :cmn_set, '155', E'ｶ-ﾄﾞ排出', '1', '', '0' WHERE NOT EXISTS (:sub_query AND fnc_cd = '155');
insert into c_keyfnc_mst (:insert_field) SELECT :cmn_set, '156', E'ｶ-ﾄﾞ保守', '0', '', '0' WHERE NOT EXISTS (:sub_query AND fnc_cd = '156');
insert into c_keyfnc_mst (:insert_field) SELECT :cmn_set, '157', E'釣機入金', '0', '', '0' WHERE NOT EXISTS (:sub_query AND fnc_cd = '157');
insert into c_keyfnc_mst (:insert_field) SELECT :cmn_set, '158', E'売価ﾁｪｯｸ', '1', '', '1' WHERE NOT EXISTS (:sub_query AND fnc_cd = '158');
--insert into c_keyfnc_mst (:insert_field) SELECT :cmn_set, '158', E'売価ﾁｪｯｸ', '0', '', '1' WHERE NOT EXISTS (:sub_query AND fnc_cd = '158');
insert into c_keyfnc_mst (:insert_field) SELECT :cmn_set, '159', E'ﾚｼ-ﾄ控え', '0', '', '0' WHERE NOT EXISTS (:sub_query AND fnc_cd = '159');
insert into c_keyfnc_mst (:insert_field) SELECT :cmn_set, '160', E'計算', '0', '', '0' WHERE NOT EXISTS (:sub_query AND fnc_cd = '160');
insert into c_keyfnc_mst (:insert_field) SELECT :cmn_set, '161', E'ﾘﾗｲﾄ読込', '1', '', '0' WHERE NOT EXISTS (:sub_query AND fnc_cd = '161');
insert into c_keyfnc_mst (:insert_field) SELECT :cmn_set, '162', E'ﾁｹｯﾄ発行', '0', '', '0' WHERE NOT EXISTS (:sub_query AND fnc_cd = '162');
insert into c_keyfnc_mst (:insert_field) SELECT :cmn_set, '163', E'保証書', '0', '', '0' WHERE NOT EXISTS (:sub_query AND fnc_cd = '163');
insert into c_keyfnc_mst (:insert_field) SELECT :cmn_set, '164', E'ｽﾀﾝﾌﾟ1', '0', '', '0' WHERE NOT EXISTS (:sub_query AND fnc_cd = '164');
insert into c_keyfnc_mst (:insert_field) SELECT :cmn_set, '165', E'ｽﾀﾝﾌﾟ2', '0', '', '0' WHERE NOT EXISTS (:sub_query AND fnc_cd = '165');
insert into c_keyfnc_mst (:insert_field) SELECT :cmn_set, '166', E'ｽﾀﾝﾌﾟ3', '0', '', '0' WHERE NOT EXISTS (:sub_query AND fnc_cd = '166');
insert into c_keyfnc_mst (:insert_field) SELECT :cmn_set, '167', E'ｽﾀﾝﾌﾟ4', '0', '', '0' WHERE NOT EXISTS (:sub_query AND fnc_cd = '167');
insert into c_keyfnc_mst (:insert_field) SELECT :cmn_set, '168', E'ｽﾀﾝﾌﾟ5', '0', '', '0' WHERE NOT EXISTS (:sub_query AND fnc_cd = '168');
insert into c_keyfnc_mst (:insert_field) SELECT :cmn_set, '169', E'未使用', '1', '', '0' WHERE NOT EXISTS (:sub_query AND fnc_cd = '169');
insert into c_keyfnc_mst (:insert_field) SELECT :cmn_set, '170', E'小数点', '0', '', '1' WHERE NOT EXISTS (:sub_query AND fnc_cd = '170');
insert into c_keyfnc_mst (:insert_field) SELECT :cmn_set, '171', E'ﾌﾗｲﾄ1', '1', '', '0' WHERE NOT EXISTS (:sub_query AND fnc_cd = '171');
insert into c_keyfnc_mst (:insert_field) SELECT :cmn_set, '172', E'ﾌﾗｲﾄ2', '1', '', '0' WHERE NOT EXISTS (:sub_query AND fnc_cd = '172');
insert into c_keyfnc_mst (:insert_field) SELECT :cmn_set, '173', E'ﾌﾗｲﾄ3', '1', '', '0' WHERE NOT EXISTS (:sub_query AND fnc_cd = '173');
insert into c_keyfnc_mst (:insert_field) SELECT :cmn_set, '174', E'ﾌﾗｲﾄ4', '1', '', '0' WHERE NOT EXISTS (:sub_query AND fnc_cd = '174');
insert into c_keyfnc_mst (:insert_field) SELECT :cmn_set, '175', E'ﾌﾗｲﾄ5', '1', '', '0' WHERE NOT EXISTS (:sub_query AND fnc_cd = '175');
insert into c_keyfnc_mst (:insert_field) SELECT :cmn_set, '176', E'ﾌﾗｲﾄ6', '1', '', '0' WHERE NOT EXISTS (:sub_query AND fnc_cd = '176');
insert into c_keyfnc_mst (:insert_field) SELECT :cmn_set, '177', E'ﾌﾗｲﾄ7', '1', '', '0' WHERE NOT EXISTS (:sub_query AND fnc_cd = '177');
insert into c_keyfnc_mst (:insert_field) SELECT :cmn_set, '178', E'ﾌﾗｲﾄ8', '1', '', '0' WHERE NOT EXISTS (:sub_query AND fnc_cd = '178');
insert into c_keyfnc_mst (:insert_field) SELECT :cmn_set, '179', E'ﾌﾗｲﾄ9', '1', '', '0' WHERE NOT EXISTS (:sub_query AND fnc_cd = '179');
insert into c_keyfnc_mst (:insert_field) SELECT :cmn_set, '180', E'ﾌﾗｲﾄ10', '1', '', '0' WHERE NOT EXISTS (:sub_query AND fnc_cd = '180');
insert into c_keyfnc_mst (:insert_field) SELECT :cmn_set, '181', E'ﾌﾗｲﾄ11', '1', '', '0' WHERE NOT EXISTS (:sub_query AND fnc_cd = '181');
insert into c_keyfnc_mst (:insert_field) SELECT :cmn_set, '182', E'ﾌﾗｲﾄ12', '1', '', '0' WHERE NOT EXISTS (:sub_query AND fnc_cd = '182');
insert into c_keyfnc_mst (:insert_field) SELECT :cmn_set, '183', E'ﾌﾗｲﾄ13', '1', '', '0' WHERE NOT EXISTS (:sub_query AND fnc_cd = '183');
insert into c_keyfnc_mst (:insert_field) SELECT :cmn_set, '184', E'ﾌﾗｲﾄ14', '1', '', '0' WHERE NOT EXISTS (:sub_query AND fnc_cd = '184');
insert into c_keyfnc_mst (:insert_field) SELECT :cmn_set, '185', E'ﾌﾗｲﾄ15', '1', '', '0' WHERE NOT EXISTS (:sub_query AND fnc_cd = '185');
insert into c_keyfnc_mst (:insert_field) SELECT :cmn_set, '186', E'ﾌﾗｲﾄ16', '1', '', '0' WHERE NOT EXISTS (:sub_query AND fnc_cd = '186');
insert into c_keyfnc_mst (:insert_field) SELECT :cmn_set, '187', E'ﾌﾗｲﾄ17', '1', '', '0' WHERE NOT EXISTS (:sub_query AND fnc_cd = '187');
insert into c_keyfnc_mst (:insert_field) SELECT :cmn_set, '188', E'ﾌﾗｲﾄ18', '1', '', '0' WHERE NOT EXISTS (:sub_query AND fnc_cd = '188');
insert into c_keyfnc_mst (:insert_field) SELECT :cmn_set, '189', E'ﾌﾗｲﾄ19', '1', '', '0' WHERE NOT EXISTS (:sub_query AND fnc_cd = '189');
insert into c_keyfnc_mst (:insert_field) SELECT :cmn_set, '190', E'ﾌﾗｲﾄ20', '1', '', '0' WHERE NOT EXISTS (:sub_query AND fnc_cd = '190');
insert into c_keyfnc_mst (:insert_field) SELECT :cmn_set, '191', E'ﾌﾗｲﾄ21', '1', '', '0' WHERE NOT EXISTS (:sub_query AND fnc_cd = '191');
insert into c_keyfnc_mst (:insert_field) SELECT :cmn_set, '192', E'ﾌﾗｲﾄ22', '1', '', '0' WHERE NOT EXISTS (:sub_query AND fnc_cd = '192');
insert into c_keyfnc_mst (:insert_field) SELECT :cmn_set, '193', E'ﾌﾗｲﾄ23', '1', '', '0' WHERE NOT EXISTS (:sub_query AND fnc_cd = '193');
insert into c_keyfnc_mst (:insert_field) SELECT :cmn_set, '194', E'ﾌﾗｲﾄ24', '1', '', '0' WHERE NOT EXISTS (:sub_query AND fnc_cd = '194');
insert into c_keyfnc_mst (:insert_field) SELECT :cmn_set, '195', E'ﾌﾗｲﾄ25', '1', '', '0' WHERE NOT EXISTS (:sub_query AND fnc_cd = '195');
insert into c_keyfnc_mst (:insert_field) SELECT :cmn_set, '196', E'ﾌﾗｲﾄ26', '1', '', '0' WHERE NOT EXISTS (:sub_query AND fnc_cd = '196');
insert into c_keyfnc_mst (:insert_field) SELECT :cmn_set, '197', E'ﾌﾗｲﾄ27', '1', '', '0' WHERE NOT EXISTS (:sub_query AND fnc_cd = '197');
insert into c_keyfnc_mst (:insert_field) SELECT :cmn_set, '198', E'明細印字', '0', '', '0' WHERE NOT EXISTS (:sub_query AND fnc_cd = '198');
insert into c_keyfnc_mst (:insert_field) SELECT :cmn_set, '199', E'会員取消', '0', '', '0' WHERE NOT EXISTS (:sub_query AND fnc_cd = '199');
insert into c_keyfnc_mst (:insert_field) SELECT :cmn_set, '200', E'電話番号', '0', '', '0' WHERE NOT EXISTS (:sub_query AND fnc_cd = '200');
insert into c_keyfnc_mst (:insert_field) SELECT :cmn_set, '201', E'Edy残高', '0', '', '0' WHERE NOT EXISTS (:sub_query AND fnc_cd = '201'); 
insert into c_keyfnc_mst (:insert_field) SELECT :cmn_set, '202', E'ｶ-ﾄﾞ忘れ', '0', '', '0' WHERE NOT EXISTS (:sub_query AND fnc_cd = '202'); 
insert into c_keyfnc_mst (:insert_field) SELECT :cmn_set, '203', E'モバイル', '1', '', '0' WHERE NOT EXISTS (:sub_query AND fnc_cd = '203'); 
insert into c_keyfnc_mst (:insert_field) SELECT :cmn_set, '204', E'Pｶ-ﾄﾞ使用', '1', '', '0' WHERE NOT EXISTS (:sub_query AND fnc_cd = '204'); 
insert into c_keyfnc_mst (:insert_field) SELECT :cmn_set, '205', E'Pｶ-ﾄﾞ扱い', '1', '', '0' WHERE NOT EXISTS (:sub_query AND fnc_cd = '205'); 
insert into c_keyfnc_mst (:insert_field) SELECT :cmn_set, '206', E'伝票ﾌｨ-ﾄﾞ', '1', '', '0' WHERE NOT EXISTS (:sub_query AND fnc_cd = '206'); 
insert into c_keyfnc_mst (:insert_field) SELECT :cmn_set, '207', E'伝票発行', '1', '', '0' WHERE NOT EXISTS (:sub_query AND fnc_cd = '207');
insert into c_keyfnc_mst (:insert_field) SELECT :cmn_set, '208', E'伝票ON/OFF', '1', '', '0' WHERE NOT EXISTS (:sub_query AND fnc_cd = '208');  
insert into c_keyfnc_mst (:insert_field) SELECT :cmn_set, '209', E'休止', '0', '', '1' WHERE NOT EXISTS (:sub_query AND fnc_cd = '209');  
insert into c_keyfnc_mst (:insert_field) SELECT :cmn_set, '210', E'会員売価', '0', '', '0' WHERE NOT EXISTS (:sub_query AND fnc_cd = '210');  
insert into c_keyfnc_mst (:insert_field) SELECT :cmn_set, '211', E'割増1', '0', '', '0' WHERE NOT EXISTS (:sub_query AND fnc_cd = '211');  
insert into c_keyfnc_mst (:insert_field) SELECT :cmn_set, '212', E'割増2', '0', '', '0' WHERE NOT EXISTS (:sub_query AND fnc_cd = '212');  
insert into c_keyfnc_mst (:insert_field) SELECT :cmn_set, '213', E'割増3', '0', '', '0' WHERE NOT EXISTS (:sub_query AND fnc_cd = '213');  
insert into c_keyfnc_mst (:insert_field) SELECT :cmn_set, '214', E'割増4', '0', '', '0' WHERE NOT EXISTS (:sub_query AND fnc_cd = '214');  
insert into c_keyfnc_mst (:insert_field) SELECT :cmn_set, '215', E'割増5', '0', '', '0' WHERE NOT EXISTS (:sub_query AND fnc_cd = '215');  
insert into c_keyfnc_mst (:insert_field) SELECT :cmn_set, '216', E'ｶ-ﾄﾞ現金', '1', '', '0' WHERE NOT EXISTS (:sub_query AND fnc_cd = '216');  
insert into c_keyfnc_mst (:insert_field) SELECT :cmn_set, '217', E'ｶ-ﾄﾞ一括', '1', '', '0' WHERE NOT EXISTS (:sub_query AND fnc_cd = '217');  
insert into c_keyfnc_mst (:insert_field) SELECT :cmn_set, '218', E'差異ﾁｪｯｸ', '0', '', '1' WHERE NOT EXISTS (:sub_query AND fnc_cd = '218');  
insert into c_keyfnc_mst (:insert_field) SELECT :cmn_set, '219', E'検索訂正', '1', '', '0' WHERE NOT EXISTS (:sub_query AND fnc_cd = '219');  
insert into c_keyfnc_mst (:insert_field) SELECT :cmn_set, '220', E'未使用', '1', '', '0' WHERE NOT EXISTS (:sub_query AND fnc_cd = '220');  
insert into c_keyfnc_mst (:insert_field) SELECT :cmn_set, '221', E'未使用', '1', '', '0' WHERE NOT EXISTS (:sub_query AND fnc_cd = '221');  
insert into c_keyfnc_mst (:insert_field) SELECT :cmn_set, '222', E'ｾﾞﾛﾘｾｯﾄ', '1', '', '0' WHERE NOT EXISTS (:sub_query AND fnc_cd = '222');  
insert into c_keyfnc_mst (:insert_field) SELECT :cmn_set, '223', E'ﾋﾞｽﾏｯｸ読込', '1', '', '0' WHERE NOT EXISTS (:sub_query AND fnc_cd = '223');  
insert into c_keyfnc_mst (:insert_field) SELECT :cmn_set, '224', E'非課税', '0', '', '0' WHERE NOT EXISTS (:sub_query AND fnc_cd = '224');       /* 2003/11/07 */
insert into c_keyfnc_mst (:insert_field) SELECT :cmn_set, '225', E'企業ｺ-ﾄﾞ', '1', '', '0' WHERE NOT EXISTS (:sub_query AND fnc_cd = '225');     /* 2003/11/07 */
insert into c_keyfnc_mst (:insert_field) SELECT :cmn_set, '226', E'分類解除', '0', '', '0' WHERE NOT EXISTS (:sub_query AND fnc_cd = '226');     /* 2003/12/15 */
insert into c_keyfnc_mst (:insert_field) SELECT :cmn_set, '227', E'発行停止', '1', '', '0' WHERE NOT EXISTS (:sub_query AND fnc_cd = '227');     /* 2003/12/15 */
insert into c_keyfnc_mst (:insert_field) SELECT :cmn_set, '228', E'２人制', '0', '', '0' WHERE NOT EXISTS (:sub_query AND fnc_cd = '228');       /* 2003/12/15 */
insert into c_keyfnc_mst (:insert_field) SELECT :cmn_set, '229', E'自社クレ', '1', '', '0' WHERE NOT EXISTS (:sub_query AND fnc_cd = '229');       /* 2004/02/05 */
insert into c_keyfnc_mst (:insert_field) SELECT :cmn_set, '230', E'単独割振', '1', '', '0' WHERE NOT EXISTS (:sub_query AND fnc_cd = '230');       /* 2004/02/05 */
insert into c_keyfnc_mst (:insert_field) SELECT :cmn_set, '231', E'ﾎﾟｲﾝﾄ照会', '1', '', '0' WHERE NOT EXISTS (:sub_query AND fnc_cd = '231');       /* 2004/02/05 */
insert into c_keyfnc_mst (:insert_field) SELECT :cmn_set, '232', E'倍率変更', '2', '', '0' WHERE NOT EXISTS (:sub_query AND fnc_cd = '232');       /* 2004/02/05 */
insert into c_keyfnc_mst (:insert_field) SELECT :cmn_set, '233', E'検索領収書', '0', '', '0' WHERE NOT EXISTS (:sub_query AND fnc_cd = '233');       /* 2004/02/16 */
insert into c_keyfnc_mst (:insert_field) SELECT :cmn_set, '234', E'5百券', '1', '', '0' WHERE NOT EXISTS (:sub_query AND fnc_cd = '234');        /* 2004/03/11 */
insert into c_keyfnc_mst (:insert_field) SELECT :cmn_set, '235', E'ｶｰﾄﾞ更新', '1', '', '0' WHERE NOT EXISTS (:sub_query AND fnc_cd = '235');        /* 2004/03/31 */
insert into c_keyfnc_mst (:insert_field) SELECT :cmn_set, '236', E'發票設定', '1', '', '0' WHERE NOT EXISTS (:sub_query AND fnc_cd = '236');        /* 2004/04/16 */
insert into c_keyfnc_mst (:insert_field) SELECT :cmn_set, '237', E'發票廃棄', '1', '', '0' WHERE NOT EXISTS (:sub_query AND fnc_cd = '237');        /* 2004/04/16 */
insert into c_keyfnc_mst (:insert_field) SELECT :cmn_set, '238', E'割込予約', '0', '', '0' WHERE NOT EXISTS (:sub_query AND fnc_cd = '238');        /* 2004/06/01 */
insert into c_keyfnc_mst (:insert_field) SELECT :cmn_set, '239', E'中分類', '0', '', '1' WHERE NOT EXISTS (:sub_query AND fnc_cd = '239');          /* 2004/06/01 */
insert into c_keyfnc_mst (:insert_field) SELECT :cmn_set, '240', E'会員情報照会', '1', '', '0' WHERE NOT EXISTS (:sub_query AND fnc_cd = '240');    /* 2004/07/14 */
insert into c_keyfnc_mst (:insert_field) SELECT :cmn_set, '241', E'クレジット訂正', '1', '', '0' WHERE NOT EXISTS (:sub_query AND fnc_cd = '241');    /* 2004/07/15 */
insert into c_keyfnc_mst (:insert_field) SELECT :cmn_set, '242', E'社員売価', '1', '', '0' WHERE NOT EXISTS (:sub_query AND fnc_cd = '242');        /* 2004/07/22 */
insert into c_keyfnc_mst (:insert_field) SELECT :cmn_set, '243', E'管理費登録', '1', '', '0' WHERE NOT EXISTS (:sub_query AND fnc_cd = '243');
insert into c_keyfnc_mst (:insert_field) SELECT :cmn_set, '244', E'桁解除', '0', '', '0' WHERE NOT EXISTS (:sub_query AND fnc_cd = '244');
insert into c_keyfnc_mst (:insert_field) SELECT :cmn_set, '245', E'大分類', '0', '', '1' WHERE NOT EXISTS (:sub_query AND fnc_cd = '245');
insert into c_keyfnc_mst (:insert_field) SELECT :cmn_set, '246', E'メモ', '1', '', '0' WHERE NOT EXISTS (:sub_query AND fnc_cd = '246');
insert into c_keyfnc_mst (:insert_field) SELECT :cmn_set, '247', E'明細表示', '0', '', '0' WHERE NOT EXISTS (:sub_query AND fnc_cd = '247');
insert into c_keyfnc_mst (:insert_field) SELECT :cmn_set, '248', E'連絡確認', '1', '', '0' WHERE NOT EXISTS (:sub_query AND fnc_cd = '248');
insert into c_keyfnc_mst (:insert_field) SELECT :cmn_set, '249', E'連絡', '1', '', '0' WHERE NOT EXISTS (:sub_query AND fnc_cd = '249');
insert into c_keyfnc_mst (:insert_field) SELECT :cmn_set, '250', E'皿勘定', '1', '', '0' WHERE NOT EXISTS (:sub_query AND fnc_cd = '250');
insert into c_keyfnc_mst (:insert_field) SELECT :cmn_set, '251', E'勘定クリア', '1', '', '0' WHERE NOT EXISTS (:sub_query AND fnc_cd = '251');
insert into c_keyfnc_mst (:insert_field) SELECT :cmn_set, '252', E'印紙除外', '0', '', '0' WHERE NOT EXISTS (:sub_query AND fnc_cd = '252');
insert into c_keyfnc_mst (:insert_field) SELECT :cmn_set, '253', E'割戻対象外', '1', '', '0' WHERE NOT EXISTS (:sub_query AND fnc_cd = '253');
insert into c_keyfnc_mst (:insert_field) SELECT :cmn_set, '254', E'小計取消', '0', '', '0' WHERE NOT EXISTS (:sub_query AND fnc_cd = '254');
insert into c_keyfnc_mst (:insert_field) SELECT :cmn_set, '255', E'割勘額表示', '1', '', '0' WHERE NOT EXISTS (:sub_query AND fnc_cd = '255');
insert into c_keyfnc_mst (:insert_field) SELECT :cmn_set, '256', E'釣銭要求', '0', '', '0' WHERE NOT EXISTS (:sub_query AND fnc_cd = '256');
insert into c_keyfnc_mst (:insert_field) SELECT :cmn_set, '257', E'割戻取消', '0', '', '0' WHERE NOT EXISTS (:sub_query AND fnc_cd = '257');
insert into c_keyfnc_mst (:insert_field) SELECT :cmn_set, '258', E'割増取消', '0', '', '0' WHERE NOT EXISTS (:sub_query AND fnc_cd = '258');
insert into c_keyfnc_mst (:insert_field) SELECT :cmn_set, '259', E'呼出', '1', '', '0' WHERE NOT EXISTS (:sub_query AND fnc_cd = '259');
insert into c_keyfnc_mst (:insert_field) SELECT :cmn_set, '260', E'手動ﾐｯｸｽﾏｯﾁ1', '0', '', '0' WHERE NOT EXISTS (:sub_query AND fnc_cd = '260');
insert into c_keyfnc_mst (:insert_field) SELECT :cmn_set, '261', E'手動ﾐｯｸｽﾏｯﾁ2', '0', '', '0' WHERE NOT EXISTS (:sub_query AND fnc_cd = '261');
insert into c_keyfnc_mst (:insert_field) SELECT :cmn_set, '262', E'手動ﾐｯｸｽﾏｯﾁ3', '0', '', '0' WHERE NOT EXISTS (:sub_query AND fnc_cd = '262');
insert into c_keyfnc_mst (:insert_field) SELECT :cmn_set, '263', E'手動ﾐｯｸｽﾏｯﾁ4', '0', '', '0' WHERE NOT EXISTS (:sub_query AND fnc_cd = '263');
insert into c_keyfnc_mst (:insert_field) SELECT :cmn_set, '264', E'手動ﾐｯｸｽﾏｯﾁ5', '0', '', '0' WHERE NOT EXISTS (:sub_query AND fnc_cd = '264');
insert into c_keyfnc_mst (:insert_field) SELECT :cmn_set, '265', E'手動ﾐｯｸｽﾏｯﾁ6', '0', '', '0' WHERE NOT EXISTS (:sub_query AND fnc_cd = '265');
insert into c_keyfnc_mst (:insert_field) SELECT :cmn_set, '266', E'手動ﾐｯｸｽﾏｯﾁ7', '0', '', '0' WHERE NOT EXISTS (:sub_query AND fnc_cd = '266');
insert into c_keyfnc_mst (:insert_field) SELECT :cmn_set, '267', E'手動ﾐｯｸｽﾏｯﾁ8', '0', '', '0' WHERE NOT EXISTS (:sub_query AND fnc_cd = '267');
insert into c_keyfnc_mst (:insert_field) SELECT :cmn_set, '268', E'手動ﾐｯｸｽﾏｯﾁ9', '0', '', '0' WHERE NOT EXISTS (:sub_query AND fnc_cd = '268');
insert into c_keyfnc_mst (:insert_field) SELECT :cmn_set, '269', E'手動ﾐｯｸｽﾏｯﾁ10', '0', '', '0' WHERE NOT EXISTS (:sub_query AND fnc_cd = '269');
insert into c_keyfnc_mst (:insert_field) SELECT :cmn_set, '270', E'交通系ＩＣ残額', '0', '', '0' WHERE NOT EXISTS (:sub_query AND fnc_cd = '270');
insert into c_keyfnc_mst (:insert_field) SELECT :cmn_set, '271', E'画面一覧', '0', '', '0' WHERE NOT EXISTS (:sub_query AND fnc_cd = '271');
insert into c_keyfnc_mst (:insert_field) SELECT :cmn_set, '272', E'会員履歴', '1', '', '0' WHERE NOT EXISTS (:sub_query AND fnc_cd = '272');
insert into c_keyfnc_mst (:insert_field) SELECT :cmn_set, '273', E'個数変更', '0', '', '0' WHERE NOT EXISTS (:sub_query AND fnc_cd = '273');
insert into c_keyfnc_mst (:insert_field) SELECT :cmn_set, '274', E'スプリット', '1', '', '0' WHERE NOT EXISTS (:sub_query AND fnc_cd = '274');
insert into c_keyfnc_mst (:insert_field) SELECT :cmn_set, '275', E'釣機回収', '0', '', '0' WHERE NOT EXISTS (:sub_query AND fnc_cd = '275');
insert into c_keyfnc_mst (:insert_field) SELECT :cmn_set, '276', E'売筋検索', '1', '', '0' WHERE NOT EXISTS (:sub_query AND fnc_cd = '276');
insert into c_keyfnc_mst (:insert_field) SELECT :cmn_set, '277', E'会員案内', '1', '', '0' WHERE NOT EXISTS (:sub_query AND fnc_cd = '277');
insert into c_keyfnc_mst (:insert_field) SELECT :cmn_set, '278', E'出納', '1', '', '0' WHERE NOT EXISTS (:sub_query AND fnc_cd = '278');
insert into c_keyfnc_mst (:insert_field) SELECT :cmn_set, '279', E'タグ読込', '1', '', '0' WHERE NOT EXISTS (:sub_query AND fnc_cd = '279');
insert into c_keyfnc_mst (:insert_field) SELECT :cmn_set, '280', E'タグ書込', '1', '', '0' WHERE NOT EXISTS (:sub_query AND fnc_cd = '280');
insert into c_keyfnc_mst (:insert_field) SELECT :cmn_set, '281', E'釣再計算', '0', '', '0' WHERE NOT EXISTS (:sub_query AND fnc_cd = '281');
insert into c_keyfnc_mst (:insert_field) SELECT :cmn_set, '282', E'／', '1', '', '0' WHERE NOT EXISTS (:sub_query AND fnc_cd = '282');
insert into c_keyfnc_mst (:insert_field) SELECT :cmn_set, '283', E'明細付加情報', '1', '', '0' WHERE NOT EXISTS (:sub_query AND fnc_cd = '283');
insert into c_keyfnc_mst (:insert_field) SELECT :cmn_set, '284', E'取引付加情報', '1', '', '0' WHERE NOT EXISTS (:sub_query AND fnc_cd = '284');
insert into c_keyfnc_mst (:insert_field) SELECT :cmn_set, '285', E'業務宣言', '1', '', '0' WHERE NOT EXISTS (:sub_query AND fnc_cd = '285');
insert into c_keyfnc_mst (:insert_field) SELECT :cmn_set, '286', E'会員カード読込', '0', '', '0' WHERE NOT EXISTS (:sub_query AND fnc_cd = '286');
insert into c_keyfnc_mst (:insert_field) SELECT :cmn_set, '287', E'自社クレジット宣言', '1', '', '0' WHERE NOT EXISTS (:sub_query AND fnc_cd = '287');
insert into c_keyfnc_mst (:insert_field) SELECT :cmn_set, '288', E'Edy番号', '1', '', '0' WHERE NOT EXISTS (:sub_query AND fnc_cd = '288');
insert into c_keyfnc_mst (:insert_field) SELECT :cmn_set, '289', E'ﾚｼｰﾄ倍率', '0', '', '0' WHERE NOT EXISTS (:sub_query AND fnc_cd = '289');
insert into c_keyfnc_mst (:insert_field) SELECT :cmn_set, '290', E'OMC優待', '1', '', '0' WHERE NOT EXISTS (:sub_query AND fnc_cd = '290');
insert into c_keyfnc_mst (:insert_field) SELECT :cmn_set, '291', E'締め取消', '0', '', '1' WHERE NOT EXISTS (:sub_query AND fnc_cd = '291');
insert into c_keyfnc_mst (:insert_field) SELECT :cmn_set, '292', E'ﾎﾟｲﾝﾄ移行', '1', '', '0' WHERE NOT EXISTS (:sub_query AND fnc_cd = '292');
insert into c_keyfnc_mst (:insert_field) SELECT :cmn_set, '293', E'配達便', '1', '', '0' WHERE NOT EXISTS (:sub_query AND fnc_cd = '293');
insert into c_keyfnc_mst (:insert_field) SELECT :cmn_set, '294', E'商品情報', '1', '', '0' WHERE NOT EXISTS (:sub_query AND fnc_cd = '294');
insert into c_keyfnc_mst (:insert_field) SELECT :cmn_set, '295', E'値付ﾗﾍﾞﾙ', '1', '', '0' WHERE NOT EXISTS (:sub_query AND fnc_cd = '295');
insert into c_keyfnc_mst (:insert_field) SELECT :cmn_set, '296', E'値付再発行', '1', '', '0' WHERE NOT EXISTS (:sub_query AND fnc_cd = '296');
insert into c_keyfnc_mst (:insert_field) SELECT :cmn_set, '297', E'値付ON/OFF', '1', '', '0' WHERE NOT EXISTS (:sub_query AND fnc_cd = '297');
insert into c_keyfnc_mst (:insert_field) SELECT :cmn_set, '298', E'値付商品未登録', '1', '', '0' WHERE NOT EXISTS (:sub_query AND fnc_cd = '298');
insert into c_keyfnc_mst (:insert_field) SELECT :cmn_set, '299', E'ﾒﾝﾃ解除', '1', '', '0' WHERE NOT EXISTS (:sub_query AND fnc_cd = '299');
insert into c_keyfnc_mst (:insert_field) SELECT :cmn_set, '300', E'販売期限バーコード', '0', '', '0' WHERE NOT EXISTS (:sub_query AND fnc_cd = '300');
insert into c_keyfnc_mst (:insert_field) SELECT :cmn_set, '301', E'Wiz通信開始', '1', '', '0' WHERE NOT EXISTS (:sub_query AND fnc_cd = '301');
insert into c_keyfnc_mst (:insert_field) SELECT :cmn_set, '302', E'Wiz通信終了', '1', '', '0' WHERE NOT EXISTS (:sub_query AND fnc_cd = '302');
insert into c_keyfnc_mst (:insert_field) SELECT :cmn_set, '303', E'積載指示書', '1', '', '0' WHERE NOT EXISTS (:sub_query AND fnc_cd = '303');
insert into c_keyfnc_mst (:insert_field) SELECT :cmn_set, '304', E'ﾌﾞﾗﾝﾄﾞ取引選択', '1', '', '0' WHERE NOT EXISTS (:sub_query AND fnc_cd = '304');
insert into c_keyfnc_mst (:insert_field) SELECT :cmn_set, '305', E'ﾌﾞﾗﾝﾄﾞ残高照会', '0', '', '0' WHERE NOT EXISTS (:sub_query AND fnc_cd = '305');
insert into c_keyfnc_mst (:insert_field) SELECT :cmn_set, '306', E'ﾌﾞﾗﾝﾄﾞ現金ﾁｬｰｼﾞ', '1', '', '0' WHERE NOT EXISTS (:sub_query AND fnc_cd = '306');
insert into c_keyfnc_mst (:insert_field) SELECT :cmn_set, '307', E'GS1入力', '1', '', '0' WHERE NOT EXISTS (:sub_query AND fnc_cd = '307');
insert into c_keyfnc_mst (:insert_field) SELECT :cmn_set, '308', E'詰合固定', '1', '', '0' WHERE NOT EXISTS (:sub_query AND fnc_cd = '308');
insert into c_keyfnc_mst (:insert_field) SELECT :cmn_set, '309', E'予約呼出', '0', '', '0' WHERE NOT EXISTS (:sub_query AND fnc_cd = '309');
insert into c_keyfnc_mst (:insert_field) SELECT :cmn_set, '310', E'予約取消', '0', '', '0' WHERE NOT EXISTS (:sub_query AND fnc_cd = '310');
insert into c_keyfnc_mst (:insert_field) SELECT :cmn_set, '311', E'予約確認', '1', '', '0' WHERE NOT EXISTS (:sub_query AND fnc_cd = '311');
insert into c_keyfnc_mst (:insert_field) SELECT :cmn_set, '312', E'手動リピート', '1', '', '0' WHERE NOT EXISTS (:sub_query AND fnc_cd = '312');
insert into c_keyfnc_mst (:insert_field) SELECT :cmn_set, '313', E'Edy履歴', '0', '', '0' WHERE NOT EXISTS (:sub_query AND fnc_cd = '313');
insert into c_keyfnc_mst (:insert_field) SELECT :cmn_set, '314', E'詰合呼出', '1', '', '0' WHERE NOT EXISTS (:sub_query AND fnc_cd = '314');
insert into c_keyfnc_mst (:insert_field) SELECT :cmn_set, '315', E'即時売変', '0', '', '0' WHERE NOT EXISTS (:sub_query AND fnc_cd = '315');
insert into c_keyfnc_mst (:insert_field) SELECT :cmn_set, '316', E'タブ右', '0', '', '0' WHERE NOT EXISTS (:sub_query AND fnc_cd = '316');
insert into c_keyfnc_mst (:insert_field) SELECT :cmn_set, '317', E'タブ中', '0', '', '0' WHERE NOT EXISTS (:sub_query AND fnc_cd = '317');
insert into c_keyfnc_mst (:insert_field) SELECT :cmn_set, '318', E'タブ左', '0', '', '0' WHERE NOT EXISTS (:sub_query AND fnc_cd = '318');
insert into c_keyfnc_mst (:insert_field) SELECT :cmn_set, '319', E'ﾎﾟｲﾝﾄ発券', '1', '', '0' WHERE NOT EXISTS (:sub_query AND fnc_cd = '319');
insert into c_keyfnc_mst (:insert_field) SELECT :cmn_set, '320', E'多段割戻1', '1', '', '0' WHERE NOT EXISTS (:sub_query AND fnc_cd = '320');
insert into c_keyfnc_mst (:insert_field) SELECT :cmn_set, '321', E'多段割戻2', '1', '', '0' WHERE NOT EXISTS (:sub_query AND fnc_cd = '321');
insert into c_keyfnc_mst (:insert_field) SELECT :cmn_set, '322', E'多段割戻3', '1', '', '0' WHERE NOT EXISTS (:sub_query AND fnc_cd = '322');
insert into c_keyfnc_mst (:insert_field) SELECT :cmn_set, '323', E'多段割戻4', '1', '', '0' WHERE NOT EXISTS (:sub_query AND fnc_cd = '323');
insert into c_keyfnc_mst (:insert_field) SELECT :cmn_set, '324', E'多段割戻5', '1', '', '0' WHERE NOT EXISTS (:sub_query AND fnc_cd = '324');
insert into c_keyfnc_mst (:insert_field) SELECT :cmn_set, '325', E'ポイント移行', '1', '', '0' WHERE NOT EXISTS (:sub_query AND fnc_cd = '325');
insert into c_keyfnc_mst (:insert_field) SELECT :cmn_set, '326', E'明細変更', '1', '', '0' WHERE NOT EXISTS (:sub_query AND fnc_cd = '326');
insert into c_keyfnc_mst (:insert_field) SELECT :cmn_set, '327', E'ﾊﾞｰｺｰﾄﾞ', '1', '', '0' WHERE NOT EXISTS (:sub_query AND fnc_cd = '327');
insert into c_keyfnc_mst (:insert_field) SELECT :cmn_set, '328', E'価格確認', '0', '', '1' WHERE NOT EXISTS (:sub_query AND fnc_cd = '328');
--insert into c_keyfnc_mst (:insert_field) SELECT :cmn_set, '328', E'金額(売価ﾁｪｯｸ)', '1', '', '0' WHERE NOT EXISTS (:sub_query AND fnc_cd = '328');
insert into c_keyfnc_mst (:insert_field) SELECT :cmn_set, '329', E'お会計券', '0', '', '0' WHERE NOT EXISTS (:sub_query AND fnc_cd = '329');
insert into c_keyfnc_mst (:insert_field) SELECT :cmn_set, '330', E'公共料金', '0', '', '0' WHERE NOT EXISTS (:sub_query AND fnc_cd = '330');
insert into c_keyfnc_mst (:insert_field) SELECT :cmn_set, '331', E'登録', '1', '', '0' WHERE NOT EXISTS (:sub_query AND fnc_cd = '331');
insert into c_keyfnc_mst (:insert_field) SELECT :cmn_set, '332', E'Speeza', '0', '', '0' WHERE NOT EXISTS (:sub_query AND fnc_cd = '332');
insert into c_keyfnc_mst (:insert_field) SELECT :cmn_set, '333', E'呼出', '0', '', '0' WHERE NOT EXISTS (:sub_query AND fnc_cd = '333');
insert into c_keyfnc_mst (:insert_field) SELECT :cmn_set, '334', E'勤怠', '1', '', '0' WHERE NOT EXISTS (:sub_query AND fnc_cd = '334');
insert into c_keyfnc_mst (:insert_field) SELECT :cmn_set, '338', E'生産者/PLU', '1', '', '0' WHERE NOT EXISTS (:sub_query AND fnc_cd = '338');
insert into c_keyfnc_mst (:insert_field) SELECT :cmn_set, '339', E'ギフトコード', '1', '', '0' WHERE NOT EXISTS (:sub_query AND fnc_cd = '339');
insert into c_keyfnc_mst (:insert_field) SELECT :cmn_set, '340', E'カード取引', '1', '', '0' WHERE NOT EXISTS (:sub_query AND fnc_cd = '340');
insert into c_keyfnc_mst (:insert_field) SELECT :cmn_set, '341', E'カード入金', '1', '', '0' WHERE NOT EXISTS (:sub_query AND fnc_cd = '341');
insert into c_keyfnc_mst (:insert_field) SELECT :cmn_set, '342', E'独立現外', '1', '', '0' WHERE NOT EXISTS (:sub_query AND fnc_cd = '342');
insert into c_keyfnc_mst (:insert_field) SELECT :cmn_set, '343', E'一括登録', '1', '', '0' WHERE NOT EXISTS (:sub_query AND fnc_cd = '343');
insert into c_keyfnc_mst (:insert_field) SELECT :cmn_set, '344', E'入金値引', '1', '', '0' WHERE NOT EXISTS (:sub_query AND fnc_cd = '344');
insert into c_keyfnc_mst (:insert_field) SELECT :cmn_set, '345', E'ﾈｯﾄ予約', '1', '', '0' WHERE NOT EXISTS (:sub_query AND fnc_cd = '345');
insert into c_keyfnc_mst (:insert_field) SELECT :cmn_set, '346', E'検索登録', '0', '', '0' WHERE NOT EXISTS (:sub_query AND fnc_cd = '346');
insert into c_keyfnc_mst (:insert_field) SELECT :cmn_set, '347', E'ＱＲ切替', '0', '', '0' WHERE NOT EXISTS (:sub_query AND fnc_cd = '347');
insert into c_keyfnc_mst (:insert_field) SELECT :cmn_set, '348', E'分割精算', '0', '', '0' WHERE NOT EXISTS (:sub_query AND fnc_cd = '348');
insert into c_keyfnc_mst (:insert_field) SELECT :cmn_set, '350', E'個別精算', '1', '', '0' WHERE NOT EXISTS (:sub_query AND fnc_cd = '350');
insert into c_keyfnc_mst (:insert_field) SELECT :cmn_set, '351', E'棒金開', '0', '', '0' WHERE NOT EXISTS (:sub_query AND fnc_cd = '351');
insert into c_keyfnc_mst (:insert_field) SELECT :cmn_set, '352', E'入出金確認', '0', '', '0' WHERE NOT EXISTS (:sub_query AND fnc_cd = '352');
insert into c_keyfnc_mst (:insert_field) SELECT :cmn_set, '353', E'ｶｽﾀﾏｰｶｰﾄﾞﾊﾞｰｺｰﾄﾞ', '1', '', '0' WHERE NOT EXISTS (:sub_query AND fnc_cd = '353');
insert into c_keyfnc_mst (:insert_field) SELECT :cmn_set, '354', E'ＱＣ指定1', '0', '', '0' WHERE NOT EXISTS (:sub_query AND fnc_cd = '354');
insert into c_keyfnc_mst (:insert_field) SELECT :cmn_set, '355', E'BackSpace', '0', '', '0' WHERE NOT EXISTS (:sub_query AND fnc_cd = '355');
insert into c_keyfnc_mst (:insert_field) SELECT :cmn_set, '356', E'ＱＣ指定2', '0', '', '0' WHERE NOT EXISTS (:sub_query AND fnc_cd = '356');
insert into c_keyfnc_mst (:insert_field) SELECT :cmn_set, '357', E'ＱＣ指定3', '0', '', '0' WHERE NOT EXISTS (:sub_query AND fnc_cd = '357');
insert into c_keyfnc_mst (:insert_field) SELECT :cmn_set, '358', E'金種訂正', '1', '', '0' WHERE NOT EXISTS (:sub_query AND fnc_cd = '358');
insert into c_keyfnc_mst (:insert_field) SELECT :cmn_set, '359', E'再発行予約', '1', '', '0' WHERE NOT EXISTS (:sub_query AND fnc_cd = '359');
insert into c_keyfnc_mst (:insert_field) SELECT :cmn_set, '360', E'未精算一覧', '0', '', '0' WHERE NOT EXISTS (:sub_query AND fnc_cd = '360');
insert into c_keyfnc_mst (:insert_field) SELECT :cmn_set, '361', E'両替依頼書', '1', '', '0' WHERE NOT EXISTS (:sub_query AND fnc_cd = '361');
insert into c_keyfnc_mst (:insert_field) SELECT :cmn_set, '362', E'客層取消', '0', '', '0' WHERE NOT EXISTS (:sub_query AND fnc_cd = '362');
insert into c_keyfnc_mst (:insert_field) SELECT :cmn_set, '363', E'分割解除', '0', '', '0' WHERE NOT EXISTS (:sub_query AND fnc_cd = '363');
insert into c_keyfnc_mst (:insert_field) SELECT :cmn_set, '364', E'中断', '0', '', '0' WHERE NOT EXISTS (:sub_query AND fnc_cd = '364');
insert into c_keyfnc_mst (:insert_field) SELECT :cmn_set, '365', E'28桁バーコード', '1', '', '0' WHERE NOT EXISTS (:sub_query AND fnc_cd = '365');
insert into c_keyfnc_mst (:insert_field) SELECT :cmn_set, '366', E'計量商品価格', '1', '', '0' WHERE NOT EXISTS (:sub_query AND fnc_cd = '366');
insert into c_keyfnc_mst (:insert_field) SELECT :cmn_set, '367', E'返品ﾓｰﾄﾞ', '0', '', '1' WHERE NOT EXISTS (:sub_query AND fnc_cd = '367');
insert into c_keyfnc_mst (:insert_field) SELECT :cmn_set, '368', E'データ読込', '1', '', '0' WHERE NOT EXISTS (:sub_query AND fnc_cd = '368');
insert into c_keyfnc_mst (:insert_field) SELECT :cmn_set, '369', E'釣銭情報', '0', '', '0' WHERE NOT EXISTS (:sub_query AND fnc_cd = '369');
insert into c_keyfnc_mst (:insert_field) SELECT :cmn_set, '370', E'詰合せ商品変更', '1', '', '0' WHERE NOT EXISTS (:sub_query AND fnc_cd = '370');
insert into c_keyfnc_mst (:insert_field) SELECT :cmn_set, '371', E'無償商品登録', '0', '', '0' WHERE NOT EXISTS (:sub_query AND fnc_cd = '371');
insert into c_keyfnc_mst (:insert_field) SELECT :cmn_set, '373', E'QR再発行', '0', '', '0' WHERE NOT EXISTS (:sub_query AND fnc_cd = '373');
insert into c_keyfnc_mst (:insert_field) SELECT :cmn_set, '374', E'PiTaPa累計照会', '0', '', '0' WHERE NOT EXISTS (:sub_query AND fnc_cd = '374');
insert into c_keyfnc_mst (:insert_field) SELECT :cmn_set, '375', E'領収書宣言', '1', '', '0' WHERE NOT EXISTS (:sub_query AND fnc_cd = '375');
insert into c_keyfnc_mst (:insert_field) SELECT :cmn_set, '376', E'会員印字', '1', '', '0' WHERE NOT EXISTS (:sub_query AND fnc_cd = '376');
insert into c_keyfnc_mst (:insert_field) SELECT :cmn_set, '377', E'重量入力', '1', '', '0' WHERE NOT EXISTS (:sub_query AND fnc_cd = '377');
insert into c_keyfnc_mst (:insert_field) SELECT :cmn_set, '378', E'釣機戻入', '1', '', '0' WHERE NOT EXISTS (:sub_query AND fnc_cd = '378');
insert into c_keyfnc_mst (:insert_field) SELECT :cmn_set, '379', E'取引外払出', '1', '', '0' WHERE NOT EXISTS (:sub_query AND fnc_cd = '379');
insert into c_keyfnc_mst (:insert_field) SELECT :cmn_set, '380', E'ＢＣ券', '1', '', '0' WHERE NOT EXISTS (:sub_query AND fnc_cd = '380');
insert into c_keyfnc_mst (:insert_field) SELECT :cmn_set, '381', E'プリカ宣言', '0', '', '0' WHERE NOT EXISTS (:sub_query AND fnc_cd = '381');
insert into c_keyfnc_mst (:insert_field) SELECT :cmn_set, '382', E'プリカ残高照会', '0', '', '0' WHERE NOT EXISTS (:sub_query AND fnc_cd = '382');
insert into c_keyfnc_mst (:insert_field) SELECT :cmn_set, '383', E'プリカ訂正', '0', '', '0' WHERE NOT EXISTS (:sub_query AND fnc_cd = '383');
insert into c_keyfnc_mst (:insert_field) SELECT :cmn_set, '384', E'会計11', '0', '', '1' WHERE NOT EXISTS (:sub_query AND fnc_cd = '384');
insert into c_keyfnc_mst (:insert_field) SELECT :cmn_set, '385', E'会計12', '0', '', '1' WHERE NOT EXISTS (:sub_query AND fnc_cd = '385');
insert into c_keyfnc_mst (:insert_field) SELECT :cmn_set, '386', E'会計13', '0', '', '1' WHERE NOT EXISTS (:sub_query AND fnc_cd = '386');
insert into c_keyfnc_mst (:insert_field) SELECT :cmn_set, '387', E'会計14', '0', '', '1' WHERE NOT EXISTS (:sub_query AND fnc_cd = '387');
insert into c_keyfnc_mst (:insert_field) SELECT :cmn_set, '388', E'会計15', '0', '', '1' WHERE NOT EXISTS (:sub_query AND fnc_cd = '388');
insert into c_keyfnc_mst (:insert_field) SELECT :cmn_set, '389', E'会計16', '0', '', '1' WHERE NOT EXISTS (:sub_query AND fnc_cd = '389');
insert into c_keyfnc_mst (:insert_field) SELECT :cmn_set, '390', E'会計17', '0', '', '1' WHERE NOT EXISTS (:sub_query AND fnc_cd = '390');
insert into c_keyfnc_mst (:insert_field) SELECT :cmn_set, '391', E'会計18', '0', '', '1' WHERE NOT EXISTS (:sub_query AND fnc_cd = '391');
insert into c_keyfnc_mst (:insert_field) SELECT :cmn_set, '392', E'会計19', '0', '', '1' WHERE NOT EXISTS (:sub_query AND fnc_cd = '392');
insert into c_keyfnc_mst (:insert_field) SELECT :cmn_set, '393', E'会計20', '0', '', '1' WHERE NOT EXISTS (:sub_query AND fnc_cd = '393');
insert into c_keyfnc_mst (:insert_field) SELECT :cmn_set, '394', E'会計21', '0', '', '1' WHERE NOT EXISTS (:sub_query AND fnc_cd = '394');
insert into c_keyfnc_mst (:insert_field) SELECT :cmn_set, '395', E'会計22', '0', '', '1' WHERE NOT EXISTS (:sub_query AND fnc_cd = '395');
insert into c_keyfnc_mst (:insert_field) SELECT :cmn_set, '396', E'会計23', '0', '', '1' WHERE NOT EXISTS (:sub_query AND fnc_cd = '396');
insert into c_keyfnc_mst (:insert_field) SELECT :cmn_set, '397', E'会計24', '0', '', '1' WHERE NOT EXISTS (:sub_query AND fnc_cd = '397');
insert into c_keyfnc_mst (:insert_field) SELECT :cmn_set, '398', E'会計25', '0', '', '1' WHERE NOT EXISTS (:sub_query AND fnc_cd = '398');
insert into c_keyfnc_mst (:insert_field) SELECT :cmn_set, '399', E'会計26', '0', '', '1' WHERE NOT EXISTS (:sub_query AND fnc_cd = '399');
insert into c_keyfnc_mst (:insert_field) SELECT :cmn_set, '400', E'会計27', '0', '', '1' WHERE NOT EXISTS (:sub_query AND fnc_cd = '400');
insert into c_keyfnc_mst (:insert_field) SELECT :cmn_set, '401', E'会計28', '0', '', '1' WHERE NOT EXISTS (:sub_query AND fnc_cd = '401');
insert into c_keyfnc_mst (:insert_field) SELECT :cmn_set, '402', E'会計29', '0', '', '1' WHERE NOT EXISTS (:sub_query AND fnc_cd = '402');
insert into c_keyfnc_mst (:insert_field) SELECT :cmn_set, '403', E'会計30', '0', '', '1' WHERE NOT EXISTS (:sub_query AND fnc_cd = '403');
insert into c_keyfnc_mst (:insert_field) SELECT :cmn_set, '404', E'手持現金入力', '1', '', '0' WHERE NOT EXISTS (:sub_query AND fnc_cd = '404');
insert into c_keyfnc_mst (:insert_field) SELECT :cmn_set, '405', E'ICﾎﾟｲﾝﾄ訂正', '1', '', '0' WHERE NOT EXISTS (:sub_query AND fnc_cd = '405');
insert into c_keyfnc_mst (:insert_field) SELECT :cmn_set, '406', E'次客登録', '0', '', '0' WHERE NOT EXISTS (:sub_query AND fnc_cd = '406');
insert into c_keyfnc_mst (:insert_field) SELECT :cmn_set, '407', E'次客呼出', '1', '', '0' WHERE NOT EXISTS (:sub_query AND fnc_cd = '407');
insert into c_keyfnc_mst (:insert_field) SELECT :cmn_set, '408', E'個数確認', '1', '', '0' WHERE NOT EXISTS (:sub_query AND fnc_cd = '408');
insert into c_keyfnc_mst (:insert_field) SELECT :cmn_set, '409', E'釣機状態', '0', '', '0' WHERE NOT EXISTS (:sub_query AND fnc_cd = '409');
insert into c_keyfnc_mst (:insert_field) SELECT :cmn_set, '410', E'入金返却', '0', '', '0' WHERE NOT EXISTS (:sub_query AND fnc_cd = '410');
insert into c_keyfnc_mst (:insert_field) SELECT :cmn_set, '411', E'販売許可', '1', '', '0' WHERE NOT EXISTS (:sub_query AND fnc_cd = '411');
insert into c_keyfnc_mst (:insert_field) SELECT :cmn_set, '412', E'レジ点検', '1', '', '0' WHERE NOT EXISTS (:sub_query AND fnc_cd = '412');
insert into c_keyfnc_mst (:insert_field) SELECT :cmn_set, '413', E'ポイント加算', '1', '', '0' WHERE NOT EXISTS (:sub_query AND fnc_cd = '413');
insert into c_keyfnc_mst (:insert_field) SELECT :cmn_set, '414', E'特価品', '1', '', '0' WHERE NOT EXISTS (:sub_query AND fnc_cd = '414');
insert into c_keyfnc_mst (:insert_field) SELECT :cmn_set, '415', E'宅配発行', '1', '', '0' WHERE NOT EXISTS (:sub_query AND fnc_cd = '415');
insert into c_keyfnc_mst (:insert_field) SELECT :cmn_set, '416', E'ｸｰﾎﾟﾝ利用', '1', '', '0' WHERE NOT EXISTS (:sub_query AND fnc_cd = '416');
insert into c_keyfnc_mst (:insert_field) SELECT :cmn_set, '417', E'画面1', '1', '', '0' WHERE NOT EXISTS (:sub_query AND fnc_cd = '417');
insert into c_keyfnc_mst (:insert_field) SELECT :cmn_set, '418', E'画面2', '1', '', '0' WHERE NOT EXISTS (:sub_query AND fnc_cd = '418');
insert into c_keyfnc_mst (:insert_field) SELECT :cmn_set, '419', E'画面3', '1', '', '0' WHERE NOT EXISTS (:sub_query AND fnc_cd = '419');
insert into c_keyfnc_mst (:insert_field) SELECT :cmn_set, '420', E'画面4', '1', '', '0' WHERE NOT EXISTS (:sub_query AND fnc_cd = '420');
insert into c_keyfnc_mst (:insert_field) SELECT :cmn_set, '421', E'画面5', '1', '', '0' WHERE NOT EXISTS (:sub_query AND fnc_cd = '421');
insert into c_keyfnc_mst (:insert_field) SELECT :cmn_set, '422', E'画面6', '1', '', '0' WHERE NOT EXISTS (:sub_query AND fnc_cd = '422');
insert into c_keyfnc_mst (:insert_field) SELECT :cmn_set, '423', E'画面7', '1', '', '0' WHERE NOT EXISTS (:sub_query AND fnc_cd = '423');
insert into c_keyfnc_mst (:insert_field) SELECT :cmn_set, '424', E'画面8', '1', '', '0' WHERE NOT EXISTS (:sub_query AND fnc_cd = '424');
insert into c_keyfnc_mst (:insert_field) SELECT :cmn_set, '425', E'画面9', '1', '', '0' WHERE NOT EXISTS (:sub_query AND fnc_cd = '425');
insert into c_keyfnc_mst (:insert_field) SELECT :cmn_set, '426', E'画面10', '1', '', '0' WHERE NOT EXISTS (:sub_query AND fnc_cd = '426');
insert into c_keyfnc_mst (:insert_field) SELECT :cmn_set, '427', E'画面11', '1', '', '0' WHERE NOT EXISTS (:sub_query AND fnc_cd = '427');
insert into c_keyfnc_mst (:insert_field) SELECT :cmn_set, '428', E'画面12', '1', '', '0' WHERE NOT EXISTS (:sub_query AND fnc_cd = '428');
insert into c_keyfnc_mst (:insert_field) SELECT :cmn_set, '429', E'画面13', '1', '', '0' WHERE NOT EXISTS (:sub_query AND fnc_cd = '429');
insert into c_keyfnc_mst (:insert_field) SELECT :cmn_set, '430', E'画面14', '1', '', '0' WHERE NOT EXISTS (:sub_query AND fnc_cd = '430');
insert into c_keyfnc_mst (:insert_field) SELECT :cmn_set, '431', E'画面15', '1', '', '0' WHERE NOT EXISTS (:sub_query AND fnc_cd = '431');
insert into c_keyfnc_mst (:insert_field) SELECT :cmn_set, '432', E'画面16', '1', '', '0' WHERE NOT EXISTS (:sub_query AND fnc_cd = '432');
insert into c_keyfnc_mst (:insert_field) SELECT :cmn_set, '433', E'画面17', '1', '', '0' WHERE NOT EXISTS (:sub_query AND fnc_cd = '433');
insert into c_keyfnc_mst (:insert_field) SELECT :cmn_set, '434', E'画面18', '1', '', '0' WHERE NOT EXISTS (:sub_query AND fnc_cd = '434');
insert into c_keyfnc_mst (:insert_field) SELECT :cmn_set, '435', E'免税宣言', '0', '', '0' WHERE NOT EXISTS (:sub_query AND fnc_cd = '435');
insert into c_keyfnc_mst (:insert_field) SELECT :cmn_set, '436', E'ＳＳ訂正', '1', '', '0' WHERE NOT EXISTS (:sub_query AND fnc_cd = '436');
insert into c_keyfnc_mst (:insert_field) SELECT :cmn_set, '437', E'延長保証', '1', '', '0' WHERE NOT EXISTS (:sub_query AND fnc_cd = '437');
insert into c_keyfnc_mst (:insert_field) SELECT :cmn_set, '438', E'会員情報確認', '1', '', '0' WHERE NOT EXISTS (:sub_query AND fnc_cd = '438');
insert into c_keyfnc_mst (:insert_field) SELECT :cmn_set, '443', E'22桁値下ﾊﾞｰｺｰﾄﾞ', '0', '', '0' WHERE NOT EXISTS (:sub_query AND fnc_cd = '443');
insert into c_keyfnc_mst (:insert_field) SELECT :cmn_set, '444', E'単品分類解除', '1', '', '0' WHERE NOT EXISTS (:sub_query AND fnc_cd = '444');
insert into c_keyfnc_mst (:insert_field) SELECT :cmn_set, '445', E'従業員権限解除', '0', '', '0' WHERE NOT EXISTS (:sub_query AND fnc_cd = '445');
insert into c_keyfnc_mst (:insert_field) SELECT :cmn_set, '449', E'Verifone再印字', '0', '', '0' WHERE NOT EXISTS (:sub_query AND fnc_cd = '449');
insert into c_keyfnc_mst (:insert_field) SELECT :cmn_set, '450', E'言語切替', '0', '', '0' WHERE NOT EXISTS (:sub_query AND fnc_cd = '450');
insert into c_keyfnc_mst (:insert_field) SELECT :cmn_set, '451', E'通番訂正', '0', '', '0' WHERE NOT EXISTS (:sub_query AND fnc_cd = '451');
insert into c_keyfnc_mst (:insert_field) SELECT :cmn_set, '452', E'釣機復旧案内', '1', '', '0' WHERE NOT EXISTS (:sub_query AND fnc_cd = '452');
insert into c_keyfnc_mst (:insert_field) SELECT :cmn_set, '456', E'ｾﾙﾌ切替', '0', '', '0' WHERE NOT EXISTS (:sub_query AND fnc_cd = '456');
insert into c_keyfnc_mst (:insert_field) SELECT :cmn_set, '463', E'指定変更', '0', '', '1' WHERE NOT EXISTS (:sub_query AND fnc_cd = '463');
insert into c_keyfnc_mst (:insert_field) SELECT :cmn_set, '464', E'ｾﾙﾌﾒﾝﾃ', '0', '', '0' WHERE NOT EXISTS (:sub_query AND fnc_cd = '464');
insert into c_keyfnc_mst (:insert_field) SELECT :cmn_set, '467', E'プリカ宣言取消', '0', '', '0' WHERE NOT EXISTS (:sub_query AND fnc_cd = '467');
insert into c_keyfnc_mst (:insert_field) SELECT :cmn_set, '468', E'端末ｶｰﾄﾞ読込', '0', '', '0' WHERE NOT EXISTS (:sub_query AND fnc_cd = '468');
insert into c_keyfnc_mst (:insert_field) SELECT :cmn_set, '469', E'障害確認', '1', '', '0' WHERE NOT EXISTS (:sub_query AND fnc_cd = '469');
insert into c_keyfnc_mst (:insert_field) SELECT :cmn_set, '470', E'WAON残高', '1', '', '0' WHERE NOT EXISTS (:sub_query AND fnc_cd = '470');
insert into c_keyfnc_mst (:insert_field) SELECT :cmn_set, '471', E'WAON履歴', '1', '', '0' WHERE NOT EXISTS (:sub_query AND fnc_cd = '471');
insert into c_keyfnc_mst (:insert_field) SELECT :cmn_set, '472', E'QC切替', '0', '', '0' WHERE NOT EXISTS (:sub_query AND fnc_cd = '472');
insert into c_keyfnc_mst (:insert_field) SELECT :cmn_set, '474', E'WIZ貸出', '1', '', '0' WHERE NOT EXISTS (:sub_query AND fnc_cd = '474');
insert into c_keyfnc_mst (:insert_field) SELECT :cmn_set, '475', E'QC指定拡大表示', '0', '', '0' WHERE NOT EXISTS (:sub_query AND fnc_cd = '475');
insert into c_keyfnc_mst (:insert_field) SELECT :cmn_set, '476', E'WizSelf切替', '1', '', '0' WHERE NOT EXISTS (:sub_query AND fnc_cd = '476');
insert into c_keyfnc_mst (:insert_field) SELECT :cmn_set, '477', E'キャプチャ', '0', '', '0' WHERE NOT EXISTS (:sub_query AND fnc_cd = '477');
insert into c_keyfnc_mst (:insert_field) SELECT :cmn_set, '481', E'ｵｰﾊﾞｰﾌﾛｰ回収', '0', '', '0' WHERE NOT EXISTS (:sub_query AND fnc_cd = '481');
insert into c_keyfnc_mst (:insert_field) SELECT :cmn_set, '482', E'会員読取中止', '0', '', '0' WHERE NOT EXISTS (:sub_query AND fnc_cd = '482');
insert into c_keyfnc_mst (:insert_field) SELECT :cmn_set, '483', E'ﾓﾊﾞｲﾙT読込', '0', '', '0' WHERE NOT EXISTS (:sub_query AND fnc_cd = '483');
insert into c_keyfnc_mst (:insert_field) SELECT :cmn_set, '484', E'dﾎﾟｲﾝﾄ手入力', '0', '', '0' WHERE NOT EXISTS (:sub_query AND fnc_cd = '484');
insert into c_keyfnc_mst (:insert_field) SELECT :cmn_set, '485', E'dﾎﾟｲﾝﾄ修正', '0', '', '0' WHERE NOT EXISTS (:sub_query AND fnc_cd = '485');
insert into c_keyfnc_mst (:insert_field) SELECT :cmn_set, '487', E'マルチ切替', '0', '', '0' WHERE NOT EXISTS (:sub_query AND fnc_cd = '487');
insert into c_keyfnc_mst (:insert_field) SELECT :cmn_set, '488', E'ｵｰﾊﾞｰﾌﾛｰ庫移動', '0', '', '0' WHERE NOT EXISTS (:sub_query AND fnc_cd = '488');
insert into c_keyfnc_mst (:insert_field) SELECT :cmn_set, '489', E'ｵｰﾊﾞｰﾌﾛｰ庫ﾒﾝﾃﾅﾝｽ', '0', '', '0' WHERE NOT EXISTS (:sub_query AND fnc_cd = '489');
insert into c_keyfnc_mst (:insert_field) SELECT :cmn_set, '491', E'金額読込', '0', '', '0' WHERE NOT EXISTS (:sub_query AND fnc_cd = '491');
insert into c_keyfnc_mst (:insert_field) SELECT :cmn_set, '492', E'倍率手動変更', '1', '', '0' WHERE NOT EXISTS (:sub_query AND fnc_cd = '492');
insert into c_keyfnc_mst (:insert_field) SELECT :cmn_set, '495', E'ﾌﾟﾘｶﾎﾟｲﾝﾄ訂正', '0', '', '0' WHERE NOT EXISTS (:sub_query AND fnc_cd = '495');
insert into c_keyfnc_mst (:insert_field) SELECT :cmn_set, '497', E'ｷｬｯｼｭﾚｽ決済禁止', '0', '', '0' WHERE NOT EXISTS (:sub_query AND fnc_cd = '497');
insert into c_keyfnc_mst (:insert_field) SELECT :cmn_set, '502', E'楽天ﾎﾟｲﾝﾄ手入力', '0', '', '0' WHERE NOT EXISTS (:sub_query AND fnc_cd = '502');
insert into c_keyfnc_mst (:insert_field) SELECT :cmn_set, '503', E'PCT宣言', '0', '', '0' WHERE NOT EXISTS (:sub_query AND fnc_cd = '503');

insert into c_keyfnc_mst (:insert_field) SELECT :cmn_set, '505', E'デジタルチケット利用', '0', '', '0' WHERE NOT EXISTS (:sub_query AND fnc_cd = '505');

-- 以降15ver
insert into c_keyfnc_mst (:insert_field) SELECT :cmn_set, '700', E'残高照会', '0', '', '0' WHERE NOT EXISTS (:sub_query AND fnc_cd = '700');
insert into c_keyfnc_mst (:insert_field) SELECT :cmn_set, '701', E'お得情報再発行', '0', '', '0' WHERE NOT EXISTS (:sub_query AND fnc_cd = '701');
insert into c_keyfnc_mst (:insert_field) SELECT :cmn_set, '702', E'未使用', '1', '', '0' WHERE NOT EXISTS (:sub_query AND fnc_cd = '702');
insert into c_keyfnc_mst (:insert_field) SELECT :cmn_set, '703', E'未使用', '1', '', '0' WHERE NOT EXISTS (:sub_query AND fnc_cd = '703');
insert into c_keyfnc_mst (:insert_field) SELECT :cmn_set, '704', E'決済選択', '0', '', '0' WHERE NOT EXISTS (:sub_query AND fnc_cd = '704');
insert into c_keyfnc_mst (:insert_field) SELECT :cmn_set, '705', E'リサイクル入金', '1', '', '0' WHERE NOT EXISTS (:sub_query AND fnc_cd = '705');
insert into c_keyfnc_mst (:insert_field) SELECT :cmn_set, '706', E'リサイクル出金', '1', '', '0' WHERE NOT EXISTS (:sub_query AND fnc_cd = '706');
insert into c_keyfnc_mst (:insert_field) SELECT :cmn_set, '707', E'未使用', '1', '', '0' WHERE NOT EXISTS (:sub_query AND fnc_cd = '707');
insert into c_keyfnc_mst (:insert_field) SELECT :cmn_set, '708', E'未使用', '1', '', '0' WHERE NOT EXISTS (:sub_query AND fnc_cd = '708');
insert into c_keyfnc_mst (:insert_field) SELECT :cmn_set, '709', E'ポータル認証', '0', '', '0' WHERE NOT EXISTS (:sub_query AND fnc_cd = '709');
insert into c_keyfnc_mst (:insert_field) SELECT :cmn_set, '710', E'QCメンテナンス', '2', '', '0' WHERE NOT EXISTS (:sub_query AND fnc_cd = '710');
insert into c_keyfnc_mst (:insert_field) SELECT :cmn_set, '711', E'従業員入金確定', '2', '', '0' WHERE NOT EXISTS (:sub_query AND fnc_cd = '711');
insert into c_keyfnc_mst (:insert_field) SELECT :cmn_set, '712', E'従業員精算', '0', '', '0' WHERE NOT EXISTS (:sub_query AND fnc_cd = '712');
insert into c_keyfnc_mst (:insert_field) SELECT :cmn_set, '713', E'税変換1', '0', '', '0' WHERE NOT EXISTS (:sub_query AND fnc_cd = '713');
insert into c_keyfnc_mst (:insert_field) SELECT :cmn_set, '714', E'税変換2', '0', '', '0' WHERE NOT EXISTS (:sub_query AND fnc_cd = '714');
insert into c_keyfnc_mst (:insert_field) SELECT :cmn_set, '715', E'税変換3', '0', '', '0' WHERE NOT EXISTS (:sub_query AND fnc_cd = '715');
insert into c_keyfnc_mst (:insert_field) SELECT :cmn_set, '716', E'税変換4', '0', '', '0' WHERE NOT EXISTS (:sub_query AND fnc_cd = '716');
insert into c_keyfnc_mst (:insert_field) SELECT :cmn_set, '717', E'税変換5', '0', '', '0' WHERE NOT EXISTS (:sub_query AND fnc_cd = '717');
insert into c_keyfnc_mst (:insert_field) SELECT :cmn_set, '719', E'連絡関連', '0', '', '0' WHERE NOT EXISTS (:sub_query AND fnc_cd = '719');
insert into c_keyfnc_mst (:insert_field) SELECT :cmn_set, '720', E'入金確定', '0', '', '0' WHERE NOT EXISTS (:sub_query AND fnc_cd = '720');
insert into c_keyfnc_mst (:insert_field) SELECT :cmn_set, '721', E'領収書再発行', '0', '', '1' WHERE NOT EXISTS (:sub_query AND fnc_cd = '721');
insert into c_keyfnc_mst (:insert_field) SELECT :cmn_set, '722', E'左右切替', '0', '', '0' WHERE NOT EXISTS (:sub_query AND fnc_cd = '722');
insert into c_keyfnc_mst (:insert_field) SELECT :cmn_set, '723', E'商品登録補助', '0', '', '0' WHERE NOT EXISTS (:sub_query AND fnc_cd = '723');
insert into c_keyfnc_mst (:insert_field) SELECT :cmn_set, '724', E'登録補助', '0', '', '0' WHERE NOT EXISTS (:sub_query AND fnc_cd = '724');
insert into c_keyfnc_mst (:insert_field) SELECT :cmn_set, '725', E'決済', '0', '', '0' WHERE NOT EXISTS (:sub_query AND fnc_cd = '725');
insert into c_keyfnc_mst (:insert_field) SELECT :cmn_set, '726', E'商品登録', '0', '', '0' WHERE NOT EXISTS (:sub_query AND fnc_cd = '726');
insert into c_keyfnc_mst (:insert_field) SELECT :cmn_set, '727', E'現金入力', '0', '', '0' WHERE NOT EXISTS (:sub_query AND fnc_cd = '727');
insert into c_keyfnc_mst (:insert_field) SELECT :cmn_set, '728', E'購買履歴', '0', '', '0' WHERE NOT EXISTS (:sub_query AND fnc_cd = '728');
insert into c_keyfnc_mst (:insert_field) SELECT :cmn_set, '729', E'会員カード読込', '0', '', '0' WHERE NOT EXISTS (:sub_query AND fnc_cd = '729');
insert into c_keyfnc_mst (:insert_field) SELECT :cmn_set, '730', E'会員カード切替', '0', '', '0' WHERE NOT EXISTS (:sub_query AND fnc_cd = '730');
insert into c_keyfnc_mst (:insert_field) SELECT :cmn_set, '731', E'予約', '1', '', '0' WHERE NOT EXISTS (:sub_query AND fnc_cd = '731');
insert into c_keyfnc_mst (:insert_field) SELECT :cmn_set, '732', E'予約(掛売)', '1', '', '0' WHERE NOT EXISTS (:sub_query AND fnc_cd = '732');
insert into c_keyfnc_mst (:insert_field) SELECT :cmn_set, '733', E'予約(配達)', '1', '', '0' WHERE NOT EXISTS (:sub_query AND fnc_cd = '733');
insert into c_keyfnc_mst (:insert_field) SELECT :cmn_set, '734', E'予約(見積り)', '1', '', '0' WHERE NOT EXISTS (:sub_query AND fnc_cd = '734');
insert into c_keyfnc_mst (:insert_field) SELECT :cmn_set, '735', E'見積宣言', '0', '', '0' WHERE NOT EXISTS (:sub_query AND fnc_cd = '735');
insert into c_keyfnc_mst (:insert_field) SELECT :cmn_set, '736', E'サービス券バーコード', '0', '', '0' WHERE NOT EXISTS (:sub_query AND fnc_cd = '736');
insert into c_keyfnc_mst (:insert_field) SELECT :cmn_set, '737', E'釣機再精査', '0', '', '0' WHERE NOT EXISTS (:sub_query AND fnc_cd = '737');
insert into c_keyfnc_mst (:insert_field) SELECT :cmn_set, '738', E'入金取消', '0', '', '0' WHERE NOT EXISTS (:sub_query AND fnc_cd = '738');
insert into c_keyfnc_mst (:insert_field) SELECT :cmn_set, '739', E'商品取消', '0', '', '0' WHERE NOT EXISTS (:sub_query AND fnc_cd = '739');
insert into c_keyfnc_mst (:insert_field) SELECT :cmn_set, '740', E'還元なし', '0', '', '0' WHERE NOT EXISTS (:sub_query AND fnc_cd = '740');
insert into c_keyfnc_mst (:insert_field) SELECT :cmn_set, '741', E'ZIPコード', '0', '', '0' WHERE NOT EXISTS (:sub_query AND fnc_cd = '741');
insert into c_keyfnc_mst (:insert_field) SELECT :cmn_set, '742', E'ポイント履歴', '0', '', '0' WHERE NOT EXISTS (:sub_query AND fnc_cd = '742');
insert into c_keyfnc_mst (:insert_field) SELECT :cmn_set, '743', E'会員情報照会', '0', '', '0' WHERE NOT EXISTS (:sub_query AND fnc_cd = '743');
insert into c_keyfnc_mst (:insert_field) SELECT :cmn_set, '744', E'クーポン手入力', '0', '', '0' WHERE NOT EXISTS (:sub_query AND fnc_cd = '744');
insert into c_keyfnc_mst (:insert_field) SELECT :cmn_set, '745', E'代理店', '0', '', '0' WHERE NOT EXISTS (:sub_query AND fnc_cd = '745');
insert into c_keyfnc_mst (:insert_field) SELECT :cmn_set, '746', E'会員統合', '0', '', '0' WHERE NOT EXISTS (:sub_query AND fnc_cd = '746');
insert into c_keyfnc_mst (:insert_field) SELECT :cmn_set, '747', E'EC連携', '0', '', '0' WHERE NOT EXISTS (:sub_query AND fnc_cd = '747');
insert into c_keyfnc_mst (:insert_field) SELECT :cmn_set, '748', E'中分類一覧', '0', '', '0' WHERE NOT EXISTS (:sub_query AND fnc_cd = '748');
insert into c_keyfnc_mst (:insert_field) SELECT :cmn_set, '749', E'クーポン再発行', '0', '', '0' WHERE NOT EXISTS (:sub_query AND fnc_cd = '749');
insert into c_keyfnc_mst (:insert_field) SELECT :cmn_set, '750', E'抽選券集計', '0', '', '0' WHERE NOT EXISTS (:sub_query AND fnc_cd = '750');
insert into c_keyfnc_mst (:insert_field) SELECT :cmn_set, '751', E'受領書', '0', '', '0' WHERE NOT EXISTS (:sub_query AND fnc_cd = '751');
insert into c_keyfnc_mst (:insert_field) SELECT :cmn_set, '752', E'ｸｰﾎﾟﾝOFF', '0', '', '0' WHERE NOT EXISTS (:sub_query AND fnc_cd = '752');
insert into c_keyfnc_mst (:insert_field) SELECT :cmn_set, '753', E'クーポン照会', '0', '', '0' WHERE NOT EXISTS (:sub_query AND fnc_cd = '753');
insert into c_keyfnc_mst (:insert_field) SELECT :cmn_set, '754', E'計量取消', '0', '', '0' WHERE NOT EXISTS (:sub_query AND fnc_cd = '754');
insert into c_keyfnc_mst (:insert_field) SELECT :cmn_set, '755', E'ポイント取消', '0', '', '0' WHERE NOT EXISTS (:sub_query AND fnc_cd = '755');
insert into c_keyfnc_mst (:insert_field) SELECT :cmn_set, '756', E'瓶返却', '0', '', '0' WHERE NOT EXISTS (:sub_query AND fnc_cd = '756');
insert into c_keyfnc_mst (:insert_field) SELECT :cmn_set, '757', E'容器継続利用', '0', '', '0' WHERE NOT EXISTS (:sub_query AND fnc_cd = '757');
insert into c_keyfnc_mst (:insert_field) SELECT :cmn_set, '758', E'手入力領収書', '0', '', '0' WHERE NOT EXISTS (:sub_query AND fnc_cd = '758');
insert into c_keyfnc_mst (:insert_field) SELECT :cmn_set, '759', E'ポイント切替', '0', '', '0' WHERE NOT EXISTS (:sub_query AND fnc_cd = '759');
insert into c_keyfnc_mst (:insert_field) SELECT :cmn_set, '760', E'プリセット切替', '0', '', '0' WHERE NOT EXISTS (:sub_query AND fnc_cd = '760');
insert into c_keyfnc_mst (:insert_field) SELECT :cmn_set, '761', E'切替戻し', '0', '', '0' WHERE NOT EXISTS (:sub_query AND fnc_cd = '761');
insert into c_keyfnc_mst (:insert_field) SELECT :cmn_set, '762', E'売掛宣言', '0', '', '0' WHERE NOT EXISTS (:sub_query AND fnc_cd = '762');
insert into c_keyfnc_mst (:insert_field) SELECT :cmn_set, '763', E'友の会ｶｰﾄﾞ読込', '0', '', '0' WHERE NOT EXISTS (:sub_query AND fnc_cd = '763');
insert into c_keyfnc_mst (:insert_field) SELECT :cmn_set, '764', E'友の会ｶｰﾄﾞ照会', '0', '', '0' WHERE NOT EXISTS (:sub_query AND fnc_cd = '764');
insert into c_keyfnc_mst (:insert_field) SELECT :cmn_set, '765', E'CR入出金', '0', '', '0' WHERE NOT EXISTS (:sub_query AND fnc_cd = '765');
insert into c_keyfnc_mst (:insert_field) SELECT :cmn_set, '766', E'ﾊｲﾀｯﾁ', '0', '', '0' WHERE NOT EXISTS (:sub_query AND fnc_cd = '766');
insert into c_keyfnc_mst (:insert_field) SELECT :cmn_set, '767', E'特殊ﾊﾞｰｺｰﾄﾞ読取', '0', '', '0' WHERE NOT EXISTS (:sub_query AND fnc_cd = '767');
insert into c_keyfnc_mst (:insert_field) SELECT :cmn_set, '770', E'ﾁｬｰｼﾞ商品選択', '0', '', '0' WHERE NOT EXISTS (:sub_query AND fnc_cd = '770');
