BEGIN;
TRUNCATE p_recog_mst;

\set insert_field 'page, posi, recog_name, recog_set_flg'
\set sub_query 'SELECT * FROM p_recog_mst WHERE '

INSERT INTO p_recog_mst (:insert_field) SELECT '1', '1', E'顧客ﾎﾟｲﾝﾄ+FSP仕様', '0' WHERE NOT EXISTS (:sub_query page = '1' AND posi = '1');
INSERT INTO p_recog_mst (:insert_field) SELECT '1', '2', E'クレジット仕様', '0' WHERE NOT EXISTS (:sub_query page = '1' AND posi = '2');
INSERT INTO p_recog_mst (:insert_field) SELECT '1', '3', E'特別領収書仕様(ﾀｰﾐﾅﾙ設定で変更必要)', '0' WHERE NOT EXISTS (:sub_query page = '1' AND posi = '3');
INSERT INTO p_recog_mst (:insert_field) SELECT '1', '4', E'値引バーコード仕様', '0' WHERE NOT EXISTS (:sub_query page = '1' AND posi = '4');
INSERT INTO p_recog_mst (:insert_field) SELECT '1', '5', E'OKIリライト仕様(DB V6以降)', '0' WHERE NOT EXISTS (:sub_query page = '1' AND posi = '5');
INSERT INTO p_recog_mst (:insert_field) SELECT '1', '6', E'セルフシステム仕様(DB V9以降)', '0' WHERE NOT EXISTS (:sub_query page = '1' AND posi = '6');
INSERT INTO p_recog_mst (:insert_field) SELECT '1', '7', E'24時間仕様(DB V4,V6以降)', '0' WHERE NOT EXISTS (:sub_query page = '1' AND posi = '7');
INSERT INTO p_recog_mst (:insert_field) SELECT '1', '8', E'ビスマック仕様(DB V7以降)', '0' WHERE NOT EXISTS (:sub_query page = '1' AND posi = '8');
INSERT INTO p_recog_mst (:insert_field) SELECT '1', '9', E'netDoA仕様(DB V9以降)', '0' WHERE NOT EXISTS (:sub_query page = '1' AND posi = '9');
INSERT INTO p_recog_mst (:insert_field) SELECT '1', '10', E'特定ＦＴＰ送信仕様(DB V7以降)', '0' WHERE NOT EXISTS (:sub_query page = '1' AND posi = '10');
INSERT INTO p_recog_mst (:insert_field) SELECT '1', '11', E'プロモーション仕様(DB V8以降)', '0' WHERE NOT EXISTS (:sub_query page = '1' AND posi = '11');
INSERT INTO p_recog_mst (:insert_field) SELECT '1', '12', E'Ｅｄｙ仕様(DB V8以降)', '0' WHERE NOT EXISTS (:sub_query page = '1' AND posi = '12');
INSERT INTO p_recog_mst (:insert_field) SELECT '1', '13', E'生鮮ＩＤ仕様(DB V8以降)', '0' WHERE NOT EXISTS (:sub_query page = '1' AND posi = '13');
INSERT INTO p_recog_mst (:insert_field) SELECT '1', '14', E'金券チケット仕様(DB V8以降)', '0' WHERE NOT EXISTS (:sub_query page = '1' AND posi = '14');
INSERT INTO p_recog_mst (:insert_field) SELECT '1', '15', E'へそくり仕様(DB V8以降)', '0' WHERE NOT EXISTS (:sub_query page = '1' AND posi = '15');
INSERT INTO p_recog_mst (:insert_field) SELECT '1', '16', E'ﾋﾞｽﾏｯｸ+ｸﾞﾘｰﾝｽﾀﾝﾌﾟ仕様(DB V8以降)', '0' WHERE NOT EXISTS (:sub_query page = '1' AND posi = '16');
INSERT INTO p_recog_mst (:insert_field) SELECT '1', '17', E'ﾋﾞｽﾏｯｸ特定処理仕様(DB V8以降)', '0' WHERE NOT EXISTS (:sub_query page = '1' AND posi = '17');
INSERT INTO p_recog_mst (:insert_field) SELECT '1', '18', E'ﾎﾟｲﾝﾄｶｰﾄﾞ仕様(DB V8以降)', '0' WHERE NOT EXISTS (:sub_query page = '1' AND posi = '18');
INSERT INTO p_recog_mst (:insert_field) SELECT '1', '19', E'顧客ﾎﾟｲﾝﾄ仕様', '0' WHERE NOT EXISTS (:sub_query page = '1' AND posi = '19');
INSERT INTO p_recog_mst (:insert_field) SELECT '1', '20', E'顧客FSP仕様', '0' WHERE NOT EXISTS (:sub_query page = '1' AND posi = '20');
INSERT INTO p_recog_mst (:insert_field) SELECT '2', '1', E'モバイルＰＯＳ仕様(DB V8以降)', '0' WHERE NOT EXISTS (:sub_query page = '2' AND posi = '1');
INSERT INTO p_recog_mst (:insert_field) SELECT '2', '2', E'CSS店舗間通信仕様(DB V9以降)', '0' WHERE NOT EXISTS (:sub_query page = '2' AND posi = '2');
INSERT INTO p_recog_mst (:insert_field) SELECT '2', '3', E'ﾚｼﾞ接続数基準以上仕様(DB V8以降)', '0' WHERE NOT EXISTS (:sub_query page = '2' AND posi = '3');
INSERT INTO p_recog_mst (:insert_field) SELECT '2', '4', E'衣料バーコード仕様(DB V8以降)', '0' WHERE NOT EXISTS (:sub_query page = '2' AND posi = '4');
INSERT INTO p_recog_mst (:insert_field) SELECT '2', '5', E'特定衣料FTP送信仕様(DB V8以降)', '0' WHERE NOT EXISTS (:sub_query page = '2' AND posi = '5');
INSERT INTO p_recog_mst (:insert_field) SELECT '2', '6', E'Mｶｰﾄﾞ仕様(特定 V9以降)', '0' WHERE NOT EXISTS (:sub_query page = '2' AND posi = '6');
INSERT INTO p_recog_mst (:insert_field) SELECT '2', '7', E'ﾌﾟﾘﾝﾀ+CDﾊﾞｯｸｱｯﾌﾟ仕様(DB V8以降)', '0' WHERE NOT EXISTS (:sub_query page = '2' AND posi = '7');
INSERT INTO p_recog_mst (:insert_field) SELECT '2', '8', E'POPPY接続仕様(DB V9以降)', '0' WHERE NOT EXISTS (:sub_query page = '2' AND posi = '8');
INSERT INTO p_recog_mst (:insert_field) SELECT '2', '9', E'棚札ﾌﾟﾘﾝﾀ接続仕様(DB V9以降)', '0' WHERE NOT EXISTS (:sub_query page = '2' AND posi = '9');
INSERT INTO p_recog_mst (:insert_field) SELECT '2', '10', E'TAURUS接続仕様(DB V8以降)', '0' WHERE NOT EXISTS (:sub_query page = '2' AND posi = '10');
INSERT INTO p_recog_mst (:insert_field) SELECT '2', '11', E'Pastel Port接続仕様(DB V10以降)', '0' WHERE NOT EXISTS (:sub_query page = '2' AND posi = '11');
INSERT INTO p_recog_mst (:insert_field) SELECT '2', '12', E'イートイン仕様(DB V9以降)', '0' WHERE NOT EXISTS (:sub_query page = '2' AND posi = '12');
INSERT INTO p_recog_mst (:insert_field) SELECT '2', '13', E'モバイルＰＯＳ精算仕様(DB V9以降)', '0' WHERE NOT EXISTS (:sub_query page = '2' AND posi = '13');
INSERT INTO p_recog_mst (:insert_field) SELECT '2', '14', E'定期刊行物コード仕様(DB V9以降)', '0' WHERE NOT EXISTS (:sub_query page = '2' AND posi = '14');
INSERT INTO p_recog_mst (:insert_field) SELECT '2', '15', E'本部接続リアル通信あり(現在未対応)', '0' WHERE NOT EXISTS (:sub_query page = '2' AND posi = '15');
INSERT INTO p_recog_mst (:insert_field) SELECT '2', '16', E'PW410接続仕様(DB V9以降)', '0' WHERE NOT EXISTS (:sub_query page = '2' AND posi = '16');
INSERT INTO p_recog_mst (:insert_field) SELECT '2', '17', E'NSCｸﾚｼﾞｯﾄ仕様(DB V9以降)', '0' WHERE NOT EXISTS (:sub_query page = '2' AND posi = '17');
INSERT INTO p_recog_mst (:insert_field) SELECT '3', '1', E'生産者実績送信仕様(DB V10以降)', '0' WHERE NOT EXISTS (:sub_query page = '3' AND posi = '1');
INSERT INTO p_recog_mst (:insert_field) SELECT '3', '2', E'FeliCa仕様(DB V10以降)', '0' WHERE NOT EXISTS (:sub_query page = '3' AND posi = '2');
INSERT INTO p_recog_mst (:insert_field) SELECT '3', '3', E'ﾌﾟﾘﾍﾟｰﾄﾞｶｰﾄﾞ仕様(現在未使用)', '0' WHERE NOT EXISTS (:sub_query page = '3' AND posi = '3');
INSERT INTO p_recog_mst (:insert_field) SELECT '3', '4', E'NTT東+ﾋﾞｼﾞｺﾑ接続仕様(DB V10以降)', '0' WHERE NOT EXISTS (:sub_query page = '3' AND posi = '4');
INSERT INTO p_recog_mst (:insert_field) SELECT '3', '5', E'カタリナクーポン仕様(DB V11以降)', '0' WHERE NOT EXISTS (:sub_query page = '3' AND posi = '5');
INSERT INTO p_recog_mst (:insert_field) SELECT '3', '6', E'ﾌﾟﾗｲｽﾁｪｯｶｰ接続仕様(DB V10以降)', '0' WHERE NOT EXISTS (:sub_query page = '3' AND posi = '6');
INSERT INTO p_recog_mst (:insert_field) SELECT '3', '7', E'皿勘定システム仕様(DB V10以降)', '0' WHERE NOT EXISTS (:sub_query page = '3' AND posi = '7');
INSERT INTO p_recog_mst (:insert_field) SELECT '3', '8', E'ITFバーコード仕様(DB V10以降)', '0' WHERE NOT EXISTS (:sub_query page = '3' AND posi = '8');
INSERT INTO p_recog_mst (:insert_field) SELECT '3', '9', E'特定FTP-ACT仕様(DB V10以降)', '0' WHERE NOT EXISTS (:sub_query page = '3' AND posi = '9');
INSERT INTO p_recog_mst (:insert_field) SELECT '3', '10', E'顧客明細仕様(DB V11以降)', '0' WHERE NOT EXISTS (:sub_query page = '3' AND posi = '10');
INSERT INTO p_recog_mst (:insert_field) SELECT '3', '11', E'顧客リアル問合せ仕様(DB V11以降)', '0' WHERE NOT EXISTS (:sub_query page = '3' AND posi = '11');
INSERT INTO p_recog_mst (:insert_field) SELECT '3', '12', E'Suica決済［CAT接続］(DB V10以降)', '0' WHERE NOT EXISTS (:sub_query page = '3' AND posi = '12');
INSERT INTO p_recog_mst (:insert_field) SELECT '3', '13', E'Yomoca接続仕様(DB V11以降)', '0' WHERE NOT EXISTS (:sub_query page = '3' AND posi = '13');
INSERT INTO p_recog_mst (:insert_field) SELECT '3', '14', E'Smartplus接続仕様(DB V10以降)', '0' WHERE NOT EXISTS (:sub_query page = '3' AND posi = '14');
--2021/07/21 INSERT INTO p_recog_mst (:insert_field) SELECT '3', '15', E'勤怠管理仕様(DB V11以降)', '0' WHERE NOT EXISTS (:sub_query page = '3' AND posi = '15');
INSERT INTO p_recog_mst (:insert_field) SELECT '3', '16', E'ECOA接続仕様(DB V10以降)', '0' WHERE NOT EXISTS (:sub_query page = '3' AND posi = '16');
INSERT INTO p_recog_mst (:insert_field) SELECT '3', '17', E'Suica決済［CAT非接続］(DB V11以降)', '0' WHERE NOT EXISTS (:sub_query page = '3' AND posi = '17');
INSERT INTO p_recog_mst (:insert_field) SELECT '3', '18', E'引換券印字仕様 (DB V11以降)', '0' WHERE NOT EXISTS (:sub_query page = '3' AND posi = '18');
INSERT INTO p_recog_mst (:insert_field) SELECT '4', '1', E'QUICPay接続仕様(DB V10以降)', '0' WHERE NOT EXISTS (:sub_query page = '4' AND posi = '1');
INSERT INTO p_recog_mst (:insert_field) SELECT '4', '2', E'iD接続仕様(DB V10以降)', '0' WHERE NOT EXISTS (:sub_query page = '4' AND posi = '2');
INSERT INTO p_recog_mst (:insert_field) SELECT '4', '3', E'特殊レイアウト仕様(DB V9以降)', '0' WHERE NOT EXISTS (:sub_query page = '4' AND posi = '3');
INSERT INTO p_recog_mst (:insert_field) SELECT '4', '4', E'Quick Self仕様(DB V11以降)', '0' WHERE NOT EXISTS (:sub_query page = '4' AND posi = '4');
INSERT INTO p_recog_mst (:insert_field) SELECT '4', '5', E'Quick Self切替仕様(DB V11以降)', '0' WHERE NOT EXISTS (:sub_query page = '4' AND posi = '5');
INSERT INTO p_recog_mst (:insert_field) SELECT '4', '6', E'Assist Monitor接続仕様(DB V11以降)', '0' WHERE NOT EXISTS (:sub_query page = '4' AND posi = '6');
INSERT INTO p_recog_mst (:insert_field) SELECT '4', '7', E'値付けﾌﾟﾘﾝﾀ接続仕様(DB V11以降)', '0' WHERE NOT EXISTS (:sub_query page = '4' AND posi = '7');
INSERT INTO p_recog_mst (:insert_field) SELECT '4', '8', E'リアル明細送信仕様(DB V11以降)', '0' WHERE NOT EXISTS (:sub_query page = '4' AND posi = '8');
INSERT INTO p_recog_mst (:insert_field) SELECT '4', '9', E'ﾚｲﾝﾎﾞｰｶｰﾄﾞ仕様(DB V11以降)', '0' WHERE NOT EXISTS (:sub_query page = '4' AND posi = '9');
INSERT INTO p_recog_mst (:insert_field) SELECT '4', '10', E'GramX接続仕様(現在未使用)', '0' WHERE NOT EXISTS (:sub_query page = '4' AND posi = '10');
INSERT INTO p_recog_mst (:insert_field) SELECT '4', '11', E'途中精算仕様(DB V11以降)', '0' WHERE NOT EXISTS (:sub_query page = '4' AND posi = '11');
INSERT INTO p_recog_mst (:insert_field) SELECT '4', '12', E'ｶｰﾄﾞ決済機ﾎﾟｲﾝﾄ仕様(DB V10以降)', '0' WHERE NOT EXISTS (:sub_query page = '4' AND posi = '12');
INSERT INTO p_recog_mst (:insert_field) SELECT '4', '13', E'タグ読込仕様(現在未使用)', '0' WHERE NOT EXISTS (:sub_query page = '4' AND posi = '13');
INSERT INTO p_recog_mst (:insert_field) SELECT '4', '14', E'百貨店仕様(DB V11以降)', '0' WHERE NOT EXISTS (:sub_query page = '4' AND posi = '14');
INSERT INTO p_recog_mst (:insert_field) SELECT '4', '15', E'Ｅｄｙ番号顧客仕様(DB V11以降)', '0' WHERE NOT EXISTS (:sub_query page = '4' AND posi = '15');
INSERT INTO p_recog_mst (:insert_field) SELECT '4', '16', E'FCFカード顧客仕様(現在未使用)', '0' WHERE NOT EXISTS (:sub_query page = '4' AND posi = '16');
INSERT INTO p_recog_mst (:insert_field) SELECT '4', '17', E'ﾊﾟﾅｺｰﾄﾞ顧客ﾎﾟｲﾝﾄ仕様(DB V11以降)', '0' WHERE NOT EXISTS (:sub_query page = '4' AND posi = '17');
INSERT INTO p_recog_mst (:insert_field) SELECT '4', '18', E'LANDISK接続仕様(DB V11以降)', '0' WHERE NOT EXISTS (:sub_query page = '4' AND posi = '18');
INSERT INTO p_recog_mst (:insert_field) SELECT '5', '1', E'PiTaPa接続仕様(DB V11以降)', '0' WHERE NOT EXISTS (:sub_query page = '5' AND posi = '1');
INSERT INTO p_recog_mst (:insert_field) SELECT '5', '2', E'TuoCard仕様(DB V11以降)', '0' WHERE NOT EXISTS (:sub_query page = '5' AND posi = '2');
INSERT INTO p_recog_mst (:insert_field) SELECT '5', '3', E'販売期限バーコード仕様(DB V11以降)', '0' WHERE NOT EXISTS (:sub_query page = '5' AND posi = '3');
INSERT INTO p_recog_mst (:insert_field) SELECT '5', '4', E'業務モード仕様(DB V11以降)', '0' WHERE NOT EXISTS (:sub_query page = '5' AND posi = '4');
INSERT INTO p_recog_mst (:insert_field) SELECT '5', '5', E'MCP200接続仕様(DB V11以降)', '0' WHERE NOT EXISTS (:sub_query page = '5' AND posi = '5');
INSERT INTO p_recog_mst (:insert_field) SELECT '5', '6', E'VisaTouch仕様 [FCL] (DB V11以降)', '0' WHERE NOT EXISTS (:sub_query page = '5' AND posi = '6');
INSERT INTO p_recog_mst (:insert_field) SELECT '5', '7', E'ﾘﾓｰﾄﾒﾝﾃﾅﾝｽ仕様(DB V11以降)', '0' WHERE NOT EXISTS (:sub_query page = '5' AND posi = '7');
INSERT INTO p_recog_mst (:insert_field) SELECT '5', '8', E'発注モード仕様(DB V11以降)', '0' WHERE NOT EXISTS (:sub_query page = '5' AND posi = '8');
INSERT INTO p_recog_mst (:insert_field) SELECT '5', '9', E'JREM製マルチ端末仕様(DB V11以降)', '0' WHERE NOT EXISTS (:sub_query page = '5' AND posi = '9');
INSERT INTO p_recog_mst (:insert_field) SELECT '5', '10', E'メディア情報仕様(DB V11以降)', '0' WHERE NOT EXISTS (:sub_query page = '5' AND posi = '10');
INSERT INTO p_recog_mst (:insert_field) SELECT '5', '11', E'GS1バーコード仕様(DB V11以降)', '0' WHERE NOT EXISTS (:sub_query page = '5' AND posi = '11');
INSERT INTO p_recog_mst (:insert_field) SELECT '5', '12', E'詰合仕様(DB V11以降)', '0' WHERE NOT EXISTS (:sub_query page = '5' AND posi = '12');
INSERT INTO p_recog_mst (:insert_field) SELECT '5', '13', E'ｾﾝﾀｰｻｰﾊﾞｰ接続仕様(DB V11以降)', '0' WHERE NOT EXISTS (:sub_query page = '5' AND posi = '13');
INSERT INTO p_recog_mst (:insert_field) SELECT '5', '14', E'予約仕様(DB V11以降)', '0' WHERE NOT EXISTS (:sub_query page = '5' AND posi = '14');
INSERT INTO p_recog_mst (:insert_field) SELECT '5', '15', E'改正薬事法仕様(現在未使用)', '0' WHERE NOT EXISTS (:sub_query page = '5' AND posi = '15');
INSERT INTO p_recog_mst (:insert_field) SELECT '5', '16', E'銀聯接続仕様(DB V11以降)', '0' WHERE NOT EXISTS (:sub_query page = '5' AND posi = '16');
INSERT INTO p_recog_mst (:insert_field) SELECT '5', '17', E'QUICPay仕様 [FCL] (DB V11以降)', '0' WHERE NOT EXISTS (:sub_query page = '5' AND posi = '17');
INSERT INTO p_recog_mst (:insert_field) SELECT '5', '18', E'Edy仕様 [FCL] (DB V11以降)', '0' WHERE NOT EXISTS (:sub_query page = '5' AND posi = '18');
INSERT INTO p_recog_mst (:insert_field) SELECT '6', '1', E'CAPS[CAFIS]接続仕様(DB V11以降)', '0' WHERE NOT EXISTS (:sub_query page = '6' AND posi = '1');
INSERT INTO p_recog_mst (:insert_field) SELECT '6', '2', E'iD仕様 [FCL] (DB V11以降)', '0' WHERE NOT EXISTS (:sub_query page = '6' AND posi = '2');
INSERT INTO p_recog_mst (:insert_field) SELECT '6', '3', E'ﾎﾟｲﾝﾄﾁｹｯﾄ発券仕様(DB V11以降)', '0' WHERE NOT EXISTS (:sub_query page = '6' AND posi = '3');
INSERT INTO p_recog_mst (:insert_field) SELECT '6', '4', E'ABS-S31Kﾌﾟﾘﾍﾟｲﾄﾞ仕様(DB V11以降)', '0' WHERE NOT EXISTS (:sub_query page = '6' AND posi = '4');
INSERT INTO p_recog_mst (:insert_field) SELECT '6', '5', E'生産者商品登録時作成(DB V11以降)', '0' WHERE NOT EXISTS (:sub_query page = '6' AND posi = '5');
INSERT INTO p_recog_mst (:insert_field) SELECT '6', '6', E'生産者ITFﾊﾞｰｺｰﾄﾞ仕様(DB V11以降)', '0' WHERE NOT EXISTS (:sub_query page = '6' AND posi = '6');
INSERT INTO p_recog_mst (:insert_field) SELECT '6', '7', E'特殊ｸｰﾎﾟﾝ券仕様(DB V11以降)', '0' WHERE NOT EXISTS (:sub_query page = '6' AND posi = '7');
INSERT INTO p_recog_mst (:insert_field) SELECT '6', '8', E'ﾌﾞﾙｰﾁｯﾌﾟｻｰﾊﾞｰ接続仕様(DB V11以降)', '0' WHERE NOT EXISTS (:sub_query page = '6' AND posi = '8');
INSERT INTO p_recog_mst (:insert_field) SELECT '6', '9', E'日立ﾌﾞﾙｰﾁｯﾌﾟ接続仕様(DB V11以降)', '0' WHERE NOT EXISTS (:sub_query page = '6' AND posi = '9');
INSERT INTO p_recog_mst (:insert_field) SELECT '6', '10', E'CSS[Proxy]通信仕様(DB V12以降)', '0' WHERE NOT EXISTS (:sub_query page = '6' AND posi = '10');
INSERT INTO p_recog_mst (:insert_field) SELECT '6', '11', E'ＱＣａｓｈｉｅｒ仕様(DB V12以降)', '0' WHERE NOT EXISTS (:sub_query page = '6' AND posi = '11');
INSERT INTO p_recog_mst (:insert_field) SELECT '6', '12', E'レシートＱＲコード印字仕様(DB V12以降)', '0' WHERE NOT EXISTS (:sub_query page = '6' AND posi = '12');
INSERT INTO p_recog_mst (:insert_field) SELECT '6', '13', E'VisaTouch仕様 [INFOX] (DB V11以降)', '0' WHERE NOT EXISTS (:sub_query page = '6' AND posi = '13');
INSERT INTO p_recog_mst (:insert_field) SELECT '6', '14', E'収納代行仕様(DB V11以降)', '0' WHERE NOT EXISTS (:sub_query page = '6' AND posi = '14');
INSERT INTO p_recog_mst (:insert_field) SELECT '6', '15', E'特定ＨＣ１仕様(現在未使用)', '0' WHERE NOT EXISTS (:sub_query page = '6' AND posi = '15');
INSERT INTO p_recog_mst (:insert_field) SELECT '6', '17', E'ﾘﾓｰﾄ監視ｻｰﾊﾞｰ仕様(DB V12以降)', '0' WHERE NOT EXISTS (:sub_query page = '6' AND posi = '17');
INSERT INTO p_recog_mst (:insert_field) SELECT '6', '18', E'他社ｶｰﾄﾞ ﾊﾟﾅｺｰﾄﾞ仕様(DB V11以降)', '0' WHERE NOT EXISTS (:sub_query page = '6' AND posi = '18');
INSERT INTO p_recog_mst (:insert_field) SELECT '7', '1', E'特定百貨店仕様(DB V12以降)', '0' WHERE NOT EXISTS (:sub_query page = '7' AND posi = '1');
INSERT INTO p_recog_mst (:insert_field) SELECT '7', '2', E'明細送信小数点送信仕様(DB V11以降)', '0' WHERE NOT EXISTS (:sub_query page = '7' AND posi = '2');
INSERT INTO p_recog_mst (:insert_field) SELECT '7', '3', E'Wizマスタ管理仕様(DB V11以降)', '0' WHERE NOT EXISTS (:sub_query page = '7' AND posi = '3');
INSERT INTO p_recog_mst (:insert_field) SELECT '7', '4', E'ABS-V31ﾘﾗｲﾄｶｰﾄﾞ仕様(DB V12以降)', '0' WHERE NOT EXISTS (:sub_query page = '7' AND posi = '4');
INSERT INTO p_recog_mst (:insert_field) SELECT '7', '5', E'複数ＱＲコード仕様(DB V12以降)', '0' WHERE NOT EXISTS (:sub_query page = '7' AND posi = '5');
INSERT INTO p_recog_mst (:insert_field) SELECT '7', '6', E'ｎｅｔＤｏＡ予約仕様(DB V12以降)', '0' WHERE NOT EXISTS (:sub_query page = '7' AND posi = '6');
INSERT INTO p_recog_mst (:insert_field) SELECT '7', '7', E'個別精算仕様(DB V12以降)', '0' WHERE NOT EXISTS (:sub_query page = '7' AND posi = '7');
INSERT INTO p_recog_mst (:insert_field) SELECT '7', '8', E'顧客ﾘｱﾙ[Webｻｰﾋﾞｽ]仕様(DB V12以降)', '0' WHERE NOT EXISTS (:sub_query page = '7' AND posi = '8');
INSERT INTO p_recog_mst (:insert_field) SELECT '7', '9', E'Wiz精算仕様(DB V11以降)', '0' WHERE NOT EXISTS (:sub_query page = '7' AND posi = '9');
INSERT INTO p_recog_mst (:insert_field) SELECT '7', '10', E'顧客ﾘｱﾙ[UID]仕様(DB V12以降)', '0' WHERE NOT EXISTS (:sub_query page = '7' AND posi = '10');
INSERT INTO p_recog_mst (:insert_field) SELECT '7', '11', E'明細送信ﾐｯｸｽﾏｯﾁ仕様(DB V11以降)', '0' WHERE NOT EXISTS (:sub_query page = '7' AND posi = '11');
INSERT INTO p_recog_mst (:insert_field) SELECT '7', '12', E'ﾀﾞｲﾚｸﾄﾎﾟｲﾝﾄ顧客仕様(DB V11以降)', '0' WHERE NOT EXISTS (:sub_query page = '7' AND posi = '12');
INSERT INTO p_recog_mst (:insert_field) SELECT '7', '13', E'UT接続仕様(DB V12以降)', '0' WHERE NOT EXISTS (:sub_query page = '7' AND posi = '13');
INSERT INTO p_recog_mst (:insert_field) SELECT '7', '14', E'CAPS[P-QVIC]接続仕様(DB V12以降)', '0' WHERE NOT EXISTS (:sub_query page = '7' AND posi = '14');
INSERT INTO p_recog_mst (:insert_field) SELECT '7', '15', E'ﾔﾏﾄ電子ﾏﾈｰ決済端末仕様(DB V12以降)', '0' WHERE NOT EXISTS (:sub_query page = '7' AND posi = '15');
INSERT INTO p_recog_mst (:insert_field) SELECT '7', '16', E'標準CAPS[CAFIS]仕様(DB V12以降)', '0' WHERE NOT EXISTS (:sub_query page = '7' AND posi = '16');
INSERT INTO p_recog_mst (:insert_field) SELECT '7', '17', E'PastelPort プリカ仕様(DB V12以降)', '0' WHERE NOT EXISTS (:sub_query page = '7' AND posi = '17');
INSERT INTO p_recog_mst (:insert_field) SELECT '7', '18', E'USBカメラ接続仕様(DB V12以降)', '0' WHERE NOT EXISTS (:sub_query page = '7' AND posi = '18');
INSERT INTO p_recog_mst (:insert_field) SELECT '8', '1', E'特定ﾄﾞﾗｯｸﾞｽﾄｱ仕様(現在未使用)', '0' WHERE NOT EXISTS (:sub_query page = '8' AND posi = '1');
INSERT INTO p_recog_mst (:insert_field) SELECT '8', '2', E'顧客ﾘｱﾙ[NEC]仕様(DB V12以降)', '0' WHERE NOT EXISTS (:sub_query page = '8' AND posi = '2');
INSERT INTO p_recog_mst (:insert_field) SELECT '8', '3', E'顧客ﾘｱﾙ[OPｶｰﾄﾞ]仕様(DB V12以降)', '0' WHERE NOT EXISTS (:sub_query page = '8' AND posi = '3');
INSERT INTO p_recog_mst (:insert_field) SELECT '8', '4', E'ｸﾚｼﾞｯﾄ仕様[ﾀﾞﾐ-ｼｽﾃﾑ](ﾃﾞﾓ / ﾄﾚｰﾆﾝｸﾞ専用)', '0' WHERE NOT EXISTS (:sub_query page = '8' AND posi = '4');
INSERT INTO p_recog_mst (:insert_field) SELECT '8', '5', E'特定ＨＣ２仕様(DB V12以降)', '0' WHERE NOT EXISTS (:sub_query page = '8' AND posi = '5');
INSERT INTO p_recog_mst (:insert_field) SELECT '8', '6', E'音声合成[ｿﾌﾄ対応]仕様(DB V12以降)', '0' WHERE NOT EXISTS (:sub_query page = '8' AND posi = '6');
INSERT INTO p_recog_mst (:insert_field) SELECT '8', '7', E'プリカ仕様[ﾀﾞﾐｰｼｽﾃﾑ](ﾃﾞﾓ / ﾄﾚｰﾆﾝｸﾞ専用)', '0' WHERE NOT EXISTS (:sub_query page = '8' AND posi = '7');
INSERT INTO p_recog_mst (:insert_field) SELECT '8', '8', E'精算監視仕様(DB V12以降)', '0' WHERE NOT EXISTS (:sub_query page = '8' AND posi = '8');
INSERT INTO p_recog_mst (:insert_field) SELECT '8', '9', E'ﾏﾙﾁ決済端末仕様:J-Mups(DB V12以降)', '0' WHERE NOT EXISTS (:sub_query page = '8' AND posi = '9');
INSERT INTO p_recog_mst (:insert_field) SELECT '8', '10', E'QUICPay仕様 [UT1] (DB V12以降)', '0' WHERE NOT EXISTS (:sub_query page = '8' AND posi = '10');
INSERT INTO p_recog_mst (:insert_field) SELECT '8', '11', E'iD仕様 [UT1] (DB V12以降)', '0' WHERE NOT EXISTS (:sub_query page = '8' AND posi = '11');
INSERT INTO p_recog_mst (:insert_field) SELECT '8', '12', E'ﾌｧｲﾙ共有仕様(DB V12以降)', '0' WHERE NOT EXISTS (:sub_query page = '8' AND posi = '12');
INSERT INTO p_recog_mst (:insert_field) SELECT '8', '13', E'PiTaPa仕様 [PFM] (DB V12以降)', '0' WHERE NOT EXISTS (:sub_query page = '8' AND posi = '13');
INSERT INTO p_recog_mst (:insert_field) SELECT '8', '14', E'交通系IC仕様 [PFM] (DB V12以降)', '0' WHERE NOT EXISTS (:sub_query page = '8' AND posi = '14');
INSERT INTO p_recog_mst (:insert_field) SELECT '8', '15', E'売掛伝票印字仕様 (DB V12以降)', '0' WHERE NOT EXISTS (:sub_query page = '8' AND posi = '15');
INSERT INTO p_recog_mst (:insert_field) SELECT '8', '16', E'交通系ICﾁｬｰｼﾞ仕様[PFM](DB V12以降)', '0' WHERE NOT EXISTS (:sub_query page = '8' AND posi = '16');
INSERT INTO p_recog_mst (:insert_field) SELECT '8', '17', E'単品値下げｸｰﾎﾟﾝ券仕様(DB V12以降)', '0' WHERE NOT EXISTS (:sub_query page = '8' AND posi = '17');
INSERT INTO p_recog_mst (:insert_field) SELECT '8', '18', E'ｶｰﾄﾞ決済機/J-Mups併用(DB V12以降)', '0' WHERE NOT EXISTS (:sub_query page = '8' AND posi = '18');
INSERT INTO p_recog_mst (:insert_field) SELECT '9', '1', E'SQRCﾁｹｯﾄ発券ｼｽﾃﾑ(現在未使用)', '0' WHERE NOT EXISTS (:sub_query page = '9' AND posi = '1');
INSERT INTO p_recog_mst (:insert_field) SELECT '9', '2', E'CCT基本連動仕様(DB V12以降)', '0' WHERE NOT EXISTS (:sub_query page = '9' AND posi = '2');
INSERT INTO p_recog_mst (:insert_field) SELECT '9', '3', E'CCT電子ﾏﾈｰ決済仕様(DB V12以降)', '0' WHERE NOT EXISTS (:sub_query page = '9' AND posi = '3');
INSERT INTO p_recog_mst (:insert_field) SELECT '9', '4', E'ﾃｯｸCCT電子ﾏﾈｰ決済仕様(DB V12以降)', '0' WHERE NOT EXISTS (:sub_query page = '9' AND posi = '4');
INSERT INTO p_recog_mst (:insert_field) SELECT '9', '5', E'生産者商品ｾﾞﾛﾌﾗｸﾞ仕様(DB V12以降)', '0' WHERE NOT EXISTS (:sub_query page = '9' AND posi = '5');
INSERT INTO p_recog_mst (:insert_field) SELECT '10', '1', E'対面セルフシステム(DB V12以降)', '0' WHERE NOT EXISTS (:sub_query page = '10' AND posi = '1');
INSERT INTO p_recog_mst (:insert_field) SELECT '10', '2', E'寺岡プリペイド仕様(現在未使用)', '0' WHERE NOT EXISTS (:sub_query page = '10' AND posi = '2');
INSERT INTO p_recog_mst (:insert_field) SELECT '10', '3', E'卓上ﾚｼﾞ専用ﾏﾙﾁ登録仕様(DB V12以降)', '0' WHERE NOT EXISTS (:sub_query page = '10' AND posi = '3');
INSERT INTO p_recog_mst (:insert_field) SELECT '10', '4', E'Suicaﾁｬｰｼﾞ[CAT非接続](DB V12以降)', '0' WHERE NOT EXISTS (:sub_query page = '10' AND posi = '4');
INSERT INTO p_recog_mst (:insert_field) SELECT '10', '5', E'nimocaﾎﾟｲﾝﾄ仕様(DB V12以降)', '0' WHERE NOT EXISTS (:sub_query page = '10' AND posi = '5');
INSERT INTO p_recog_mst (:insert_field) SELECT '10', '6', E'顧客ﾘｱﾙ[Pｱｰﾃｨｽﾄ]仕様(DB V12以降)', '0' WHERE NOT EXISTS (:sub_query page = '10' AND posi = '6');
INSERT INTO p_recog_mst (:insert_field) SELECT '10', '7', E'特定交通系１仕様(DB V12以降)', '0' WHERE NOT EXISTS (:sub_query page = '10' AND posi = '7');
INSERT INTO p_recog_mst (:insert_field) SELECT '10', '8', E'免税仕様(DB V12以降)', '0' WHERE NOT EXISTS (:sub_query page = '10' AND posi = '8');
INSERT INTO p_recog_mst (:insert_field) SELECT '10', '9', E'レピカ仕様(DB V12以降)', '0' WHERE NOT EXISTS (:sub_query page = '10' AND posi = '9');
INSERT INTO p_recog_mst (:insert_field) SELECT '10', '10', E'標準CAPS[CARDNET]仕様(DB V12以降)', '0' WHERE NOT EXISTS (:sub_query page = '10' AND posi = '10');
INSERT INTO p_recog_mst (:insert_field) SELECT '10', '11', E'ゆめｶｰﾄﾞ決済機接続仕様(DB V12以降)', '0' WHERE NOT EXISTS (:sub_query page = '10' AND posi = '11');
INSERT INTO p_recog_mst (:insert_field) SELECT '10', '12', E'交通系IC仕様[ﾀﾞﾐｰｼｽﾃﾑ](ﾄﾚｰﾆﾝｸﾞ専用)', '0' WHERE NOT EXISTS (:sub_query page = '10' AND posi = '12');
INSERT INTO p_recog_mst (:insert_field) SELECT '10', '13', E'支払機ﾏﾈｰｼﾞｬ接続仕様(現在未使用)', '0' WHERE NOT EXISTS (:sub_query page = '10' AND posi = '13');
INSERT INTO p_recog_mst (:insert_field) SELECT '10', '14', E'Tポイント仕様(DB V12以降)', '0' WHERE NOT EXISTS (:sub_query page = '10' AND posi = '14');
INSERT INTO p_recog_mst (:insert_field) SELECT '10', '15', E'特定SM1仕様(現在未使用)', '0' WHERE NOT EXISTS (:sub_query page = '10' AND posi = '15');
INSERT INTO p_recog_mst (:insert_field) SELECT '10', '16', E'明細送信商品区分仕様(DB V12以降)', '0' WHERE NOT EXISTS (:sub_query page = '10' AND posi = '16');
INSERT INTO p_recog_mst (:insert_field) SELECT '10', '17', E'ゆめｶｰﾄﾞﾚｼﾞ直仕様(現在未使用)', '0' WHERE NOT EXISTS (:sub_query page = '10' AND posi = '17');
INSERT INTO p_recog_mst (:insert_field) SELECT '10', '18', E'CoGCa仕様(DB V12以降)', '0' WHERE NOT EXISTS (:sub_query page = '10' AND posi = '18');
INSERT INTO p_recog_mst (:insert_field) SELECT '11', '1', E'顧客リアル[HPS]仕様(DB V12以降)', '0' WHERE NOT EXISTS (:sub_query page = '11' AND posi = '1');
INSERT INTO p_recog_mst (:insert_field) SELECT '11', '2', E'特定SM2仕様(DB V14以降)', '0' WHERE NOT EXISTS (:sub_query page = '11' AND posi = '2');
INSERT INTO p_recog_mst (:insert_field) SELECT '11', '3', E'特定ＨＣ３仕様(現在未使用)', '0' WHERE NOT EXISTS (:sub_query page = '11' AND posi = '3');
INSERT INTO p_recog_mst (:insert_field) SELECT '11', '4', E'特定SM3仕様(DB V12以降)', '0' WHERE NOT EXISTS (:sub_query page = '11' AND posi = '4');
INSERT INTO p_recog_mst (:insert_field) SELECT '11', '5', E'ｷｯﾁﾝﾌﾟﾘﾝﾀ接続仕様(DB V12以降)', '0' WHERE NOT EXISTS (:sub_query page = '11' AND posi = '5');
INSERT INTO p_recog_mst (:insert_field) SELECT '11', '6', E'ﾐｯｸｽﾏｯﾁ複数選択仕様(DB V12以降)', '0' WHERE NOT EXISTS (:sub_query page = '11' AND posi = '6');
INSERT INTO p_recog_mst (:insert_field) SELECT '11', '7', E'販売期限ﾊﾞｰｺｰﾄﾞ26桁(DB V12以降)', '0' WHERE NOT EXISTS (:sub_query page = '11' AND posi = '7');
INSERT INTO p_recog_mst (:insert_field) SELECT '11', '8', E'特定買上ﾁｹｯﾄ発券仕様(現在未使用)', '0' WHERE NOT EXISTS (:sub_query page = '11' AND posi = '8');
INSERT INTO p_recog_mst (:insert_field) SELECT '11', '9', E'顧客リアル[ﾕﾆｼｽ]仕様(現在未使用)', '0' WHERE NOT EXISTS (:sub_query page = '11' AND posi = '9');
INSERT INTO p_recog_mst (:insert_field) SELECT '11', '10', E'EJ動画サーバー接続仕様(現在未使用)', '0' WHERE NOT EXISTS (:sub_query page = '11' AND posi = '10');
INSERT INTO p_recog_mst (:insert_field) SELECT '11', '11', E'バリューカード仕様(現在未使用)', '0' WHERE NOT EXISTS (:sub_query page = '11' AND posi = '11');
INSERT INTO p_recog_mst (:insert_field) SELECT '11', '12', E'特定SM4仕様(現在未使用)', '0' WHERE NOT EXISTS (:sub_query page = '11' AND posi = '12');
INSERT INTO p_recog_mst (:insert_field) SELECT '11', '13', E'特定SM5仕様(DB V12以降)', '0' WHERE NOT EXISTS (:sub_query page = '11' AND posi = '13');
INSERT INTO p_recog_mst (:insert_field) SELECT '11', '14', E'JET-S ﾎﾟｲﾝﾄ決済仕様(現在未使用)', '0' WHERE NOT EXISTS (:sub_query page = '11' AND posi = '14');
INSERT INTO p_recog_mst (:insert_field) SELECT '11', '15', E'特定VC仕様(DB V1以降)', '0' WHERE NOT EXISTS (:sub_query page = '11' AND posi = '15');
INSERT INTO p_recog_mst (:insert_field) SELECT '12', '7', E'楽天ﾎﾟｲﾝﾄ仕様(DB V12以降)', '0' WHERE NOT EXISTS (:sub_query page = '12' AND posi = '7');
INSERT INTO p_recog_mst (:insert_field) SELECT '12', '9', E'Verifone接続仕様(DB V12以降)', '0' WHERE NOT EXISTS (:sub_query page = '12' AND posi = '9');
INSERT INTO p_recog_mst (:insert_field) SELECT '12', '17', E'電子マネー[FIP]仕様(DB V12以降)', '0' WHERE NOT EXISTS (:sub_query page = '12' AND posi = '17');
INSERT INTO p_recog_mst (:insert_field) SELECT '13', '5', E'特定SM16仕様(DB V12以降)', '0' WHERE NOT EXISTS (:sub_query page = '13' AND posi = '5');
INSERT INTO p_recog_mst (:insert_field) SELECT '13', '11', E'明細送信[INFOX]仕様(DB V12以降)', '0' WHERE NOT EXISTS (:sub_query page = '13' AND posi = '11');
INSERT INTO p_recog_mst (:insert_field) SELECT '13', '16', E'ｾﾙﾌﾒﾃﾞｨｹｰｼｮﾝ仕様(DB V12以降)', '0' WHERE NOT EXISTS (:sub_query page = '13' AND posi = '16');
INSERT INTO p_recog_mst (:insert_field) SELECT '13', '18', E'特定SM20仕様(現在未使用)', '0' WHERE NOT EXISTS (:sub_query page = '13' AND posi = '18');
INSERT INTO p_recog_mst (:insert_field) SELECT '14', '14', E'WAON仕様 [Panasonic](現在未使用)', '0' WHERE NOT EXISTS (:sub_query page = '14' AND posi = '14');
INSERT INTO p_recog_mst (:insert_field) SELECT '14', '15', E'Onepay仕様(DB V12以降)', '0' WHERE NOT EXISTS (:sub_query page = '14' AND posi = '15');
INSERT INTO p_recog_mst (:insert_field) SELECT '14', '16', E'HappySelf仕様(DB V12以降)', '0' WHERE NOT EXISTS (:sub_query page = '14' AND posi = '16');
INSERT INTO p_recog_mst (:insert_field) SELECT '14', '17', E'HappySelf[対面ｾﾙﾌ用](DB V12以降)', '0' WHERE NOT EXISTS (:sub_query page = '14' AND posi = '17');
INSERT INTO p_recog_mst (:insert_field) SELECT '15', '3', E'LINE Pay仕様(DB V12以降)', '0' WHERE NOT EXISTS (:sub_query page = '15' AND posi = '3');
INSERT INTO p_recog_mst (:insert_field) SELECT '15', '4', E'従業員権限解除仕様(DB V12以降)', '0' WHERE NOT EXISTS (:sub_query page = '15' AND posi = '4');
INSERT INTO p_recog_mst (:insert_field) SELECT '15', '7', E'理由選択仕様(DB V12以降)', '0' WHERE NOT EXISTS (:sub_query page = '15' AND posi = '7');
INSERT INTO p_recog_mst (:insert_field) SELECT '15', '9', E'WIZ-BASE仕様(DB V12以降)', '0' WHERE NOT EXISTS (:sub_query page = '15' AND posi = '9');
INSERT INTO p_recog_mst (:insert_field) SELECT '15', '10', E'Pack On Time仕様(DB V12以降)', '0' WHERE NOT EXISTS (:sub_query page = '15' AND posi = '10');
INSERT INTO p_recog_mst (:insert_field) SELECT '16', '4', E'Shop&Go仕様(現在未使用)', '0' WHERE NOT EXISTS (:sub_query page = '16' AND posi = '4');
INSERT INTO p_recog_mst (:insert_field) SELECT '16', '9', E'特定社員証1仕様(DB V12以降)', '0' WHERE NOT EXISTS (:sub_query page = '16' AND posi = '9');
INSERT INTO p_recog_mst (:insert_field) SELECT '16', '14', E'特定SM33仕様(現在未使用)', '0' WHERE NOT EXISTS (:sub_query page = '16' AND posi = '14');
INSERT INTO p_recog_mst (:insert_field) SELECT '16', '16', E'特定DS2仕様(DB V1以降)', '0' WHERE NOT EXISTS (:sub_query page = '16' AND posi = '16');
INSERT INTO p_recog_mst (:insert_field) SELECT '16', '13', E'旅券読取内蔵免税仕様(DB V12以降)', '0' WHERE NOT EXISTS (:sub_query page = '16' AND posi = '13');
INSERT INTO p_recog_mst (:insert_field) SELECT '17', '2', E'特定SM36仕様(現在未使用)', '0' WHERE NOT EXISTS (:sub_query page = '17' AND posi = '2');
INSERT INTO p_recog_mst (:insert_field) SELECT '17', '3', E'CR5.0接続仕様(現在未使用)', '0' WHERE NOT EXISTS (:sub_query page = '17' AND posi = '3');
INSERT INTO p_recog_mst (:insert_field) SELECT '17', '5', E'特定ｸﾗｽ衣料ﾊﾞｰｺｰﾄﾞ仕様(現在未使用)', '0' WHERE NOT EXISTS (:sub_query page = '17' AND posi = '5');
INSERT INTO p_recog_mst (:insert_field) SELECT '17', '6', E'ｄポイント仕様(DB V12以降)', '0' WHERE NOT EXISTS (:sub_query page = '17' AND posi = '6');
INSERT INTO p_recog_mst (:insert_field) SELECT '17', '7', E'顧客ﾘｱﾙ仕様[ﾀﾞﾐｰｼｽﾃﾑ](現在未使用)', '0' WHERE NOT EXISTS (:sub_query page = '17' AND posi = '7');
INSERT INTO p_recog_mst (:insert_field) SELECT '17', '10', E'JPQR決済仕様(DB V12以降)', '0' WHERE NOT EXISTS (:sub_query page = '17' AND posi = '10');
INSERT INTO p_recog_mst (:insert_field) SELECT '17', '11', E'顧客ﾘｱﾙ[PT]仕様(DB V1以降)', '0' WHERE NOT EXISTS (:sub_query page = '17' AND posi = '11');
INSERT INTO p_recog_mst (:insert_field) SELECT '17', '12', E'特定CR3接続仕様(現在未使用)', '0' WHERE NOT EXISTS (:sub_query page = '17' AND posi = '12');
INSERT INTO p_recog_mst (:insert_field) SELECT '17', '13', E'特定遊技機用印字仕様(DB V14以降)', '0' WHERE NOT EXISTS (:sub_query page = '17' AND posi = '13');
INSERT INTO p_recog_mst (:insert_field) SELECT '17', '14', E'CCTコード払い決済仕様(DB V12以降)', '0' WHERE NOT EXISTS (:sub_query page = '17' AND posi = '14');
INSERT INTO p_recog_mst (:insert_field) SELECT '17', '15', E'特定WS仕様(DB V1以降)', '0' WHERE NOT EXISTS (:sub_query page = '17' AND posi = '15');
INSERT INTO p_recog_mst (:insert_field) SELECT '17', '16', E'顧客リアル[PI]仕様(DB V1以降)', '0' WHERE NOT EXISTS (:sub_query page = '17' AND posi = '16');
INSERT INTO p_recog_mst (:insert_field) SELECT '17', '17', E'特定TOY仕様(DB V1以降)', '0' WHERE NOT EXISTS (:sub_query page = '17' AND posi = '17');
INSERT INTO p_recog_mst (:insert_field) SELECT '17', '18', E'ｺｰﾄﾞ決済[CANALPay]仕様(DB V12以降)', '0' WHERE NOT EXISTS (:sub_query page = '17' AND posi = '18');
INSERT INTO p_recog_mst (:insert_field) SELECT '18', '4', E'VEGA3000電子ﾏﾈｰ仕様(DB V12以降)', '0' WHERE NOT EXISTS (:sub_query page = '18' AND posi = '4');
INSERT INTO p_recog_mst (:insert_field) SELECT '18', '5', E'特定DP1仕様(現在未使用)', '0' WHERE NOT EXISTS (:sub_query page = '18' AND posi = '5');
INSERT INTO p_recog_mst (:insert_field) SELECT '18', '6', E'特定SM41仕様(DB V12)', '0' WHERE NOT EXISTS (:sub_query page = '18' AND posi = '6');
INSERT INTO p_recog_mst (:insert_field) SELECT '18', '7', E'特定SM42仕様(DB V14)', '0' WHERE NOT EXISTS (:sub_query page = '18' AND posi = '7');
INSERT INTO p_recog_mst (:insert_field) SELECT '18', '9', E'特定公共料金仕様(DB V14以降)', '0' WHERE NOT EXISTS (:sub_query page = '18' AND posi = '9');
INSERT INTO p_recog_mst (:insert_field) SELECT '18', '11', E'TS設定個別変更仕様(DB V14以降)', '0' WHERE NOT EXISTS (:sub_query page = '18' AND posi = '11');
INSERT INTO p_recog_mst (:insert_field) SELECT '18', '12', E'特定SM44仕様(DB V14以降)', '0' WHERE NOT EXISTS (:sub_query page = '18' AND posi = '12');
INSERT INTO p_recog_mst (:insert_field) SELECT '18', '14', E'stera terminal仕様(DB V12以降)', '0' WHERE NOT EXISTS (:sub_query page = '18' AND posi = '14');
INSERT INTO p_recog_mst (:insert_field) SELECT '18', '16', E'レピカポイント仕様(DB V12以降)', '0' WHERE NOT EXISTS (:sub_query page = '18' AND posi = '16');
INSERT INTO p_recog_mst (:insert_field) SELECT '18', '15', E'特定SM45仕様(Ver12以降)', '0' WHERE NOT EXISTS (:sub_query page = '18' AND posi = '15');
INSERT INTO p_recog_mst (:insert_field) SELECT '18', '18', E'ｺｰﾄﾞ決済[FIP]仕様(DB V12以降)', '0' WHERE NOT EXISTS (:sub_query page = '18' AND posi = '18');
INSERT INTO p_recog_mst (:insert_field) SELECT '19', '4', E'免税電子化仕様(DB V14以降)', '0' WHERE NOT EXISTS (:sub_query page = '19' AND posi = '4');
INSERT INTO p_recog_mst (:insert_field) SELECT '19', '7', E'社員証決済仕様[売店](DB V14以降)', '0' WHERE NOT EXISTS (:sub_query page = '19' AND posi = '7');
INSERT INTO p_recog_mst (:insert_field) SELECT '19', '8', E'ﾛｸﾞﾉｰﾄ電子ﾚｼｰﾄ仕様(DB V14以降)', '0' WHERE NOT EXISTS (:sub_query page = '19' AND posi = '8');
INSERT INTO p_recog_mst (:insert_field) SELECT '19', '10', E'特定SM49仕様(現在未使用)', '0' WHERE NOT EXISTS (:sub_query page = '19' AND posi = '10');
INSERT INTO p_recog_mst (:insert_field) SELECT '19', '15', E'特定公共料金2仕様(DB V14以降)', '0' WHERE NOT EXISTS (:sub_query page = '19' AND posi = '15');
INSERT INTO p_recog_mst (:insert_field) SELECT '19', '16', E'Onepay複数ブランド仕様(DB V14以降)', '0' WHERE NOT EXISTS (:sub_query page = '19' AND posi = '16');
INSERT INTO p_recog_mst (:insert_field) SELECT '19', '17', E'特定SM52仕様(DB V14以降)', '0' WHERE NOT EXISTS (:sub_query page = '19' AND posi = '17');
INSERT INTO p_recog_mst (:insert_field) SELECT '19', '18', E'特定公共料金3仕様(DB V14以降)', '0' WHERE NOT EXISTS (:sub_query page = '19' AND posi = '18');
INSERT INTO p_recog_mst (:insert_field) SELECT '20', '2', E'ｻｰﾋﾞｽ分類別割引2仕様(DB V12以降)', '0' WHERE NOT EXISTS (:sub_query page = '20' AND posi = '2');
INSERT INTO p_recog_mst (:insert_field) SELECT '20', '9', E'特定SM55仕様(DB V1以降)', '0' WHERE NOT EXISTS (:sub_query page = '20' AND posi = '9');
INSERT INTO p_recog_mst (:insert_field) SELECT '20', '10', E'ﾚｼｰﾄﾒｰﾙ送信仕様(DB V1以降)', '0' WHERE NOT EXISTS (:sub_query page = '20' AND posi = '10');
INSERT INTO p_recog_mst (:insert_field) SELECT '20', '11', E'ｺｰﾄﾞ決済[Netstars]仕様(DB V12以降)', '0' WHERE NOT EXISTS (:sub_query page = '20' AND posi = '11');
INSERT INTO p_recog_mst (:insert_field) SELECT '20', '12', E'特定SM56仕様(DB V14以降)', '0' WHERE NOT EXISTS (:sub_query page = '20' AND posi = '12');
INSERT INTO p_recog_mst (:insert_field) SELECT '20', '15', E'特定HYS1仕様(DB V14以降)', '0' WHERE NOT EXISTS (:sub_query page = '20' AND posi = '15');
INSERT INTO p_recog_mst (:insert_field) SELECT '21', '3', E'酒税免税仕様(DB V1以降)', '0' WHERE NOT EXISTS (:sub_query page = '21' AND posi = '3');
INSERT INTO p_recog_mst (:insert_field) SELECT '21', '4', E'顧客リアル[SM56]仕様(DB V14以降)', '0' WHERE NOT EXISTS (:sub_query page = '21' AND posi = '4');
INSERT INTO p_recog_mst (:insert_field) SELECT '21', '5', E'特定SM59仕様(DB V1以降)', '0' WHERE NOT EXISTS (:sub_query page = '21' AND posi = '5');
INSERT INTO p_recog_mst (:insert_field) SELECT '21', '6', E'分類別明細非印字仕様(DB V14以降)', '0' WHERE NOT EXISTS (:sub_query page = '21' AND posi = '6');
INSERT INTO p_recog_mst (:insert_field) SELECT '21', '10', E'特定SM61仕様(DB V14以降)', '0' WHERE NOT EXISTS (:sub_query page = '21' AND posi = '10');
INSERT INTO p_recog_mst (:insert_field) SELECT '21', '11', E'特定百貨店2仕様(DB V14以降)', '0' WHERE NOT EXISTS (:sub_query page = '21' AND posi = '11');
INSERT INTO p_recog_mst (:insert_field) SELECT '21', '13', E'顧客ﾘｱﾙ[CP]仕様(DB V14以降)', '0' WHERE NOT EXISTS (:sub_query page = '21' AND posi = '13');
INSERT INTO p_recog_mst (:insert_field) SELECT '21', '14', E'特定HC12仕様(DB V14以降)', '0' WHERE NOT EXISTS (:sub_query page = '21' AND posi = '14');
INSERT INTO p_recog_mst (:insert_field) SELECT '21', '15', E'特定SM62仕様(現在未使用)', '0' WHERE NOT EXISTS (:sub_query page = '21' AND posi = '15');
INSERT INTO p_recog_mst (:insert_field) SELECT '22', '1', E'特定SM65仕様(DB V1以降)', '0' WHERE NOT EXISTS (:sub_query page = '22' AND posi = '1');
INSERT INTO p_recog_mst (:insert_field) SELECT '22', '4', E'友の会仕様(DB V1以降)', '0' WHERE NOT EXISTS (:sub_query page = '22' AND posi = '4');
INSERT INTO p_recog_mst (:insert_field) SELECT '22', '5', E'特定SM66仕様(現在未使用)', '0' WHERE NOT EXISTS (:sub_query page = '22' AND posi = '5');
INSERT INTO p_recog_mst (:insert_field) SELECT '22', '10', E'特定コスメ1仕様(現在未使用)', '0' WHERE NOT EXISTS (:sub_query page = '22' AND posi = '10');
INSERT INTO p_recog_mst (:insert_field) SELECT '22', '11', E'特定公共料金4仕様(DB V14以降)', '0' WHERE NOT EXISTS (:sub_query page = '22' AND posi = '11');
INSERT INTO p_recog_mst (:insert_field) SELECT '22', '13', E'特定SM71仕様(DB V14以降)', '0' WHERE NOT EXISTS (:sub_query page = '22' AND posi = '13');
INSERT INTO p_recog_mst (:insert_field) SELECT '22', '14', E'ｷｯﾁﾝﾌﾟﾘﾝﾀﾚｼｰﾄ印字仕様(DB V14以降)', '0' WHERE NOT EXISTS (:sub_query page = '22' AND posi = '14');
INSERT INTO p_recog_mst (:insert_field) SELECT '22', '15', E'特定地公体2仕様(DB V14以降)', '0' WHERE NOT EXISTS (:sub_query page = '22' AND posi = '15');
INSERT INTO p_recog_mst (:insert_field) SELECT '22', '16', E'特定QR読込1仕様(DB V1以降)', '0' WHERE NOT EXISTS (:sub_query page = '22' AND posi = '16');
INSERT INTO p_recog_mst (:insert_field) SELECT '23', '2', E'現金支払限定仕様(DB V14以降)', '0' WHERE NOT EXISTS (:sub_query page = '23' AND posi = '2');
INSERT INTO p_recog_mst (:insert_field) SELECT '23', '3', E'AIBOX連携仕様(DB V14以降)', '0' WHERE NOT EXISTS (:sub_query page = '23' AND posi = '3');
INSERT INTO p_recog_mst (:insert_field) SELECT '23', '6', E'特定SM74仕様(現在未使用)', '0' WHERE NOT EXISTS (:sub_query page = '23' AND posi = '6');
INSERT INTO p_recog_mst (:insert_field) SELECT '23', '7', E'駐車場QRコード印字仕様(DB V14以降)', '0' WHERE NOT EXISTS (:sub_query page = '23' AND posi = '7');
INSERT INTO p_recog_mst (:insert_field) SELECT '23', '10', E'特定OLC仕様(DB V1以降)', '0' WHERE NOT EXISTS (:sub_query page = '23' AND posi = '10');
INSERT INTO p_recog_mst (:insert_field) SELECT '23', '11', E'ｺｰﾄﾞ決済[QUIZ]仕様(DB V14以降)', '0' WHERE NOT EXISTS (:sub_query page = '23' AND posi = '11');
INSERT INTO p_recog_mst (:insert_field) SELECT '23', '13', E'Lane[JET-S]接続仕様(DB V14以降)', '0' WHERE NOT EXISTS (:sub_query page = '23' AND posi = '13');
COMMIT;
