
-- c_stropncls_set_mst, c_stropncls_sub_mst 

BEGIN;
TRUNCATE c_stropncls_set_mst;
TRUNCATE c_stropncls_sub_mst;

\set insert_field_set ' ins_datetime, upd_datetime, status, send_flg, upd_user, upd_system, stropncls_cd, stropncls_name, stropncls_dsp_cond, stropncls_inp_cond, stropncls_limit_max, stropncls_limit_min, stropncls_digits, stropncls_zero_typ, stropncls_btn_color, stropncls_info_comment, stropncls_info_pic'

\set insert_field_sub ' ins_datetime, upd_datetime, status, send_flg, upd_user, upd_system, stropncls_cd, stropncls_ordr, stropncls_data, stropncls_comment, stropncls_btn_color'

-- ins_datetime, upd_datetime, status, send_flg, upd_user, upd_system
\set cmn_set '\'now\', \'now\', \'0\', \'0\', \'999999\', \'2\''

\set sub_query_set 'SELECT * FROM c_stropncls_set_mst WHERE stropncls_cd '
\set sub_query_sub 'SELECT * FROM c_stropncls_sub_mst WHERE stropncls_cd '

---stre open

INSERT INTO c_stropncls_set_mst (:insert_field_set) SELECT :cmn_set, '1', E'開店準備自動化', '0', '1', '1', '0', '0', '0', '5', '', '0' WHERE NOT EXISTS (:sub_query_set = '1');
INSERT INTO c_stropncls_sub_mst (:insert_field_sub) SELECT :cmn_set, '1', '1', '0', E'しない', '5' WHERE NOT EXISTS (:sub_query_sub = '1' AND stropncls_ordr = '1');
INSERT INTO c_stropncls_sub_mst (:insert_field_sub) SELECT :cmn_set, '1', '2', '1', E'する', '5'  WHERE NOT EXISTS (:sub_query_sub = '1' AND stropncls_ordr = '2');

INSERT INTO c_stropncls_set_mst (:insert_field_set) SELECT :cmn_set, '100', E'開設処理実行の待ち時間（１～10分）\n 0:手動', '0', '0', '10', '0', '2', '0', '5', '', '0' WHERE NOT EXISTS (:sub_query_set = '100');

INSERT INTO c_stropncls_set_mst (:insert_field_set) SELECT :cmn_set, '200', E'開店時チェッカー従業員のログイン', '0', '1', '2', '0', '0', '0', '5', '', '0' WHERE NOT EXISTS (:sub_query_set = '200');
INSERT INTO c_stropncls_sub_mst (:insert_field_sub) SELECT :cmn_set, '200', '1', '0', E'しない', '5' WHERE NOT EXISTS (:sub_query_sub = '200' AND stropncls_ordr = '1');
INSERT INTO c_stropncls_sub_mst (:insert_field_sub) SELECT :cmn_set, '200', '2', '1', E'手動', '5'  WHERE NOT EXISTS (:sub_query_sub = '200' AND stropncls_ordr = '2');
INSERT INTO c_stropncls_sub_mst (:insert_field_sub) SELECT :cmn_set, '200', '3', '2', E'自動', '5'  WHERE NOT EXISTS (:sub_query_sub = '200' AND stropncls_ordr = '3');

INSERT INTO c_stropncls_set_mst (:insert_field_set) SELECT :cmn_set, '300', E'開店時キャッシャー従業員のログイン', '0', '1', '1', '0', '0', '0', '5', '', '0' WHERE NOT EXISTS (:sub_query_set = '300');
INSERT INTO c_stropncls_sub_mst (:insert_field_sub) SELECT :cmn_set, '300', '1', '0', E'手動', '5' WHERE NOT EXISTS (:sub_query_sub = '300' AND stropncls_ordr = '1');
INSERT INTO c_stropncls_sub_mst (:insert_field_sub) SELECT :cmn_set, '300', '2', '1', E'自動', '5'  WHERE NOT EXISTS (:sub_query_sub = '300' AND stropncls_ordr = '2');

INSERT INTO c_stropncls_set_mst (:insert_field_set) SELECT :cmn_set, '400', E'釣準備', '0', '1', '1', '0', '0', '0', '5', '', '0' WHERE NOT EXISTS (:sub_query_set = '400');
INSERT INTO c_stropncls_sub_mst (:insert_field_sub) SELECT :cmn_set, '400', '1', '0', E'しない', '5' WHERE NOT EXISTS (:sub_query_sub = '400' AND stropncls_ordr = '1');
INSERT INTO c_stropncls_sub_mst (:insert_field_sub) SELECT :cmn_set, '400', '2', '1', E'する', '5'  WHERE NOT EXISTS (:sub_query_sub = '400' AND stropncls_ordr = '2');

INSERT INTO c_stropncls_set_mst (:insert_field_set) SELECT :cmn_set, '500', E'釣機参照', '0', '1', '1', '0', '0', '0', '5', '', '0' WHERE NOT EXISTS (:sub_query_set = '500');
INSERT INTO c_stropncls_sub_mst (:insert_field_sub) SELECT :cmn_set, '500', '1', '0', E'しない', '5' WHERE NOT EXISTS (:sub_query_sub = '500' AND stropncls_ordr = '1');
INSERT INTO c_stropncls_sub_mst (:insert_field_sub) SELECT :cmn_set, '500', '2', '1', E'する', '5'  WHERE NOT EXISTS (:sub_query_sub = '500' AND stropncls_ordr = '2');

INSERT INTO c_stropncls_set_mst (:insert_field_set) SELECT :cmn_set, '600', E'開店差異チェック', '1', '1', '2', '0', '0', '0', '5', '', '0' WHERE NOT EXISTS (:sub_query_set = '600');
INSERT INTO c_stropncls_sub_mst (:insert_field_sub) SELECT :cmn_set, '600', '1', '0', E'しない', '5' WHERE NOT EXISTS (:sub_query_sub = '600' AND stropncls_ordr = '1');
INSERT INTO c_stropncls_sub_mst (:insert_field_sub) SELECT :cmn_set, '600', '2', '1', E'手動', '5'  WHERE NOT EXISTS (:sub_query_sub = '600' AND stropncls_ordr = '2');
INSERT INTO c_stropncls_sub_mst (:insert_field_sub) SELECT :cmn_set, '600', '3', '2', E'ドロア過不足なし時自動', '5'  WHERE NOT EXISTS (:sub_query_sub = '600' AND stropncls_ordr = '3');
INSERT INTO c_stropncls_sub_mst (:insert_field_sub) SELECT :cmn_set, '600', '4', '3', E'自動', '5'  WHERE NOT EXISTS (:sub_query_sub = '600' AND stropncls_ordr = '4');

INSERT INTO c_stropncls_set_mst (:insert_field_set) SELECT :cmn_set, '700', E'開店差異チェックレポート印字', '1', '1', '2', '0', '0', '0', '5', '', '0' WHERE NOT EXISTS (:sub_query_set = '700');
INSERT INTO c_stropncls_sub_mst (:insert_field_sub) SELECT :cmn_set, '700', '1', '0', E'しない', '5' WHERE NOT EXISTS (:sub_query_sub = '700' AND stropncls_ordr = '1');
INSERT INTO c_stropncls_sub_mst (:insert_field_sub) SELECT :cmn_set, '700', '2', '1', E'する', '5'  WHERE NOT EXISTS (:sub_query_sub = '700' AND stropncls_ordr = '2');
INSERT INTO c_stropncls_sub_mst (:insert_field_sub) SELECT :cmn_set, '700', '3', '2', E'過不足あり時のみ', '5'  WHERE NOT EXISTS (:sub_query_sub = '700' AND stropncls_ordr = '3');

---stre close
INSERT INTO c_stropncls_set_mst (:insert_field_set) SELECT :cmn_set, '800', E'精算業務', '0', '1', '1', '0', '0', '0', '5', '', '0' WHERE NOT EXISTS (:sub_query_set = '800');
INSERT INTO c_stropncls_sub_mst (:insert_field_sub) SELECT :cmn_set, '800', '1', '0', E'しない', '5' WHERE NOT EXISTS (:sub_query_sub = '800' AND stropncls_ordr = '1');
INSERT INTO c_stropncls_sub_mst (:insert_field_sub) SELECT :cmn_set, '800', '2', '1', E'する', '5'  WHERE NOT EXISTS (:sub_query_sub = '800' AND stropncls_ordr = '2');

INSERT INTO c_stropncls_set_mst (:insert_field_set) SELECT :cmn_set, '810', E'アシストモニター精算業務指示ダイアログ表示時間\n（0～99分）(0:即時実行）', '0', '0', '99', '0', '2', '0', '5', '', '0' WHERE NOT EXISTS (:sub_query_set = '810');

INSERT INTO c_stropncls_set_mst (:insert_field_set) SELECT :cmn_set, '900', E'精算単体実行', '0', '1', '1', '0', '0', '0', '5', '', '0' WHERE NOT EXISTS (:sub_query_set = '900');
INSERT INTO c_stropncls_sub_mst (:insert_field_sub) SELECT :cmn_set, '900', '1', '0', E'しない', '5' WHERE NOT EXISTS (:sub_query_sub = '900' AND stropncls_ordr = '1');
INSERT INTO c_stropncls_sub_mst (:insert_field_sub) SELECT :cmn_set, '900', '2', '1', E'する', '5'  WHERE NOT EXISTS (:sub_query_sub = '900' AND stropncls_ordr = '2');

INSERT INTO c_stropncls_set_mst (:insert_field_set) SELECT :cmn_set, '1000', E'精算業務ボタン押下時パスワード入力', '0', '1', '1', '0', '0', '0', '5', '', '0' WHERE NOT EXISTS (:sub_query_set = '1000');
INSERT INTO c_stropncls_sub_mst (:insert_field_sub) SELECT :cmn_set, '1000', '1', '0', E'しない', '5' WHERE NOT EXISTS (:sub_query_sub = '1000' AND stropncls_ordr = '1');
INSERT INTO c_stropncls_sub_mst (:insert_field_sub) SELECT :cmn_set, '1000', '2', '1', E'する', '5'  WHERE NOT EXISTS (:sub_query_sub = '1000' AND stropncls_ordr = '2');

INSERT INTO c_stropncls_set_mst (:insert_field_set) SELECT :cmn_set, '1100', E'在高確定時の釣機再精査(ECS接続時のみ)', '0', '1', '1', '0', '0', '0', '5', '', '0' WHERE NOT EXISTS (:sub_query_set = '1100');
INSERT INTO c_stropncls_sub_mst (:insert_field_sub) SELECT :cmn_set, '1100', '1', '0', E'しない', '5' WHERE NOT EXISTS (:sub_query_sub = '1100' AND stropncls_ordr = '1');
INSERT INTO c_stropncls_sub_mst (:insert_field_sub) SELECT :cmn_set, '1100', '2', '1', E'する', '5'  WHERE NOT EXISTS (:sub_query_sub = '1100' AND stropncls_ordr = '2');

INSERT INTO c_stropncls_set_mst (:insert_field_set) SELECT :cmn_set, '1200', E'釣機再精査レポート印字', '0', '1', '2', '0', '0', '0', '5', '', '0' WHERE NOT EXISTS (:sub_query_set = '1200');
INSERT INTO c_stropncls_sub_mst (:insert_field_sub) SELECT :cmn_set, '1200', '1', '0', E'しない', '5' WHERE NOT EXISTS (:sub_query_sub = '1200' AND stropncls_ordr = '1');
INSERT INTO c_stropncls_sub_mst (:insert_field_sub) SELECT :cmn_set, '1200', '2', '1', E'する', '5'  WHERE NOT EXISTS (:sub_query_sub = '1200' AND stropncls_ordr = '2');
INSERT INTO c_stropncls_sub_mst (:insert_field_sub) SELECT :cmn_set, '1200', '3', '2', E'変動あり時のみ', '5'  WHERE NOT EXISTS (:sub_query_sub = '1200' AND stropncls_ordr = '3');

INSERT INTO c_stropncls_set_mst (:insert_field_set) SELECT :cmn_set, '1250', E'RT-300釣機在高不確定解除処理', '0', '1', '1', '0', '0', '0', '5', '', '0' WHERE NOT EXISTS (:sub_query_set = '1250');
INSERT INTO c_stropncls_sub_mst (:insert_field_sub) SELECT :cmn_set, '1250', '1', '0', E'しない', '5' WHERE NOT EXISTS (:sub_query_sub = '1250' AND stropncls_ordr = '1');
INSERT INTO c_stropncls_sub_mst (:insert_field_sub) SELECT :cmn_set, '1250', '2', '1', E'する', '5'  WHERE NOT EXISTS (:sub_query_sub = '1250' AND stropncls_ordr = '2');

INSERT INTO c_stropncls_set_mst (:insert_field_set) SELECT :cmn_set, '1300', E'精算前予約レポート印字', '0', '1', '2', '0', '0', '0', '5', '', '0' WHERE NOT EXISTS (:sub_query_set = '1300');
INSERT INTO c_stropncls_sub_mst (:insert_field_sub) SELECT :cmn_set, '1300', '1', '0', E'しない', '5' WHERE NOT EXISTS (:sub_query_sub = '1300' AND stropncls_ordr = '1');
INSERT INTO c_stropncls_sub_mst (:insert_field_sub) SELECT :cmn_set, '1300', '2', '1', E'選択番号のみ', '5'  WHERE NOT EXISTS (:sub_query_sub = '1300' AND stropncls_ordr = '2');
INSERT INTO c_stropncls_sub_mst (:insert_field_sub) SELECT :cmn_set, '1300', '3', '2', E'全選択', '5'  WHERE NOT EXISTS (:sub_query_sub = '1300' AND stropncls_ordr = '3');

INSERT INTO c_stropncls_set_mst (:insert_field_set) SELECT :cmn_set, '1400', E'精算前出力予約レポート１', '0', '0', '9999', '0', '4', '0', '5', '', '0' WHERE NOT EXISTS (:sub_query_set = '1400');

INSERT INTO c_stropncls_set_mst (:insert_field_set) SELECT :cmn_set, '1500', E'精算前出力予約レポート２', '0', '0', '9999', '0', '4', '0', '5', '', '0' WHERE NOT EXISTS (:sub_query_set = '1500');

INSERT INTO c_stropncls_set_mst (:insert_field_set) SELECT :cmn_set, '1600', E'精算前出力予約レポート３', '0', '0', '9999', '0', '4', '0', '5', '', '0' WHERE NOT EXISTS (:sub_query_set = '1600');

INSERT INTO c_stropncls_set_mst (:insert_field_set) SELECT :cmn_set, '1700', E'精算前出力予約レポート４', '0', '0', '9999', '0', '4', '0', '5', '', '0' WHERE NOT EXISTS (:sub_query_set = '1700');

INSERT INTO c_stropncls_set_mst (:insert_field_set) SELECT :cmn_set, '1800', E'精算前出力予約レポート５', '0', '0', '9999', '0', '4', '0', '5', '', '0' WHERE NOT EXISTS (:sub_query_set = '1800');

INSERT INTO c_stropncls_set_mst (:insert_field_set) SELECT :cmn_set, '1900', E'精算前出力予約レポート６', '0', '0', '9999', '0', '4', '0', '5', '', '0' WHERE NOT EXISTS (:sub_query_set = '1900');

INSERT INTO c_stropncls_set_mst (:insert_field_set) SELECT :cmn_set, '2000', E'精算前出力予約レポート７', '0', '0', '9999', '0', '4', '0', '5', '', '0' WHERE NOT EXISTS (:sub_query_set = '2000');

INSERT INTO c_stropncls_set_mst (:insert_field_set) SELECT :cmn_set, '2100', E'精算前出力予約レポート８', '0', '0', '9999', '0', '4', '0', '5', '', '0' WHERE NOT EXISTS (:sub_query_set = '2100');

INSERT INTO c_stropncls_set_mst (:insert_field_set) SELECT :cmn_set, '2200', E'精算前出力予約レポート９', '0', '0', '9999', '0', '4', '0', '5', '', '0' WHERE NOT EXISTS (:sub_query_set = '2200');

INSERT INTO c_stropncls_set_mst (:insert_field_set) SELECT :cmn_set, '2300', E'精算前予約レポート自動発行', '0', '1', '1', '0', '0', '0', '5', '', '0' WHERE NOT EXISTS (:sub_query_set = '2300');
INSERT INTO c_stropncls_sub_mst (:insert_field_sub) SELECT :cmn_set, '2300', '1', '0', E'しない', '5' WHERE NOT EXISTS (:sub_query_sub = '2300' AND stropncls_ordr = '1');
INSERT INTO c_stropncls_sub_mst (:insert_field_sub) SELECT :cmn_set, '2300', '2', '1', E'する', '5'  WHERE NOT EXISTS (:sub_query_sub = '2300' AND stropncls_ordr = '2');

INSERT INTO c_stropncls_set_mst (:insert_field_set) SELECT :cmn_set, '2350', E'精算時キャッシャー従業員のログイン', '0', '1', '1', '0', '0', '0', '5', '', '0' WHERE NOT EXISTS (:sub_query_set = '2350');
INSERT INTO c_stropncls_sub_mst (:insert_field_sub) SELECT :cmn_set, '2350', '1', '0', E'手動', '5' WHERE NOT EXISTS (:sub_query_sub = '2350' AND stropncls_ordr = '1');
INSERT INTO c_stropncls_sub_mst (:insert_field_sub) SELECT :cmn_set, '2350', '2', '1', E'自動', '5'  WHERE NOT EXISTS (:sub_query_sub = '2350' AND stropncls_ordr = '2');

INSERT INTO c_stropncls_set_mst (:insert_field_set) SELECT :cmn_set, '2370', E'ｵｰﾊﾞｰﾌﾛｰ庫ﾒﾝﾃﾅﾝｽ', '0', '1', '1', '0', '0', '0', '5', '', '0' WHERE NOT EXISTS (:sub_query_set = '2370');
INSERT INTO c_stropncls_sub_mst (:insert_field_sub) SELECT :cmn_set, '2370', '1', '0', E'しない', '5' WHERE NOT EXISTS (:sub_query_sub = '2370' AND stropncls_ordr = '1');
INSERT INTO c_stropncls_sub_mst (:insert_field_sub) SELECT :cmn_set, '2370', '2', '1', E'する', '5'  WHERE NOT EXISTS (:sub_query_sub = '2370' AND stropncls_ordr = '2');

INSERT INTO c_stropncls_set_mst (:insert_field_set) SELECT :cmn_set, '2371', E'ｵｰﾊﾞｰﾌﾛｰ庫ﾒﾝﾃﾅﾝｽ印字', '0', '1', '1', '0', '0', '0', '5', '', '0' WHERE NOT EXISTS (:sub_query_set = '2371');
INSERT INTO c_stropncls_sub_mst (:insert_field_sub) SELECT :cmn_set, '2371', '1', '0', E'しない', '5' WHERE NOT EXISTS (:sub_query_sub = '2371' AND stropncls_ordr = '1');
INSERT INTO c_stropncls_sub_mst (:insert_field_sub) SELECT :cmn_set, '2371', '2', '1', E'する', '5'  WHERE NOT EXISTS (:sub_query_sub = '2371' AND stropncls_ordr = '2');

INSERT INTO c_stropncls_set_mst (:insert_field_set) SELECT :cmn_set, '2372', E'ｵｰﾊﾞｰﾌﾛｰ庫硬貨が釣銭機に収納可能な場合は補充', '0', '1', '1', '0', '0', '0', '5', '', '0' WHERE NOT EXISTS (:sub_query_set = '2372');
INSERT INTO c_stropncls_sub_mst (:insert_field_sub) SELECT :cmn_set, '2372', '1', '0', E'しない', '5' WHERE NOT EXISTS (:sub_query_sub = '2372' AND stropncls_ordr = '1');
INSERT INTO c_stropncls_sub_mst (:insert_field_sub) SELECT :cmn_set, '2372', '2', '1', E'する', '5'  WHERE NOT EXISTS (:sub_query_sub = '2372' AND stropncls_ordr = '2');

INSERT INTO c_stropncls_set_mst (:insert_field_set) SELECT :cmn_set, '2400', E'精算差異チェック', '0', '1', '2', '0', '0', '0', '5', '', '0' WHERE NOT EXISTS (:sub_query_set = '2400');
INSERT INTO c_stropncls_sub_mst (:insert_field_sub) SELECT :cmn_set, '2400', '1', '0', E'しない', '5' WHERE NOT EXISTS (:sub_query_sub = '2400' AND stropncls_ordr = '1');
INSERT INTO c_stropncls_sub_mst (:insert_field_sub) SELECT :cmn_set, '2400', '2', '1', E'手動', '5'  WHERE NOT EXISTS (:sub_query_sub = '2400' AND stropncls_ordr = '2');
INSERT INTO c_stropncls_sub_mst (:insert_field_sub) SELECT :cmn_set, '2400', '3', '2', E'ドロア過不足なし時自動', '5'  WHERE NOT EXISTS (:sub_query_sub = '2400' AND stropncls_ordr = '3');
INSERT INTO c_stropncls_sub_mst (:insert_field_sub) SELECT :cmn_set, '2400', '4', '3', E'自動', '5'  WHERE NOT EXISTS (:sub_query_sub = '2400' AND stropncls_ordr = '4');

INSERT INTO c_stropncls_set_mst (:insert_field_set) SELECT :cmn_set, '2500', E'精算差異チェックレポート印字', '0', '1', '2', '0', '0', '0', '5', '', '0' WHERE NOT EXISTS (:sub_query_set = '2500');
INSERT INTO c_stropncls_sub_mst (:insert_field_sub) SELECT :cmn_set, '2500', '1', '0', E'しない', '5' WHERE NOT EXISTS (:sub_query_sub = '2500' AND stropncls_ordr = '1');
INSERT INTO c_stropncls_sub_mst (:insert_field_sub) SELECT :cmn_set, '2500', '2', '1', E'する', '5'  WHERE NOT EXISTS (:sub_query_sub = '2500' AND stropncls_ordr = '2');
INSERT INTO c_stropncls_sub_mst (:insert_field_sub) SELECT :cmn_set, '2500', '3', '2', E'過不足あり時のみ', '5'  WHERE NOT EXISTS (:sub_query_sub = '2500' AND stropncls_ordr = '3');

INSERT INTO c_stropncls_set_mst (:insert_field_set) SELECT :cmn_set, '2600', E'売上回収', '0', '1', '1', '0', '0', '0', '5', '', '0' WHERE NOT EXISTS (:sub_query_set = '2600');
INSERT INTO c_stropncls_sub_mst (:insert_field_sub) SELECT :cmn_set, '2600', '1', '0', E'しない', '5' WHERE NOT EXISTS (:sub_query_sub = '2600' AND stropncls_ordr = '1');
INSERT INTO c_stropncls_sub_mst (:insert_field_sub) SELECT :cmn_set, '2600', '2', '1', E'する', '5'  WHERE NOT EXISTS (:sub_query_sub = '2600' AND stropncls_ordr = '2');

INSERT INTO c_stropncls_set_mst (:insert_field_set) SELECT :cmn_set, '2700', E'差異チェックから売上回収に引継ぐデータ（ドロア紙幣）', '0', '1', '2', '0', '0', '0', '5', '', '0' WHERE NOT EXISTS (:sub_query_set = '2700');
INSERT INTO c_stropncls_sub_mst (:insert_field_sub) SELECT :cmn_set, '2700', '1', '0', E'反映しない', '5' WHERE NOT EXISTS (:sub_query_sub = '2700' AND stropncls_ordr = '1');
INSERT INTO c_stropncls_sub_mst (:insert_field_sub) SELECT :cmn_set, '2700', '2', '1', E'反映する', '5'  WHERE NOT EXISTS (:sub_query_sub = '2700' AND stropncls_ordr = '2');
INSERT INTO c_stropncls_sub_mst (:insert_field_sub) SELECT :cmn_set, '2700', '3', '2', E'万券のみ', '5'  WHERE NOT EXISTS (:sub_query_sub = '2700' AND stropncls_ordr = '3');

INSERT INTO c_stropncls_set_mst (:insert_field_set) SELECT :cmn_set, '2800', E'差異チェックから売上回収に引継ぐデータ（ドロア硬貨）', '0', '1', '1', '0', '0', '0', '5', '', '0' WHERE NOT EXISTS (:sub_query_set = '2800');
INSERT INTO c_stropncls_sub_mst (:insert_field_sub) SELECT :cmn_set, '2800', '1', '0', E'反映しない', '5' WHERE NOT EXISTS (:sub_query_sub = '2800' AND stropncls_ordr = '1');
INSERT INTO c_stropncls_sub_mst (:insert_field_sub) SELECT :cmn_set, '2800', '2', '1', E'反映する', '5'  WHERE NOT EXISTS (:sub_query_sub = '2800' AND stropncls_ordr = '2');

INSERT INTO c_stropncls_set_mst (:insert_field_set) SELECT :cmn_set, '2900', E'差異チェックから売上回収に引継ぐデータ（品券／会計）', '0', '1', '1', '0', '0', '0', '5', '', '0' WHERE NOT EXISTS (:sub_query_set = '2900');
INSERT INTO c_stropncls_sub_mst (:insert_field_sub) SELECT :cmn_set, '2900', '1', '0', E'反映しない', '5' WHERE NOT EXISTS (:sub_query_sub = '2900' AND stropncls_ordr = '1');
INSERT INTO c_stropncls_sub_mst (:insert_field_sub) SELECT :cmn_set, '2900', '2', '1', E'反映する', '5'  WHERE NOT EXISTS (:sub_query_sub = '2900' AND stropncls_ordr = '2');

INSERT INTO c_stropncls_set_mst (:insert_field_set) SELECT :cmn_set, '3000', E'差異チェックから売上回収に引継ぐデータ（釣機紙幣）', '0', '1', '2', '0', '0', '0', '5', '', '0' WHERE NOT EXISTS (:sub_query_set = '3000');
INSERT INTO c_stropncls_sub_mst (:insert_field_sub) SELECT :cmn_set, '3000', '1', '0', E'反映しない', '5' WHERE NOT EXISTS (:sub_query_sub = '3000' AND stropncls_ordr = '1');
INSERT INTO c_stropncls_sub_mst (:insert_field_sub) SELECT :cmn_set, '3000', '2', '1', E'反映する', '5'  WHERE NOT EXISTS (:sub_query_sub = '3000' AND stropncls_ordr = '2');
INSERT INTO c_stropncls_sub_mst (:insert_field_sub) SELECT :cmn_set, '3000', '3', '2', E'万券のみ', '5'  WHERE NOT EXISTS (:sub_query_sub = '3000' AND stropncls_ordr = '3');

INSERT INTO c_stropncls_set_mst (:insert_field_set) SELECT :cmn_set, '3100', E'差異チェックから売上回収に引継ぐデータ（釣機硬貨）', '0', '1', '1', '0', '0', '0', '5', '', '0' WHERE NOT EXISTS (:sub_query_set = '3100');
INSERT INTO c_stropncls_sub_mst (:insert_field_sub) SELECT :cmn_set, '3100', '1', '0', E'反映しない', '5' WHERE NOT EXISTS (:sub_query_sub = '3100' AND stropncls_ordr = '1');
INSERT INTO c_stropncls_sub_mst (:insert_field_sub) SELECT :cmn_set, '3100', '2', '1', E'反映する', '5'  WHERE NOT EXISTS (:sub_query_sub = '3100' AND stropncls_ordr = '2');

INSERT INTO c_stropncls_set_mst (:insert_field_set) SELECT :cmn_set, '3150', E'従業員精算処理', '0', '1', '1', '0', '0', '0', '5', '', '0' WHERE NOT EXISTS (:sub_query_set = '3150');
INSERT INTO c_stropncls_sub_mst (:insert_field_sub) SELECT :cmn_set, '3150', '1', '0', E'しない', '5' WHERE NOT EXISTS (:sub_query_sub = '3150' AND stropncls_ordr = '1');
INSERT INTO c_stropncls_sub_mst (:insert_field_sub) SELECT :cmn_set, '3150', '2', '1', E'する', '5'  WHERE NOT EXISTS (:sub_query_sub = '3150' AND stropncls_ordr = '2');

INSERT INTO c_stropncls_set_mst (:insert_field_set) SELECT :cmn_set, '3200', E'差異チェックデータ引継ぐ時売上回収自動実行', '0', '1', '1', '0', '0', '0', '5', '', '0' WHERE NOT EXISTS (:sub_query_set = '3200');
INSERT INTO c_stropncls_sub_mst (:insert_field_sub) SELECT :cmn_set, '3200', '1', '0', E'しない', '5' WHERE NOT EXISTS (:sub_query_sub = '3200' AND stropncls_ordr = '1');
INSERT INTO c_stropncls_sub_mst (:insert_field_sub) SELECT :cmn_set, '3200', '2', '1', E'する', '5'  WHERE NOT EXISTS (:sub_query_sub = '3200' AND stropncls_ordr = '2');

INSERT INTO c_stropncls_set_mst (:insert_field_set) SELECT :cmn_set, '3300', E'売上回収レポート印字', '0', '1', '1', '0', '0', '0', '5', '', '0' WHERE NOT EXISTS (:sub_query_set = '3300');
INSERT INTO c_stropncls_sub_mst (:insert_field_sub) SELECT :cmn_set, '3300', '1', '0', E'しない', '5' WHERE NOT EXISTS (:sub_query_sub = '3300' AND stropncls_ordr = '1');
INSERT INTO c_stropncls_sub_mst (:insert_field_sub) SELECT :cmn_set, '3300', '2', '1', E'する', '5'  WHERE NOT EXISTS (:sub_query_sub = '3300' AND stropncls_ordr = '2');

INSERT INTO c_stropncls_set_mst (:insert_field_set) SELECT :cmn_set, '3400', E'上位サーバー接続時キャッシュリサイクル実行', '1', '1', '1', '0', '0', '0', '5', '', '0' WHERE NOT EXISTS (:sub_query_set = '3400');
INSERT INTO c_stropncls_sub_mst (:insert_field_sub) SELECT :cmn_set, '3400', '1', '0', E'しない', '5' WHERE NOT EXISTS (:sub_query_sub = '3400' AND stropncls_ordr = '1');
INSERT INTO c_stropncls_sub_mst (:insert_field_sub) SELECT :cmn_set, '3400', '2', '1', E'する', '5'  WHERE NOT EXISTS (:sub_query_sub = '3400' AND stropncls_ordr = '2');

INSERT INTO c_stropncls_set_mst (:insert_field_set) SELECT :cmn_set, '3500', E'釣機回収', '0', '1', '2', '0', '0', '0', '5', '', '0' WHERE NOT EXISTS (:sub_query_set = '3500');
INSERT INTO c_stropncls_sub_mst (:insert_field_sub) SELECT :cmn_set, '3500', '1', '0', E'しない', '5' WHERE NOT EXISTS (:sub_query_sub = '3500' AND stropncls_ordr = '1');
INSERT INTO c_stropncls_sub_mst (:insert_field_sub) SELECT :cmn_set, '3500', '2', '1', E'自動選択(残置回収)', '5'  WHERE NOT EXISTS (:sub_query_sub = '3500' AND stropncls_ordr = '2');
INSERT INTO c_stropncls_sub_mst (:insert_field_sub) SELECT :cmn_set, '3500', '3', '2', E'手動選択(複数回可)', '5'  WHERE NOT EXISTS (:sub_query_sub = '3500' AND stropncls_ordr = '3');
INSERT INTO c_stropncls_sub_mst (:insert_field_sub) SELECT :cmn_set, '3500', '4', '3', E'自動選択(全回収)', '5'  WHERE NOT EXISTS (:sub_query_sub = '3500' AND stropncls_ordr = '4');
INSERT INTO c_stropncls_sub_mst (:insert_field_sub) SELECT :cmn_set, '3500', '5', '4', E'する(複数回可)', '5'  WHERE NOT EXISTS (:sub_query_sub = '3500' AND stropncls_ordr = '5');

INSERT INTO c_stropncls_set_mst (:insert_field_set) SELECT :cmn_set, '3550', E'釣機回収スキップ操作', '0', '1', '1', '0', '0', '0', '5', '', '0' WHERE NOT EXISTS (:sub_query_set = '3550');
INSERT INTO c_stropncls_sub_mst (:insert_field_sub) SELECT :cmn_set, '3550', '1', '0', E'可能', '5' WHERE NOT EXISTS (:sub_query_sub = '3550' AND stropncls_ordr = '1');
INSERT INTO c_stropncls_sub_mst (:insert_field_sub) SELECT :cmn_set, '3550', '2', '1', E'禁止', '5'  WHERE NOT EXISTS (:sub_query_sub = '3550' AND stropncls_ordr = '2');

INSERT INTO c_stropncls_set_mst (:insert_field_set) SELECT :cmn_set, '3600', E'釣機回収レポート印字', '0', '1', '1', '0', '0', '0', '5', '', '0' WHERE NOT EXISTS (:sub_query_set = '3600');
INSERT INTO c_stropncls_sub_mst (:insert_field_sub) SELECT :cmn_set, '3600', '1', '0', E'しない', '5' WHERE NOT EXISTS (:sub_query_sub = '3600' AND stropncls_ordr = '1');
INSERT INTO c_stropncls_sub_mst (:insert_field_sub) SELECT :cmn_set, '3600', '2', '1', E'する', '5'  WHERE NOT EXISTS (:sub_query_sub = '3600' AND stropncls_ordr = '2');

INSERT INTO c_stropncls_set_mst (:insert_field_set) SELECT :cmn_set, '3650', E'釣機回収硬貨搬送先', '0', '1', '1', '0', '0', '0', '5', '', '0' WHERE NOT EXISTS (:sub_query_set = '3650');
INSERT INTO c_stropncls_sub_mst (:insert_field_sub) SELECT :cmn_set, '3650', '1', '0', E'出金口', '5' WHERE NOT EXISTS (:sub_query_sub = '3650' AND stropncls_ordr = '1');
INSERT INTO c_stropncls_sub_mst (:insert_field_sub) SELECT :cmn_set, '3650', '2', '1', E'ｵｰﾊﾞｰﾌﾛｰ庫', '5'  WHERE NOT EXISTS (:sub_query_sub = '3650' AND stropncls_ordr = '2');

INSERT INTO c_stropncls_set_mst (:insert_field_set) SELECT :cmn_set, '3700', E'精算後予約レポート印字', '0', '1', '2', '0', '0', '0', '5', '', '0' WHERE NOT EXISTS (:sub_query_set = '3700');
INSERT INTO c_stropncls_sub_mst (:insert_field_sub) SELECT :cmn_set, '3700', '1', '0', E'しない', '5' WHERE NOT EXISTS (:sub_query_sub = '3700' AND stropncls_ordr = '1');
INSERT INTO c_stropncls_sub_mst (:insert_field_sub) SELECT :cmn_set, '3700', '2', '1', E'選択番号のみ', '5'  WHERE NOT EXISTS (:sub_query_sub = '3700' AND stropncls_ordr = '2');
INSERT INTO c_stropncls_sub_mst (:insert_field_sub) SELECT :cmn_set, '3700', '3', '2', E'全選択', '5'  WHERE NOT EXISTS (:sub_query_sub = '3700' AND stropncls_ordr = '3');

INSERT INTO c_stropncls_set_mst (:insert_field_set) SELECT :cmn_set, '3800', E'精算後出力予約レポート１', '0', '0', '9999', '0', '4', '0', '5', '', '0' WHERE NOT EXISTS (:sub_query_set = '3800');

INSERT INTO c_stropncls_set_mst (:insert_field_set) SELECT :cmn_set, '3900', E'精算後出力予約レポート２', '0', '0', '9999', '0', '4', '0', '5', '', '0' WHERE NOT EXISTS (:sub_query_set = '3900');

INSERT INTO c_stropncls_set_mst (:insert_field_set) SELECT :cmn_set, '4000', E'精算後出力予約レポート３', '0', '0', '9999', '0', '4', '0', '5', '', '0' WHERE NOT EXISTS (:sub_query_set = '4000');

INSERT INTO c_stropncls_set_mst (:insert_field_set) SELECT :cmn_set, '4100', E'精算後出力予約レポート４', '0', '0', '9999', '0', '4', '0', '5', '', '0' WHERE NOT EXISTS (:sub_query_set = '4100');

INSERT INTO c_stropncls_set_mst (:insert_field_set) SELECT :cmn_set, '4200', E'精算後出力予約レポート５', '0', '0', '9999', '0', '4', '0', '5', '', '0' WHERE NOT EXISTS (:sub_query_set = '4200');

INSERT INTO c_stropncls_set_mst (:insert_field_set) SELECT :cmn_set, '4300', E'精算後出力予約レポート６', '0', '0', '9999', '0', '4', '0', '5', '', '0' WHERE NOT EXISTS (:sub_query_set = '4300');

INSERT INTO c_stropncls_set_mst (:insert_field_set) SELECT :cmn_set, '4400', E'精算後出力予約レポート７', '0', '0', '9999', '0', '4', '0', '5', '', '0' WHERE NOT EXISTS (:sub_query_set = '4400');

INSERT INTO c_stropncls_set_mst (:insert_field_set) SELECT :cmn_set, '4500', E'精算後出力予約レポート８', '0', '0', '9999', '0', '4', '0', '5', '', '0' WHERE NOT EXISTS (:sub_query_set = '4500');

INSERT INTO c_stropncls_set_mst (:insert_field_set) SELECT :cmn_set, '4600', E'精算後出力予約レポート９', '0', '0', '9999', '0', '4', '0', '5', '', '0' WHERE NOT EXISTS (:sub_query_set = '4600');

INSERT INTO c_stropncls_set_mst (:insert_field_set) SELECT :cmn_set, '4700', E'精算後予約レポート自動発行', '0', '1', '1', '0', '0', '0', '5', '', '0' WHERE NOT EXISTS (:sub_query_set = '4700');
INSERT INTO c_stropncls_sub_mst (:insert_field_sub) SELECT :cmn_set, '4700', '1', '0', E'しない', '5' WHERE NOT EXISTS (:sub_query_sub = '4700' AND stropncls_ordr = '1');
INSERT INTO c_stropncls_sub_mst (:insert_field_sub) SELECT :cmn_set, '4700', '2', '1', E'する', '5'  WHERE NOT EXISTS (:sub_query_sub = '4700' AND stropncls_ordr = '2');

INSERT INTO c_stropncls_set_mst (:insert_field_set) SELECT :cmn_set, '4800', E'閉設時精算レポート出力', '1', '1', '1', '0', '0', '0', '5', '', '0' WHERE NOT EXISTS (:sub_query_set = '4900');
INSERT INTO c_stropncls_sub_mst (:insert_field_sub) SELECT :cmn_set, '4800', '1', '0', E'しない', '5' WHERE NOT EXISTS (:sub_query_sub = '4800' AND stropncls_ordr = '1');
INSERT INTO c_stropncls_sub_mst (:insert_field_sub) SELECT :cmn_set, '4800', '2', '1', E'する', '5'  WHERE NOT EXISTS (:sub_query_sub = '4800' AND stropncls_ordr = '2');

INSERT INTO c_stropncls_set_mst (:insert_field_set) SELECT :cmn_set, '4900', E'閉設処理実行の待ち時間（１～10分）\n 0:閉設処理行わない', '0', '0', '10', '0', '2', '0', '5', '', '0' WHERE NOT EXISTS (:sub_query_set = '4900');

INSERT INTO c_stropncls_set_mst (:insert_field_set) SELECT :cmn_set, '5000', E'閉設処理実行時間', '0', '1', '1', '0', '0', '0', '5', '', '0' WHERE NOT EXISTS (:sub_query_set = '5000');
INSERT INTO c_stropncls_sub_mst (:insert_field_sub) SELECT :cmn_set, '5000', '1', '0', E'待ち時間', '5' WHERE NOT EXISTS (:sub_query_sub = '5000' AND stropncls_ordr = '1');
INSERT INTO c_stropncls_sub_mst (:insert_field_sub) SELECT :cmn_set, '5000', '2', '1', E'指定時刻', '5'  WHERE NOT EXISTS (:sub_query_sub = '5000' AND stropncls_ordr = '2');




--強制閉設
INSERT INTO c_stropncls_set_mst (:insert_field_set) SELECT :cmn_set, '10000', E'開閉設手動操作', '0', '1', '1', '0', '0', '0', '5', '', '0' WHERE NOT EXISTS (:sub_query_set = '10000');
INSERT INTO c_stropncls_sub_mst (:insert_field_sub) SELECT :cmn_set, '10000', '1', '0', E'許可', '5' WHERE NOT EXISTS (:sub_query_sub = '10000' AND stropncls_ordr = '1');
INSERT INTO c_stropncls_sub_mst (:insert_field_sub) SELECT :cmn_set, '10000', '2', '1', E'禁止', '5'  WHERE NOT EXISTS (:sub_query_sub = '10000' AND stropncls_ordr = '2');


INSERT INTO c_stropncls_set_mst (:insert_field_set) SELECT :cmn_set, '20000', E'強制閉設ダイアログ表示時間（１～99分）', '0', '0', '99', '1', '2', '0', '5', '', '0' WHERE NOT EXISTS (:sub_query_set = '20000');

INSERT INTO c_stropncls_set_mst (:insert_field_set) SELECT :cmn_set, '21000', E'強制閉設複数回実行', '0', '1', '1', '0', '0', '0', '5', '', '0' WHERE NOT EXISTS (:sub_query_set = '21000');
INSERT INTO c_stropncls_sub_mst (:insert_field_sub) SELECT :cmn_set, '21000', '1', '0', E'禁止', '5' WHERE NOT EXISTS (:sub_query_sub = '21000' AND stropncls_ordr = '1');
INSERT INTO c_stropncls_sub_mst (:insert_field_sub) SELECT :cmn_set, '21000', '2', '1', E'許可', '5'  WHERE NOT EXISTS (:sub_query_sub = '21000' AND stropncls_ordr = '2');


COMMIT;
