BEGIN;
TRUNCATE c_set_tbl_name_mst;

\set insert_field 'set_tbl_name,  disp_name'
\set sub_query 'SELECT set_tbl_name FROM c_set_tbl_name_mst WHERE '

INSERT INTO c_set_tbl_name_mst (:insert_field) SELECT E'TmpRegsData', E'登録ﾃﾞｰﾀ' WHERE NOT EXISTS (:sub_query set_tbl_name = 'TmpRegsData');
INSERT INTO c_set_tbl_name_mst (:insert_field) SELECT E'add_parts.ini', E'登録画面の表示設定ﾌｧｲﾙ' WHERE NOT EXISTS (:sub_query set_tbl_name = 'add_parts.ini');
INSERT INTO c_set_tbl_name_mst (:insert_field) SELECT E'all_refund_reason.bmp', E'呼出返品理由欄' WHERE NOT EXISTS (:sub_query set_tbl_name = 'all_refund_reason.bmp');
INSERT INTO c_set_tbl_name_mst (:insert_field) SELECT E'anvsry01.bmp', E'記念日ﾛｺﾞ1' WHERE NOT EXISTS (:sub_query set_tbl_name = 'anvsry01.bmp');
INSERT INTO c_set_tbl_name_mst (:insert_field) SELECT E'anvsry02.bmp', E'記念日ﾛｺﾞ2' WHERE NOT EXISTS (:sub_query set_tbl_name = 'anvsry02.bmp');
INSERT INTO c_set_tbl_name_mst (:insert_field) SELECT E'anvsry03.bmp', E'記念日ﾛｺﾞ3' WHERE NOT EXISTS (:sub_query set_tbl_name = 'anvsry03.bmp');
INSERT INTO c_set_tbl_name_mst (:insert_field) SELECT E'anvsry04.bmp', E'記念日ﾛｺﾞ4' WHERE NOT EXISTS (:sub_query set_tbl_name = 'anvsry04.bmp');
INSERT INTO c_set_tbl_name_mst (:insert_field) SELECT E'anvsry05.bmp', E'記念日ﾛｺﾞ5' WHERE NOT EXISTS (:sub_query set_tbl_name = 'anvsry05.bmp');
INSERT INTO c_set_tbl_name_mst (:insert_field) SELECT E'anvsrywk.bmp', E'記念日ﾛｺﾞ' WHERE NOT EXISTS (:sub_query set_tbl_name = 'anvsrywk.bmp');
INSERT INTO c_set_tbl_name_mst (:insert_field) SELECT E'c_acct_mst', E'ｱｶｳﾝﾄﾏｽﾀ' WHERE NOT EXISTS (:sub_query set_tbl_name = 'c_acct_mst');
INSERT INTO c_set_tbl_name_mst (:insert_field) SELECT E'c_appl_grp_mst', E'ｱﾌﾟﾘｸﾞﾙｰﾌﾟﾏｽﾀ' WHERE NOT EXISTS (:sub_query set_tbl_name = 'c_appl_grp_mst');
INSERT INTO c_set_tbl_name_mst (:insert_field) SELECT E'c_attrib_mst', E'属性ﾏｽﾀ' WHERE NOT EXISTS (:sub_query set_tbl_name = 'c_attrib_mst');
INSERT INTO c_set_tbl_name_mst (:insert_field) SELECT E'c_attribitem_mst', E'属性商品ﾏｽﾀ' WHERE NOT EXISTS (:sub_query set_tbl_name = 'c_attribitem_mst');
INSERT INTO c_set_tbl_name_mst (:insert_field) SELECT E'c_barfmt_mst', E'ﾊﾞｰｺｰﾄﾞﾌｫｰﾏｯﾄﾏｽﾀ' WHERE NOT EXISTS (:sub_query set_tbl_name = 'c_barfmt_mst');
INSERT INTO c_set_tbl_name_mst (:insert_field) SELECT E'c_batrepo_mst', E'予約ﾚﾎﾟｰﾄﾏｽﾀ' WHERE NOT EXISTS (:sub_query set_tbl_name = 'c_batrepo_mst');
--INSERT INTO c_set_tbl_name_mst (:insert_field) SELECT E'c_bdllog01', E'MM・BDLﾛｸﾞ 01 - 31' WHERE NOT EXISTS (:sub_query set_tbl_name = 'c_bdllog01');
--INSERT INTO c_set_tbl_name_mst (:insert_field) SELECT E'c_bdllog_reserv', E'予約ﾊﾞﾝﾄﾞﾙﾛｸﾞ' WHERE NOT EXISTS (:sub_query set_tbl_name = 'c_bdllog_reserv');
INSERT INTO c_set_tbl_name_mst (:insert_field) SELECT E'c_caldr_mst', E'ｶﾚﾝﾀﾞｰﾏｽﾀ' WHERE NOT EXISTS (:sub_query set_tbl_name = 'c_caldr_mst');
INSERT INTO c_set_tbl_name_mst (:insert_field) SELECT E'c_caseitem_mst', E'ｹｰｽ商品ﾏｽﾀ' WHERE NOT EXISTS (:sub_query set_tbl_name = 'c_caseitem_mst');
INSERT INTO c_set_tbl_name_mst (:insert_field) SELECT E'c_cls_mst', E'分類ﾏｽﾀ' WHERE NOT EXISTS (:sub_query set_tbl_name = 'c_cls_mst');
INSERT INTO c_set_tbl_name_mst (:insert_field) SELECT E'c_comp_mst', E'企業ﾏｽﾀ' WHERE NOT EXISTS (:sub_query set_tbl_name = 'c_comp_mst');
INSERT INTO c_set_tbl_name_mst (:insert_field) SELECT E'c_connect_mst', E'店舗通信ﾏｽﾀ' WHERE NOT EXISTS (:sub_query set_tbl_name = 'c_connect_mst');
INSERT INTO c_set_tbl_name_mst (:insert_field) SELECT E'c_sub1_cls_mst', E'ｻﾌﾞ1分類ﾏｽﾀ' WHERE NOT EXISTS (:sub_query set_tbl_name = 'c_sub1_cls_mst');
INSERT INTO c_set_tbl_name_mst (:insert_field) SELECT E'c_sub2_cls_mst', E'ｻﾌﾞ2分類ﾏｽﾀ' WHERE NOT EXISTS (:sub_query set_tbl_name = 'c_sub2_cls_mst');
INSERT INTO c_set_tbl_name_mst (:insert_field) SELECT E'c_corr_log', E'訂正確認ﾛｸﾞ' WHERE NOT EXISTS (:sub_query set_tbl_name = 'c_corr_log');
INSERT INTO c_set_tbl_name_mst (:insert_field) SELECT E'c_corr_log01', E'訂正確認ﾛｸﾞ01' WHERE NOT EXISTS (:sub_query set_tbl_name = 'c_corr_log01');
INSERT INTO c_set_tbl_name_mst (:insert_field) SELECT E'c_corr_log01-31', E'訂正確認ﾛｸﾞ 01-31' WHERE NOT EXISTS (:sub_query set_tbl_name = 'c_corr_log01-31');
INSERT INTO c_set_tbl_name_mst (:insert_field) SELECT E'c_corr_log02', E'訂正確認ﾛｸﾞ02' WHERE NOT EXISTS (:sub_query set_tbl_name = 'c_corr_log02');
INSERT INTO c_set_tbl_name_mst (:insert_field) SELECT E'c_corr_log03', E'訂正確認ﾛｸﾞ03' WHERE NOT EXISTS (:sub_query set_tbl_name = 'c_corr_log03');
INSERT INTO c_set_tbl_name_mst (:insert_field) SELECT E'c_corr_log04', E'訂正確認ﾛｸﾞ04' WHERE NOT EXISTS (:sub_query set_tbl_name = 'c_corr_log04');
INSERT INTO c_set_tbl_name_mst (:insert_field) SELECT E'c_corr_log05', E'訂正確認ﾛｸﾞ05' WHERE NOT EXISTS (:sub_query set_tbl_name = 'c_corr_log05');
INSERT INTO c_set_tbl_name_mst (:insert_field) SELECT E'c_corr_log06', E'訂正確認ﾛｸﾞ06' WHERE NOT EXISTS (:sub_query set_tbl_name = 'c_corr_log06');
INSERT INTO c_set_tbl_name_mst (:insert_field) SELECT E'c_corr_log07', E'訂正確認ﾛｸﾞ07' WHERE NOT EXISTS (:sub_query set_tbl_name = 'c_corr_log07');
INSERT INTO c_set_tbl_name_mst (:insert_field) SELECT E'c_corr_log08', E'訂正確認ﾛｸﾞ08' WHERE NOT EXISTS (:sub_query set_tbl_name = 'c_corr_log08');
INSERT INTO c_set_tbl_name_mst (:insert_field) SELECT E'c_corr_log09', E'訂正確認ﾛｸﾞ09' WHERE NOT EXISTS (:sub_query set_tbl_name = 'c_corr_log09');
INSERT INTO c_set_tbl_name_mst (:insert_field) SELECT E'c_corr_log10', E'訂正確認ﾛｸﾞ10' WHERE NOT EXISTS (:sub_query set_tbl_name = 'c_corr_log10');
INSERT INTO c_set_tbl_name_mst (:insert_field) SELECT E'c_corr_log11', E'訂正確認ﾛｸﾞ11' WHERE NOT EXISTS (:sub_query set_tbl_name = 'c_corr_log11');
INSERT INTO c_set_tbl_name_mst (:insert_field) SELECT E'c_corr_log12', E'訂正確認ﾛｸﾞ12' WHERE NOT EXISTS (:sub_query set_tbl_name = 'c_corr_log12');
INSERT INTO c_set_tbl_name_mst (:insert_field) SELECT E'c_corr_log13', E'訂正確認ﾛｸﾞ13' WHERE NOT EXISTS (:sub_query set_tbl_name = 'c_corr_log13');
INSERT INTO c_set_tbl_name_mst (:insert_field) SELECT E'c_corr_log14', E'訂正確認ﾛｸﾞ14' WHERE NOT EXISTS (:sub_query set_tbl_name = 'c_corr_log14');
INSERT INTO c_set_tbl_name_mst (:insert_field) SELECT E'c_corr_log15', E'訂正確認ﾛｸﾞ15' WHERE NOT EXISTS (:sub_query set_tbl_name = 'c_corr_log15');
INSERT INTO c_set_tbl_name_mst (:insert_field) SELECT E'c_corr_log16', E'訂正確認ﾛｸﾞ16' WHERE NOT EXISTS (:sub_query set_tbl_name = 'c_corr_log16');
INSERT INTO c_set_tbl_name_mst (:insert_field) SELECT E'c_corr_log17', E'訂正確認ﾛｸﾞ17' WHERE NOT EXISTS (:sub_query set_tbl_name = 'c_corr_log17');
INSERT INTO c_set_tbl_name_mst (:insert_field) SELECT E'c_corr_log18', E'訂正確認ﾛｸﾞ18' WHERE NOT EXISTS (:sub_query set_tbl_name = 'c_corr_log18');
INSERT INTO c_set_tbl_name_mst (:insert_field) SELECT E'c_corr_log19', E'訂正確認ﾛｸﾞ19' WHERE NOT EXISTS (:sub_query set_tbl_name = 'c_corr_log19');
INSERT INTO c_set_tbl_name_mst (:insert_field) SELECT E'c_corr_log20', E'訂正確認ﾛｸﾞ20' WHERE NOT EXISTS (:sub_query set_tbl_name = 'c_corr_log20');
INSERT INTO c_set_tbl_name_mst (:insert_field) SELECT E'c_corr_log21', E'訂正確認ﾛｸﾞ21' WHERE NOT EXISTS (:sub_query set_tbl_name = 'c_corr_log21');
INSERT INTO c_set_tbl_name_mst (:insert_field) SELECT E'c_corr_log22', E'訂正確認ﾛｸﾞ22' WHERE NOT EXISTS (:sub_query set_tbl_name = 'c_corr_log22');
INSERT INTO c_set_tbl_name_mst (:insert_field) SELECT E'c_corr_log23', E'訂正確認ﾛｸﾞ23' WHERE NOT EXISTS (:sub_query set_tbl_name = 'c_corr_log23');
INSERT INTO c_set_tbl_name_mst (:insert_field) SELECT E'c_corr_log24', E'訂正確認ﾛｸﾞ24' WHERE NOT EXISTS (:sub_query set_tbl_name = 'c_corr_log24');
INSERT INTO c_set_tbl_name_mst (:insert_field) SELECT E'c_corr_log25', E'訂正確認ﾛｸﾞ25' WHERE NOT EXISTS (:sub_query set_tbl_name = 'c_corr_log25');
INSERT INTO c_set_tbl_name_mst (:insert_field) SELECT E'c_corr_log26', E'訂正確認ﾛｸﾞ26' WHERE NOT EXISTS (:sub_query set_tbl_name = 'c_corr_log26');
INSERT INTO c_set_tbl_name_mst (:insert_field) SELECT E'c_corr_log27', E'訂正確認ﾛｸﾞ27' WHERE NOT EXISTS (:sub_query set_tbl_name = 'c_corr_log27');
INSERT INTO c_set_tbl_name_mst (:insert_field) SELECT E'c_corr_log28', E'訂正確認ﾛｸﾞ28' WHERE NOT EXISTS (:sub_query set_tbl_name = 'c_corr_log28');
INSERT INTO c_set_tbl_name_mst (:insert_field) SELECT E'c_corr_log29', E'訂正確認ﾛｸﾞ29' WHERE NOT EXISTS (:sub_query set_tbl_name = 'c_corr_log29');
INSERT INTO c_set_tbl_name_mst (:insert_field) SELECT E'c_corr_log30', E'訂正確認ﾛｸﾞ30' WHERE NOT EXISTS (:sub_query set_tbl_name = 'c_corr_log30');
INSERT INTO c_set_tbl_name_mst (:insert_field) SELECT E'c_corr_log31', E'訂正確認ﾛｸﾞ31' WHERE NOT EXISTS (:sub_query set_tbl_name = 'c_corr_log31');
INSERT INTO c_set_tbl_name_mst (:insert_field) SELECT E'c_cpn_ctrl_mst', E'ｸｰﾎﾟﾝ管理ﾏｽﾀ' WHERE NOT EXISTS (:sub_query set_tbl_name = 'c_cpn_ctrl_mst');
INSERT INTO c_set_tbl_name_mst (:insert_field) SELECT E'c_cpnbdy_mst', E'ｸｰﾎﾟﾝ明細' WHERE NOT EXISTS (:sub_query set_tbl_name = 'c_cpnbdy_mst');
INSERT INTO c_set_tbl_name_mst (:insert_field) SELECT E'c_cpnhdr_mst', E'ｸｰﾎﾟﾝﾍｯﾀﾞｰ' WHERE NOT EXISTS (:sub_query set_tbl_name = 'c_cpnhdr_mst');
--INSERT INTO c_set_tbl_name_mst (:insert_field) SELECT E'c_crdt_actual_log01', E'ｸﾚｼﾞｯﾄ請求実績ﾛｸﾞ 01 - 31' WHERE NOT EXISTS (:sub_query set_tbl_name = 'c_crdt_actual_log01');
--INSERT INTO c_set_tbl_name_mst (:insert_field) SELECT E'c_crdt_actual_log_reserv', E'予約ｸﾚｼﾞｯﾄ請求実績ﾛｸﾞ' WHERE NOT EXISTS (:sub_query set_tbl_name = 'c_crdt_actual_log_reserv');
INSERT INTO c_set_tbl_name_mst (:insert_field) SELECT E'c_crdt_demand_tbl', E'ｸﾚｼﾞｯﾄ会社請求ﾃｰﾌﾞﾙ' WHERE NOT EXISTS (:sub_query set_tbl_name = 'c_crdt_demand_tbl');
INSERT INTO c_set_tbl_name_mst (:insert_field) SELECT E'c_ctrl_mst', E'共通ｺﾝﾄﾛｰﾙﾏｽﾀ' WHERE NOT EXISTS (:sub_query set_tbl_name = 'c_ctrl_mst');
INSERT INTO c_set_tbl_name_mst (:insert_field) SELECT E'c_ctrl_set_mst', E'共通ｺﾝﾄﾛｰﾙ設定ﾏｽﾀ' WHERE NOT EXISTS (:sub_query set_tbl_name = 'c_ctrl_set_mst');
INSERT INTO c_set_tbl_name_mst (:insert_field) SELECT E'c_ctrl_sub_mst', E'共通ｺﾝﾄﾛｰﾙｻﾌﾞﾏｽﾀ' WHERE NOT EXISTS (:sub_query set_tbl_name = 'c_ctrl_sub_mst');
INSERT INTO c_set_tbl_name_mst (:insert_field) SELECT E'c_cust_data_log', E'会員ﾃﾞｰﾀﾛｸﾞ' WHERE NOT EXISTS (:sub_query set_tbl_name = 'c_cust_data_log');
INSERT INTO c_set_tbl_name_mst (:insert_field) SELECT E'c_cust_header_log', E'会員ﾍｯﾀﾞﾛｸﾞ' WHERE NOT EXISTS (:sub_query set_tbl_name = 'c_cust_header_log');
INSERT INTO c_set_tbl_name_mst (:insert_field) SELECT E'c_cust_log', E'会員ﾛｸﾞ' WHERE NOT EXISTS (:sub_query set_tbl_name = 'c_cust_log');
INSERT INTO c_set_tbl_name_mst (:insert_field) SELECT E'c_cust_mst', E'会員ﾏｽﾀ' WHERE NOT EXISTS (:sub_query set_tbl_name = 'c_cust_mst');
INSERT INTO c_set_tbl_name_mst (:insert_field) SELECT E'c_custd_log', E'会員明細ﾛｸﾞ' WHERE NOT EXISTS (:sub_query set_tbl_name = 'c_custd_log');
INSERT INTO c_set_tbl_name_mst (:insert_field) SELECT E'c_data_log', E'実績ﾃﾞｰﾀﾛｸﾞ' WHERE NOT EXISTS (:sub_query set_tbl_name = 'c_data_log');
INSERT INTO c_set_tbl_name_mst (:insert_field) SELECT E'c_data_log_01', E'実績ﾃﾞｰﾀﾛｸﾞ01' WHERE NOT EXISTS (:sub_query set_tbl_name = 'c_data_log_01');
INSERT INTO c_set_tbl_name_mst (:insert_field) SELECT E'c_data_log_01-31', E'実績ﾃﾞｰﾀﾛｸﾞ 01-31' WHERE NOT EXISTS (:sub_query set_tbl_name = 'c_data_log_01-31');
INSERT INTO c_set_tbl_name_mst (:insert_field) SELECT E'c_data_log_02', E'実績ﾃﾞｰﾀﾛｸﾞ02' WHERE NOT EXISTS (:sub_query set_tbl_name = 'c_data_log_02');
INSERT INTO c_set_tbl_name_mst (:insert_field) SELECT E'c_data_log_03', E'実績ﾃﾞｰﾀﾛｸﾞ03' WHERE NOT EXISTS (:sub_query set_tbl_name = 'c_data_log_03');
INSERT INTO c_set_tbl_name_mst (:insert_field) SELECT E'c_data_log_04', E'実績ﾃﾞｰﾀﾛｸﾞ04' WHERE NOT EXISTS (:sub_query set_tbl_name = 'c_data_log_04');
INSERT INTO c_set_tbl_name_mst (:insert_field) SELECT E'c_data_log_05', E'実績ﾃﾞｰﾀﾛｸﾞ05' WHERE NOT EXISTS (:sub_query set_tbl_name = 'c_data_log_05');
INSERT INTO c_set_tbl_name_mst (:insert_field) SELECT E'c_data_log_06', E'実績ﾃﾞｰﾀﾛｸﾞ06' WHERE NOT EXISTS (:sub_query set_tbl_name = 'c_data_log_06');
INSERT INTO c_set_tbl_name_mst (:insert_field) SELECT E'c_data_log_07', E'実績ﾃﾞｰﾀﾛｸﾞ07' WHERE NOT EXISTS (:sub_query set_tbl_name = 'c_data_log_07');
INSERT INTO c_set_tbl_name_mst (:insert_field) SELECT E'c_data_log_08', E'実績ﾃﾞｰﾀﾛｸﾞ08' WHERE NOT EXISTS (:sub_query set_tbl_name = 'c_data_log_08');
INSERT INTO c_set_tbl_name_mst (:insert_field) SELECT E'c_data_log_09', E'実績ﾃﾞｰﾀﾛｸﾞ09' WHERE NOT EXISTS (:sub_query set_tbl_name = 'c_data_log_09');
INSERT INTO c_set_tbl_name_mst (:insert_field) SELECT E'c_data_log_10', E'実績ﾃﾞｰﾀﾛｸﾞ10' WHERE NOT EXISTS (:sub_query set_tbl_name = 'c_data_log_10');
INSERT INTO c_set_tbl_name_mst (:insert_field) SELECT E'c_data_log_11', E'実績ﾃﾞｰﾀﾛｸﾞ11' WHERE NOT EXISTS (:sub_query set_tbl_name = 'c_data_log_11');
INSERT INTO c_set_tbl_name_mst (:insert_field) SELECT E'c_data_log_12', E'実績ﾃﾞｰﾀﾛｸﾞ12' WHERE NOT EXISTS (:sub_query set_tbl_name = 'c_data_log_12');
INSERT INTO c_set_tbl_name_mst (:insert_field) SELECT E'c_data_log_13', E'実績ﾃﾞｰﾀﾛｸﾞ13' WHERE NOT EXISTS (:sub_query set_tbl_name = 'c_data_log_13');
INSERT INTO c_set_tbl_name_mst (:insert_field) SELECT E'c_data_log_14', E'実績ﾃﾞｰﾀﾛｸﾞ14' WHERE NOT EXISTS (:sub_query set_tbl_name = 'c_data_log_14');
INSERT INTO c_set_tbl_name_mst (:insert_field) SELECT E'c_data_log_15', E'実績ﾃﾞｰﾀﾛｸﾞ15' WHERE NOT EXISTS (:sub_query set_tbl_name = 'c_data_log_15');
INSERT INTO c_set_tbl_name_mst (:insert_field) SELECT E'c_data_log_16', E'実績ﾃﾞｰﾀﾛｸﾞ16' WHERE NOT EXISTS (:sub_query set_tbl_name = 'c_data_log_16');
INSERT INTO c_set_tbl_name_mst (:insert_field) SELECT E'c_data_log_17', E'実績ﾃﾞｰﾀﾛｸﾞ17' WHERE NOT EXISTS (:sub_query set_tbl_name = 'c_data_log_17');
INSERT INTO c_set_tbl_name_mst (:insert_field) SELECT E'c_data_log_18', E'実績ﾃﾞｰﾀﾛｸﾞ18' WHERE NOT EXISTS (:sub_query set_tbl_name = 'c_data_log_18');
INSERT INTO c_set_tbl_name_mst (:insert_field) SELECT E'c_data_log_19', E'実績ﾃﾞｰﾀﾛｸﾞ19' WHERE NOT EXISTS (:sub_query set_tbl_name = 'c_data_log_19');
INSERT INTO c_set_tbl_name_mst (:insert_field) SELECT E'c_data_log_20', E'実績ﾃﾞｰﾀﾛｸﾞ20' WHERE NOT EXISTS (:sub_query set_tbl_name = 'c_data_log_20');
INSERT INTO c_set_tbl_name_mst (:insert_field) SELECT E'c_data_log_21', E'実績ﾃﾞｰﾀﾛｸﾞ21' WHERE NOT EXISTS (:sub_query set_tbl_name = 'c_data_log_21');
INSERT INTO c_set_tbl_name_mst (:insert_field) SELECT E'c_data_log_22', E'実績ﾃﾞｰﾀﾛｸﾞ22' WHERE NOT EXISTS (:sub_query set_tbl_name = 'c_data_log_22');
INSERT INTO c_set_tbl_name_mst (:insert_field) SELECT E'c_data_log_23', E'実績ﾃﾞｰﾀﾛｸﾞ23' WHERE NOT EXISTS (:sub_query set_tbl_name = 'c_data_log_23');
INSERT INTO c_set_tbl_name_mst (:insert_field) SELECT E'c_data_log_24', E'実績ﾃﾞｰﾀﾛｸﾞ24' WHERE NOT EXISTS (:sub_query set_tbl_name = 'c_data_log_24');
INSERT INTO c_set_tbl_name_mst (:insert_field) SELECT E'c_data_log_25', E'実績ﾃﾞｰﾀﾛｸﾞ25' WHERE NOT EXISTS (:sub_query set_tbl_name = 'c_data_log_25');
INSERT INTO c_set_tbl_name_mst (:insert_field) SELECT E'c_data_log_26', E'実績ﾃﾞｰﾀﾛｸﾞ26' WHERE NOT EXISTS (:sub_query set_tbl_name = 'c_data_log_26');
INSERT INTO c_set_tbl_name_mst (:insert_field) SELECT E'c_data_log_27', E'実績ﾃﾞｰﾀﾛｸﾞ27' WHERE NOT EXISTS (:sub_query set_tbl_name = 'c_data_log_27');
INSERT INTO c_set_tbl_name_mst (:insert_field) SELECT E'c_data_log_28', E'実績ﾃﾞｰﾀﾛｸﾞ28' WHERE NOT EXISTS (:sub_query set_tbl_name = 'c_data_log_28');
INSERT INTO c_set_tbl_name_mst (:insert_field) SELECT E'c_data_log_29', E'実績ﾃﾞｰﾀﾛｸﾞ29' WHERE NOT EXISTS (:sub_query set_tbl_name = 'c_data_log_29');
INSERT INTO c_set_tbl_name_mst (:insert_field) SELECT E'c_data_log_30', E'実績ﾃﾞｰﾀﾛｸﾞ30' WHERE NOT EXISTS (:sub_query set_tbl_name = 'c_data_log_30');
INSERT INTO c_set_tbl_name_mst (:insert_field) SELECT E'c_data_log_31', E'実績ﾃﾞｰﾀﾛｸﾞ31' WHERE NOT EXISTS (:sub_query set_tbl_name = 'c_data_log_31');
INSERT INTO c_set_tbl_name_mst (:insert_field) SELECT E'c_dialog_ex_mst', E'ﾀﾞｲｱﾛｸﾞﾏｽﾀ(英語)' WHERE NOT EXISTS (:sub_query set_tbl_name = 'c_dialog_ex_mst');
INSERT INTO c_set_tbl_name_mst (:insert_field) SELECT E'c_dialog_mst', E'ﾀﾞｲｱﾛｸﾞﾏｽﾀ' WHERE NOT EXISTS (:sub_query set_tbl_name = 'c_dialog_mst');
INSERT INTO c_set_tbl_name_mst (:insert_field) SELECT E'c_divide_mst', E'区分ﾏｽﾀ' WHERE NOT EXISTS (:sub_query set_tbl_name = 'c_divide_mst');
INSERT INTO c_set_tbl_name_mst (:insert_field) SELECT E'c_divide2_mst', E'区分ﾏｽﾀ2' WHERE NOT EXISTS (:sub_query set_tbl_name = 'c_divide2_mst');
INSERT INTO c_set_tbl_name_mst (:insert_field) SELECT E'c_ej_log', E'実績ｼﾞｬｰﾅﾙﾃﾞｰﾀﾛｸﾞ' WHERE NOT EXISTS (:sub_query set_tbl_name = 'c_ej_log');
INSERT INTO c_set_tbl_name_mst (:insert_field) SELECT E'c_ej_log_01', E'実績ｼﾞｬｰﾅﾙﾃﾞｰﾀﾛｸﾞ01' WHERE NOT EXISTS (:sub_query set_tbl_name = 'c_ej_log_01');
INSERT INTO c_set_tbl_name_mst (:insert_field) SELECT E'c_ej_log_01-31', E'実績ｼﾞｬｰﾅﾙﾃﾞｰﾀﾛｸﾞ01-31' WHERE NOT EXISTS (:sub_query set_tbl_name = 'c_ej_log_01-31');
INSERT INTO c_set_tbl_name_mst (:insert_field) SELECT E'c_ej_log_02', E'実績ｼﾞｬｰﾅﾙﾃﾞｰﾀﾛｸﾞ02' WHERE NOT EXISTS (:sub_query set_tbl_name = 'c_ej_log_02');
INSERT INTO c_set_tbl_name_mst (:insert_field) SELECT E'c_ej_log_03', E'実績ｼﾞｬｰﾅﾙﾃﾞｰﾀﾛｸﾞ03' WHERE NOT EXISTS (:sub_query set_tbl_name = 'c_ej_log_03');
INSERT INTO c_set_tbl_name_mst (:insert_field) SELECT E'c_ej_log_04', E'実績ｼﾞｬｰﾅﾙﾃﾞｰﾀﾛｸﾞ04' WHERE NOT EXISTS (:sub_query set_tbl_name = 'c_ej_log_04');
INSERT INTO c_set_tbl_name_mst (:insert_field) SELECT E'c_ej_log_05', E'実績ｼﾞｬｰﾅﾙﾃﾞｰﾀﾛｸﾞ05' WHERE NOT EXISTS (:sub_query set_tbl_name = 'c_ej_log_05');
INSERT INTO c_set_tbl_name_mst (:insert_field) SELECT E'c_ej_log_06', E'実績ｼﾞｬｰﾅﾙﾃﾞｰﾀﾛｸﾞ06' WHERE NOT EXISTS (:sub_query set_tbl_name = 'c_ej_log_06');
INSERT INTO c_set_tbl_name_mst (:insert_field) SELECT E'c_ej_log_07', E'実績ｼﾞｬｰﾅﾙﾃﾞｰﾀﾛｸﾞ07' WHERE NOT EXISTS (:sub_query set_tbl_name = 'c_ej_log_07');
INSERT INTO c_set_tbl_name_mst (:insert_field) SELECT E'c_ej_log_08', E'実績ｼﾞｬｰﾅﾙﾃﾞｰﾀﾛｸﾞ08' WHERE NOT EXISTS (:sub_query set_tbl_name = 'c_ej_log_08');
INSERT INTO c_set_tbl_name_mst (:insert_field) SELECT E'c_ej_log_09', E'実績ｼﾞｬｰﾅﾙﾃﾞｰﾀﾛｸﾞ09' WHERE NOT EXISTS (:sub_query set_tbl_name = 'c_ej_log_09');
INSERT INTO c_set_tbl_name_mst (:insert_field) SELECT E'c_ej_log_10', E'実績ｼﾞｬｰﾅﾙﾃﾞｰﾀﾛｸﾞ10' WHERE NOT EXISTS (:sub_query set_tbl_name = 'c_ej_log_10');
INSERT INTO c_set_tbl_name_mst (:insert_field) SELECT E'c_ej_log_11', E'実績ｼﾞｬｰﾅﾙﾃﾞｰﾀﾛｸﾞ11' WHERE NOT EXISTS (:sub_query set_tbl_name = 'c_ej_log_11');
INSERT INTO c_set_tbl_name_mst (:insert_field) SELECT E'c_ej_log_12', E'実績ｼﾞｬｰﾅﾙﾃﾞｰﾀﾛｸﾞ12' WHERE NOT EXISTS (:sub_query set_tbl_name = 'c_ej_log_12');
INSERT INTO c_set_tbl_name_mst (:insert_field) SELECT E'c_ej_log_13', E'実績ｼﾞｬｰﾅﾙﾃﾞｰﾀﾛｸﾞ13' WHERE NOT EXISTS (:sub_query set_tbl_name = 'c_ej_log_13');
INSERT INTO c_set_tbl_name_mst (:insert_field) SELECT E'c_ej_log_14', E'実績ｼﾞｬｰﾅﾙﾃﾞｰﾀﾛｸﾞ14' WHERE NOT EXISTS (:sub_query set_tbl_name = 'c_ej_log_14');
INSERT INTO c_set_tbl_name_mst (:insert_field) SELECT E'c_ej_log_15', E'実績ｼﾞｬｰﾅﾙﾃﾞｰﾀﾛｸﾞ15' WHERE NOT EXISTS (:sub_query set_tbl_name = 'c_ej_log_15');
INSERT INTO c_set_tbl_name_mst (:insert_field) SELECT E'c_ej_log_16', E'実績ｼﾞｬｰﾅﾙﾃﾞｰﾀﾛｸﾞ16' WHERE NOT EXISTS (:sub_query set_tbl_name = 'c_ej_log_16');
INSERT INTO c_set_tbl_name_mst (:insert_field) SELECT E'c_ej_log_17', E'実績ｼﾞｬｰﾅﾙﾃﾞｰﾀﾛｸﾞ17' WHERE NOT EXISTS (:sub_query set_tbl_name = 'c_ej_log_17');
INSERT INTO c_set_tbl_name_mst (:insert_field) SELECT E'c_ej_log_18', E'実績ｼﾞｬｰﾅﾙﾃﾞｰﾀﾛｸﾞ18' WHERE NOT EXISTS (:sub_query set_tbl_name = 'c_ej_log_18');
INSERT INTO c_set_tbl_name_mst (:insert_field) SELECT E'c_ej_log_19', E'実績ｼﾞｬｰﾅﾙﾃﾞｰﾀﾛｸﾞ19' WHERE NOT EXISTS (:sub_query set_tbl_name = 'c_ej_log_19');
INSERT INTO c_set_tbl_name_mst (:insert_field) SELECT E'c_ej_log_20', E'実績ｼﾞｬｰﾅﾙﾃﾞｰﾀﾛｸﾞ20' WHERE NOT EXISTS (:sub_query set_tbl_name = 'c_ej_log_20');
INSERT INTO c_set_tbl_name_mst (:insert_field) SELECT E'c_ej_log_21', E'実績ｼﾞｬｰﾅﾙﾃﾞｰﾀﾛｸﾞ21' WHERE NOT EXISTS (:sub_query set_tbl_name = 'c_ej_log_21');
INSERT INTO c_set_tbl_name_mst (:insert_field) SELECT E'c_ej_log_22', E'実績ｼﾞｬｰﾅﾙﾃﾞｰﾀﾛｸﾞ22' WHERE NOT EXISTS (:sub_query set_tbl_name = 'c_ej_log_22');
INSERT INTO c_set_tbl_name_mst (:insert_field) SELECT E'c_ej_log_23', E'実績ｼﾞｬｰﾅﾙﾃﾞｰﾀﾛｸﾞ23' WHERE NOT EXISTS (:sub_query set_tbl_name = 'c_ej_log_23');
INSERT INTO c_set_tbl_name_mst (:insert_field) SELECT E'c_ej_log_24', E'実績ｼﾞｬｰﾅﾙﾃﾞｰﾀﾛｸﾞ24' WHERE NOT EXISTS (:sub_query set_tbl_name = 'c_ej_log_24');
INSERT INTO c_set_tbl_name_mst (:insert_field) SELECT E'c_ej_log_25', E'実績ｼﾞｬｰﾅﾙﾃﾞｰﾀﾛｸﾞ25' WHERE NOT EXISTS (:sub_query set_tbl_name = 'c_ej_log_25');
INSERT INTO c_set_tbl_name_mst (:insert_field) SELECT E'c_ej_log_26', E'実績ｼﾞｬｰﾅﾙﾃﾞｰﾀﾛｸﾞ26' WHERE NOT EXISTS (:sub_query set_tbl_name = 'c_ej_log_26');
INSERT INTO c_set_tbl_name_mst (:insert_field) SELECT E'c_ej_log_27', E'実績ｼﾞｬｰﾅﾙﾃﾞｰﾀﾛｸﾞ27' WHERE NOT EXISTS (:sub_query set_tbl_name = 'c_ej_log_27');
INSERT INTO c_set_tbl_name_mst (:insert_field) SELECT E'c_ej_log_28', E'実績ｼﾞｬｰﾅﾙﾃﾞｰﾀﾛｸﾞ28' WHERE NOT EXISTS (:sub_query set_tbl_name = 'c_ej_log_28');
INSERT INTO c_set_tbl_name_mst (:insert_field) SELECT E'c_ej_log_29', E'実績ｼﾞｬｰﾅﾙﾃﾞｰﾀﾛｸﾞ29' WHERE NOT EXISTS (:sub_query set_tbl_name = 'c_ej_log_29');
INSERT INTO c_set_tbl_name_mst (:insert_field) SELECT E'c_ej_log_30', E'実績ｼﾞｬｰﾅﾙﾃﾞｰﾀﾛｸﾞ30' WHERE NOT EXISTS (:sub_query set_tbl_name = 'c_ej_log_30');
INSERT INTO c_set_tbl_name_mst (:insert_field) SELECT E'c_ej_log_31', E'実績ｼﾞｬｰﾅﾙﾃﾞｰﾀﾛｸﾞ31' WHERE NOT EXISTS (:sub_query set_tbl_name = 'c_ej_log_31');
INSERT INTO c_set_tbl_name_mst (:insert_field) SELECT E'c_ejlog01', E'電子ｼﾞｬｰﾅﾙ 01 - 31' WHERE NOT EXISTS (:sub_query set_tbl_name = 'c_ejlog01');
INSERT INTO c_set_tbl_name_mst (:insert_field) SELECT E'c_finit_grp_mst', E'ﾌｧｲﾙ初期・ﾘｸｴｽﾄｸﾞﾙｰﾌﾟﾏｽﾀ' WHERE NOT EXISTS (:sub_query set_tbl_name = 'c_finit_grp_mst');
INSERT INTO c_set_tbl_name_mst (:insert_field) SELECT E'c_finit_mst', E'ﾌｧｲﾙ初期・ﾘｸｴｽﾄﾏｽﾀ' WHERE NOT EXISTS (:sub_query set_tbl_name = 'c_finit_mst');
INSERT INTO c_set_tbl_name_mst (:insert_field) SELECT E'c_fmttyp_mst', E'ﾌｫｰﾏｯﾄﾀｲﾌﾟﾏｽﾀ' WHERE NOT EXISTS (:sub_query set_tbl_name = 'c_fmttyp_mst');
INSERT INTO c_set_tbl_name_mst (:insert_field) SELECT E'c_grp_mst', E'分類ｸﾞﾙｰﾌﾟﾏｽﾀ' WHERE NOT EXISTS (:sub_query set_tbl_name = 'c_grp_mst');
INSERT INTO c_set_tbl_name_mst (:insert_field) SELECT E'c_header_log', E'実績ﾍｯﾀﾞﾛｸﾞ' WHERE NOT EXISTS (:sub_query set_tbl_name = 'c_header_log');
INSERT INTO c_set_tbl_name_mst (:insert_field) SELECT E'c_header_log_01', E'実績ﾍｯﾀﾞﾛｸﾞ01' WHERE NOT EXISTS (:sub_query set_tbl_name = 'c_header_log_01');
INSERT INTO c_set_tbl_name_mst (:insert_field) SELECT E'c_header_log_01-31', E'実績ﾍｯﾀﾞﾛｸﾞ 01-31' WHERE NOT EXISTS (:sub_query set_tbl_name = 'c_header_log_01-31');
INSERT INTO c_set_tbl_name_mst (:insert_field) SELECT E'c_header_log_02', E'実績ﾍｯﾀﾞﾛｸﾞ02' WHERE NOT EXISTS (:sub_query set_tbl_name = 'c_header_log_02');
INSERT INTO c_set_tbl_name_mst (:insert_field) SELECT E'c_header_log_03', E'実績ﾍｯﾀﾞﾛｸﾞ03' WHERE NOT EXISTS (:sub_query set_tbl_name = 'c_header_log_03');
INSERT INTO c_set_tbl_name_mst (:insert_field) SELECT E'c_header_log_04', E'実績ﾍｯﾀﾞﾛｸﾞ04' WHERE NOT EXISTS (:sub_query set_tbl_name = 'c_header_log_04');
INSERT INTO c_set_tbl_name_mst (:insert_field) SELECT E'c_header_log_05', E'実績ﾍｯﾀﾞﾛｸﾞ05' WHERE NOT EXISTS (:sub_query set_tbl_name = 'c_header_log_05');
INSERT INTO c_set_tbl_name_mst (:insert_field) SELECT E'c_header_log_06', E'実績ﾍｯﾀﾞﾛｸﾞ06' WHERE NOT EXISTS (:sub_query set_tbl_name = 'c_header_log_06');
INSERT INTO c_set_tbl_name_mst (:insert_field) SELECT E'c_header_log_07', E'実績ﾍｯﾀﾞﾛｸﾞ07' WHERE NOT EXISTS (:sub_query set_tbl_name = 'c_header_log_07');
INSERT INTO c_set_tbl_name_mst (:insert_field) SELECT E'c_header_log_08', E'実績ﾍｯﾀﾞﾛｸﾞ08' WHERE NOT EXISTS (:sub_query set_tbl_name = 'c_header_log_08');
INSERT INTO c_set_tbl_name_mst (:insert_field) SELECT E'c_header_log_09', E'実績ﾍｯﾀﾞﾛｸﾞ09' WHERE NOT EXISTS (:sub_query set_tbl_name = 'c_header_log_09');
INSERT INTO c_set_tbl_name_mst (:insert_field) SELECT E'c_header_log_10', E'実績ﾍｯﾀﾞﾛｸﾞ10' WHERE NOT EXISTS (:sub_query set_tbl_name = 'c_header_log_10');
INSERT INTO c_set_tbl_name_mst (:insert_field) SELECT E'c_header_log_11', E'実績ﾍｯﾀﾞﾛｸﾞ11' WHERE NOT EXISTS (:sub_query set_tbl_name = 'c_header_log_11');
INSERT INTO c_set_tbl_name_mst (:insert_field) SELECT E'c_header_log_12', E'実績ﾍｯﾀﾞﾛｸﾞ12' WHERE NOT EXISTS (:sub_query set_tbl_name = 'c_header_log_12');
INSERT INTO c_set_tbl_name_mst (:insert_field) SELECT E'c_header_log_13', E'実績ﾍｯﾀﾞﾛｸﾞ13' WHERE NOT EXISTS (:sub_query set_tbl_name = 'c_header_log_13');
INSERT INTO c_set_tbl_name_mst (:insert_field) SELECT E'c_header_log_14', E'実績ﾍｯﾀﾞﾛｸﾞ14' WHERE NOT EXISTS (:sub_query set_tbl_name = 'c_header_log_14');
INSERT INTO c_set_tbl_name_mst (:insert_field) SELECT E'c_header_log_15', E'実績ﾍｯﾀﾞﾛｸﾞ15' WHERE NOT EXISTS (:sub_query set_tbl_name = 'c_header_log_15');
INSERT INTO c_set_tbl_name_mst (:insert_field) SELECT E'c_header_log_16', E'実績ﾍｯﾀﾞﾛｸﾞ16' WHERE NOT EXISTS (:sub_query set_tbl_name = 'c_header_log_16');
INSERT INTO c_set_tbl_name_mst (:insert_field) SELECT E'c_header_log_17', E'実績ﾍｯﾀﾞﾛｸﾞ17' WHERE NOT EXISTS (:sub_query set_tbl_name = 'c_header_log_17');
INSERT INTO c_set_tbl_name_mst (:insert_field) SELECT E'c_header_log_18', E'実績ﾍｯﾀﾞﾛｸﾞ18' WHERE NOT EXISTS (:sub_query set_tbl_name = 'c_header_log_18');
INSERT INTO c_set_tbl_name_mst (:insert_field) SELECT E'c_header_log_19', E'実績ﾍｯﾀﾞﾛｸﾞ19' WHERE NOT EXISTS (:sub_query set_tbl_name = 'c_header_log_19');
INSERT INTO c_set_tbl_name_mst (:insert_field) SELECT E'c_header_log_20', E'実績ﾍｯﾀﾞﾛｸﾞ20' WHERE NOT EXISTS (:sub_query set_tbl_name = 'c_header_log_20');
INSERT INTO c_set_tbl_name_mst (:insert_field) SELECT E'c_header_log_21', E'実績ﾍｯﾀﾞﾛｸﾞ21' WHERE NOT EXISTS (:sub_query set_tbl_name = 'c_header_log_21');
INSERT INTO c_set_tbl_name_mst (:insert_field) SELECT E'c_header_log_22', E'実績ﾍｯﾀﾞﾛｸﾞ22' WHERE NOT EXISTS (:sub_query set_tbl_name = 'c_header_log_22');
INSERT INTO c_set_tbl_name_mst (:insert_field) SELECT E'c_header_log_23', E'実績ﾍｯﾀﾞﾛｸﾞ23' WHERE NOT EXISTS (:sub_query set_tbl_name = 'c_header_log_23');
INSERT INTO c_set_tbl_name_mst (:insert_field) SELECT E'c_header_log_24', E'実績ﾍｯﾀﾞﾛｸﾞ24' WHERE NOT EXISTS (:sub_query set_tbl_name = 'c_header_log_24');
INSERT INTO c_set_tbl_name_mst (:insert_field) SELECT E'c_header_log_25', E'実績ﾍｯﾀﾞﾛｸﾞ25' WHERE NOT EXISTS (:sub_query set_tbl_name = 'c_header_log_25');
INSERT INTO c_set_tbl_name_mst (:insert_field) SELECT E'c_header_log_26', E'実績ﾍｯﾀﾞﾛｸﾞ26' WHERE NOT EXISTS (:sub_query set_tbl_name = 'c_header_log_26');
INSERT INTO c_set_tbl_name_mst (:insert_field) SELECT E'c_header_log_27', E'実績ﾍｯﾀﾞﾛｸﾞ27' WHERE NOT EXISTS (:sub_query set_tbl_name = 'c_header_log_27');
INSERT INTO c_set_tbl_name_mst (:insert_field) SELECT E'c_header_log_28', E'実績ﾍｯﾀﾞﾛｸﾞ28' WHERE NOT EXISTS (:sub_query set_tbl_name = 'c_header_log_28');
INSERT INTO c_set_tbl_name_mst (:insert_field) SELECT E'c_header_log_29', E'実績ﾍｯﾀﾞﾛｸﾞ29' WHERE NOT EXISTS (:sub_query set_tbl_name = 'c_header_log_29');
INSERT INTO c_set_tbl_name_mst (:insert_field) SELECT E'c_header_log_30', E'実績ﾍｯﾀﾞﾛｸﾞ30' WHERE NOT EXISTS (:sub_query set_tbl_name = 'c_header_log_30');
INSERT INTO c_set_tbl_name_mst (:insert_field) SELECT E'c_header_log_31', E'実績ﾍｯﾀﾞﾛｸﾞ31' WHERE NOT EXISTS (:sub_query set_tbl_name = 'c_header_log_31');
INSERT INTO c_set_tbl_name_mst (:insert_field) SELECT E'c_histlog_chg_cnt', E'ﾚｼﾞ履歴ﾛｸﾞｶｳﾝﾄ' WHERE NOT EXISTS (:sub_query set_tbl_name = 'c_histlog_chg_cnt');
INSERT INTO c_set_tbl_name_mst (:insert_field) SELECT E'c_histlog_mst', E'履歴ﾛｸﾞ' WHERE NOT EXISTS (:sub_query set_tbl_name = 'c_histlog_mst');
INSERT INTO c_set_tbl_name_mst (:insert_field) SELECT E'c_img_mst', E'ｲﾒｰｼﾞﾏｽﾀ' WHERE NOT EXISTS (:sub_query set_tbl_name = 'c_img_mst');
INSERT INTO c_set_tbl_name_mst (:insert_field) SELECT E'c_instre_mst', E'ｲﾝｽﾄｱﾏｰｷﾝｸﾞﾏｽﾀ' WHERE NOT EXISTS (:sub_query set_tbl_name = 'c_instre_mst');
--INSERT INTO c_set_tbl_name_mst (:insert_field) SELECT E'c_itemlog01', E'ｱｲﾃﾑﾛｸﾞ 01 - 31' WHERE NOT EXISTS (:sub_query set_tbl_name = 'c_itemlog01');
--INSERT INTO c_set_tbl_name_mst (:insert_field) SELECT E'c_itemlog_reserv', E'予約ｱｲﾃﾑﾛｸﾞ' WHERE NOT EXISTS (:sub_query set_tbl_name = 'c_itemlog_reserv');
INSERT INTO c_set_tbl_name_mst (:insert_field) SELECT E'c_keyauth_mst', E'ﾌｧﾝｸｼｮﾝ操作権限ﾏｽﾀ' WHERE NOT EXISTS (:sub_query set_tbl_name = 'c_keyauth_mst');
INSERT INTO c_set_tbl_name_mst (:insert_field) SELECT E'c_keyfnc_mst', E'ﾌｧﾝｸｼｮﾝｷｰﾏｽﾀ' WHERE NOT EXISTS (:sub_query set_tbl_name = 'c_keyfnc_mst');
INSERT INTO c_set_tbl_name_mst (:insert_field) SELECT E'c_keykind_grp_mst', E'ｷｰ種別管理ﾏｽﾀ' WHERE NOT EXISTS (:sub_query set_tbl_name = 'c_keykind_grp_mst');
INSERT INTO c_set_tbl_name_mst (:insert_field) SELECT E'c_keykind_mst', E'ｷｰ種別ﾏｽﾀ' WHERE NOT EXISTS (:sub_query set_tbl_name = 'c_keykind_mst');
INSERT INTO c_set_tbl_name_mst (:insert_field) SELECT E'c_keyopt_mst', E'ｷｰｵﾌﾟｼｮﾝﾏｽﾀ' WHERE NOT EXISTS (:sub_query set_tbl_name = 'c_keyopt_mst');
INSERT INTO c_set_tbl_name_mst (:insert_field) SELECT E'c_keyopt_set_mst', E'ｷｰｵﾌﾟｼｮﾝ設定ﾏｽﾀ' WHERE NOT EXISTS (:sub_query set_tbl_name = 'c_keyopt_set_mst');
INSERT INTO c_set_tbl_name_mst (:insert_field) SELECT E'c_keyopt_sub_mst', E'ｷｰｵﾌﾟｼｮﾝｻﾌﾞﾏｽﾀ' WHERE NOT EXISTS (:sub_query set_tbl_name = 'c_keyopt_sub_mst');
INSERT INTO c_set_tbl_name_mst (:insert_field) SELECT E'c_liqrcls_mst', E'酒類分類ﾏｽﾀ' WHERE NOT EXISTS (:sub_query set_tbl_name = 'c_liqrcls_mst');
INSERT INTO c_set_tbl_name_mst (:insert_field) SELECT E'c_loypln_mst', E'ﾛｲﾔﾘﾃｨ企画ﾏｽﾀ' WHERE NOT EXISTS (:sub_query set_tbl_name = 'c_loypln_mst');
INSERT INTO c_set_tbl_name_mst (:insert_field) SELECT E'c_loyplu_mst', E'ﾛｲﾔﾘﾃｨ企画商品ﾏｽﾀ' WHERE NOT EXISTS (:sub_query set_tbl_name = 'c_loyplu_mst');
INSERT INTO c_set_tbl_name_mst (:insert_field) SELECT E'c_loystre_mst', E'ﾛｲﾔﾘﾃｨ企画対象店舗ﾏｽﾀ' WHERE NOT EXISTS (:sub_query set_tbl_name = 'c_loystre_mst');
INSERT INTO c_set_tbl_name_mst (:insert_field) SELECT E'c_loytgt_mst', E'ﾛｲﾔﾘﾃｨ企画ﾒｯｾｰｼﾞﾏｽﾀ' WHERE NOT EXISTS (:sub_query set_tbl_name = 'c_loytgt_mst');
INSERT INTO c_set_tbl_name_mst (:insert_field) SELECT E'c_maker_mst', E'産地・ﾒｰｶｰﾏｽﾀ' WHERE NOT EXISTS (:sub_query set_tbl_name = 'c_maker_mst');
INSERT INTO c_set_tbl_name_mst (:insert_field) SELECT E'c_member_mst', E'会員ﾏｽﾀ' WHERE NOT EXISTS (:sub_query set_tbl_name = 'c_member_mst');
INSERT INTO c_set_tbl_name_mst (:insert_field) SELECT E'c_memo_mst', E'ﾚｼﾞﾒﾓﾏｽﾀ' WHERE NOT EXISTS (:sub_query set_tbl_name = 'c_memo_mst');
INSERT INTO c_set_tbl_name_mst (:insert_field) SELECT E'c_memosnd_mst', E'ﾚｼﾞﾒﾓ連絡先ﾏｽﾀ' WHERE NOT EXISTS (:sub_query set_tbl_name = 'c_memosnd_mst');
INSERT INTO c_set_tbl_name_mst (:insert_field) SELECT E'c_menu_obj_mst', E'ﾒﾆｭｰｵﾌﾞｼﾞｪｸﾄ割当ﾏｽﾀ' WHERE NOT EXISTS (:sub_query set_tbl_name = 'c_menu_obj_mst');
INSERT INTO c_set_tbl_name_mst (:insert_field) SELECT E'c_menuauth_mst', E'ﾚｼﾞﾒﾆｭｰ操作権限ﾏｽﾀ' WHERE NOT EXISTS (:sub_query set_tbl_name = 'c_menuauth_mst');
INSERT INTO c_set_tbl_name_mst (:insert_field) SELECT E'c_msg_mst', E'ﾒｯｾｰｼﾞﾏｽﾀ' WHERE NOT EXISTS (:sub_query set_tbl_name = 'c_msg_mst');
INSERT INTO c_set_tbl_name_mst (:insert_field) SELECT E'c_msglayout_mst', E'ﾒｯｾｰｼﾞﾚｲｱｳﾄﾏｽﾀ' WHERE NOT EXISTS (:sub_query set_tbl_name = 'c_msglayout_mst');
INSERT INTO c_set_tbl_name_mst (:insert_field) SELECT E'c_msgsch_layout_mst', E'ﾒｯｾｰｼﾞｽｹｼﾞｭｰﾙﾚｲｱｳﾄﾏｽﾀ' WHERE NOT EXISTS (:sub_query set_tbl_name = 'c_msgsch_layout_mst');
INSERT INTO c_set_tbl_name_mst (:insert_field) SELECT E'c_msgsch_mst', E'ﾒｯｾｰｼﾞｽｹｼﾞｭｰﾙﾏｽﾀ' WHERE NOT EXISTS (:sub_query set_tbl_name = 'c_msgsch_mst');
INSERT INTO c_set_tbl_name_mst (:insert_field) SELECT E'c_openclose_mst', E'ﾚｼﾞ開閉店情報ﾏｽﾀ' WHERE NOT EXISTS (:sub_query set_tbl_name = 'c_openclose_mst');
INSERT INTO c_set_tbl_name_mst (:insert_field) SELECT E'c_pbchg_log', E'収納ﾛｸﾞ(ﾛｰｶﾙ)' WHERE NOT EXISTS (:sub_query set_tbl_name = 'c_pbchg_log');
INSERT INTO c_set_tbl_name_mst (:insert_field) SELECT E'c_pbchg_log_01', E'収納ﾛｸﾞ(ﾏｽﾀ)' WHERE NOT EXISTS (:sub_query set_tbl_name = 'c_pbchg_log_01');
INSERT INTO c_set_tbl_name_mst (:insert_field) SELECT E'c_plan_mst', E'企画ﾏｽﾀ' WHERE NOT EXISTS (:sub_query set_tbl_name = 'c_plan_mst');
INSERT INTO c_set_tbl_name_mst (:insert_field) SELECT E'c_plu_mst', E'商品ﾏｽﾀ' WHERE NOT EXISTS (:sub_query set_tbl_name = 'c_plu_mst');
INSERT INTO c_set_tbl_name_mst (:insert_field) SELECT E'c_pntsch_mst', E'ﾎﾟｲﾝﾄｽｹｼﾞｭｰﾙﾏｽﾀ' WHERE NOT EXISTS (:sub_query set_tbl_name = 'c_pntsch_mst');
INSERT INTO c_set_tbl_name_mst (:insert_field) SELECT E'c_pntschgrp_mst', E'ﾎﾟｲﾝﾄｽｹｼﾞｭｰﾙｸﾞﾙｰﾌﾟﾏｽﾀ' WHERE NOT EXISTS (:sub_query set_tbl_name = 'c_pntschgrp_mst');
INSERT INTO c_set_tbl_name_mst (:insert_field) SELECT E'c_prcchg_mst', E'売価変更ﾏｽﾀ' WHERE NOT EXISTS (:sub_query set_tbl_name = 'c_prcchg_mst');
INSERT INTO c_set_tbl_name_mst (:insert_field) SELECT E'c_preset_img_mst', E'画像ﾌﾟﾘｾｯﾄﾏｽﾀ' WHERE NOT EXISTS (:sub_query set_tbl_name = 'c_preset_img_mst');
INSERT INTO c_set_tbl_name_mst (:insert_field) SELECT E'c_preset_mst', E'ﾌﾟﾘｾｯﾄｷｰﾏｽﾀ' WHERE NOT EXISTS (:sub_query set_tbl_name = 'c_preset_mst');
INSERT INTO c_set_tbl_name_mst (:insert_field) SELECT E'c_producer_mst', E'生産者品目ﾏｽﾀ' WHERE NOT EXISTS (:sub_query set_tbl_name = 'c_producer_mst');
INSERT INTO c_set_tbl_name_mst (:insert_field) SELECT E'c_rank_mst', E'ﾗﾝｸ判定ﾏｽﾀ' WHERE NOT EXISTS (:sub_query set_tbl_name = 'c_rank_mst');
INSERT INTO c_set_tbl_name_mst (:insert_field) SELECT E'c_recog_grp_mst', E'承認ｷｰｸﾞﾙｰﾌﾟﾏｽﾀ' WHERE NOT EXISTS (:sub_query set_tbl_name = 'c_recog_grp_mst');
INSERT INTO c_set_tbl_name_mst (:insert_field) SELECT E'c_recoginfo_mst', E'承認ｷｰ情報ﾏｽﾀ' WHERE NOT EXISTS (:sub_query set_tbl_name = 'c_recoginfo_mst');
INSERT INTO c_set_tbl_name_mst (:insert_field) SELECT E'c_regcnct_sio_mst', E'ﾚｼﾞ接続機器SIO情報ﾏｽﾀ' WHERE NOT EXISTS (:sub_query set_tbl_name = 'c_regcnct_sio_mst');
INSERT INTO c_set_tbl_name_mst (:insert_field) SELECT E'c_reginfo_grp_mst', E'ﾚｼﾞ情報ｸﾞﾙｰﾌﾟ管理ﾏｽﾀ' WHERE NOT EXISTS (:sub_query set_tbl_name = 'c_reginfo_grp_mst');
INSERT INTO c_set_tbl_name_mst (:insert_field) SELECT E'c_reginfo_mst', E'ﾚｼﾞ情報ﾏｽﾀ' WHERE NOT EXISTS (:sub_query set_tbl_name = 'c_reginfo_mst');
INSERT INTO c_set_tbl_name_mst (:insert_field) SELECT E'c_report_attr_mst', E'帳票属性ﾏｽﾀ' WHERE NOT EXISTS (:sub_query set_tbl_name = 'c_report_attr_mst');
INSERT INTO c_set_tbl_name_mst (:insert_field) SELECT E'c_report_attr_sub_mst', E'帳票属性ｻﾌﾞﾏｽﾀ' WHERE NOT EXISTS (:sub_query set_tbl_name = 'c_report_attr_sub_mst');
INSERT INTO c_set_tbl_name_mst (:insert_field) SELECT E'c_report_cnt', E'ﾚﾎﾟｰﾄｶｳﾝﾀ' WHERE NOT EXISTS (:sub_query set_tbl_name = 'c_report_cnt');
INSERT INTO c_set_tbl_name_mst (:insert_field) SELECT E'c_report_cond_mst', E'帳票印字条件ﾏｽﾀ' WHERE NOT EXISTS (:sub_query set_tbl_name = 'c_report_cond_mst');
INSERT INTO c_set_tbl_name_mst (:insert_field) SELECT E'c_report_mst', E'帳票ﾏｽﾀ' WHERE NOT EXISTS (:sub_query set_tbl_name = 'c_report_mst');
INSERT INTO c_set_tbl_name_mst (:insert_field) SELECT E'c_report_sql_mst', E'帳票SQLﾏｽﾀ' WHERE NOT EXISTS (:sub_query set_tbl_name = 'c_report_sql_mst');
INSERT INTO c_set_tbl_name_mst (:insert_field) SELECT E'c_reserv_log', E'予約ﾛｸﾞ(ﾛｰｶﾙ)' WHERE NOT EXISTS (:sub_query set_tbl_name = 'c_reserv_log');
INSERT INTO c_set_tbl_name_mst (:insert_field) SELECT E'c_reserv_log_01', E'予約ﾛｸﾞ(ﾏｽﾀ)' WHERE NOT EXISTS (:sub_query set_tbl_name = 'c_reserv_log_01');
INSERT INTO c_set_tbl_name_mst (:insert_field) SELECT E'c_reserv_tbl', E'予約ﾃｰﾌﾞﾙ' WHERE NOT EXISTS (:sub_query set_tbl_name = 'c_reserv_tbl');
INSERT INTO c_set_tbl_name_mst (:insert_field) SELECT E'c_rfm_mst', E'領収書ﾏｽﾀ' WHERE NOT EXISTS (:sub_query set_tbl_name = 'c_rfm_mst');
INSERT INTO c_set_tbl_name_mst (:insert_field) SELECT E'c_rsrvplu_mst', E'予約商品ﾏｽﾀ' WHERE NOT EXISTS (:sub_query set_tbl_name = 'c_rsrvplu_mst');
INSERT INTO c_set_tbl_name_mst (:insert_field) SELECT E'c_scanplu_mst', E'ｽｷｬﾆﾝｸﾞPLUﾏｽﾀ' WHERE NOT EXISTS (:sub_query set_tbl_name = 'c_scanplu_mst');
INSERT INTO c_set_tbl_name_mst (:insert_field) SELECT E'c_set_tbl_name_mst', E'ﾃｰﾌﾞﾙ名管理ﾏｽﾀ' WHERE NOT EXISTS (:sub_query set_tbl_name = 'c_set_tbl_name_mst');
INSERT INTO c_set_tbl_name_mst (:insert_field) SELECT E'after_vup_freq_txt', E'開設時自動ﾌｧｲﾙﾘｸｴｽﾄ指示ﾌｧｲﾙ' WHERE NOT EXISTS (:sub_query set_tbl_name = 'after_vup_freq_txt');
INSERT INTO c_set_tbl_name_mst (:insert_field) SELECT E'c_setitem_mst', E'ｾｯﾄ商品ﾏｽﾀ' WHERE NOT EXISTS (:sub_query set_tbl_name = 'c_setitem_mst');
INSERT INTO c_set_tbl_name_mst (:insert_field) SELECT E'c_sio_mst', E'SIO情報ﾏｽﾀ' WHERE NOT EXISTS (:sub_query set_tbl_name = 'c_sio_mst');
INSERT INTO c_set_tbl_name_mst (:insert_field) SELECT E'c_staff_mst', E'従業員ﾏｽﾀ' WHERE NOT EXISTS (:sub_query set_tbl_name = 'c_staff_mst');
INSERT INTO c_set_tbl_name_mst (:insert_field) SELECT E'c_staffauth_mst', E'従業員権限ﾏｽﾀ' WHERE NOT EXISTS (:sub_query set_tbl_name = 'c_staffauth_mst');
INSERT INTO c_set_tbl_name_mst (:insert_field) SELECT E'c_staffopen_mst', E'従業員ｵｰﾌﾟﾝ情報ﾏｽﾀ' WHERE NOT EXISTS (:sub_query set_tbl_name = 'c_staffopen_mst');
INSERT INTO c_set_tbl_name_mst (:insert_field) SELECT E'c_status_log', E'実績ｽﾃｰﾀｽﾛｸﾞ' WHERE NOT EXISTS (:sub_query set_tbl_name = 'c_status_log');
INSERT INTO c_set_tbl_name_mst (:insert_field) SELECT E'c_status_log_01', E'実績ｽﾃｰﾀｽﾛｸﾞ01' WHERE NOT EXISTS (:sub_query set_tbl_name = 'c_status_log_01');
INSERT INTO c_set_tbl_name_mst (:insert_field) SELECT E'c_status_log_01-31', E'実績ｽﾃｰﾀｽﾛｸﾞ01-31' WHERE NOT EXISTS (:sub_query set_tbl_name = 'c_status_log_01-31');
INSERT INTO c_set_tbl_name_mst (:insert_field) SELECT E'c_status_log_02', E'実績ｽﾃｰﾀｽﾛｸﾞ02' WHERE NOT EXISTS (:sub_query set_tbl_name = 'c_status_log_02');
INSERT INTO c_set_tbl_name_mst (:insert_field) SELECT E'c_status_log_03', E'実績ｽﾃｰﾀｽﾛｸﾞ03' WHERE NOT EXISTS (:sub_query set_tbl_name = 'c_status_log_03');
INSERT INTO c_set_tbl_name_mst (:insert_field) SELECT E'c_status_log_04', E'実績ｽﾃｰﾀｽﾛｸﾞ04' WHERE NOT EXISTS (:sub_query set_tbl_name = 'c_status_log_04');
INSERT INTO c_set_tbl_name_mst (:insert_field) SELECT E'c_status_log_05', E'実績ｽﾃｰﾀｽﾛｸﾞ05' WHERE NOT EXISTS (:sub_query set_tbl_name = 'c_status_log_05');
INSERT INTO c_set_tbl_name_mst (:insert_field) SELECT E'c_status_log_06', E'実績ｽﾃｰﾀｽﾛｸﾞ06' WHERE NOT EXISTS (:sub_query set_tbl_name = 'c_status_log_06');
INSERT INTO c_set_tbl_name_mst (:insert_field) SELECT E'c_status_log_07', E'実績ｽﾃｰﾀｽﾛｸﾞ07' WHERE NOT EXISTS (:sub_query set_tbl_name = 'c_status_log_07');
INSERT INTO c_set_tbl_name_mst (:insert_field) SELECT E'c_status_log_08', E'実績ｽﾃｰﾀｽﾛｸﾞ08' WHERE NOT EXISTS (:sub_query set_tbl_name = 'c_status_log_08');
INSERT INTO c_set_tbl_name_mst (:insert_field) SELECT E'c_status_log_09', E'実績ｽﾃｰﾀｽﾛｸﾞ09' WHERE NOT EXISTS (:sub_query set_tbl_name = 'c_status_log_09');
INSERT INTO c_set_tbl_name_mst (:insert_field) SELECT E'c_status_log_10', E'実績ｽﾃｰﾀｽﾛｸﾞ10' WHERE NOT EXISTS (:sub_query set_tbl_name = 'c_status_log_10');
INSERT INTO c_set_tbl_name_mst (:insert_field) SELECT E'c_status_log_11', E'実績ｽﾃｰﾀｽﾛｸﾞ11' WHERE NOT EXISTS (:sub_query set_tbl_name = 'c_status_log_11');
INSERT INTO c_set_tbl_name_mst (:insert_field) SELECT E'c_status_log_12', E'実績ｽﾃｰﾀｽﾛｸﾞ12' WHERE NOT EXISTS (:sub_query set_tbl_name = 'c_status_log_12');
INSERT INTO c_set_tbl_name_mst (:insert_field) SELECT E'c_status_log_13', E'実績ｽﾃｰﾀｽﾛｸﾞ13' WHERE NOT EXISTS (:sub_query set_tbl_name = 'c_status_log_13');
INSERT INTO c_set_tbl_name_mst (:insert_field) SELECT E'c_status_log_14', E'実績ｽﾃｰﾀｽﾛｸﾞ14' WHERE NOT EXISTS (:sub_query set_tbl_name = 'c_status_log_14');
INSERT INTO c_set_tbl_name_mst (:insert_field) SELECT E'c_status_log_15', E'実績ｽﾃｰﾀｽﾛｸﾞ15' WHERE NOT EXISTS (:sub_query set_tbl_name = 'c_status_log_15');
INSERT INTO c_set_tbl_name_mst (:insert_field) SELECT E'c_status_log_16', E'実績ｽﾃｰﾀｽﾛｸﾞ16' WHERE NOT EXISTS (:sub_query set_tbl_name = 'c_status_log_16');
INSERT INTO c_set_tbl_name_mst (:insert_field) SELECT E'c_status_log_17', E'実績ｽﾃｰﾀｽﾛｸﾞ17' WHERE NOT EXISTS (:sub_query set_tbl_name = 'c_status_log_17');
INSERT INTO c_set_tbl_name_mst (:insert_field) SELECT E'c_status_log_18', E'実績ｽﾃｰﾀｽﾛｸﾞ18' WHERE NOT EXISTS (:sub_query set_tbl_name = 'c_status_log_18');
INSERT INTO c_set_tbl_name_mst (:insert_field) SELECT E'c_status_log_19', E'実績ｽﾃｰﾀｽﾛｸﾞ19' WHERE NOT EXISTS (:sub_query set_tbl_name = 'c_status_log_19');
INSERT INTO c_set_tbl_name_mst (:insert_field) SELECT E'c_status_log_20', E'実績ｽﾃｰﾀｽﾛｸﾞ20' WHERE NOT EXISTS (:sub_query set_tbl_name = 'c_status_log_20');
INSERT INTO c_set_tbl_name_mst (:insert_field) SELECT E'c_status_log_21', E'実績ｽﾃｰﾀｽﾛｸﾞ21' WHERE NOT EXISTS (:sub_query set_tbl_name = 'c_status_log_21');
INSERT INTO c_set_tbl_name_mst (:insert_field) SELECT E'c_status_log_22', E'実績ｽﾃｰﾀｽﾛｸﾞ22' WHERE NOT EXISTS (:sub_query set_tbl_name = 'c_status_log_22');
INSERT INTO c_set_tbl_name_mst (:insert_field) SELECT E'c_status_log_23', E'実績ｽﾃｰﾀｽﾛｸﾞ23' WHERE NOT EXISTS (:sub_query set_tbl_name = 'c_status_log_23');
INSERT INTO c_set_tbl_name_mst (:insert_field) SELECT E'c_status_log_24', E'実績ｽﾃｰﾀｽﾛｸﾞ24' WHERE NOT EXISTS (:sub_query set_tbl_name = 'c_status_log_24');
INSERT INTO c_set_tbl_name_mst (:insert_field) SELECT E'c_status_log_25', E'実績ｽﾃｰﾀｽﾛｸﾞ25' WHERE NOT EXISTS (:sub_query set_tbl_name = 'c_status_log_25');
INSERT INTO c_set_tbl_name_mst (:insert_field) SELECT E'c_status_log_26', E'実績ｽﾃｰﾀｽﾛｸﾞ26' WHERE NOT EXISTS (:sub_query set_tbl_name = 'c_status_log_26');
INSERT INTO c_set_tbl_name_mst (:insert_field) SELECT E'c_status_log_27', E'実績ｽﾃｰﾀｽﾛｸﾞ27' WHERE NOT EXISTS (:sub_query set_tbl_name = 'c_status_log_27');
INSERT INTO c_set_tbl_name_mst (:insert_field) SELECT E'c_status_log_28', E'実績ｽﾃｰﾀｽﾛｸﾞ28' WHERE NOT EXISTS (:sub_query set_tbl_name = 'c_status_log_28');
INSERT INTO c_set_tbl_name_mst (:insert_field) SELECT E'c_status_log_29', E'実績ｽﾃｰﾀｽﾛｸﾞ29' WHERE NOT EXISTS (:sub_query set_tbl_name = 'c_status_log_29');
INSERT INTO c_set_tbl_name_mst (:insert_field) SELECT E'c_status_log_30', E'実績ｽﾃｰﾀｽﾛｸﾞ30' WHERE NOT EXISTS (:sub_query set_tbl_name = 'c_status_log_30');
INSERT INTO c_set_tbl_name_mst (:insert_field) SELECT E'c_status_log_31', E'実績ｽﾃｰﾀｽﾛｸﾞ31' WHERE NOT EXISTS (:sub_query set_tbl_name = 'c_status_log_31');
INSERT INTO c_set_tbl_name_mst (:insert_field) SELECT E'c_status_log_reserv', E'予約実績ｽﾃｰﾀｽﾛｸﾞ(ﾛｰｶﾙ)' WHERE NOT EXISTS (:sub_query set_tbl_name = 'c_status_log_reserv');
INSERT INTO c_set_tbl_name_mst (:insert_field) SELECT E'c_status_log_reserv_01', E'予約実績ｽﾃｰﾀｽﾛｸﾞ(ﾏｽﾀ)' WHERE NOT EXISTS (:sub_query set_tbl_name = 'c_status_log_reserv_01');
--INSERT INTO c_set_tbl_name_mst (:insert_field) SELECT E'c_stmlog01', E'ｾｯﾄﾏｯﾁﾛｸﾞ 01 - 31' WHERE NOT EXISTS (:sub_query set_tbl_name = 'c_stmlog01');
--INSERT INTO c_set_tbl_name_mst (:insert_field) SELECT E'c_stmlog_reserv', E'予約ｾｯﾄﾏｯﾁﾛｸﾞ' WHERE NOT EXISTS (:sub_query set_tbl_name = 'c_stmlog_reserv');
INSERT INTO c_set_tbl_name_mst (:insert_field) SELECT E'c_stre_mst', E'店舗ﾏｽﾀ' WHERE NOT EXISTS (:sub_query set_tbl_name = 'c_stre_mst');
INSERT INTO c_set_tbl_name_mst (:insert_field) SELECT E'c_tax_mst', E'税ﾃｰﾌﾞﾙﾏｽﾀ' WHERE NOT EXISTS (:sub_query set_tbl_name = 'c_tax_mst');
INSERT INTO c_set_tbl_name_mst (:insert_field) SELECT E'c_tmp_log', E'仮登録ﾛｸﾞ' WHERE NOT EXISTS (:sub_query set_tbl_name = 'c_tmp_log');
INSERT INTO c_set_tbl_name_mst (:insert_field) SELECT E'c_trm_chk_mst', E'ﾀｰﾐﾅﾙﾁｪｯｸﾏｽﾀ' WHERE NOT EXISTS (:sub_query set_tbl_name = 'c_trm_chk_mst');
INSERT INTO c_set_tbl_name_mst (:insert_field) SELECT E'c_trm_menu_mst', E'ﾀｰﾐﾅﾙﾒﾆｭｰﾏｽﾀ' WHERE NOT EXISTS (:sub_query set_tbl_name = 'c_trm_menu_mst');
INSERT INTO c_set_tbl_name_mst (:insert_field) SELECT E'c_trm_mst', E'ﾀｰﾐﾅﾙﾏｽﾀ' WHERE NOT EXISTS (:sub_query set_tbl_name = 'c_trm_mst');
INSERT INTO c_set_tbl_name_mst (:insert_field) SELECT E'c_trm_plan_mst', E'ﾀｰﾐﾅﾙ企画番号ﾏｽﾀ' WHERE NOT EXISTS (:sub_query set_tbl_name = 'c_trm_plan_mst');
INSERT INTO c_set_tbl_name_mst (:insert_field) SELECT E'c_trm_rsrv_mst', E'ﾀｰﾐﾅﾙ予約ﾏｽﾀ' WHERE NOT EXISTS (:sub_query set_tbl_name = 'c_trm_rsrv_mst');
INSERT INTO c_set_tbl_name_mst (:insert_field) SELECT E'c_trm_set_mst', E'ﾀｰﾐﾅﾙ設定ﾏｽﾀ' WHERE NOT EXISTS (:sub_query set_tbl_name = 'c_trm_set_mst');
INSERT INTO c_set_tbl_name_mst (:insert_field) SELECT E'c_trm_sub_mst', E'ﾀｰﾐﾅﾙｻﾌﾞﾏｽﾀ' WHERE NOT EXISTS (:sub_query set_tbl_name = 'c_trm_sub_mst');
INSERT INTO c_set_tbl_name_mst (:insert_field) SELECT E'c_trm_tag_grp_mst', E'ﾀｰﾐﾅﾙﾀｸﾞｸﾞﾙｰﾌﾟﾏｽﾀ' WHERE NOT EXISTS (:sub_query set_tbl_name = 'c_trm_tag_grp_mst');
--INSERT INTO c_set_tbl_name_mst (:insert_field) SELECT E'c_ttllog01', E'ﾄｰﾀﾙﾛｸﾞ 01 - 31' WHERE NOT EXISTS (:sub_query set_tbl_name = 'c_ttllog01');
--INSERT INTO c_set_tbl_name_mst (:insert_field) SELECT E'c_ttllog_reserv', E'予約ﾄｰﾀﾙﾛｸﾞ' WHERE NOT EXISTS (:sub_query set_tbl_name = 'c_ttllog_reserv');
INSERT INTO c_set_tbl_name_mst (:insert_field) SELECT E'c_void_log_01', E'訂正確認ﾛｸﾞ' WHERE NOT EXISTS (:sub_query set_tbl_name = 'c_void_log_01');
INSERT INTO c_set_tbl_name_mst (:insert_field) SELECT E'c_zipcode_mst', E'郵便番号ﾏｽﾀ' WHERE NOT EXISTS (:sub_query set_tbl_name = 'c_zipcode_mst');
INSERT INTO c_set_tbl_name_mst (:insert_field) SELECT E'cam_avi', E'動画ﾌｧｲﾙ' WHERE NOT EXISTS (:sub_query set_tbl_name = 'cam_avi');
INSERT INTO c_set_tbl_name_mst (:insert_field) SELECT E'cancel_reason.bmp', E'取消理由欄' WHERE NOT EXISTS (:sub_query set_tbl_name = 'cancel_reason.bmp');
INSERT INTO c_set_tbl_name_mst (:insert_field) SELECT E'cm_logo', E'CMﾛｺﾞ' WHERE NOT EXISTS (:sub_query set_tbl_name = 'cm_logo');
INSERT INTO c_set_tbl_name_mst (:insert_field) SELECT E'compcd', E'企業ｺｰﾄﾞ' WHERE NOT EXISTS (:sub_query set_tbl_name = 'compcd');
INSERT INTO c_set_tbl_name_mst (:insert_field) SELECT E'cash_recycle_ctrl', E'ｷｬｯｼｭﾘｻｲｸﾙ指示ﾌｧｲﾙ' WHERE NOT EXISTS (:sub_query set_tbl_name = 'cash_recycle_ctrl');
INSERT INTO c_set_tbl_name_mst (:insert_field) SELECT E'counter', E'ﾚｼｰﾄNo. , ｼﾞｬｰﾅﾙNo.' WHERE NOT EXISTS (:sub_query set_tbl_name = 'counter');
INSERT INTO c_set_tbl_name_mst (:insert_field) SELECT E'crdt', E'ｸﾚｼﾞｯﾄ請求履歴ﾛｸﾞ' WHERE NOT EXISTS (:sub_query set_tbl_name = 'crdt');
INSERT INTO c_set_tbl_name_mst (:insert_field) SELECT E'csvbkup.ini', E'ﾃｷｽﾄ関連' WHERE NOT EXISTS (:sub_query set_tbl_name = 'csvbkup.ini');
INSERT INTO c_set_tbl_name_mst (:insert_field) SELECT E'drawchk_cash_log', E'特注ﾕｰｻﾞｰ(001)実績' WHERE NOT EXISTS (:sub_query set_tbl_name = 'drawchk_cash_log');
INSERT INTO c_set_tbl_name_mst (:insert_field) SELECT E'eat_in.ini', E'ｲｰﾄｲﾝ関連' WHERE NOT EXISTS (:sub_query set_tbl_name = 'eat_in.ini');
INSERT INTO c_set_tbl_name_mst (:insert_field) SELECT E'ejnl', E'電子ｼﾞｬｰﾅﾙﾃｷｽﾄ' WHERE NOT EXISTS (:sub_query set_tbl_name = 'ejnl');
INSERT INTO c_set_tbl_name_mst (:insert_field) SELECT E'error_ct_ini', E'ｴﾗｰiniﾌｧｲﾙ2' WHERE NOT EXISTS (:sub_query set_tbl_name = 'error_ct_ini');
INSERT INTO c_set_tbl_name_mst (:insert_field) SELECT E'error_gui_ini', E'ｴﾗｰiniﾌｧｲﾙ1' WHERE NOT EXISTS (:sub_query set_tbl_name = 'error_gui_ini');
INSERT INTO c_set_tbl_name_mst (:insert_field) SELECT E'f_self_content.ini', E'対面ｾﾙﾌｺﾝﾃﾝﾂ設定ﾌｧｲﾙ' WHERE NOT EXISTS (:sub_query set_tbl_name = 'f_self_content.ini');
INSERT INTO c_set_tbl_name_mst (:insert_field) SELECT E'f_self_img.ini', E'対面ｾﾙﾌ画面設定ﾌｧｲﾙ' WHERE NOT EXISTS (:sub_query set_tbl_name = 'f_self_img.ini');
INSERT INTO c_set_tbl_name_mst (:insert_field) SELECT E'fjss.ini', E'ﾌｧﾐﾘｰｼﾞｮｲ関連' WHERE NOT EXISTS (:sub_query set_tbl_name = 'fjss.ini');
INSERT INTO c_set_tbl_name_mst (:insert_field) SELECT E'fself_content', E'対面ｾﾙﾌｺﾝﾃﾝﾂﾌｧｲﾙ' WHERE NOT EXISTS (:sub_query set_tbl_name = 'fself_content');
INSERT INTO c_set_tbl_name_mst (:insert_field) SELECT E'ftp_backup_txt', E'本部送信/ﾃｷｽﾄ送信ﾊﾞｯｸｱｯﾌﾟ' WHERE NOT EXISTS (:sub_query set_tbl_name = 'ftp_backup_txt');
INSERT INTO c_set_tbl_name_mst (:insert_field) SELECT E'ftp_backup_jnl', E'電子ｼﾞｬｰﾅﾙﾊﾞｯｸｱｯﾌﾟ' WHERE NOT EXISTS (:sub_query set_tbl_name = 'ftp_backup_jnl');
INSERT INTO c_set_tbl_name_mst (:insert_field) SELECT E'ftp_cd_bkup_file', E'通信,ﾃｷｽﾄ ﾊﾞｯｸｱｯﾌﾟﾌｧｲﾙ' WHERE NOT EXISTS (:sub_query set_tbl_name = 'ftp_cd_bkup_file');
INSERT INTO c_set_tbl_name_mst (:insert_field) SELECT E'hist_ctrl_mst', E'履歴ﾛｸﾞ制御ｺﾝﾄﾛｰﾙﾏｽﾀ' WHERE NOT EXISTS (:sub_query set_tbl_name = 'hist_ctrl_mst');
INSERT INTO c_set_tbl_name_mst (:insert_field) SELECT E'hq_plan_update', E'上位接続ﾏｽﾀ予約変更ﾌｧｲﾙ' WHERE NOT EXISTS (:sub_query set_tbl_name = 'hq_plan_update');
INSERT INTO c_set_tbl_name_mst (:insert_field) SELECT E'hq_set.ini', E'接続先別送受信関連設定' WHERE NOT EXISTS (:sub_query set_tbl_name = 'hq_set.ini');
INSERT INTO c_set_tbl_name_mst (:insert_field) SELECT E'hqftp', E'速報送信時刻' WHERE NOT EXISTS (:sub_query set_tbl_name = 'hqftp');
INSERT INTO c_set_tbl_name_mst (:insert_field) SELECT E'hqftp.ini', E'HQ実績送信時刻設定' WHERE NOT EXISTS (:sub_query set_tbl_name = 'hqftp.ini');
INSERT INTO c_set_tbl_name_mst (:insert_field) SELECT E'hqhist', E'ﾏｽﾀ受信時刻' WHERE NOT EXISTS (:sub_query set_tbl_name = 'hqhist');
INSERT INTO c_set_tbl_name_mst (:insert_field) SELECT E'hqhist.ini', E'HQ履歴ﾛｸﾞ送受信時刻設定' WHERE NOT EXISTS (:sub_query set_tbl_name = 'hqhist.ini');
INSERT INTO c_set_tbl_name_mst (:insert_field) SELECT E'hqhist_ct', E'速報ｶｳﾝﾀ' WHERE NOT EXISTS (:sub_query set_tbl_name = 'hqhist_ct');
INSERT INTO c_set_tbl_name_mst (:insert_field) SELECT E'hqhist_ct2nd', E'速報ｶｳﾝﾀ(第２接続先)' WHERE NOT EXISTS (:sub_query set_tbl_name = 'hqhist_ct2nd');
INSERT INTO c_set_tbl_name_mst (:insert_field) SELECT E'hqprod.ini', E'生産者実績送信時刻設定' WHERE NOT EXISTS (:sub_query set_tbl_name = 'hqprod.ini');
INSERT INTO c_set_tbl_name_mst (:insert_field) SELECT E'image.ini', E'ｽｷﾝ･ｱｲｺﾝ設定情報' WHERE NOT EXISTS (:sub_query set_tbl_name = 'image.ini');
INSERT INTO c_set_tbl_name_mst (:insert_field) SELECT E'img_preset', E'画像ﾌﾟﾘｾｯﾄﾌｧｲﾙ' WHERE NOT EXISTS (:sub_query set_tbl_name = 'img_preset');
INSERT INTO c_set_tbl_name_mst (:insert_field) SELECT E'item_log.normal', E'実績ﾛｸﾞﾊﾞｯｸｱｯﾌﾟ' WHERE NOT EXISTS (:sub_query set_tbl_name = 'item_log.normal');
INSERT INTO c_set_tbl_name_mst (:insert_field) SELECT E'item_log.off', E'実績ﾛｸﾞｵﾌﾗｲﾝ時ﾊﾞｯｸｱｯﾌﾟ' WHERE NOT EXISTS (:sub_query set_tbl_name = 'item_log.off');
INSERT INTO c_set_tbl_name_mst (:insert_field) SELECT E'backup.normal', E'再集計ﾊﾞｯｸｱｯﾌﾟ' WHERE NOT EXISTS (:sub_query set_tbl_name = 'backup.normal');
INSERT INTO c_set_tbl_name_mst (:insert_field) SELECT E'l_receipt.bmp', E'領収書ﾛｺﾞ' WHERE NOT EXISTS (:sub_query set_tbl_name = 'l_receipt.bmp');
INSERT INTO c_set_tbl_name_mst (:insert_field) SELECT E'log/ssps', E'表形式ﾚﾎﾟｰﾄ' WHERE NOT EXISTS (:sub_query set_tbl_name = 'log/ssps');
INSERT INTO c_set_tbl_name_mst (:insert_field) SELECT E'lottery.ini', E'抽選関連設定ﾌｧｲﾙ' WHERE NOT EXISTS (:sub_query set_tbl_name = 'lottery.ini');
INSERT INTO c_set_tbl_name_mst (:insert_field) SELECT E'c_pbchg_bkup', E'収納ﾛｸﾞ(ﾏｽﾀ)ﾊﾞｯｸｱｯﾌﾟ' WHERE NOT EXISTS (:sub_query set_tbl_name = 'c_pbchg_bkup');
INSERT INTO c_set_tbl_name_mst (:insert_field) SELECT E'mac_info.ini', E'ﾚｼﾞ情報' WHERE NOT EXISTS (:sub_query set_tbl_name = 'mac_info.ini');
INSERT INTO c_set_tbl_name_mst (:insert_field) SELECT E'mas_anvsry01.bmp', E'ﾏｽﾀｰ記念日ﾛｺﾞ１' WHERE NOT EXISTS (:sub_query set_tbl_name = 'mas_anvsry01.bmp');
INSERT INTO c_set_tbl_name_mst (:insert_field) SELECT E'mas_anvsry02.bmp', E'ﾏｽﾀｰ記念日ﾛｺﾞ２' WHERE NOT EXISTS (:sub_query set_tbl_name = 'mas_anvsry02.bmp');
INSERT INTO c_set_tbl_name_mst (:insert_field) SELECT E'mas_anvsry03.bmp', E'ﾏｽﾀｰ記念日ﾛｺﾞ３' WHERE NOT EXISTS (:sub_query set_tbl_name = 'mas_anvsry03.bmp');
INSERT INTO c_set_tbl_name_mst (:insert_field) SELECT E'mas_anvsry04.bmp', E'ﾏｽﾀｰ記念日ﾛｺﾞ４' WHERE NOT EXISTS (:sub_query set_tbl_name = 'mas_anvsry04.bmp');
INSERT INTO c_set_tbl_name_mst (:insert_field) SELECT E'mas_anvsry05.bmp', E'ﾏｽﾀｰ記念日ﾛｺﾞ５' WHERE NOT EXISTS (:sub_query set_tbl_name = 'mas_anvsry05.bmp');
INSERT INTO c_set_tbl_name_mst (:insert_field) SELECT E'mas_anvsrywk.bmp', E'ﾏｽﾀｰ記念日ﾛｺﾞ' WHERE NOT EXISTS (:sub_query set_tbl_name = 'mas_anvsrywk.bmp');
INSERT INTO c_set_tbl_name_mst (:insert_field) SELECT E'mas_l_receipt.bmp', E'ﾏｽﾀｰ領収書ﾛｺﾞ' WHERE NOT EXISTS (:sub_query set_tbl_name = 'mas_l_receipt.bmp');
INSERT INTO c_set_tbl_name_mst (:insert_field) SELECT E'mas_mnytcktwk.bmp', E'ﾏｽﾀｰ金券ﾁｹｯﾄﾛｺﾞ' WHERE NOT EXISTS (:sub_query set_tbl_name = 'mas_mnytcktwk.bmp');
INSERT INTO c_set_tbl_name_mst (:insert_field) SELECT E'mas_promtcktwk.bmp', E'ﾏｽﾀｰﾌﾟﾛﾓｰｼｮﾝﾁｹｯﾄﾛｺﾞ' WHERE NOT EXISTS (:sub_query set_tbl_name = 'mas_promtcktwk.bmp');
INSERT INTO c_set_tbl_name_mst (:insert_field) SELECT E'mas_receipt.bmp', E'ﾏｽﾀｰﾚｼｰﾄﾛｺﾞ' WHERE NOT EXISTS (:sub_query set_tbl_name = 'mas_receipt.bmp');
INSERT INTO c_set_tbl_name_mst (:insert_field) SELECT E'mas_spltckt.bmp', E'ﾏｽﾀｰﾁｹｯﾄﾛｺﾞ' WHERE NOT EXISTS (:sub_query set_tbl_name = 'mas_spltckt.bmp');
INSERT INTO c_set_tbl_name_mst (:insert_field) SELECT E'mas_spltti00.bmp', E'ﾏｽﾀｰﾁｹｯﾄﾛｺﾞ０' WHERE NOT EXISTS (:sub_query set_tbl_name = 'mas_spltti00.bmp');
INSERT INTO c_set_tbl_name_mst (:insert_field) SELECT E'mas_spltti01.bmp', E'ﾏｽﾀｰﾁｹｯﾄﾛｺﾞ１' WHERE NOT EXISTS (:sub_query set_tbl_name = 'mas_spltti01.bmp');
INSERT INTO c_set_tbl_name_mst (:insert_field) SELECT E'mas_spltti02.bmp', E'ﾏｽﾀｰﾁｹｯﾄﾛｺﾞ２' WHERE NOT EXISTS (:sub_query set_tbl_name = 'mas_spltti02.bmp');
INSERT INTO c_set_tbl_name_mst (:insert_field) SELECT E'mas_spltti03.bmp', E'ﾏｽﾀｰﾁｹｯﾄﾛｺﾞ３' WHERE NOT EXISTS (:sub_query set_tbl_name = 'mas_spltti03.bmp');
INSERT INTO c_set_tbl_name_mst (:insert_field) SELECT E'mas_spltti04.bmp', E'ﾏｽﾀｰﾁｹｯﾄﾛｺﾞ４' WHERE NOT EXISTS (:sub_query set_tbl_name = 'mas_spltti04.bmp');
INSERT INTO c_set_tbl_name_mst (:insert_field) SELECT E'mas_spltti05.bmp', E'ﾏｽﾀｰﾁｹｯﾄﾛｺﾞ５' WHERE NOT EXISTS (:sub_query set_tbl_name = 'mas_spltti05.bmp');
INSERT INTO c_set_tbl_name_mst (:insert_field) SELECT E'mas_spltti06.bmp', E'ﾏｽﾀｰﾁｹｯﾄﾛｺﾞ６' WHERE NOT EXISTS (:sub_query set_tbl_name = 'mas_spltti06.bmp');
INSERT INTO c_set_tbl_name_mst (:insert_field) SELECT E'mas_spltti07.bmp', E'ﾏｽﾀｰﾁｹｯﾄﾛｺﾞ７' WHERE NOT EXISTS (:sub_query set_tbl_name = 'mas_spltti07.bmp');
INSERT INTO c_set_tbl_name_mst (:insert_field) SELECT E'mas_spltti08.bmp', E'ﾏｽﾀｰﾁｹｯﾄﾛｺﾞ８' WHERE NOT EXISTS (:sub_query set_tbl_name = 'mas_spltti08.bmp');
INSERT INTO c_set_tbl_name_mst (:insert_field) SELECT E'mas_stamp1.bmp', E'ﾏｽﾀｰｽﾀﾝﾌﾟﾛｺﾞ1' WHERE NOT EXISTS (:sub_query set_tbl_name = 'mas_stamp1.bmp');
INSERT INTO c_set_tbl_name_mst (:insert_field) SELECT E'mas_vmctcktwk.bmp', E'ﾏｽﾀｰﾋﾞｽﾏｯｸﾁｹｯﾄﾛｺﾞ' WHERE NOT EXISTS (:sub_query set_tbl_name = 'mas_vmctcktwk.bmp');
INSERT INTO c_set_tbl_name_mst (:insert_field) SELECT E'mbrreal.ini', E'会員ﾘｱﾙiniﾌｧｲﾙ' WHERE NOT EXISTS (:sub_query set_tbl_name = 'mbrreal.ini');
INSERT INTO c_set_tbl_name_mst (:insert_field) SELECT E'memo', E'ﾒﾓ' WHERE NOT EXISTS (:sub_query set_tbl_name = 'memo');
INSERT INTO c_set_tbl_name_mst (:insert_field) SELECT E'mente_ng', E'ｾｸﾞﾒﾝﾄ関連' WHERE NOT EXISTS (:sub_query set_tbl_name = 'mente_ng');
INSERT INTO c_set_tbl_name_mst (:insert_field) SELECT E'mm_rept_taxchg.ini', E'税率変更日付設定' WHERE NOT EXISTS (:sub_query set_tbl_name = 'mm_rept_taxchg.ini');
INSERT INTO c_set_tbl_name_mst (:insert_field) SELECT E'mnytcktwk.bmp', E'金券ﾁｹｯﾄﾛｺﾞ' WHERE NOT EXISTS (:sub_query set_tbl_name = 'mnytcktwk.bmp');
INSERT INTO c_set_tbl_name_mst (:insert_field) SELECT E'mobile_file', E'ﾓﾊﾞｲﾙ仮締ﾌｧｲﾙ' WHERE NOT EXISTS (:sub_query set_tbl_name = 'mobile_file');
INSERT INTO c_set_tbl_name_mst (:insert_field) SELECT E'movie_info.ini', E'動画定義ﾌｧｲﾙ' WHERE NOT EXISTS (:sub_query set_tbl_name = 'movie_info.ini');
INSERT INTO c_set_tbl_name_mst (:insert_field) SELECT E'mseg_bkup', E'ﾊﾞｯｸｱｯﾌﾟ' WHERE NOT EXISTS (:sub_query set_tbl_name = 'mseg_bkup');
INSERT INTO c_set_tbl_name_mst (:insert_field) SELECT E'mst_read_date', E'ﾏｽﾀ取込実行日時ﾌｧｲﾙ' WHERE NOT EXISTS (:sub_query set_tbl_name = 'mst_read_date');
INSERT INTO c_set_tbl_name_mst (:insert_field) SELECT E'netwlpr_inf', E'ﾈｯﾄﾜｰｸﾌﾟﾘﾝﾀｰ情報' WHERE NOT EXISTS (:sub_query set_tbl_name = 'netwlpr_inf');
INSERT INTO c_set_tbl_name_mst (:insert_field) SELECT E'non_act', E'商品ﾏｽﾀ復帰情報' WHERE NOT EXISTS (:sub_query set_tbl_name = 'non_act');
INSERT INTO c_set_tbl_name_mst (:insert_field) SELECT E'p_appl_mst', E'ｱﾌﾟﾘﾏｽﾀ' WHERE NOT EXISTS (:sub_query set_tbl_name = 'p_appl_mst');
INSERT INTO c_set_tbl_name_mst (:insert_field) SELECT E'p_pbchg_balance_tbl', E'残高情報' WHERE NOT EXISTS (:sub_query set_tbl_name = 'p_pbchg_balance_tbl');
INSERT INTO c_set_tbl_name_mst (:insert_field) SELECT E'p_pbchg_corp_tbl', E'収納企業情報' WHERE NOT EXISTS (:sub_query set_tbl_name = 'p_pbchg_corp_tbl');
INSERT INTO c_set_tbl_name_mst (:insert_field) SELECT E'p_pbchg_ncorp_tbl', E'端末別収納不可企業情報' WHERE NOT EXISTS (:sub_query set_tbl_name = 'p_pbchg_ncorp_tbl');
INSERT INTO c_set_tbl_name_mst (:insert_field) SELECT E'p_pbchg_ntte_tbl', E'NTT東日本局番情報' WHERE NOT EXISTS (:sub_query set_tbl_name = 'p_pbchg_ntte_tbl');
INSERT INTO c_set_tbl_name_mst (:insert_field) SELECT E'p_pbchg_stre_tbl', E'店舗情報' WHERE NOT EXISTS (:sub_query set_tbl_name = 'p_pbchg_stre_tbl');
INSERT INTO c_set_tbl_name_mst (:insert_field) SELECT E'p_prcchg_item_mst', E'予約売価変更商品ﾏｽﾀ' WHERE NOT EXISTS (:sub_query set_tbl_name = 'p_prcchg_item_mst');
INSERT INTO c_set_tbl_name_mst (:insert_field) SELECT E'p_prcchg_mst', E'売価変更ﾏｽﾀ(P)' WHERE NOT EXISTS (:sub_query set_tbl_name = 'p_prcchg_mst');
INSERT INTO c_set_tbl_name_mst (:insert_field) SELECT E'p_prcchg_sch_mst', E'予約売価変更ｽｹｼﾞｭｰﾙﾏｽﾀ' WHERE NOT EXISTS (:sub_query set_tbl_name = 'p_prcchg_sch_mst');
INSERT INTO c_set_tbl_name_mst (:insert_field) SELECT E'p_promitem_mst', E'ﾌﾟﾛﾓｰｼｮﾝ商品ﾏｽﾀ' WHERE NOT EXISTS (:sub_query set_tbl_name = 'p_promitem_mst');
INSERT INTO c_set_tbl_name_mst (:insert_field) SELECT E'p_promsch_mst', E'ﾌﾟﾛﾓｰｼｮﾝｽｹｼﾞｭｰﾙﾏｽﾀ' WHERE NOT EXISTS (:sub_query set_tbl_name = 'p_promsch_mst');
INSERT INTO c_set_tbl_name_mst (:insert_field) SELECT E'p_recog_mst', E'承認ｷｰﾏｽﾀ' WHERE NOT EXISTS (:sub_query set_tbl_name = 'p_recog_mst');
INSERT INTO c_set_tbl_name_mst (:insert_field) SELECT E'c_tcount_mst', E'件数確認ﾏｽﾀ' WHERE NOT EXISTS (:sub_query set_tbl_name = 'c_tcount_mst');
INSERT INTO c_set_tbl_name_mst (:insert_field) SELECT E'p_trigger_key_mst', E'ﾄﾘｶﾞｰｷｰ割当ﾏｽﾀ' WHERE NOT EXISTS (:sub_query set_tbl_name = 'p_trigger_key_mst');
INSERT INTO c_set_tbl_name_mst (:insert_field) SELECT E'pbchg_check', E'精算ﾌｧｲﾙ' WHERE NOT EXISTS (:sub_query set_tbl_name = 'pbchg_check');
INSERT INTO c_set_tbl_name_mst (:insert_field) SELECT E'pbchg_ini', E'収納INI' WHERE NOT EXISTS (:sub_query set_tbl_name = 'pbchg_ini');
INSERT INTO c_set_tbl_name_mst (:insert_field) SELECT E'plan.tar.gz', E'上位接続ﾏｽﾀ予約変更ﾌｧｲﾙ' WHERE NOT EXISTS (:sub_query set_tbl_name = 'plan.tar.gz');
INSERT INTO c_set_tbl_name_mst (:insert_field) SELECT E'plan_file', E'上位接続ﾏｽﾀ予約変更ﾌｧｲﾙ' WHERE NOT EXISTS (:sub_query set_tbl_name = 'plan_file');
INSERT INTO c_set_tbl_name_mst (:insert_field) SELECT E'prom_logo', E'ﾌﾟﾛﾓｰｼｮﾝﾁｹｯﾄﾛｺﾞ(SIMS)' WHERE NOT EXISTS (:sub_query set_tbl_name = 'prom_logo');
INSERT INTO c_set_tbl_name_mst (:insert_field) SELECT E'promtcktwk.bmp', E'ﾌﾟﾛﾓｰｼｮﾝﾁｹｯﾄﾛｺﾞ' WHERE NOT EXISTS (:sub_query set_tbl_name = 'promtcktwk.bmp');
INSERT INTO c_set_tbl_name_mst (:insert_field) SELECT E'qc_start_dsp.ini', E'QCｽﾀｰﾄ画面定義ﾌｧｲﾙ' WHERE NOT EXISTS (:sub_query set_tbl_name = 'qc_start_dsp.ini');
INSERT INTO c_set_tbl_name_mst (:insert_field) SELECT E'qcashier.ini', E'QCashier定義ﾌｧｲﾙ' WHERE NOT EXISTS (:sub_query set_tbl_name = 'qcashier.ini');
INSERT INTO c_set_tbl_name_mst (:insert_field) SELECT E'qcashier_ini', E'設定ﾌｧｲﾙ' WHERE NOT EXISTS (:sub_query set_tbl_name = 'qcashier_ini');
INSERT INTO c_set_tbl_name_mst (:insert_field) SELECT E'qcjc', E'ｽﾍﾟｯｸﾌｧｲﾙ(JC_C)' WHERE NOT EXISTS (:sub_query set_tbl_name = 'qcjc');
INSERT INTO c_set_tbl_name_mst (:insert_field) SELECT E'qs_movie_start_dsp.ini', E'ｽﾀｰﾄ画面定義ﾌｧｲﾙ' WHERE NOT EXISTS (:sub_query set_tbl_name = 'qs_movie_start_dsp.ini');
INSERT INTO c_set_tbl_name_mst (:insert_field) SELECT E'quick_make', E'作成ﾃﾞｰﾀ' WHERE NOT EXISTS (:sub_query set_tbl_name = 'quick_make');
INSERT INTO c_set_tbl_name_mst (:insert_field) SELECT E'rdly_acr', E'ﾚｼﾞ日別釣銭機' WHERE NOT EXISTS (:sub_query set_tbl_name = 'rdly_acr');
INSERT INTO c_set_tbl_name_mst (:insert_field) SELECT E'rdly_class', E'ﾚｼﾞ日別分類' WHERE NOT EXISTS (:sub_query set_tbl_name = 'rdly_class');
INSERT INTO c_set_tbl_name_mst (:insert_field) SELECT E'rdly_class_hour', E'ﾚｼﾞ日別分類時間帯' WHERE NOT EXISTS (:sub_query set_tbl_name = 'rdly_class_hour');
INSERT INTO c_set_tbl_name_mst (:insert_field) SELECT E'rdly_deal', E'ﾚｼﾞ・扱者日別取引' WHERE NOT EXISTS (:sub_query set_tbl_name = 'rdly_deal');
INSERT INTO c_set_tbl_name_mst (:insert_field) SELECT E'rdly_deal_hour', E'ﾚｼﾞ・扱者日別取引時間帯' WHERE NOT EXISTS (:sub_query set_tbl_name = 'rdly_deal_hour');
INSERT INTO c_set_tbl_name_mst (:insert_field) SELECT E'rdly_tax_deal',      E'ﾚｼﾞ・扱者日別税別' WHERE NOT EXISTS (:sub_query set_tbl_name = 'rdly_tax_deal');
INSERT INTO c_set_tbl_name_mst (:insert_field) SELECT E'rdly_tax_deal_hour', E'ﾚｼﾞ・扱者日別税別時間帯' WHERE NOT EXISTS (:sub_query set_tbl_name = 'rdly_tax_deal_hour');
INSERT INTO c_set_tbl_name_mst (:insert_field) SELECT E'rdly_flow', E'ﾚｼﾞ・扱者日別在高' WHERE NOT EXISTS (:sub_query set_tbl_name = 'rdly_flow');
INSERT INTO c_set_tbl_name_mst (:insert_field) SELECT E'rdly_plu', E'ﾚｼﾞ日別商品' WHERE NOT EXISTS (:sub_query set_tbl_name = 'rdly_plu');
INSERT INTO c_set_tbl_name_mst (:insert_field) SELECT E'rdly_plu_hour', E'ﾚｼﾞ日別商品時間帯' WHERE NOT EXISTS (:sub_query set_tbl_name = 'rdly_plu_hour');
INSERT INTO c_set_tbl_name_mst (:insert_field) SELECT E'rdly_prom', E'ﾚｼﾞ日別ﾌﾟﾛﾓｰｼｮﾝ' WHERE NOT EXISTS (:sub_query set_tbl_name = 'rdly_prom');
INSERT INTO c_set_tbl_name_mst (:insert_field) SELECT E'rdly_cust', E'会員日別' WHERE NOT EXISTS (:sub_query set_tbl_name = 'rdly_cust');
INSERT INTO c_set_tbl_name_mst (:insert_field) SELECT E'rdly_svs', E'ｻｰﾋﾞｽ分類日別' WHERE NOT EXISTS (:sub_query set_tbl_name = 'rdly_svs');
INSERT INTO c_set_tbl_name_mst (:insert_field) SELECT E'rdly_cdpayflow', E'ﾚｼﾞ･扱者日別ｺｰﾄﾞ決済在高' WHERE NOT EXISTS (:sub_query set_tbl_name = 'rdly_cdpayflow');
INSERT INTO c_set_tbl_name_mst (:insert_field) SELECT E'readdata_ret_inf', E'読込ﾃﾞｰﾀ復帰情報' WHERE NOT EXISTS (:sub_query set_tbl_name = 'readdata_ret_inf');
INSERT INTO c_set_tbl_name_mst (:insert_field) SELECT E'receipt.bmp', E'ﾚｼｰﾄﾛｺﾞ' WHERE NOT EXISTS (:sub_query set_tbl_name = 'receipt.bmp');
INSERT INTO c_set_tbl_name_mst (:insert_field) SELECT E'refund_reason.bmp', E'返品理由欄' WHERE NOT EXISTS (:sub_query set_tbl_name = 'refund_reason.bmp');
INSERT INTO c_set_tbl_name_mst (:insert_field) SELECT E'request_drw.bmp', E'両替依頼書' WHERE NOT EXISTS (:sub_query set_tbl_name = 'request_drw.bmp');
INSERT INTO c_set_tbl_name_mst (:insert_field) SELECT E'reserv_bkup', E'予約ﾃｰﾌﾞﾙﾊﾞｯｸｱｯﾌﾟ' WHERE NOT EXISTS (:sub_query set_tbl_name = 'reserv_bkup');
INSERT INTO c_set_tbl_name_mst (:insert_field) SELECT E'reserv_ini', E'印字項目ﾌｧｲﾙ' WHERE NOT EXISTS (:sub_query set_tbl_name = 'reserv_ini');
INSERT INTO c_set_tbl_name_mst (:insert_field) SELECT E'rfm_receipt.bmp', E'縦型領収書ﾛｺﾞ' WHERE NOT EXISTS (:sub_query set_tbl_name = 'rfm_receipt.bmp');
INSERT INTO c_set_tbl_name_mst (:insert_field) SELECT E'rsv_custreal.ini', E'予約情報' WHERE NOT EXISTS (:sub_query set_tbl_name = 'rsv_custreal.ini');
INSERT INTO c_set_tbl_name_mst (:insert_field) SELECT E's_bdlitem_mst', E'ﾐｯｸｽﾏｯﾁ商品ﾏｽﾀ' WHERE NOT EXISTS (:sub_query set_tbl_name = 's_bdlitem_mst');
INSERT INTO c_set_tbl_name_mst (:insert_field) SELECT E's_bdlsch_mst', E'ﾐｯｸｽﾏｯﾁｽｹｼﾞｭｰﾙﾏｽﾀ' WHERE NOT EXISTS (:sub_query set_tbl_name = 's_bdlsch_mst');
INSERT INTO c_set_tbl_name_mst (:insert_field) SELECT E's_brgn_mst', E'特売ﾏｽﾀ' WHERE NOT EXISTS (:sub_query set_tbl_name = 's_brgn_mst');
INSERT INTO c_set_tbl_name_mst (:insert_field) SELECT E's_clssch_mst', E'分類割引ｽｹｼﾞｭｰﾙﾏｽﾀ' WHERE NOT EXISTS (:sub_query set_tbl_name = 's_clssch_mst');
INSERT INTO c_set_tbl_name_mst (:insert_field) SELECT E's_nathldy_mst', E'祝日ﾏｽﾀ' WHERE NOT EXISTS (:sub_query set_tbl_name = 's_nathldy_mst');
INSERT INTO c_set_tbl_name_mst (:insert_field) SELECT E's_plu_point_mst', E'商品ﾎﾟｲﾝﾄｽｹｼﾞｭｰﾙﾏｽﾀ' WHERE NOT EXISTS (:sub_query set_tbl_name = 's_plu_point_mst');
INSERT INTO c_set_tbl_name_mst (:insert_field) SELECT E's_stmitem_mst', E'ｾｯﾄﾏｯﾁ商品ﾏｽﾀ' WHERE NOT EXISTS (:sub_query set_tbl_name = 's_stmitem_mst');
INSERT INTO c_set_tbl_name_mst (:insert_field) SELECT E's_stmsch_mst', E'ｾｯﾄﾏｯﾁｽｹｼﾞｭｰﾙﾏｽﾀ' WHERE NOT EXISTS (:sub_query set_tbl_name = 's_stmsch_mst');
INSERT INTO c_set_tbl_name_mst (:insert_field) SELECT E's_subtsch_mst', E'小計割引ｽｹｼﾞｭｰﾙﾏｽﾀ' WHERE NOT EXISTS (:sub_query set_tbl_name = 's_subtsch_mst');
INSERT INTO c_set_tbl_name_mst (:insert_field) SELECT E's_svr_staffauth_mst', E'ｻｰﾊﾞｰ従業員権限ﾏｽﾀ' WHERE NOT EXISTS (:sub_query set_tbl_name = 's_svr_staffauth_mst');
INSERT INTO c_set_tbl_name_mst (:insert_field) SELECT E's_zone_mst', E'地区ﾏｽﾀ' WHERE NOT EXISTS (:sub_query set_tbl_name = 's_zone_mst');
INSERT INTO c_set_tbl_name_mst (:insert_field) SELECT E'self_gif', E'動画ﾌｧｲﾙ' WHERE NOT EXISTS (:sub_query set_tbl_name = 'self_gif');
INSERT INTO c_set_tbl_name_mst (:insert_field) SELECT E'self_image', E'画像ﾌｧｲﾙ' WHERE NOT EXISTS (:sub_query set_tbl_name = 'self_image');
INSERT INTO c_set_tbl_name_mst (:insert_field) SELECT E'self_verini', E'動画ﾃﾞｰﾀﾊﾞｰｼﾞｮﾝiniﾌｧｲﾙ' WHERE NOT EXISTS (:sub_query set_tbl_name = 'self_verini');
INSERT INTO c_set_tbl_name_mst (:insert_field) SELECT E'self_wav', E'音声ﾌｧｲﾙ' WHERE NOT EXISTS (:sub_query set_tbl_name = 'self_wav');
INSERT INTO c_set_tbl_name_mst (:insert_field) SELECT E'set_option.ini', E'設定画面のｵﾌﾟｼｮﾝﾌｧｲﾙ' WHERE NOT EXISTS (:sub_query set_tbl_name = 'set_option.ini');
INSERT INTO c_set_tbl_name_mst (:insert_field) SELECT E'sims_log', E'SIMS用CSVﾛｸﾞ' WHERE NOT EXISTS (:sub_query set_tbl_name = 'sims_log');
INSERT INTO c_set_tbl_name_mst (:insert_field) SELECT E'sjl', E'電子ｼﾞｬｰﾅﾙﾃｷｽﾄ' WHERE NOT EXISTS (:sub_query set_tbl_name = 'sjl');
INSERT INTO c_set_tbl_name_mst (:insert_field) SELECT E'spcificftp', E'生産者管理情報' WHERE NOT EXISTS (:sub_query set_tbl_name = 'spcificftp');
INSERT INTO c_set_tbl_name_mst (:insert_field) SELECT E'spec', E'ｽﾍﾟｯｸﾌｧｲﾙ' WHERE NOT EXISTS (:sub_query set_tbl_name = 'spec');
INSERT INTO c_set_tbl_name_mst (:insert_field) SELECT E'spec_chg', E'ｽﾍﾟｯｸ変更ﾌｧｲﾙ' WHERE NOT EXISTS (:sub_query set_tbl_name = 'spec_chg');
INSERT INTO c_set_tbl_name_mst (:insert_field) SELECT E'specificftp.ini', E'JAﾃｷｽﾄﾊﾞｯｸｱｯﾌﾟ関連' WHERE NOT EXISTS (:sub_query set_tbl_name = 'specificftp.ini');
INSERT INTO c_set_tbl_name_mst (:insert_field) SELECT E'speeza.ini', E'Speeza定義ﾌｧｲﾙ' WHERE NOT EXISTS (:sub_query set_tbl_name = 'speeza.ini');
INSERT INTO c_set_tbl_name_mst (:insert_field) SELECT E'speeza_com.ini', E'Speeza共通設定ﾌｧｲﾙ' WHERE NOT EXISTS (:sub_query set_tbl_name = 'speeza_com.ini');
INSERT INTO c_set_tbl_name_mst (:insert_field) SELECT E'spltckt.bmp', E'ﾁｹｯﾄﾛｺﾞ' WHERE NOT EXISTS (:sub_query set_tbl_name = 'spltckt.bmp');
INSERT INTO c_set_tbl_name_mst (:insert_field) SELECT E'spltti00.bmp', E'ﾁｹｯﾄﾛｺﾞ0' WHERE NOT EXISTS (:sub_query set_tbl_name = 'spltti00.bmp');
INSERT INTO c_set_tbl_name_mst (:insert_field) SELECT E'spltti01.bmp', E'ﾁｹｯﾄﾛｺﾞ1' WHERE NOT EXISTS (:sub_query set_tbl_name = 'spltti01.bmp');
INSERT INTO c_set_tbl_name_mst (:insert_field) SELECT E'spltti02.bmp', E'ﾁｹｯﾄﾛｺﾞ2' WHERE NOT EXISTS (:sub_query set_tbl_name = 'spltti02.bmp');
INSERT INTO c_set_tbl_name_mst (:insert_field) SELECT E'spltti03.bmp', E'ﾁｹｯﾄﾛｺﾞ3' WHERE NOT EXISTS (:sub_query set_tbl_name = 'spltti03.bmp');
INSERT INTO c_set_tbl_name_mst (:insert_field) SELECT E'spltti04.bmp', E'ﾁｹｯﾄﾛｺﾞ4' WHERE NOT EXISTS (:sub_query set_tbl_name = 'spltti04.bmp');
INSERT INTO c_set_tbl_name_mst (:insert_field) SELECT E'spltti05.bmp', E'ﾁｹｯﾄﾛｺﾞ5' WHERE NOT EXISTS (:sub_query set_tbl_name = 'spltti05.bmp');
INSERT INTO c_set_tbl_name_mst (:insert_field) SELECT E'spltti06.bmp', E'ﾁｹｯﾄﾛｺﾞ6' WHERE NOT EXISTS (:sub_query set_tbl_name = 'spltti06.bmp');
INSERT INTO c_set_tbl_name_mst (:insert_field) SELECT E'spltti07.bmp', E'ﾁｹｯﾄﾛｺﾞ7' WHERE NOT EXISTS (:sub_query set_tbl_name = 'spltti07.bmp');
INSERT INTO c_set_tbl_name_mst (:insert_field) SELECT E'spltti08.bmp', E'ﾁｹｯﾄﾛｺﾞ8' WHERE NOT EXISTS (:sub_query set_tbl_name = 'spltti08.bmp');
INSERT INTO c_set_tbl_name_mst (:insert_field) SELECT E'spqc_txt', E'お会計券管理ﾃｷｽﾄ' WHERE NOT EXISTS (:sub_query set_tbl_name = 'spqc_txt');
INSERT INTO c_set_tbl_name_mst (:insert_field) SELECT E'ssps_csv_txt', E'CSVﾃｷｽﾄ' WHERE NOT EXISTS (:sub_query set_tbl_name = 'ssps_csv_txt');
INSERT INTO c_set_tbl_name_mst (:insert_field) SELECT E'sst1_2300_img', E'画像ﾌｧｲﾙ2' WHERE NOT EXISTS (:sub_query set_tbl_name = 'sst1_2300_img');
INSERT INTO c_set_tbl_name_mst (:insert_field) SELECT E'sst1_img', E'画像ﾌｧｲﾙ1' WHERE NOT EXISTS (:sub_query set_tbl_name = 'sst1_img');
INSERT INTO c_set_tbl_name_mst (:insert_field) SELECT E'staffopen_inf', E'簡易従業員情報' WHERE NOT EXISTS (:sub_query set_tbl_name = 'staffopen_inf');
INSERT INTO c_set_tbl_name_mst (:insert_field) SELECT E'stamp1.bmp', E'ｽﾀﾝﾌﾟﾛｺﾞ1' WHERE NOT EXISTS (:sub_query set_tbl_name = 'stamp1.bmp');
INSERT INTO c_set_tbl_name_mst (:insert_field) SELECT E'sys_param.ini', E'ﾈｯﾄﾜｰｸ関連' WHERE NOT EXISTS (:sub_query set_tbl_name = 'sys_param.ini');
INSERT INTO c_set_tbl_name_mst (:insert_field) SELECT E'taxchg_reserve.ini', E'税種予約変更ﾌｧｲﾙ' WHERE NOT EXISTS (:sub_query set_tbl_name = 'taxchg_reserve.ini');
INSERT INTO c_set_tbl_name_mst (:insert_field) SELECT E'taxchg_reserve_ini', E'税種予約変更ﾌｧｲﾙ' WHERE NOT EXISTS (:sub_query set_tbl_name = 'taxchg_reserve_ini');
INSERT INTO c_set_tbl_name_mst (:insert_field) SELECT E'taxchg_ret_inf', E'税種変更復帰情報' WHERE NOT EXISTS (:sub_query set_tbl_name = 'taxchg_ret_inf');
INSERT INTO c_set_tbl_name_mst (:insert_field) SELECT E'tpoint_bmp', E'Tﾎﾟｲﾝﾄ用ﾋﾞｯﾄﾏｯﾌﾟ' WHERE NOT EXISTS (:sub_query set_tbl_name = 'tpoint_bmp');
INSERT INTO c_set_tbl_name_mst (:insert_field) SELECT E'upd_err_inf', E'実績ｴﾗｰﾌｧｲﾙ保存' WHERE NOT EXISTS (:sub_query set_tbl_name = 'upd_err_inf');
INSERT INTO c_set_tbl_name_mst (:insert_field) SELECT E'url', E'接続先URL' WHERE NOT EXISTS (:sub_query set_tbl_name = 'url');
INSERT INTO c_set_tbl_name_mst (:insert_field) SELECT E'userid', E'ﾛｸﾞｲﾝID' WHERE NOT EXISTS (:sub_query set_tbl_name = 'userid');
INSERT INTO c_set_tbl_name_mst (:insert_field) SELECT E'userpass', E'ﾛｸﾞｲﾝﾊﾟｽﾜｰﾄﾞ' WHERE NOT EXISTS (:sub_query set_tbl_name = 'userpass');
INSERT INTO c_set_tbl_name_mst (:insert_field) SELECT E'version.ini', E'ﾊﾞｰｼﾞｮﾝ情報' WHERE NOT EXISTS (:sub_query set_tbl_name = 'version.ini');
INSERT INTO c_set_tbl_name_mst (:insert_field) SELECT E'vmctcktwk.bmp', E'ﾋﾞｽﾏｯｸﾁｹｯﾄﾛｺﾞ' WHERE NOT EXISTS (:sub_query set_tbl_name = 'vmctcktwk.bmp');
INSERT INTO c_set_tbl_name_mst (:insert_field) SELECT E'void_reason.bmp', E'訂正理由欄' WHERE NOT EXISTS (:sub_query set_tbl_name = 'void_reason.bmp');
INSERT INTO c_set_tbl_name_mst (:insert_field) SELECT E'wiz_ini', E'Wiz設定ﾌｧｲﾙ' WHERE NOT EXISTS (:sub_query set_tbl_name = 'wiz_ini');
INSERT INTO c_set_tbl_name_mst (:insert_field) SELECT E'wiz_tran', E'Wizﾏｽﾀﾌｧｲﾙ' WHERE NOT EXISTS (:sub_query set_tbl_name = 'wiz_tran');
INSERT INTO c_set_tbl_name_mst (:insert_field) SELECT E'xxxxxxall_refund_reason.bmp', E'呼出返品理由欄' WHERE NOT EXISTS (:sub_query set_tbl_name = 'xxxxxxall_refund_reason.bmp');
INSERT INTO c_set_tbl_name_mst (:insert_field) SELECT E'xxxxxxanvsry01.bmp', E'記念日ﾛｺﾞ1' WHERE NOT EXISTS (:sub_query set_tbl_name = 'xxxxxxanvsry01.bmp');
INSERT INTO c_set_tbl_name_mst (:insert_field) SELECT E'xxxxxxanvsry02.bmp', E'記念日ﾛｺﾞ2' WHERE NOT EXISTS (:sub_query set_tbl_name = 'xxxxxxanvsry02.bmp');
INSERT INTO c_set_tbl_name_mst (:insert_field) SELECT E'xxxxxxanvsry03.bmp', E'記念日ﾛｺﾞ3' WHERE NOT EXISTS (:sub_query set_tbl_name = 'xxxxxxanvsry03.bmp');
INSERT INTO c_set_tbl_name_mst (:insert_field) SELECT E'xxxxxxanvsry04.bmp', E'記念日ﾛｺﾞ4' WHERE NOT EXISTS (:sub_query set_tbl_name = 'xxxxxxanvsry04.bmp');
INSERT INTO c_set_tbl_name_mst (:insert_field) SELECT E'xxxxxxanvsry05.bmp', E'記念日ﾛｺﾞ5' WHERE NOT EXISTS (:sub_query set_tbl_name = 'xxxxxxanvsry05.bmp');
INSERT INTO c_set_tbl_name_mst (:insert_field) SELECT E'xxxxxxanvsrywk.bmp', E'記念日ﾛｺﾞ' WHERE NOT EXISTS (:sub_query set_tbl_name = 'xxxxxxanvsrywk.bmp');
INSERT INTO c_set_tbl_name_mst (:insert_field) SELECT E'xxxxxxcancel_reason.bmp', E'取消理由欄' WHERE NOT EXISTS (:sub_query set_tbl_name = 'xxxxxxcancel_reason.bmp');
INSERT INTO c_set_tbl_name_mst (:insert_field) SELECT E'xxxxxxl_receipt.bmp', E'領収書ﾛｺﾞ' WHERE NOT EXISTS (:sub_query set_tbl_name = 'xxxxxxl_receipt.bmp');
INSERT INTO c_set_tbl_name_mst (:insert_field) SELECT E'xxxxxxmnytcktwk.bmp', E'金券ﾁｹｯﾄﾛｺﾞ' WHERE NOT EXISTS (:sub_query set_tbl_name = 'xxxxxxmnytcktwk.bmp');
INSERT INTO c_set_tbl_name_mst (:insert_field) SELECT E'xxxxxxpromtcktwk.bmp', E'ﾌﾟﾛﾓｰｼｮﾝﾁｹｯﾄﾛｺﾞ' WHERE NOT EXISTS (:sub_query set_tbl_name = 'xxxxxxpromtcktwk.bmp');
INSERT INTO c_set_tbl_name_mst (:insert_field) SELECT E'xxxxxxreceipt.bmp', E'ﾚｼｰﾄﾛｺﾞ' WHERE NOT EXISTS (:sub_query set_tbl_name = 'xxxxxxreceipt.bmp');
INSERT INTO c_set_tbl_name_mst (:insert_field) SELECT E'xxxxxxrefund_reason.bmp', E'返品理由欄' WHERE NOT EXISTS (:sub_query set_tbl_name = 'xxxxxxrefund_reason.bmp');
INSERT INTO c_set_tbl_name_mst (:insert_field) SELECT E'xxxxxxrequest_drw.bmp', E'両替依頼書' WHERE NOT EXISTS (:sub_query set_tbl_name = 'xxxxxxrequest_drw.bmp');
INSERT INTO c_set_tbl_name_mst (:insert_field) SELECT E'xxxxxxrfm_receipt.bmp', E'縦型領収書ﾛｺﾞ' WHERE NOT EXISTS (:sub_query set_tbl_name = 'xxxxxxrfm_receipt.bmp');
INSERT INTO c_set_tbl_name_mst (:insert_field) SELECT E'xxxxxxspltckt.bmp', E'ﾁｹｯﾄﾛｺﾞ' WHERE NOT EXISTS (:sub_query set_tbl_name = 'xxxxxxspltckt.bmp');
INSERT INTO c_set_tbl_name_mst (:insert_field) SELECT E'xxxxxxspltti00.bmp', E'ﾁｹｯﾄﾛｺﾞ0' WHERE NOT EXISTS (:sub_query set_tbl_name = 'xxxxxxspltti00.bmp');
INSERT INTO c_set_tbl_name_mst (:insert_field) SELECT E'xxxxxxspltti01.bmp', E'ﾁｹｯﾄﾛｺﾞ1' WHERE NOT EXISTS (:sub_query set_tbl_name = 'xxxxxxspltti01.bmp');
INSERT INTO c_set_tbl_name_mst (:insert_field) SELECT E'xxxxxxspltti02.bmp', E'ﾁｹｯﾄﾛｺﾞ2' WHERE NOT EXISTS (:sub_query set_tbl_name = 'xxxxxxspltti02.bmp');
INSERT INTO c_set_tbl_name_mst (:insert_field) SELECT E'xxxxxxspltti03.bmp', E'ﾁｹｯﾄﾛｺﾞ3' WHERE NOT EXISTS (:sub_query set_tbl_name = 'xxxxxxspltti03.bmp');
INSERT INTO c_set_tbl_name_mst (:insert_field) SELECT E'xxxxxxspltti04.bmp', E'ﾁｹｯﾄﾛｺﾞ4' WHERE NOT EXISTS (:sub_query set_tbl_name = 'xxxxxxspltti04.bmp');
INSERT INTO c_set_tbl_name_mst (:insert_field) SELECT E'xxxxxxspltti05.bmp', E'ﾁｹｯﾄﾛｺﾞ5' WHERE NOT EXISTS (:sub_query set_tbl_name = 'xxxxxxspltti05.bmp');
INSERT INTO c_set_tbl_name_mst (:insert_field) SELECT E'xxxxxxspltti06.bmp', E'ﾁｹｯﾄﾛｺﾞ6' WHERE NOT EXISTS (:sub_query set_tbl_name = 'xxxxxxspltti06.bmp');
INSERT INTO c_set_tbl_name_mst (:insert_field) SELECT E'xxxxxxspltti07.bmp', E'ﾁｹｯﾄﾛｺﾞ7' WHERE NOT EXISTS (:sub_query set_tbl_name = 'xxxxxxspltti07.bmp');
INSERT INTO c_set_tbl_name_mst (:insert_field) SELECT E'xxxxxxspltti08.bmp', E'ﾁｹｯﾄﾛｺﾞ8' WHERE NOT EXISTS (:sub_query set_tbl_name = 'xxxxxxspltti08.bmp');
INSERT INTO c_set_tbl_name_mst (:insert_field) SELECT E'xxxxxxstamp1.bmp', E'ｽﾀﾝﾌﾟﾛｺﾞ1' WHERE NOT EXISTS (:sub_query set_tbl_name = 'xxxxxxstamp1.bmp');
INSERT INTO c_set_tbl_name_mst (:insert_field) SELECT E'xxxxxxvmctcktwk.bmp', E'ﾋﾞｽﾏｯｸﾁｹｯﾄﾛｺﾞ' WHERE NOT EXISTS (:sub_query set_tbl_name = 'xxxxxxvmctcktwk.bmp');
INSERT INTO c_set_tbl_name_mst (:insert_field) SELECT E'xxxxxxvoid_reason.bmp', E'訂正理由欄' WHERE NOT EXISTS (:sub_query set_tbl_name = 'xxxxxxvoid_reason.bmp');
INSERT INTO c_set_tbl_name_mst (:insert_field) SELECT E'img_coupon', E'発行機ｸｰﾎﾟﾝ画像' WHERE NOT EXISTS (:sub_query set_tbl_name = 'img_coupon');
INSERT INTO c_set_tbl_name_mst (:insert_field) SELECT E'KCSRCVMK', E'無効ｶｰﾄﾞ情報ﾌｧｲﾙ' WHERE NOT EXISTS (:sub_query set_tbl_name = 'KCSRCVMK');
INSERT INTO c_set_tbl_name_mst (:insert_field) SELECT E'histlog_skip_num', E'履歴ﾛｸﾞｽｷｯﾌﾟｺｰﾄﾞ番号保持ﾃｰﾌﾞﾙ' WHERE NOT EXISTS (:sub_query set_tbl_name = 'histlog_skip_num');
INSERT INTO c_set_tbl_name_mst (:insert_field) SELECT E'c_stropncls_mst', E'自動開閉店ﾏｽﾀ' WHERE NOT EXISTS (:sub_query set_tbl_name = 'c_stropncls_mst');
INSERT INTO c_set_tbl_name_mst (:insert_field) SELECT E'c_stropncls_set_mst', E'自動開閉店設定ﾏｽﾀ' WHERE NOT EXISTS (:sub_query set_tbl_name = 'c_stropncls_set_mst');
INSERT INTO c_set_tbl_name_mst (:insert_field) SELECT E'c_stropncls_sub_mst', E'自動開閉店ｻﾌﾞﾏｽﾀ' WHERE NOT EXISTS (:sub_query set_tbl_name = 'c_stropncls_sub_mst');
INSERT INTO c_set_tbl_name_mst (:insert_field) SELECT E'c_header_log_reserv', E'予約実績ﾍｯﾀﾞﾛｸﾞ' WHERE NOT EXISTS (:sub_query set_tbl_name = 'c_header_log_reserv');
INSERT INTO c_set_tbl_name_mst (:insert_field) SELECT E'c_data_log_reserv_01', E'予約実績ｽﾃｰﾀｽﾛｸﾞ01' WHERE NOT EXISTS (:sub_query set_tbl_name = 'c_data_log_reserv_01');
INSERT INTO c_set_tbl_name_mst (:insert_field) SELECT E'c_header_log_reserv_01', E'予約実績ﾍｯﾀﾞﾛｸﾞ01' WHERE NOT EXISTS (:sub_query set_tbl_name = 'c_header_log_reserv_01');
INSERT INTO c_set_tbl_name_mst (:insert_field) SELECT E'c_data_log_reserv', E'予約実績ｽﾃｰﾀｽﾛｸﾞ' WHERE NOT EXISTS (:sub_query set_tbl_name = 'c_data_log_reserv');
INSERT INTO c_set_tbl_name_mst (:insert_field) SELECT E'c_cust_jdg_mst', E'自店ｶｰﾄﾞ判定ﾏｽﾀ' WHERE NOT EXISTS (:sub_query set_tbl_name = 'c_cust_jdg_mst'); --@@@
INSERT INTO c_set_tbl_name_mst (:insert_field) SELECT E'upd_file', E'ﾛｰｶﾙ実績ﾌｧｲﾙ' WHERE NOT EXISTS (:sub_query set_tbl_name = 'upd_file');
INSERT INTO c_set_tbl_name_mst (:insert_field) SELECT E'colordspmsg_img', E'ｶﾗｰ客表ﾒｯｾｰｼﾞ表示用ｺﾝﾃﾝﾂ' WHERE NOT EXISTS (:sub_query set_tbl_name = 'colordspmsg_img');
INSERT INTO c_set_tbl_name_mst (:insert_field) SELECT E'c_cashrecycle_mst', E'ｷｬｯｼｭﾘｻｲｸﾙﾏｽﾀ' WHERE NOT EXISTS (:sub_query set_tbl_name = 'c_cashrecycle_mst');
INSERT INTO c_set_tbl_name_mst (:insert_field) SELECT E'c_cashrecycle_set_mst', E'ｷｬｯｼｭﾘｻｲｸﾙ設定ﾏｽﾀ' WHERE NOT EXISTS (:sub_query set_tbl_name = 'c_cashrecycle_set_mst');
INSERT INTO c_set_tbl_name_mst (:insert_field) SELECT E'c_cashrecycle_sub_mst', E'ｷｬｯｼｭﾘｻｲｸﾙｻﾌﾞﾏｽﾀ' WHERE NOT EXISTS (:sub_query set_tbl_name = 'c_cashrecycle_sub_mst');
INSERT INTO c_set_tbl_name_mst (:insert_field) SELECT E'c_cashrecycle_info_mst', E'ｷｬｯｼｭﾘｻｲｸﾙ情報ﾏｽﾀ' WHERE NOT EXISTS (:sub_query set_tbl_name = 'c_cashrecycle_info_mst');
INSERT INTO c_set_tbl_name_mst (:insert_field) SELECT E'rdly_dsc', E'ﾚｼﾞ日別値下' WHERE NOT EXISTS (:sub_query set_tbl_name = 'rdly_dsc');
INSERT INTO c_set_tbl_name_mst (:insert_field) SELECT E'wk_que', E'実績ﾜｰｸ' WHERE NOT EXISTS (:sub_query set_tbl_name = 'wk_que');
INSERT INTO c_set_tbl_name_mst (:insert_field) SELECT E'p_brgnsch_mst', E'特売ｽｹｼﾞｭｰﾙﾏｽﾀ' WHERE NOT EXISTS (:sub_query set_tbl_name = 'p_brgnsch_mst');
INSERT INTO c_set_tbl_name_mst (:insert_field) SELECT E'p_brgnitem_mst', E'特売商品ﾏｽﾀ' WHERE NOT EXISTS (:sub_query set_tbl_name = 'p_brgnitem_mst');
INSERT INTO c_set_tbl_name_mst (:insert_field) SELECT E's_backyard_grp_mst', E'ﾊﾞｯｸﾔｰﾄﾞ機器ﾏｽﾀ' WHERE NOT EXISTS (:sub_query set_tbl_name = 's_backyard_grp_mst');
INSERT INTO c_set_tbl_name_mst (:insert_field) SELECT E'c_wiz_inf_tbl', E'Wiz情報ﾃｰﾌﾞﾙ' WHERE NOT EXISTS (:sub_query set_tbl_name = 'c_wiz_inf_tbl');
INSERT INTO c_set_tbl_name_mst (:insert_field) SELECT E's_svs_sch_mst', E'ｻｰﾋﾞｽ分類ｽｹｼﾞｭｰﾙﾏｽﾀ' WHERE NOT EXISTS (:sub_query set_tbl_name = 's_svs_sch_mst');
INSERT INTO c_set_tbl_name_mst (:insert_field) SELECT E's_cust_ttl_tbl', E'会員別累計購買情報ﾃｰﾌﾞﾙ' WHERE NOT EXISTS (:sub_query set_tbl_name = 's_cust_ttl_tbl');
INSERT INTO c_set_tbl_name_mst (:insert_field) SELECT E's_cust_loy_tbl', E'会員ﾌﾟﾛﾓｰｼｮﾝﾃｰﾌﾞﾙ' WHERE NOT EXISTS (:sub_query set_tbl_name = 's_cust_loy_tbl');
INSERT INTO c_set_tbl_name_mst (:insert_field) SELECT E's_cust_cpn_tbl', E'会員ｸｰﾎﾟﾝ印字情報ﾃｰﾌﾞﾙ' WHERE NOT EXISTS (:sub_query set_tbl_name = 's_cust_cpn_tbl');
INSERT INTO c_set_tbl_name_mst (:insert_field) SELECT E'colorfip15.ini', E'15ｲﾝﾁｶﾗｰ客表定義ﾌｧｲﾙ' WHERE NOT EXISTS (:sub_query set_tbl_name = 'colorfip15.ini');
INSERT INTO c_set_tbl_name_mst (:insert_field) SELECT E'jmups_set.ini', E'設定関連' WHERE NOT EXISTS (:sub_query set_tbl_name = 'jmups_set.ini');
INSERT INTO c_set_tbl_name_mst (:insert_field) SELECT E'jmups_sales_report', E'売上ﾚﾎﾟｰﾄﾌｧｲﾙ' WHERE NOT EXISTS (:sub_query set_tbl_name = 'jmups_sales_report');
INSERT INTO c_set_tbl_name_mst (:insert_field) SELECT E'c_passport_info_mst', E'ﾊﾟｽﾎﾟｰﾄ情報ﾏｽﾀ' WHERE NOT EXISTS (:sub_query set_tbl_name = 'c_passport_info_mst');
INSERT INTO c_set_tbl_name_mst (:insert_field) SELECT E'webapi_key.ini', E'webapi設定関連ﾌｧｲﾙ' WHERE NOT EXISTS (:sub_query set_tbl_name = 'webapi_key.ini');
INSERT INTO c_set_tbl_name_mst (:insert_field) SELECT E'c_mbrcard_mst', E'会員ｶｰﾄﾞ判定ﾏｽﾀ' WHERE NOT EXISTS (:sub_query set_tbl_name = 'c_mbrcard_mst');
INSERT INTO c_set_tbl_name_mst (:insert_field) SELECT E'c_mbrcard_svs_mst', E'会員ｶｰﾄﾞｻｰﾋﾞｽ判定ﾏｽﾀ' WHERE NOT EXISTS (:sub_query set_tbl_name = 'c_mbrcard_svs_mst');
INSERT INTO c_set_tbl_name_mst (:insert_field) SELECT E'c_operationauth_mst', E'特定操作権限ﾏｽﾀ' WHERE NOT EXISTS (:sub_query set_tbl_name = 'c_operationauth_mst');
INSERT INTO c_set_tbl_name_mst (:insert_field) SELECT E'c_operation_mst', E'特定操作ﾏｽﾀ' WHERE NOT EXISTS (:sub_query set_tbl_name = 'c_operation_mst');
--
--INSERT INTO c_set_tbl_name_mst (:insert_field) SELECT E'cr2BmpGet', E'特定CR2用ﾋﾞｯﾄﾏｯﾌﾟ' WHERE NOT EXISTS (:sub_query set_tbl_name = '');
--INSERT INTO c_set_tbl_name_mst (:insert_field) SELECT E'cr2Logo', E'特定CR2用ﾛｺﾞ反映' WHERE NOT EXISTS (:sub_query set_tbl_name = '');
INSERT INTO c_set_tbl_name_mst (:insert_field) SELECT E's_cust_stp_tbl', E'会員ｽﾀﾝﾌﾟｶｰﾄﾞﾃｰﾌﾞﾙ' WHERE NOT EXISTS (:sub_query set_tbl_name = 's_cust_stp_tbl');
INSERT INTO c_set_tbl_name_mst (:insert_field) SELECT E'c_stppln_mst', E'ｽﾀﾝﾌﾟｶｰﾄﾞ企画ﾏｽﾀ' WHERE NOT EXISTS (:sub_query set_tbl_name = 'c_stppln_mst');
INSERT INTO c_set_tbl_name_mst (:insert_field) SELECT E'PASTCOMP', E'過去実績圧縮ﾌｧｲﾙ' WHERE NOT EXISTS (:sub_query set_tbl_name = 'PASTCOMP');
INSERT INTO c_set_tbl_name_mst (:insert_field) SELECT E'ini_hq_set', E'上位用ﾌｧｲﾙ関連設定' WHERE NOT EXISTS (:sub_query set_tbl_name = 'ini_hq_set');
INSERT INTO c_set_tbl_name_mst (:insert_field) SELECT E'hqhist_cd_up', E'送信ｶｳﾝﾀ' WHERE NOT EXISTS (:sub_query set_tbl_name = 'hqhist_cd_up');
INSERT INTO c_set_tbl_name_mst (:insert_field) SELECT E'hqhist_cd_down', E'受信ｶｳﾝﾀ' WHERE NOT EXISTS (:sub_query set_tbl_name = 'hqhist_cd_down');
INSERT INTO c_set_tbl_name_mst (:insert_field) SELECT E'overflow_mov_txt', E'ｵｰﾊﾞｰﾌﾛｰ移動履歴ﾌｧｲﾙ' WHERE NOT EXISTS (:sub_query set_tbl_name = 'overflow_mov_txt');
INSERT INTO c_set_tbl_name_mst (:insert_field) SELECT E'dpoint_counter', E'dﾎﾟｲﾝﾄ端末処理通番' WHERE NOT EXISTS (:sub_query set_tbl_name = 'dpoint_counter');
INSERT INTO c_set_tbl_name_mst (:insert_field) SELECT E'c_msglayout_set_mst', E'ﾒｯｾｰｼﾞﾚｲｱｳﾄ設定ﾏｽﾀ' WHERE NOT EXISTS (:sub_query set_tbl_name = 'c_msglayout_set_mst');
INSERT INTO c_set_tbl_name_mst (:insert_field) SELECT E'c_payoperator_mst', E'ｺｰﾄﾞ決済事業者ﾏｽﾀ' WHERE NOT EXISTS (:sub_query set_tbl_name = 'c_payoperator_mst');
INSERT INTO c_set_tbl_name_mst (:insert_field) SELECT E'p_notfplu_off_tbl', E'緊急ﾒﾝﾃﾅﾝｽｵﾌﾗｲﾝﾃｰﾌﾞﾙ' WHERE NOT EXISTS (:sub_query set_tbl_name = 'p_notfplu_off_tbl');
INSERT INTO c_set_tbl_name_mst (:insert_field) SELECT E'except_cls.ini', E'除外分類定義ﾌｧｲﾙ' WHERE NOT EXISTS (:sub_query set_tbl_name = 'except_cls.ini');
INSERT INTO c_set_tbl_name_mst (:insert_field) SELECT E'taxfree_data', E'免税連携ﾌｧｲﾙ' WHERE NOT EXISTS (:sub_query set_tbl_name = 'taxfree_data');
INSERT INTO c_set_tbl_name_mst (:insert_field) SELECT E'taxfree.ini', E'免税設定ﾌｧｲﾙ' WHERE NOT EXISTS (:sub_query set_tbl_name = 'taxfree.ini');
INSERT INTO c_set_tbl_name_mst (:insert_field) SELECT E'spec_bkup', E'spec_bkupﾌｧｲﾙ' WHERE NOT EXISTS (:sub_query set_tbl_name = 'spec_bkup');
INSERT INTO c_set_tbl_name_mst (:insert_field) SELECT E'counter2', E'実績上げｶｳﾝﾀ' WHERE NOT EXISTS (:sub_query set_tbl_name = 'counter2');
INSERT INTO c_set_tbl_name_mst (:insert_field) SELECT E'rpoint.ini', E'楽天ﾎﾟｲﾝﾄ設定ﾌｧｲﾙ' WHERE NOT EXISTS (:sub_query set_tbl_name = 'rpoint.ini');
INSERT INTO c_set_tbl_name_mst (:insert_field) SELECT E'c_liqritem_mst', E'酒品目ﾏｽﾀ' WHERE NOT EXISTS (:sub_query set_tbl_name = 'c_liqritem_mst');
INSERT INTO c_set_tbl_name_mst (:insert_field) SELECT E'c_liqrtax_mst', E'酒税ﾏｽﾀ' WHERE NOT EXISTS (:sub_query set_tbl_name = 'c_liqrtax_mst');
INSERT INTO c_set_tbl_name_mst (:insert_field) SELECT E'taxfree_chg.ini', E'税制改正管理ﾌｧｲﾙ' WHERE NOT EXISTS (:sub_query set_tbl_name = 'taxfree_chg.ini');
INSERT INTO c_set_tbl_name_mst (:insert_field) SELECT E'tpoint.ini', E'Tﾎﾟｲﾝﾄ設定ﾌｧｲﾙ' WHERE NOT EXISTS (:sub_query set_tbl_name = 'tpoint.ini');
INSERT INTO c_set_tbl_name_mst (:insert_field) SELECT E'tpoint_dummy.ini', E'Tﾎﾟｲﾝﾄﾀﾞﾐｰﾌｧｲﾙ' WHERE NOT EXISTS (:sub_query set_tbl_name = 'tpoint_dummy.ini');
INSERT INTO c_set_tbl_name_mst (:insert_field) SELECT E'c_batprcchg_mst', E'予約売価変更ﾏｽﾀ' WHERE NOT EXISTS (:sub_query set_tbl_name = 'c_batprcchg_mst');
INSERT INTO c_set_tbl_name_mst (:insert_field) SELECT E'std_prom', E'ﾌﾟﾛﾓｰｼｮﾝﾋﾞｯﾄﾏｯﾌﾟ' WHERE NOT EXISTS (:sub_query set_tbl_name = 'std_prom');

INSERT INTO c_set_tbl_name_mst (:insert_field) SELECT E'c_header_log_floating', E'ﾌﾛｰﾃｨﾝｸﾞ用実績ﾍｯﾀﾞﾛｸﾞ' WHERE NOT EXISTS (:sub_query set_tbl_name = 'c_header_log_floating');
INSERT INTO c_set_tbl_name_mst (:insert_field) SELECT E'c_data_log_floating', E'ﾌﾛｰﾃｨﾝｸﾞ用実績ﾃﾞｰﾀﾛｸﾞ' WHERE NOT EXISTS (:sub_query set_tbl_name = 'c_data_log_floating');
INSERT INTO c_set_tbl_name_mst (:insert_field) SELECT E'c_status_log_floating', E'ﾌﾛｰﾃｨﾝｸﾞ用実績ｽﾃｰﾀｽﾛｸﾞ' WHERE NOT EXISTS (:sub_query set_tbl_name = 'c_status_log_floating');
INSERT INTO c_set_tbl_name_mst (:insert_field) SELECT E'c_hitouch_rcv_log', E'ﾊｲﾀｯﾁ受信ﾛｸﾞ' WHERE NOT EXISTS (:sub_query set_tbl_name = 'c_hitouch_rcv_log');

COMMIT;
