BEGIN;
TRUNCATE c_tcount_mst;

\set insert_field 'tcount_cd, set_tbl_name,set_tbl_typ, file_dir, dat_div, recog_grp_cd'
\set sub_query 'SELECT * FROM c_tcount_mst WHERE '

INSERT INTO c_tcount_mst (:insert_field) SELECT '1', 'c_acct_mst', '0', '', '0', '0' WHERE NOT EXISTS (:sub_query tcount_cd = '1');
INSERT INTO c_tcount_mst (:insert_field) SELECT '2', 'c_appl_grp_mst', '0', '', '0', '0' WHERE NOT EXISTS (:sub_query tcount_cd = '2');
INSERT INTO c_tcount_mst (:insert_field) SELECT '3', 'p_appl_mst', '0', '', '0', '0' WHERE NOT EXISTS (:sub_query tcount_cd = '3');
INSERT INTO c_tcount_mst (:insert_field) SELECT '4', 'c_img_mst', '0', '', '0', '0' WHERE NOT EXISTS (:sub_query tcount_cd = '4');
INSERT INTO c_tcount_mst (:insert_field) SELECT '5', 'c_instre_mst', '0', '', '0', '0' WHERE NOT EXISTS (:sub_query tcount_cd = '5');
INSERT INTO c_tcount_mst (:insert_field) SELECT '6', 'c_caldr_mst', '0', '', '0', '0' WHERE NOT EXISTS (:sub_query tcount_cd = '6');
INSERT INTO c_tcount_mst (:insert_field) SELECT '7', 'c_keyopt_sub_mst', '0', '', '0', '0' WHERE NOT EXISTS (:sub_query tcount_cd = '7');
INSERT INTO c_tcount_mst (:insert_field) SELECT '8', 'c_keyopt_mst', '0', '', '0', '0' WHERE NOT EXISTS (:sub_query tcount_cd = '8');
INSERT INTO c_tcount_mst (:insert_field) SELECT '9', 'c_keyopt_set_mst', '0', '', '0', '0' WHERE NOT EXISTS (:sub_query tcount_cd = '9');
INSERT INTO c_tcount_mst (:insert_field) SELECT '10', 'c_keykind_mst', '0', '', '0', '0' WHERE NOT EXISTS (:sub_query tcount_cd = '10');
INSERT INTO c_tcount_mst (:insert_field) SELECT '11', 'c_keykind_grp_mst', '0', '', '0', '0' WHERE NOT EXISTS (:sub_query tcount_cd = '11');
INSERT INTO c_tcount_mst (:insert_field) SELECT '12', 'c_cpnhdr_mst', '0', '', '0', '0' WHERE NOT EXISTS (:sub_query tcount_cd = '12');
INSERT INTO c_tcount_mst (:insert_field) SELECT '13', 'c_cpn_ctrl_mst', '0', '', '0', '0' WHERE NOT EXISTS (:sub_query tcount_cd = '13');
INSERT INTO c_tcount_mst (:insert_field) SELECT '14', 'c_cpnbdy_mst', '0', '', '0', '0' WHERE NOT EXISTS (:sub_query tcount_cd = '14');
INSERT INTO c_tcount_mst (:insert_field) SELECT '16', 'c_crdt_demand_tbl', '0', '', '0', '0' WHERE NOT EXISTS (:sub_query tcount_cd = '16');
INSERT INTO c_tcount_mst (:insert_field) SELECT '17', 'c_caseitem_mst', '0', '', '0', '0' WHERE NOT EXISTS (:sub_query tcount_cd = '17');
INSERT INTO c_tcount_mst (:insert_field) SELECT '18', 's_svr_staffauth_mst', '0', '', '0', '0' WHERE NOT EXISTS (:sub_query tcount_cd = '18');
INSERT INTO c_tcount_mst (:insert_field) SELECT '21', 'c_scanplu_mst', '0', '', '0', '0' WHERE NOT EXISTS (:sub_query tcount_cd = '21');
INSERT INTO c_tcount_mst (:insert_field) SELECT '22', 'c_setitem_mst', '0', '', '0', '0' WHERE NOT EXISTS (:sub_query tcount_cd = '22');
INSERT INTO c_tcount_mst (:insert_field) SELECT '23', 's_stmitem_mst', '0', '', '0', '0' WHERE NOT EXISTS (:sub_query tcount_cd = '23');
INSERT INTO c_tcount_mst (:insert_field) SELECT '24', 's_stmsch_mst', '0', '', '0', '0' WHERE NOT EXISTS (:sub_query tcount_cd = '24');
INSERT INTO c_tcount_mst (:insert_field) SELECT '25', 'c_trm_sub_mst', '0', '', '0', '0' WHERE NOT EXISTS (:sub_query tcount_cd = '25');
INSERT INTO c_tcount_mst (:insert_field) SELECT '26', 'c_trm_tag_grp_mst', '0', '', '0', '0' WHERE NOT EXISTS (:sub_query tcount_cd = '26');
INSERT INTO c_tcount_mst (:insert_field) SELECT '27', 'c_trm_chk_mst', '0', '', '0', '0' WHERE NOT EXISTS (:sub_query tcount_cd = '27');
INSERT INTO c_tcount_mst (:insert_field) SELECT '28', 'c_trm_mst', '0', '', '0', '0' WHERE NOT EXISTS (:sub_query tcount_cd = '28');
INSERT INTO c_tcount_mst (:insert_field) SELECT '29', 'c_trm_menu_mst', '0', '', '0', '0' WHERE NOT EXISTS (:sub_query tcount_cd = '29');
INSERT INTO c_tcount_mst (:insert_field) SELECT '30', 'c_trm_plan_mst', '0', '', '0', '0' WHERE NOT EXISTS (:sub_query tcount_cd = '30');
INSERT INTO c_tcount_mst (:insert_field) SELECT '31', 'c_trm_set_mst', '0', '', '0', '0' WHERE NOT EXISTS (:sub_query tcount_cd = '31');
INSERT INTO c_tcount_mst (:insert_field) SELECT '32', 'c_trm_rsrv_mst', '0', '', '0', '0' WHERE NOT EXISTS (:sub_query tcount_cd = '32');
INSERT INTO c_tcount_mst (:insert_field) SELECT '33', 'c_dialog_mst', '0', '', '0', '0' WHERE NOT EXISTS (:sub_query tcount_cd = '33');
INSERT INTO c_tcount_mst (:insert_field) SELECT '34', 'c_dialog_ex_mst', '0', '', '0', '0' WHERE NOT EXISTS (:sub_query tcount_cd = '34');
INSERT INTO c_tcount_mst (:insert_field) SELECT '35', 'c_set_tbl_name_mst', '0', '', '0', '0' WHERE NOT EXISTS (:sub_query tcount_cd = '35');
INSERT INTO c_tcount_mst (:insert_field) SELECT '36', 'p_trigger_key_mst', '0', '', '0', '0' WHERE NOT EXISTS (:sub_query tcount_cd = '36');
INSERT INTO c_tcount_mst (:insert_field) SELECT '37', 'c_barfmt_mst', '0', '', '0', '0' WHERE NOT EXISTS (:sub_query tcount_cd = '37');
INSERT INTO c_tcount_mst (:insert_field) SELECT '38', 'c_finit_grp_mst', '0', '', '0', '0' WHERE NOT EXISTS (:sub_query tcount_cd = '38');
INSERT INTO c_tcount_mst (:insert_field) SELECT '39', 'c_finit_mst', '0', '', '0', '0' WHERE NOT EXISTS (:sub_query tcount_cd = '39');
INSERT INTO c_tcount_mst (:insert_field) SELECT '40', 'c_keyfnc_mst', '0', '', '0', '0' WHERE NOT EXISTS (:sub_query tcount_cd = '40');
INSERT INTO c_tcount_mst (:insert_field) SELECT '41', 'c_keyauth_mst', '0', '', '0', '0' WHERE NOT EXISTS (:sub_query tcount_cd = '41');
INSERT INTO c_tcount_mst (:insert_field) SELECT '42', 'c_fmttyp_mst', '0', '', '0', '0' WHERE NOT EXISTS (:sub_query tcount_cd = '42');
INSERT INTO c_tcount_mst (:insert_field) SELECT '43', 'c_preset_mst', '0', '', '0', '0' WHERE NOT EXISTS (:sub_query tcount_cd = '43');
INSERT INTO c_tcount_mst (:insert_field) SELECT '44', 'p_promsch_mst', '0', '', '0', '0' WHERE NOT EXISTS (:sub_query tcount_cd = '44');
INSERT INTO c_tcount_mst (:insert_field) SELECT '45', 'p_promitem_mst', '0', '', '0', '0' WHERE NOT EXISTS (:sub_query tcount_cd = '45');
INSERT INTO c_tcount_mst (:insert_field) SELECT '46', 'c_pntschgrp_mst', '0', '', '0', '0' WHERE NOT EXISTS (:sub_query tcount_cd = '46');
INSERT INTO c_tcount_mst (:insert_field) SELECT '47', 'c_pntsch_mst', '0', '', '0', '0' WHERE NOT EXISTS (:sub_query tcount_cd = '47');
INSERT INTO c_tcount_mst (:insert_field) SELECT '48', 's_plu_point_mst', '0', '', '0', '0' WHERE NOT EXISTS (:sub_query tcount_cd = '48');
INSERT INTO c_tcount_mst (:insert_field) SELECT '49', 's_bdlsch_mst', '0', '', '0', '0' WHERE NOT EXISTS (:sub_query tcount_cd = '49');
INSERT INTO c_tcount_mst (:insert_field) SELECT '50', 's_bdlitem_mst', '0', '', '0', '0' WHERE NOT EXISTS (:sub_query tcount_cd = '50');
INSERT INTO c_tcount_mst (:insert_field) SELECT '51', 'c_msgsch_mst', '0', '', '0', '0' WHERE NOT EXISTS (:sub_query tcount_cd = '51');
INSERT INTO c_tcount_mst (:insert_field) SELECT '52', 'c_msgsch_layout_mst', '0', '', '0', '0' WHERE NOT EXISTS (:sub_query tcount_cd = '52');
INSERT INTO c_tcount_mst (:insert_field) SELECT '53', 'c_msg_mst', '0', '', '0', '0' WHERE NOT EXISTS (:sub_query tcount_cd = '53');
INSERT INTO c_tcount_mst (:insert_field) SELECT '54', 'c_msglayout_mst', '0', '', '0', '0' WHERE NOT EXISTS (:sub_query tcount_cd = '54');
INSERT INTO c_tcount_mst (:insert_field) SELECT '55', 'c_menu_obj_mst', '0', '', '0', '0' WHERE NOT EXISTS (:sub_query tcount_cd = '55');
INSERT INTO c_tcount_mst (:insert_field) SELECT '56', 'c_rank_mst', '0', '', '0', '0' WHERE NOT EXISTS (:sub_query tcount_cd = '56');
--INSERT INTO c_tcount_mst (:insert_field) SELECT '60', 'rdly_flow', '0', '', '0', '0' WHERE NOT EXISTS (:sub_query tcount_cd = '60');
--INSERT INTO c_tcount_mst (:insert_field) SELECT '61', 'rdly_deal', '0', '', '0', '0' WHERE NOT EXISTS (:sub_query tcount_cd = '61');
--INSERT INTO c_tcount_mst (:insert_field) SELECT '62', 'rdly_deal_hour', '0', '', '0', '0' WHERE NOT EXISTS (:sub_query tcount_cd = '62');
INSERT INTO c_tcount_mst (:insert_field) SELECT '64', 'c_menuauth_mst', '0', '', '0', '0' WHERE NOT EXISTS (:sub_query tcount_cd = '64');
INSERT INTO c_tcount_mst (:insert_field) SELECT '65', 'c_memo_mst', '0', '', '0', '0' WHERE NOT EXISTS (:sub_query tcount_cd = '65');
INSERT INTO c_tcount_mst (:insert_field) SELECT '66', 'c_memosnd_mst', '0', '', '0', '0' WHERE NOT EXISTS (:sub_query tcount_cd = '66');
INSERT INTO c_tcount_mst (:insert_field) SELECT '67', 'c_openclose_mst', '0', '', '0', '0' WHERE NOT EXISTS (:sub_query tcount_cd = '67');
INSERT INTO c_tcount_mst (:insert_field) SELECT '68', 'c_reginfo_grp_mst', '0', '', '0', '0' WHERE NOT EXISTS (:sub_query tcount_cd = '68');
INSERT INTO c_tcount_mst (:insert_field) SELECT '69', 'c_reginfo_mst', '0', '', '0', '0' WHERE NOT EXISTS (:sub_query tcount_cd = '69');
INSERT INTO c_tcount_mst (:insert_field) SELECT '70', 'c_regcnct_sio_mst', '0', '', '0', '0' WHERE NOT EXISTS (:sub_query tcount_cd = '70');
--INSERT INTO c_tcount_mst (:insert_field) SELECT '71', 'rdly_prom', '0', '', '0', '0' WHERE NOT EXISTS (:sub_query tcount_cd = '71');
--INSERT INTO c_tcount_mst (:insert_field) SELECT '72', 'rdly_plu', '0', '', '0', '0' WHERE NOT EXISTS (:sub_query tcount_cd = '72');
--INSERT INTO c_tcount_mst (:insert_field) SELECT '73', 'rdly_plu_hour', '0', '', '0', '0' WHERE NOT EXISTS (:sub_query tcount_cd = '73');
--INSERT INTO c_tcount_mst (:insert_field) SELECT '74', 'rdly_acr', '0', '', '0', '0' WHERE NOT EXISTS (:sub_query tcount_cd = '74');
--INSERT INTO c_tcount_mst (:insert_field) SELECT '75', 'rdly_class', '0', '', '0', '0' WHERE NOT EXISTS (:sub_query tcount_cd = '75');
--INSERT INTO c_tcount_mst (:insert_field) SELECT '76', 'rdly_class_hour', '0', '', '0', '0' WHERE NOT EXISTS (:sub_query tcount_cd = '76');
INSERT INTO c_tcount_mst (:insert_field) SELECT '77', 'c_histlog_chg_cnt', '0', '', '0', '0' WHERE NOT EXISTS (:sub_query tcount_cd = '77');
INSERT INTO c_tcount_mst (:insert_field) SELECT '78', 'c_report_cnt', '0', '', '0', '0' WHERE NOT EXISTS (:sub_query tcount_cd = '78');
INSERT INTO c_tcount_mst (:insert_field) SELECT '79', 'c_loypln_mst', '0', '', '0', '0' WHERE NOT EXISTS (:sub_query tcount_cd = '79');
INSERT INTO c_tcount_mst (:insert_field) SELECT '80', 'c_loytgt_mst', '0', '', '0', '0' WHERE NOT EXISTS (:sub_query tcount_cd = '80');
INSERT INTO c_tcount_mst (:insert_field) SELECT '81', 'c_loyplu_mst', '0', '', '0', '0' WHERE NOT EXISTS (:sub_query tcount_cd = '81');
INSERT INTO c_tcount_mst (:insert_field) SELECT '82', 'c_loystre_mst', '0', '', '0', '0' WHERE NOT EXISTS (:sub_query tcount_cd = '82');
INSERT INTO c_tcount_mst (:insert_field) SELECT '84', 'c_tmp_log', '0', '', '0', '0' WHERE NOT EXISTS (:sub_query tcount_cd = '84');
INSERT INTO c_tcount_mst (:insert_field) SELECT '85', 'c_preset_img_mst', '0', '', '0', '0' WHERE NOT EXISTS (:sub_query tcount_cd = '85');
INSERT INTO c_tcount_mst (:insert_field) SELECT '91', 'c_plan_mst', '0', '', '0', '0' WHERE NOT EXISTS (:sub_query tcount_cd = '91');
INSERT INTO c_tcount_mst (:insert_field) SELECT '93', 'c_comp_mst', '0', '', '0', '0' WHERE NOT EXISTS (:sub_query tcount_cd = '93');
INSERT INTO c_tcount_mst (:insert_field) SELECT '94', 'c_ctrl_sub_mst', '0', '', '0', '0' WHERE NOT EXISTS (:sub_query tcount_cd = '94');
INSERT INTO c_tcount_mst (:insert_field) SELECT '95', 'c_ctrl_mst', '0', '', '0', '0' WHERE NOT EXISTS (:sub_query tcount_cd = '95');
INSERT INTO c_tcount_mst (:insert_field) SELECT '96', 'c_ctrl_set_mst', '0', '', '0', '0' WHERE NOT EXISTS (:sub_query tcount_cd = '96');
INSERT INTO c_tcount_mst (:insert_field) SELECT '97', 'c_divide_mst', '0', '', '0', '0' WHERE NOT EXISTS (:sub_query tcount_cd = '97');
INSERT INTO c_tcount_mst (:insert_field) SELECT '98', 'c_tcount_mst', '0', '', '0', '0' WHERE NOT EXISTS (:sub_query tcount_cd = '98');
INSERT INTO c_tcount_mst (:insert_field) SELECT '99', 'c_cust_data_log', '0', '', '0', '0' WHERE NOT EXISTS (:sub_query tcount_cd = '99');
INSERT INTO c_tcount_mst (:insert_field) SELECT '100', 'c_cust_header_log', '0', '', '0', '0' WHERE NOT EXISTS (:sub_query tcount_cd = '100');
INSERT INTO c_tcount_mst (:insert_field) SELECT '101', 'c_cust_mst', '0', '', '0', '0' WHERE NOT EXISTS (:sub_query tcount_cd = '101');
INSERT INTO c_tcount_mst (:insert_field) SELECT '102', 'c_custd_log', '0', '', '0', '0' WHERE NOT EXISTS (:sub_query tcount_cd = '102');
--INSERT INTO c_tcount_mst (:insert_field) SELECT '104', 'c_custd_log', '0', '', '0', '0' WHERE NOT EXISTS (:sub_query tcount_cd = '104');
INSERT INTO c_tcount_mst (:insert_field) SELECT '103', 'p_brgnsch_mst', '0', '', '0', '0' WHERE NOT EXISTS (:sub_query tcount_cd = '103');
INSERT INTO c_tcount_mst (:insert_field) SELECT '104', 'p_brgnitem_mst', '0', '', '0', '0' WHERE NOT EXISTS (:sub_query tcount_cd = '104');
INSERT INTO c_tcount_mst (:insert_field) SELECT '105', 'c_maker_mst', '0', '', '0', '0' WHERE NOT EXISTS (:sub_query tcount_cd = '105');
INSERT INTO c_tcount_mst (:insert_field) SELECT '106', 's_brgn_mst', '0', '', '0', '0' WHERE NOT EXISTS (:sub_query tcount_cd = '106');
INSERT INTO c_tcount_mst (:insert_field) SELECT '107', 'p_pbchg_balance_tbl', '0', '', '0', '0' WHERE NOT EXISTS (:sub_query tcount_cd = '107');
INSERT INTO c_tcount_mst (:insert_field) SELECT '108', 'c_ej_log', '0', '', '0', '0' WHERE NOT EXISTS (:sub_query tcount_cd = '108');
INSERT INTO c_tcount_mst (:insert_field) SELECT '109', 'c_status_log', '0', '', '0', '0' WHERE NOT EXISTS (:sub_query tcount_cd = '109');
INSERT INTO c_tcount_mst (:insert_field) SELECT '110', 'c_status_log_reserv', '0', '', '0', '0' WHERE NOT EXISTS (:sub_query tcount_cd = '110');
INSERT INTO c_tcount_mst (:insert_field) SELECT '111', 'c_data_log', '0', '', '0', '0' WHERE NOT EXISTS (:sub_query tcount_cd = '111');
INSERT INTO c_tcount_mst (:insert_field) SELECT '112', 'c_header_log', '0', '', '0', '0' WHERE NOT EXISTS (:sub_query tcount_cd = '112');
INSERT INTO c_tcount_mst (:insert_field) SELECT '113', 'c_liqrcls_mst', '0', '', '0', '0' WHERE NOT EXISTS (:sub_query tcount_cd = '113');
INSERT INTO c_tcount_mst (:insert_field) SELECT '114', 'c_pbchg_log', '0', '', '0', '0' WHERE NOT EXISTS (:sub_query tcount_cd = '114');
INSERT INTO c_tcount_mst (:insert_field) SELECT '115', 'p_pbchg_corp_tbl', '0', '', '0', '0' WHERE NOT EXISTS (:sub_query tcount_cd = '115');
INSERT INTO c_tcount_mst (:insert_field) SELECT '116', 'c_staffopen_mst', '0', '', '0', '0' WHERE NOT EXISTS (:sub_query tcount_cd = '116');
INSERT INTO c_tcount_mst (:insert_field) SELECT '117', 'c_staff_mst', '0', '', '0', '0' WHERE NOT EXISTS (:sub_query tcount_cd = '117');
INSERT INTO c_tcount_mst (:insert_field) SELECT '118', 'c_staffauth_mst', '0', '', '0', '0' WHERE NOT EXISTS (:sub_query tcount_cd = '118');
INSERT INTO c_tcount_mst (:insert_field) SELECT '119', 's_nathldy_mst', '0', '', '0', '0' WHERE NOT EXISTS (:sub_query tcount_cd = '119');
INSERT INTO c_tcount_mst (:insert_field) SELECT '121', 'c_plu_mst', '0', '', '0', '0' WHERE NOT EXISTS (:sub_query tcount_cd = '121');
INSERT INTO c_tcount_mst (:insert_field) SELECT '123', 's_subtsch_mst', '0', '', '0', '0' WHERE NOT EXISTS (:sub_query tcount_cd = '123');
INSERT INTO c_tcount_mst (:insert_field) SELECT '125', 'c_recog_grp_mst', '0', '', '0', '0' WHERE NOT EXISTS (:sub_query tcount_cd = '125');
INSERT INTO c_tcount_mst (:insert_field) SELECT '126', 'p_recog_mst', '0', '', '0', '0' WHERE NOT EXISTS (:sub_query tcount_cd = '126');
INSERT INTO c_tcount_mst (:insert_field) SELECT '127', 'c_recoginfo_mst', '0', '', '0', '0' WHERE NOT EXISTS (:sub_query tcount_cd = '127');
INSERT INTO c_tcount_mst (:insert_field) SELECT '128', 'c_producer_mst', '0', '', '0', '0' WHERE NOT EXISTS (:sub_query tcount_cd = '128');
INSERT INTO c_tcount_mst (:insert_field) SELECT '129', 'c_tax_mst', '0', '', '0', '0' WHERE NOT EXISTS (:sub_query tcount_cd = '129');
INSERT INTO c_tcount_mst (:insert_field) SELECT '130', 'c_attrib_mst', '0', '', '0', '0' WHERE NOT EXISTS (:sub_query tcount_cd = '130');
INSERT INTO c_tcount_mst (:insert_field) SELECT '131', 'c_attribitem_mst', '0', '', '0', '0' WHERE NOT EXISTS (:sub_query tcount_cd = '131');
INSERT INTO c_tcount_mst (:insert_field) SELECT '134', 'p_pbchg_ncorp_tbl', '0', '', '0', '0' WHERE NOT EXISTS (:sub_query tcount_cd = '134');
INSERT INTO c_tcount_mst (:insert_field) SELECT '138', 'c_report_sql_mst', '0', '', '0', '0' WHERE NOT EXISTS (:sub_query tcount_cd = '138');
INSERT INTO c_tcount_mst (:insert_field) SELECT '139', 'c_report_mst', '0', '', '0', '0' WHERE NOT EXISTS (:sub_query tcount_cd = '139');
INSERT INTO c_tcount_mst (:insert_field) SELECT '140', 'c_report_cond_mst', '0', '', '0', '0' WHERE NOT EXISTS (:sub_query tcount_cd = '140');
INSERT INTO c_tcount_mst (:insert_field) SELECT '141', 'c_report_attr_sub_mst', '0', '', '0', '0' WHERE NOT EXISTS (:sub_query tcount_cd = '141');
INSERT INTO c_tcount_mst (:insert_field) SELECT '142', 'c_report_attr_mst', '0', '', '0', '0' WHERE NOT EXISTS (:sub_query tcount_cd = '142');
INSERT INTO c_tcount_mst (:insert_field) SELECT '143', 'c_stre_mst', '0', '', '0', '0' WHERE NOT EXISTS (:sub_query tcount_cd = '143');
INSERT INTO c_tcount_mst (:insert_field) SELECT '144', 'p_pbchg_stre_tbl', '0', '', '0', '0' WHERE NOT EXISTS (:sub_query tcount_cd = '144');
INSERT INTO c_tcount_mst (:insert_field) SELECT '145', 'c_connect_mst', '0', '', '0', '0' WHERE NOT EXISTS (:sub_query tcount_cd = '145');
INSERT INTO c_tcount_mst (:insert_field) SELECT '147', 'c_prcchg_mst', '0', '', '0', '0' WHERE NOT EXISTS (:sub_query tcount_cd = '147');
--INSERT INTO c_tcount_mst (:insert_field) SELECT '148', 'p_prcchg_mst', '0', '', '0', '0' WHERE NOT EXISTS (:sub_query tcount_cd = '148');
INSERT INTO c_tcount_mst (:insert_field) SELECT '150', 'c_grp_mst', '0', '', '0', '0' WHERE NOT EXISTS (:sub_query tcount_cd = '150');
INSERT INTO c_tcount_mst (:insert_field) SELECT '151', 'c_cls_mst', '0', '', '0', '0' WHERE NOT EXISTS (:sub_query tcount_cd = '151');
INSERT INTO c_tcount_mst (:insert_field) SELECT '152', 's_clssch_mst', '0', '', '0', '0' WHERE NOT EXISTS (:sub_query tcount_cd = '152');
INSERT INTO c_tcount_mst (:insert_field) SELECT '154', 'c_zipcode_mst', '0', '', '0', '0' WHERE NOT EXISTS (:sub_query tcount_cd = '154');
INSERT INTO c_tcount_mst (:insert_field) SELECT '155', 'c_reserv_tbl', '0', '', '0', '0' WHERE NOT EXISTS (:sub_query tcount_cd = '155');
INSERT INTO c_tcount_mst (:insert_field) SELECT '156', 'c_batrepo_mst', '0', '', '0', '0' WHERE NOT EXISTS (:sub_query tcount_cd = '156');
INSERT INTO c_tcount_mst (:insert_field) SELECT '157', 'c_reserv_log', '0', '', '0', '0' WHERE NOT EXISTS (:sub_query tcount_cd = '157');
--INSERT INTO c_tcount_mst (:insert_field) SELECT '159', 'p_prcchg_sch_mst', '0', '', '0', '0' WHERE NOT EXISTS (:sub_query tcount_cd = '159');
--INSERT INTO c_tcount_mst (:insert_field) SELECT '160', 'p_prcchg_item_mst', '0', '', '0', '0' WHERE NOT EXISTS (:sub_query tcount_cd = '160');
INSERT INTO c_tcount_mst (:insert_field) SELECT '161', 'c_histlog_mst', '0', '', '0', '0' WHERE NOT EXISTS (:sub_query tcount_cd = '161');
INSERT INTO c_tcount_mst (:insert_field) SELECT '162', 'hist_ctrl_mst', '0', '', '0', '0' WHERE NOT EXISTS (:sub_query tcount_cd = '162');
INSERT INTO c_tcount_mst (:insert_field) SELECT '164', 'p_pbchg_ntte_tbl', '0', '', '0', '0' WHERE NOT EXISTS (:sub_query tcount_cd = '164');
INSERT INTO c_tcount_mst (:insert_field) SELECT '165', 'c_sio_mst', '0', '', '0', '0' WHERE NOT EXISTS (:sub_query tcount_cd = '165');
INSERT INTO c_tcount_mst (:insert_field) SELECT '166', 'c_stropncls_mst', '0', '', '0', '0' WHERE NOT EXISTS (:sub_query tcount_cd = '166');
INSERT INTO c_tcount_mst (:insert_field) SELECT '167', 'c_stropncls_set_mst', '0', '', '0', '0' WHERE NOT EXISTS (:sub_query tcount_cd = '167');
INSERT INTO c_tcount_mst (:insert_field) SELECT '168', 'c_stropncls_sub_mst', '0', '', '0', '0' WHERE NOT EXISTS (:sub_query tcount_cd = '168');
INSERT INTO c_tcount_mst (:insert_field) SELECT '169', 'c_header_log_reserv', '0', '', '0', '0' WHERE NOT EXISTS (:sub_query tcount_cd = '169');
INSERT INTO c_tcount_mst (:insert_field) SELECT '170', 'c_data_log_reserv', '0', '', '0', '0' WHERE NOT EXISTS (:sub_query tcount_cd = '170');
INSERT INTO c_tcount_mst (:insert_field) SELECT '171', 'histlog_skip_num', '0', '', '0', '0' WHERE NOT EXISTS (:sub_query tcount_cd = '171');
INSERT INTO c_tcount_mst (:insert_field) SELECT '172', 'c_cust_jdg_mst', '0', '', '0', '0' WHERE NOT EXISTS (:sub_query tcount_cd = '172'); --@@@
INSERT INTO c_tcount_mst (:insert_field) SELECT '173', 'rdly_deal', '0', '', '0', '0' WHERE NOT EXISTS (:sub_query tcount_cd = '173');
INSERT INTO c_tcount_mst (:insert_field) SELECT '174', 'rdly_deal_hour', '0', '', '0', '0' WHERE NOT EXISTS (:sub_query tcount_cd = '174');
INSERT INTO c_tcount_mst (:insert_field) SELECT '175', 'rdly_flow', '0', '', '0', '0' WHERE NOT EXISTS (:sub_query tcount_cd = '175');
INSERT INTO c_tcount_mst (:insert_field) SELECT '176', 'rdly_acr', '0', '', '0', '0' WHERE NOT EXISTS (:sub_query tcount_cd = '176');
INSERT INTO c_tcount_mst (:insert_field) SELECT '177', 'rdly_class', '0', '', '0', '0' WHERE NOT EXISTS (:sub_query tcount_cd = '177');
INSERT INTO c_tcount_mst (:insert_field) SELECT '178', 'rdly_class_hour', '0', '', '0', '0' WHERE NOT EXISTS (:sub_query tcount_cd = '178');
INSERT INTO c_tcount_mst (:insert_field) SELECT '179', 'rdly_plu', '0', '', '0', '0' WHERE NOT EXISTS (:sub_query tcount_cd = '179');
INSERT INTO c_tcount_mst (:insert_field) SELECT '180', 'rdly_plu_hour', '0', '', '0', '0' WHERE NOT EXISTS (:sub_query tcount_cd = '180');
INSERT INTO c_tcount_mst (:insert_field) SELECT '181', 'rdly_dsc', '0', '', '0', '0' WHERE NOT EXISTS (:sub_query tcount_cd = '181');
INSERT INTO c_tcount_mst (:insert_field) SELECT '182', 'rdly_prom', '0', '', '0', '0' WHERE NOT EXISTS (:sub_query tcount_cd = '182');
INSERT INTO c_tcount_mst (:insert_field) SELECT '183', 's_backyard_grp_mst', '0', '', '0', '0' WHERE NOT EXISTS (:sub_query tcount_cd = '183');
INSERT INTO c_tcount_mst (:insert_field) SELECT '184', 'c_wiz_inf_tbl', '0', '', '0', '0' WHERE NOT EXISTS (:sub_query tcount_cd = '184');
INSERT INTO c_tcount_mst (:insert_field) SELECT '185', 'rdly_cust', '0', '', '0', '0' WHERE NOT EXISTS (:sub_query tcount_cd = '185');
INSERT INTO c_tcount_mst (:insert_field) SELECT '186', 'rdly_svs', '0', '', '0', '0' WHERE NOT EXISTS (:sub_query tcount_cd = '186');
INSERT INTO c_tcount_mst (:insert_field) SELECT '187', 's_cust_ttl_tbl', '0', '', '0', '0' WHERE NOT EXISTS (:sub_query tcount_cd = '187');
INSERT INTO c_tcount_mst (:insert_field) SELECT '188', 's_cust_loy_tbl', '0', '', '0', '0' WHERE NOT EXISTS (:sub_query tcount_cd = '188');
INSERT INTO c_tcount_mst (:insert_field) SELECT '189', 's_cust_cpn_tbl', '0', '', '0', '0' WHERE NOT EXISTS (:sub_query tcount_cd = '189');
INSERT INTO c_tcount_mst (:insert_field) SELECT '190', 's_svs_sch_mst', '0', '', '0', '0' WHERE NOT EXISTS (:sub_query tcount_cd = '190');
INSERT INTO c_tcount_mst (:insert_field) SELECT '191', 'c_sub1_cls_mst', '0', '', '0', '0' WHERE NOT EXISTS (:sub_query tcount_cd = '191');
INSERT INTO c_tcount_mst (:insert_field) SELECT '192', 'c_sub2_cls_mst', '0', '', '0', '0' WHERE NOT EXISTS (:sub_query tcount_cd = '192');
INSERT INTO c_tcount_mst (:insert_field) SELECT '193', 'c_mbrcard_mst', '0', '', '0', '0' WHERE NOT EXISTS (:sub_query tcount_cd = '193');
INSERT INTO c_tcount_mst (:insert_field) SELECT '194', 'c_mbrcard_svs_mst', '0', '', '0', '0' WHERE NOT EXISTS (:sub_query tcount_cd = '194');
INSERT INTO c_tcount_mst (:insert_field) SELECT '195', 'c_operationauth_mst', '0', '', '0', '0' WHERE NOT EXISTS (:sub_query tcount_cd = '195');
INSERT INTO c_tcount_mst (:insert_field) SELECT '196', 'c_operation_mst', '0', '', '0', '0' WHERE NOT EXISTS (:sub_query tcount_cd = '196');
INSERT INTO c_tcount_mst (:insert_field) SELECT '197', 'c_payoperator_mst', '0', '', '0', '0' WHERE NOT EXISTS (:sub_query tcount_cd = '197');
INSERT INTO c_tcount_mst (:insert_field) SELECT '198', 'rdly_cdpayflow', '0', '', '0', '0' WHERE NOT EXISTS (:sub_query tcount_cd = '198');
INSERT INTO c_tcount_mst (:insert_field) SELECT '199', 'rdly_tax_deal', '0', '', '0', '0' WHERE NOT EXISTS (:sub_query tcount_cd = '199');
INSERT INTO c_tcount_mst (:insert_field) SELECT '200', 'rdly_tax_deal_hour', '0', '', '0', '0' WHERE NOT EXISTS (:sub_query tcount_cd = '200');
INSERT INTO c_tcount_mst (:insert_field) SELECT '201', 'c_liqritem_mst', '0', '', '0', '0' WHERE NOT EXISTS (:sub_query tcount_cd = '201');
INSERT INTO c_tcount_mst (:insert_field) SELECT '202', 'c_liqrtax_mst', '0', '', '0', '0' WHERE NOT EXISTS (:sub_query tcount_cd = '202');
INSERT INTO c_tcount_mst (:insert_field) SELECT '203', 'c_batprcchg_mst', '0', '', '0', '0' WHERE NOT EXISTS (:sub_query tcount_cd = '203');
INSERT INTO c_tcount_mst (:insert_field) SELECT '204', 'c_header_log_floating', '0', '', '0', '0' WHERE NOT EXISTS (:sub_query tcount_cd = '204');
INSERT INTO c_tcount_mst (:insert_field) SELECT '205', 'c_data_log_floating', '0', '', '0', '0' WHERE NOT EXISTS (:sub_query tcount_cd = '205');
INSERT INTO c_tcount_mst (:insert_field) SELECT '206', 'c_status_log_floating', '0', '', '0', '0' WHERE NOT EXISTS (:sub_query tcount_cd = '206');
INSERT INTO c_tcount_mst (:insert_field) SELECT '207', 'c_divide2_mst', '0', '', '0', '0' WHERE NOT EXISTS (:sub_query tcount_cd = '207');
INSERT INTO c_tcount_mst (:insert_field) SELECT '208', 'c_hitouch_rcv_log', '0', '', '0', '0' WHERE NOT EXISTS (:sub_query tcount_cd = '208');

INSERT INTO c_tcount_mst (:insert_field) SELECT '1000', 'c_void_log_01', '0', '', '1', '0' WHERE NOT EXISTS (:sub_query tcount_cd = '1000');
INSERT INTO c_tcount_mst (:insert_field) SELECT '1001', 'c_reserv_log_01', '0', '', '1', '0' WHERE NOT EXISTS (:sub_query tcount_cd = '1001');
INSERT INTO c_tcount_mst (:insert_field) SELECT '1002', 'c_pbchg_log_01', '0', '', '1', '0' WHERE NOT EXISTS (:sub_query tcount_cd = '1002');
INSERT INTO c_tcount_mst (:insert_field) SELECT '1003', 'c_header_log_01', '0', '', '1', '0' WHERE NOT EXISTS (:sub_query tcount_cd = '1003');
INSERT INTO c_tcount_mst (:insert_field) SELECT '1004', 'c_header_log_02', '0', '', '1', '0' WHERE NOT EXISTS (:sub_query tcount_cd = '1004');
INSERT INTO c_tcount_mst (:insert_field) SELECT '1005', 'c_header_log_03', '0', '', '1', '0' WHERE NOT EXISTS (:sub_query tcount_cd = '1005');
INSERT INTO c_tcount_mst (:insert_field) SELECT '1006', 'c_header_log_04', '0', '', '1', '0' WHERE NOT EXISTS (:sub_query tcount_cd = '1006');
INSERT INTO c_tcount_mst (:insert_field) SELECT '1007', 'c_header_log_05', '0', '', '1', '0' WHERE NOT EXISTS (:sub_query tcount_cd = '1007');
INSERT INTO c_tcount_mst (:insert_field) SELECT '1008', 'c_header_log_06', '0', '', '1', '0' WHERE NOT EXISTS (:sub_query tcount_cd = '1008');
INSERT INTO c_tcount_mst (:insert_field) SELECT '1009', 'c_header_log_07', '0', '', '1', '0' WHERE NOT EXISTS (:sub_query tcount_cd = '1009');
INSERT INTO c_tcount_mst (:insert_field) SELECT '1010', 'c_header_log_08', '0', '', '1', '0' WHERE NOT EXISTS (:sub_query tcount_cd = '1010');
INSERT INTO c_tcount_mst (:insert_field) SELECT '1011', 'c_header_log_09', '0', '', '1', '0' WHERE NOT EXISTS (:sub_query tcount_cd = '1011');
INSERT INTO c_tcount_mst (:insert_field) SELECT '1012', 'c_header_log_10', '0', '', '1', '0' WHERE NOT EXISTS (:sub_query tcount_cd = '1012');
INSERT INTO c_tcount_mst (:insert_field) SELECT '1013', 'c_header_log_11', '0', '', '1', '0' WHERE NOT EXISTS (:sub_query tcount_cd = '1013');
INSERT INTO c_tcount_mst (:insert_field) SELECT '1014', 'c_header_log_12', '0', '', '1', '0' WHERE NOT EXISTS (:sub_query tcount_cd = '1014');
INSERT INTO c_tcount_mst (:insert_field) SELECT '1015', 'c_header_log_13', '0', '', '1', '0' WHERE NOT EXISTS (:sub_query tcount_cd = '1015');
INSERT INTO c_tcount_mst (:insert_field) SELECT '1016', 'c_header_log_14', '0', '', '1', '0' WHERE NOT EXISTS (:sub_query tcount_cd = '1016');
INSERT INTO c_tcount_mst (:insert_field) SELECT '1017', 'c_header_log_15', '0', '', '1', '0' WHERE NOT EXISTS (:sub_query tcount_cd = '1017');
INSERT INTO c_tcount_mst (:insert_field) SELECT '1018', 'c_header_log_16', '0', '', '1', '0' WHERE NOT EXISTS (:sub_query tcount_cd = '1018');
INSERT INTO c_tcount_mst (:insert_field) SELECT '1019', 'c_header_log_17', '0', '', '1', '0' WHERE NOT EXISTS (:sub_query tcount_cd = '1019');
INSERT INTO c_tcount_mst (:insert_field) SELECT '1020', 'c_header_log_18', '0', '', '1', '0' WHERE NOT EXISTS (:sub_query tcount_cd = '1020');
INSERT INTO c_tcount_mst (:insert_field) SELECT '1021', 'c_header_log_19', '0', '', '1', '0' WHERE NOT EXISTS (:sub_query tcount_cd = '1021');
INSERT INTO c_tcount_mst (:insert_field) SELECT '1022', 'c_header_log_20', '0', '', '1', '0' WHERE NOT EXISTS (:sub_query tcount_cd = '1022');
INSERT INTO c_tcount_mst (:insert_field) SELECT '1023', 'c_header_log_21', '0', '', '1', '0' WHERE NOT EXISTS (:sub_query tcount_cd = '1023');
INSERT INTO c_tcount_mst (:insert_field) SELECT '1024', 'c_header_log_22', '0', '', '1', '0' WHERE NOT EXISTS (:sub_query tcount_cd = '1024');
INSERT INTO c_tcount_mst (:insert_field) SELECT '1025', 'c_header_log_23', '0', '', '1', '0' WHERE NOT EXISTS (:sub_query tcount_cd = '1025');
INSERT INTO c_tcount_mst (:insert_field) SELECT '1026', 'c_header_log_24', '0', '', '1', '0' WHERE NOT EXISTS (:sub_query tcount_cd = '1026');
INSERT INTO c_tcount_mst (:insert_field) SELECT '1027', 'c_header_log_25', '0', '', '1', '0' WHERE NOT EXISTS (:sub_query tcount_cd = '1027');
INSERT INTO c_tcount_mst (:insert_field) SELECT '1028', 'c_header_log_26', '0', '', '1', '0' WHERE NOT EXISTS (:sub_query tcount_cd = '1028');
INSERT INTO c_tcount_mst (:insert_field) SELECT '1029', 'c_header_log_27', '0', '', '1', '0' WHERE NOT EXISTS (:sub_query tcount_cd = '1029');
INSERT INTO c_tcount_mst (:insert_field) SELECT '1030', 'c_header_log_28', '0', '', '1', '0' WHERE NOT EXISTS (:sub_query tcount_cd = '1030');
INSERT INTO c_tcount_mst (:insert_field) SELECT '1031', 'c_header_log_29', '0', '', '1', '0' WHERE NOT EXISTS (:sub_query tcount_cd = '1031');
INSERT INTO c_tcount_mst (:insert_field) SELECT '1032', 'c_header_log_30', '0', '', '1', '0' WHERE NOT EXISTS (:sub_query tcount_cd = '1032');
INSERT INTO c_tcount_mst (:insert_field) SELECT '1033', 'c_header_log_31', '0', '', '1', '0' WHERE NOT EXISTS (:sub_query tcount_cd = '1033');
INSERT INTO c_tcount_mst (:insert_field) SELECT '1034', 'c_data_log_01', '0', '', '1', '0' WHERE NOT EXISTS (:sub_query tcount_cd = '1034');
INSERT INTO c_tcount_mst (:insert_field) SELECT '1035', 'c_data_log_02', '0', '', '1', '0' WHERE NOT EXISTS (:sub_query tcount_cd = '1035');
INSERT INTO c_tcount_mst (:insert_field) SELECT '1036', 'c_data_log_03', '0', '', '1', '0' WHERE NOT EXISTS (:sub_query tcount_cd = '1036');
INSERT INTO c_tcount_mst (:insert_field) SELECT '1037', 'c_data_log_04', '0', '', '1', '0' WHERE NOT EXISTS (:sub_query tcount_cd = '1037');
INSERT INTO c_tcount_mst (:insert_field) SELECT '1038', 'c_data_log_05', '0', '', '1', '0' WHERE NOT EXISTS (:sub_query tcount_cd = '1038');
INSERT INTO c_tcount_mst (:insert_field) SELECT '1039', 'c_data_log_06', '0', '', '1', '0' WHERE NOT EXISTS (:sub_query tcount_cd = '1039');
INSERT INTO c_tcount_mst (:insert_field) SELECT '1040', 'c_data_log_07', '0', '', '1', '0' WHERE NOT EXISTS (:sub_query tcount_cd = '1040');
INSERT INTO c_tcount_mst (:insert_field) SELECT '1041', 'c_data_log_08', '0', '', '1', '0' WHERE NOT EXISTS (:sub_query tcount_cd = '1041');
INSERT INTO c_tcount_mst (:insert_field) SELECT '1042', 'c_data_log_09', '0', '', '1', '0' WHERE NOT EXISTS (:sub_query tcount_cd = '1042');
INSERT INTO c_tcount_mst (:insert_field) SELECT '1043', 'c_data_log_10', '0', '', '1', '0' WHERE NOT EXISTS (:sub_query tcount_cd = '1043');
INSERT INTO c_tcount_mst (:insert_field) SELECT '1044', 'c_data_log_11', '0', '', '1', '0' WHERE NOT EXISTS (:sub_query tcount_cd = '1044');
INSERT INTO c_tcount_mst (:insert_field) SELECT '1045', 'c_data_log_12', '0', '', '1', '0' WHERE NOT EXISTS (:sub_query tcount_cd = '1045');
INSERT INTO c_tcount_mst (:insert_field) SELECT '1046', 'c_data_log_13', '0', '', '1', '0' WHERE NOT EXISTS (:sub_query tcount_cd = '1046');
INSERT INTO c_tcount_mst (:insert_field) SELECT '1047', 'c_data_log_14', '0', '', '1', '0' WHERE NOT EXISTS (:sub_query tcount_cd = '1047');
INSERT INTO c_tcount_mst (:insert_field) SELECT '1048', 'c_data_log_15', '0', '', '1', '0' WHERE NOT EXISTS (:sub_query tcount_cd = '1048');
INSERT INTO c_tcount_mst (:insert_field) SELECT '1049', 'c_data_log_16', '0', '', '1', '0' WHERE NOT EXISTS (:sub_query tcount_cd = '1049');
INSERT INTO c_tcount_mst (:insert_field) SELECT '1050', 'c_data_log_17', '0', '', '1', '0' WHERE NOT EXISTS (:sub_query tcount_cd = '1050');
INSERT INTO c_tcount_mst (:insert_field) SELECT '1051', 'c_data_log_18', '0', '', '1', '0' WHERE NOT EXISTS (:sub_query tcount_cd = '1051');
INSERT INTO c_tcount_mst (:insert_field) SELECT '1052', 'c_data_log_19', '0', '', '1', '0' WHERE NOT EXISTS (:sub_query tcount_cd = '1052');
INSERT INTO c_tcount_mst (:insert_field) SELECT '1053', 'c_data_log_20', '0', '', '1', '0' WHERE NOT EXISTS (:sub_query tcount_cd = '1053');
INSERT INTO c_tcount_mst (:insert_field) SELECT '1054', 'c_data_log_21', '0', '', '1', '0' WHERE NOT EXISTS (:sub_query tcount_cd = '1054');
INSERT INTO c_tcount_mst (:insert_field) SELECT '1055', 'c_data_log_22', '0', '', '1', '0' WHERE NOT EXISTS (:sub_query tcount_cd = '1055');
INSERT INTO c_tcount_mst (:insert_field) SELECT '1056', 'c_data_log_23', '0', '', '1', '0' WHERE NOT EXISTS (:sub_query tcount_cd = '1056');
INSERT INTO c_tcount_mst (:insert_field) SELECT '1057', 'c_data_log_24', '0', '', '1', '0' WHERE NOT EXISTS (:sub_query tcount_cd = '1057');
INSERT INTO c_tcount_mst (:insert_field) SELECT '1058', 'c_data_log_25', '0', '', '1', '0' WHERE NOT EXISTS (:sub_query tcount_cd = '1058');
INSERT INTO c_tcount_mst (:insert_field) SELECT '1059', 'c_data_log_26', '0', '', '1', '0' WHERE NOT EXISTS (:sub_query tcount_cd = '1059');
INSERT INTO c_tcount_mst (:insert_field) SELECT '1060', 'c_data_log_27', '0', '', '1', '0' WHERE NOT EXISTS (:sub_query tcount_cd = '1060');
INSERT INTO c_tcount_mst (:insert_field) SELECT '1061', 'c_data_log_28', '0', '', '1', '0' WHERE NOT EXISTS (:sub_query tcount_cd = '1061');
INSERT INTO c_tcount_mst (:insert_field) SELECT '1062', 'c_data_log_29', '0', '', '1', '0' WHERE NOT EXISTS (:sub_query tcount_cd = '1062');
INSERT INTO c_tcount_mst (:insert_field) SELECT '1063', 'c_data_log_30', '0', '', '1', '0' WHERE NOT EXISTS (:sub_query tcount_cd = '1063');
INSERT INTO c_tcount_mst (:insert_field) SELECT '1064', 'c_data_log_31', '0', '', '1', '0' WHERE NOT EXISTS (:sub_query tcount_cd = '1064');
INSERT INTO c_tcount_mst (:insert_field) SELECT '1065', 'c_status_log_01', '0', '', '1', '0' WHERE NOT EXISTS (:sub_query tcount_cd = '1065');
INSERT INTO c_tcount_mst (:insert_field) SELECT '1066', 'c_status_log_02', '0', '', '1', '0' WHERE NOT EXISTS (:sub_query tcount_cd = '1066');
INSERT INTO c_tcount_mst (:insert_field) SELECT '1067', 'c_status_log_03', '0', '', '1', '0' WHERE NOT EXISTS (:sub_query tcount_cd = '1067');
INSERT INTO c_tcount_mst (:insert_field) SELECT '1068', 'c_status_log_04', '0', '', '1', '0' WHERE NOT EXISTS (:sub_query tcount_cd = '1068');
INSERT INTO c_tcount_mst (:insert_field) SELECT '1069', 'c_status_log_05', '0', '', '1', '0' WHERE NOT EXISTS (:sub_query tcount_cd = '1069');
INSERT INTO c_tcount_mst (:insert_field) SELECT '1070', 'c_status_log_06', '0', '', '1', '0' WHERE NOT EXISTS (:sub_query tcount_cd = '1070');
INSERT INTO c_tcount_mst (:insert_field) SELECT '1071', 'c_status_log_07', '0', '', '1', '0' WHERE NOT EXISTS (:sub_query tcount_cd = '1071');
INSERT INTO c_tcount_mst (:insert_field) SELECT '1072', 'c_status_log_08', '0', '', '1', '0' WHERE NOT EXISTS (:sub_query tcount_cd = '1072');
INSERT INTO c_tcount_mst (:insert_field) SELECT '1073', 'c_status_log_09', '0', '', '1', '0' WHERE NOT EXISTS (:sub_query tcount_cd = '1073');
INSERT INTO c_tcount_mst (:insert_field) SELECT '1074', 'c_status_log_10', '0', '', '1', '0' WHERE NOT EXISTS (:sub_query tcount_cd = '1074');
INSERT INTO c_tcount_mst (:insert_field) SELECT '1075', 'c_status_log_11', '0', '', '1', '0' WHERE NOT EXISTS (:sub_query tcount_cd = '1075');
INSERT INTO c_tcount_mst (:insert_field) SELECT '1076', 'c_status_log_12', '0', '', '1', '0' WHERE NOT EXISTS (:sub_query tcount_cd = '1076');
INSERT INTO c_tcount_mst (:insert_field) SELECT '1077', 'c_status_log_13', '0', '', '1', '0' WHERE NOT EXISTS (:sub_query tcount_cd = '1077');
INSERT INTO c_tcount_mst (:insert_field) SELECT '1078', 'c_status_log_14', '0', '', '1', '0' WHERE NOT EXISTS (:sub_query tcount_cd = '1078');
INSERT INTO c_tcount_mst (:insert_field) SELECT '1079', 'c_status_log_15', '0', '', '1', '0' WHERE NOT EXISTS (:sub_query tcount_cd = '1079');
INSERT INTO c_tcount_mst (:insert_field) SELECT '1080', 'c_status_log_16', '0', '', '1', '0' WHERE NOT EXISTS (:sub_query tcount_cd = '1080');
INSERT INTO c_tcount_mst (:insert_field) SELECT '1081', 'c_status_log_17', '0', '', '1', '0' WHERE NOT EXISTS (:sub_query tcount_cd = '1081');
INSERT INTO c_tcount_mst (:insert_field) SELECT '1082', 'c_status_log_18', '0', '', '1', '0' WHERE NOT EXISTS (:sub_query tcount_cd = '1082');
INSERT INTO c_tcount_mst (:insert_field) SELECT '1083', 'c_status_log_19', '0', '', '1', '0' WHERE NOT EXISTS (:sub_query tcount_cd = '1083');
INSERT INTO c_tcount_mst (:insert_field) SELECT '1084', 'c_status_log_20', '0', '', '1', '0' WHERE NOT EXISTS (:sub_query tcount_cd = '1084');
INSERT INTO c_tcount_mst (:insert_field) SELECT '1085', 'c_status_log_21', '0', '', '1', '0' WHERE NOT EXISTS (:sub_query tcount_cd = '1085');
INSERT INTO c_tcount_mst (:insert_field) SELECT '1086', 'c_status_log_22', '0', '', '1', '0' WHERE NOT EXISTS (:sub_query tcount_cd = '1086');
INSERT INTO c_tcount_mst (:insert_field) SELECT '1087', 'c_status_log_23', '0', '', '1', '0' WHERE NOT EXISTS (:sub_query tcount_cd = '1087');
INSERT INTO c_tcount_mst (:insert_field) SELECT '1088', 'c_status_log_24', '0', '', '1', '0' WHERE NOT EXISTS (:sub_query tcount_cd = '1088');
INSERT INTO c_tcount_mst (:insert_field) SELECT '1089', 'c_status_log_25', '0', '', '1', '0' WHERE NOT EXISTS (:sub_query tcount_cd = '1089');
INSERT INTO c_tcount_mst (:insert_field) SELECT '1090', 'c_status_log_26', '0', '', '1', '0' WHERE NOT EXISTS (:sub_query tcount_cd = '1090');
INSERT INTO c_tcount_mst (:insert_field) SELECT '1091', 'c_status_log_27', '0', '', '1', '0' WHERE NOT EXISTS (:sub_query tcount_cd = '1091');
INSERT INTO c_tcount_mst (:insert_field) SELECT '1092', 'c_status_log_28', '0', '', '1', '0' WHERE NOT EXISTS (:sub_query tcount_cd = '1092');
INSERT INTO c_tcount_mst (:insert_field) SELECT '1093', 'c_status_log_29', '0', '', '1', '0' WHERE NOT EXISTS (:sub_query tcount_cd = '1093');
INSERT INTO c_tcount_mst (:insert_field) SELECT '1094', 'c_status_log_30', '0', '', '1', '0' WHERE NOT EXISTS (:sub_query tcount_cd = '1094');
INSERT INTO c_tcount_mst (:insert_field) SELECT '1095', 'c_status_log_31', '0', '', '1', '0' WHERE NOT EXISTS (:sub_query tcount_cd = '1095');
INSERT INTO c_tcount_mst (:insert_field) SELECT '1096', 'c_ej_log_01', '0', '', '1', '0' WHERE NOT EXISTS (:sub_query tcount_cd = '1096');
INSERT INTO c_tcount_mst (:insert_field) SELECT '1097', 'c_ej_log_02', '0', '', '1', '0' WHERE NOT EXISTS (:sub_query tcount_cd = '1097');
INSERT INTO c_tcount_mst (:insert_field) SELECT '1098', 'c_ej_log_03', '0', '', '1', '0' WHERE NOT EXISTS (:sub_query tcount_cd = '1098');
INSERT INTO c_tcount_mst (:insert_field) SELECT '1099', 'c_ej_log_04', '0', '', '1', '0' WHERE NOT EXISTS (:sub_query tcount_cd = '1099');
INSERT INTO c_tcount_mst (:insert_field) SELECT '1100', 'c_ej_log_05', '0', '', '1', '0' WHERE NOT EXISTS (:sub_query tcount_cd = '1100');
INSERT INTO c_tcount_mst (:insert_field) SELECT '1101', 'c_ej_log_06', '0', '', '1', '0' WHERE NOT EXISTS (:sub_query tcount_cd = '1101');
INSERT INTO c_tcount_mst (:insert_field) SELECT '1102', 'c_ej_log_07', '0', '', '1', '0' WHERE NOT EXISTS (:sub_query tcount_cd = '1102');
INSERT INTO c_tcount_mst (:insert_field) SELECT '1103', 'c_ej_log_08', '0', '', '1', '0' WHERE NOT EXISTS (:sub_query tcount_cd = '1103');
INSERT INTO c_tcount_mst (:insert_field) SELECT '1104', 'c_ej_log_09', '0', '', '1', '0' WHERE NOT EXISTS (:sub_query tcount_cd = '1104');
INSERT INTO c_tcount_mst (:insert_field) SELECT '1105', 'c_ej_log_10', '0', '', '1', '0' WHERE NOT EXISTS (:sub_query tcount_cd = '1105');
INSERT INTO c_tcount_mst (:insert_field) SELECT '1106', 'c_ej_log_11', '0', '', '1', '0' WHERE NOT EXISTS (:sub_query tcount_cd = '1106');
INSERT INTO c_tcount_mst (:insert_field) SELECT '1107', 'c_ej_log_12', '0', '', '1', '0' WHERE NOT EXISTS (:sub_query tcount_cd = '1107');
INSERT INTO c_tcount_mst (:insert_field) SELECT '1108', 'c_ej_log_13', '0', '', '1', '0' WHERE NOT EXISTS (:sub_query tcount_cd = '1108');
INSERT INTO c_tcount_mst (:insert_field) SELECT '1109', 'c_ej_log_14', '0', '', '1', '0' WHERE NOT EXISTS (:sub_query tcount_cd = '1109');
INSERT INTO c_tcount_mst (:insert_field) SELECT '1110', 'c_ej_log_15', '0', '', '1', '0' WHERE NOT EXISTS (:sub_query tcount_cd = '1110');
INSERT INTO c_tcount_mst (:insert_field) SELECT '1111', 'c_ej_log_16', '0', '', '1', '0' WHERE NOT EXISTS (:sub_query tcount_cd = '1111');
INSERT INTO c_tcount_mst (:insert_field) SELECT '1112', 'c_ej_log_17', '0', '', '1', '0' WHERE NOT EXISTS (:sub_query tcount_cd = '1112');
INSERT INTO c_tcount_mst (:insert_field) SELECT '1113', 'c_ej_log_18', '0', '', '1', '0' WHERE NOT EXISTS (:sub_query tcount_cd = '1113');
INSERT INTO c_tcount_mst (:insert_field) SELECT '1114', 'c_ej_log_19', '0', '', '1', '0' WHERE NOT EXISTS (:sub_query tcount_cd = '1114');
INSERT INTO c_tcount_mst (:insert_field) SELECT '1115', 'c_ej_log_20', '0', '', '1', '0' WHERE NOT EXISTS (:sub_query tcount_cd = '1115');
INSERT INTO c_tcount_mst (:insert_field) SELECT '1116', 'c_ej_log_21', '0', '', '1', '0' WHERE NOT EXISTS (:sub_query tcount_cd = '1116');
INSERT INTO c_tcount_mst (:insert_field) SELECT '1117', 'c_ej_log_22', '0', '', '1', '0' WHERE NOT EXISTS (:sub_query tcount_cd = '1117');
INSERT INTO c_tcount_mst (:insert_field) SELECT '1118', 'c_ej_log_23', '0', '', '1', '0' WHERE NOT EXISTS (:sub_query tcount_cd = '1118');
INSERT INTO c_tcount_mst (:insert_field) SELECT '1119', 'c_ej_log_24', '0', '', '1', '0' WHERE NOT EXISTS (:sub_query tcount_cd = '1119');
INSERT INTO c_tcount_mst (:insert_field) SELECT '1120', 'c_ej_log_25', '0', '', '1', '0' WHERE NOT EXISTS (:sub_query tcount_cd = '1120');
INSERT INTO c_tcount_mst (:insert_field) SELECT '1121', 'c_ej_log_26', '0', '', '1', '0' WHERE NOT EXISTS (:sub_query tcount_cd = '1121');
INSERT INTO c_tcount_mst (:insert_field) SELECT '1122', 'c_ej_log_27', '0', '', '1', '0' WHERE NOT EXISTS (:sub_query tcount_cd = '1122');
INSERT INTO c_tcount_mst (:insert_field) SELECT '1123', 'c_ej_log_28', '0', '', '1', '0' WHERE NOT EXISTS (:sub_query tcount_cd = '1123');
INSERT INTO c_tcount_mst (:insert_field) SELECT '1124', 'c_ej_log_29', '0', '', '1', '0' WHERE NOT EXISTS (:sub_query tcount_cd = '1124');
INSERT INTO c_tcount_mst (:insert_field) SELECT '1125', 'c_ej_log_30', '0', '', '1', '0' WHERE NOT EXISTS (:sub_query tcount_cd = '1125');
INSERT INTO c_tcount_mst (:insert_field) SELECT '1126', 'c_ej_log_31', '0', '', '1', '0' WHERE NOT EXISTS (:sub_query tcount_cd = '1126');
INSERT INTO c_tcount_mst (:insert_field) SELECT '1127', 'c_header_log_reserv_01', '0', '', '1', '0' WHERE NOT EXISTS (:sub_query tcount_cd = '1127');
INSERT INTO c_tcount_mst (:insert_field) SELECT '1128', 'c_data_log_reserv_01', '0', '', '1', '0' WHERE NOT EXISTS (:sub_query tcount_cd = '1128');
INSERT INTO c_tcount_mst (:insert_field) SELECT '1129', 'c_status_log_reserv_01', '0', '', '1', '0' WHERE NOT EXISTS (:sub_query tcount_cd = '1129');

COMMIT;
